Using Amara username danekhollas
Using Amara username dhbot

######################################

Title: Ancient Egyptian coffin prepared for the Book of the Dead exhibition at the British Museum YTID=Jqgpq8vn_oU
Subtitle revision 2 (Public Amara)
Video not found, skipping..
ERROR: Video is not on Khan Academy Amara! YTID=Jqgpq8vn_oU

######################################

Title: The Erechtheion YTID=3ebYvMC12HI
Subtitle revision 31 (Public Amara)
Subtitle revision 1 (Team Amara)
Video already has published subtitles, uploading new version...
[{'action': 'endorse', 'label': 'Update subtitles', 'complete': True}]
[{'action': 'endorse', 'label': 'Update subtitles', 'complete': True}]

######################################

Title: New York Kouros, c. 590–580 B.C.E. YTID=Ax8vcxRtmHY
Subtitle revision 34 (Public Amara)
Subtitle revision 1 (Team Amara)
Video already has published subtitles, uploading new version...
[{'action': 'endorse', 'label': 'Update subtitles', 'complete': True}]
[{'action': 'endorse', 'label': 'Update subtitles', 'complete': True}]

######################################

Title: Charioteer of Delphi YTID=A-Q79HlORtM
Subtitle revision 2 (Public Amara)
Subtitle revision 1 (Team Amara)
Video already has published subtitles, uploading new version...
[{'action': 'endorse', 'label': 'Update subtitles', 'complete': True}]
[{'action': 'endorse', 'label': 'Update subtitles', 'complete': True}]
ERROR for video https://amara.org/api/videos/aRjysypvLnJF/languages/cs/subtitles/

<Response [400]>

######################################

Title: Laocoön and his Sons, early first century C.E. YTID=C3cwGCezgSQ
Subtitle revision 1 (Public Amara)
{'actions_uri': 'https://amara.org/api/videos/aRjysypvLnJF/languages/cs/subtitles/actions/',
 'approval_due_date': None,
 'approver': None,
 'completed': None,
 'created': '2020-06-16T20:33:27Z',
 'due_date': None,
 'evaluation_teams': [],
 'job_id': 'QFWANPU',
 'language': 'cs',
 'resource_uri': 'https://amara.org/api/teams/khan-academy/subtitle-requests/QFWANPU/',
 'review_due_date': None,
 'reviewer': None,
 'source_team': 'khan-academy',
 'status': 'in-progress',
 'subtitler': None,
 'subtitles_due_date': None,
 'subtitles_uri': 'https://amara.org/api/videos/aRjysypvLnJF/languages/cs/subtitles/',
 'team': 'khan-academy',
 'video': 'aRjysypvLnJF',
 'video_uri': 'https://amara.org/api/videos/aRjysypvLnJF/',
 'work_completed': None,
 'work_status': 'needs-subtitler'}
Assigning subtitler danekhollas
Uploading new subtitles, complete=True
Using Amara username danekhollas
Using Amara username dhbot

######################################

Title: Laocoön and his Sons, early first century C.E. YTID=C3cwGCezgSQ
Subtitle revision 2 (Public Amara)
{'actions_uri': 'https://amara.org/api/videos/aRjysypvLnJF/languages/cs/subtitles/actions/',
 'approval_due_date': None,
 'approver': None,
 'completed': None,
 'created': '2020-06-16T20:33:27Z',
 'due_date': None,
 'evaluation_teams': [],
 'job_id': 'QFWANPU',
 'language': 'cs',
 'resource_uri': 'https://amara.org/api/teams/khan-academy/subtitle-requests/QFWANPU/',
 'review_due_date': None,
 'reviewer': None,
 'source_team': 'khan-academy',
 'status': 'in-progress',
 'subtitler': {'id': 'VMVtWMhbF-xDLVAKuVONU_n0qNN7eEik8MyawkD71j4',
               'uri': 'https://amara.org/api/users/id$VMVtWMhbF-xDLVAKuVONU_n0qNN7eEik8MyawkD71j4/',
               'username': 'danekhollas'},
 'subtitles_due_date': '2020-08-22T18:45:53Z',
 'subtitles_uri': 'https://amara.org/api/videos/aRjysypvLnJF/languages/cs/subtitles/',
 'team': 'khan-academy',
 'video': 'aRjysypvLnJF',
 'video_uri': 'https://amara.org/api/videos/aRjysypvLnJF/',
 'work_completed': None,
 'work_status': 'being-subtitled'}
Assigning subtitler danekhollas
Uploading new subtitles, complete=True

######################################

Title: Towers of Babel with British Museum curator Irving Finkel YTID=iUotrPxq2pU
Subtitle revision 31 (Public Amara)
Video not found, skipping..
ERROR: Video is not on Khan Academy Amara! YTID=iUotrPxq2pU

######################################

Title: The Cyrus Cylinder and Ancient Persia: a new beginning for the Middle East YTID=iokGgmrOj4Q
Subtitle revision 61 (Public Amara)
Video not found, skipping..
ERROR: Video is not on Khan Academy Amara! YTID=iokGgmrOj4Q

######################################

Title: Writing Cuneiform YTID=HbZ2asfyHcA
Subtitle revision 2 (Public Amara)
Video not found, skipping..
ERROR: Video is not on Khan Academy Amara! YTID=HbZ2asfyHcA

######################################

Title: Portraits of the Four Tetrarchs, c. 305 YTID=Dui5V8TZYbE
Subtitle revision 4 (Public Amara)
Subtitle revision 1 (Team Amara)
Video already has published subtitles, uploading new version...
[{'action': 'endorse', 'label': 'Update subtitles', 'complete': True}]
[{'action': 'endorse', 'label': 'Update subtitles', 'complete': True}]

######################################

Title: Empire: Arch of Constantine YTID=vvDcrzeBRyM
Subtitle revision 1 (Public Amara)
Subtitle revision 0 (Team Amara)
{'actions_uri': 'https://amara.org/api/videos/oOidiCwtvZLz/languages/cs/subtitles/actions/',
 'approval_due_date': None,
 'approver': None,
 'completed': None,
 'created': '2020-06-16T18:45:38Z',
 'due_date': None,
 'evaluation_teams': [],
 'job_id': 'D5ZQEY8',
 'language': 'cs',
 'resource_uri': 'https://amara.org/api/teams/khan-academy/subtitle-requests/D5ZQEY8/',
 'review_due_date': None,
 'reviewer': None,
 'source_team': 'khan-academy',
 'status': 'in-progress',
 'subtitler': None,
 'subtitles_due_date': None,
 'subtitles_uri': 'https://amara.org/api/videos/oOidiCwtvZLz/languages/cs/subtitles/',
 'team': 'khan-academy',
 'video': 'oOidiCwtvZLz',
 'video_uri': 'https://amara.org/api/videos/oOidiCwtvZLz/',
 'work_completed': None,
 'work_status': 'needs-subtitler'}
Assigning subtitler danekhollas
Uploading new subtitles, complete=True

######################################

Title: Hadrian: building the wall YTID=dCSH7ok7ejI
Subtitle revision 17 (Public Amara)
Video not found, skipping..
ERROR: Video is not on Khan Academy Amara! YTID=dCSH7ok7ejI

######################################

Title: Capitoline Brutus YTID=h-qUlzA70nY
Subtitle revision 1 (Public Amara)
Subtitle revision 1 (Team Amara)
Video already has published subtitles, uploading new version...
[{'action': 'endorse', 'label': 'Update subtitles', 'complete': True}]
[{'action': 'endorse', 'label': 'Update subtitles', 'complete': True}]

######################################

Title: Early Photography: Making Daguerreotypes YTID=N0Ambe4FwQk
Subtitle revision 8 (Public Amara)
Video not found, skipping..
ERROR: Video is not on Khan Academy Amara! YTID=N0Ambe4FwQk

######################################

Title: P.H. Emerson's Naturalistic Photography YTID=z_guKLKwjgY
Subtitle revision 12 (Public Amara)
Video not found, skipping..
ERROR: Video is not on Khan Academy Amara! YTID=z_guKLKwjgY

######################################

Title: Edgar Degas, Visit to a Museum, c. 1879--90 YTID=wvtPCKwGZCU
Subtitle revision 8 (Public Amara)
Subtitle revision 1 (Team Amara)
Video already has published subtitles, uploading new version...
[{'action': 'endorse', 'label': 'Update subtitles', 'complete': True}]
[{'action': 'endorse', 'label': 'Update subtitles', 'complete': True}]

######################################

Title: Degas, The Bellelli Family, 1858-67 YTID=irLOxG7SpUk
Subtitle revision 7 (Public Amara)
Subtitle revision 1 (Team Amara)
Video already has published subtitles, uploading new version...
[{'action': 'endorse', 'label': 'Update subtitles', 'complete': True}]
[{'action': 'endorse', 'label': 'Update subtitles', 'complete': True}]

######################################

Title: Pierre-Auguste Renoir, The Grands Boulevards, 1875 YTID=3SmyaLwpSaI
Subtitle revision 15 (Public Amara)
Subtitle revision 1 (Team Amara)
Video already has published subtitles, uploading new version...
[{'action': 'endorse', 'label': 'Update subtitles', 'complete': True}]
[{'action': 'endorse', 'label': 'Update subtitles', 'complete': True}]

######################################

Title: Paul Gauguin, Vision after the Sermon, or Jacob Wrestling with the Angel, 1888 YTID=y5lhKvKvWPg
Subtitle revision 6 (Public Amara)
Subtitle revision 1 (Team Amara)
Video already has published subtitles, uploading new version...
[{'action': 'endorse', 'label': 'Update subtitles', 'complete': True}]
[{'action': 'endorse', 'label': 'Update subtitles', 'complete': True}]

######################################

Title: Paul Cézanne, The Red Rock, c. 1895 YTID=2Vv9BhnE0SQ
Subtitle revision 2 (Public Amara)
Subtitle revision 1 (Team Amara)
Video already has published subtitles, uploading new version...
[{'action': 'endorse', 'label': 'Update subtitles', 'complete': True}]
[{'action': 'endorse', 'label': 'Update subtitles', 'complete': True}]

######################################

Title: Auguste Rodin, The Gates of Hell YTID=bfv9T1lSO2U
Subtitle revision 3 (Public Amara)
{'actions_uri': 'https://amara.org/api/videos/ZgRDYXXleu0P/languages/cs/subtitles/actions/',
 'approval_due_date': None,
 'approver': None,
 'completed': None,
 'created': '2020-06-16T19:04:17Z',
 'due_date': None,
 'evaluation_teams': [],
 'job_id': '1WC95Z2',
 'language': 'cs',
 'resource_uri': 'https://amara.org/api/teams/khan-academy/subtitle-requests/1WC95Z2/',
 'review_due_date': None,
 'reviewer': None,
 'source_team': 'khan-academy',
 'status': 'in-progress',
 'subtitler': None,
 'subtitles_due_date': None,
 'subtitles_uri': 'https://amara.org/api/videos/ZgRDYXXleu0P/languages/cs/subtitles/',
 'team': 'khan-academy',
 'video': 'ZgRDYXXleu0P',
 'video_uri': 'https://amara.org/api/videos/ZgRDYXXleu0P/',
 'work_completed': None,
 'work_status': 'needs-subtitler'}
Assigning subtitler danekhollas
Uploading new subtitles, complete=True

######################################

Title: Ingres, Princess de Broglie, 1851-53 YTID=sQpAYcxSVEg
Subtitle revision 1 (Public Amara)
{'actions_uri': 'https://amara.org/api/videos/wV0Lujd13rk7/languages/cs/subtitles/actions/',
 'approval_due_date': None,
 'approver': None,
 'completed': None,
 'created': '2020-06-16T20:35:36Z',
 'due_date': None,
 'evaluation_teams': [],
 'job_id': 'QAUL6OB',
 'language': 'cs',
 'resource_uri': 'https://amara.org/api/teams/khan-academy/subtitle-requests/QAUL6OB/',
 'review_due_date': None,
 'reviewer': None,
 'source_team': 'khan-academy',
 'status': 'in-progress',
 'subtitler': None,
 'subtitles_due_date': None,
 'subtitles_uri': 'https://amara.org/api/videos/wV0Lujd13rk7/languages/cs/subtitles/',
 'team': 'khan-academy',
 'video': 'wV0Lujd13rk7',
 'video_uri': 'https://amara.org/api/videos/wV0Lujd13rk7/',
 'work_completed': None,
 'work_status': 'needs-subtitler'}
Assigning subtitler danekhollas
Uploading new subtitles, complete=True

######################################

Title: Caspar David Friedrich, Woman at a Window, 1822 YTID=eE7BR9HCffk
Subtitle revision 1 (Public Amara)
Subtitle revision 1 (Team Amara)
Video already has published subtitles, uploading new version...
[{'action': 'endorse', 'label': 'Update subtitles', 'complete': True}]
[{'action': 'endorse', 'label': 'Update subtitles', 'complete': True}]
ERROR for video https://amara.org/api/videos/ntBnM5M4U7qi/languages/cs/subtitles/

<Response [400]>

######################################

Title: Hector Guimard, Cité entrance, Paris Métropolitain, c.1900 YTID=sazsDYOXVis
Subtitle revision 1 (Public Amara)
{'actions_uri': 'https://amara.org/api/videos/ntBnM5M4U7qi/languages/cs/subtitles/actions/',
 'approval_due_date': None,
 'approver': None,
 'completed': None,
 'created': '2020-06-16T20:32:35Z',
 'due_date': None,
 'evaluation_teams': [],
 'job_id': 'H6P3RW0',
 'language': 'cs',
 'resource_uri': 'https://amara.org/api/teams/khan-academy/subtitle-requests/H6P3RW0/',
 'review_due_date': None,
 'reviewer': None,
 'source_team': 'khan-academy',
 'status': 'in-progress',
 'subtitler': None,
 'subtitles_due_date': None,
 'subtitles_uri': 'https://amara.org/api/videos/ntBnM5M4U7qi/languages/cs/subtitles/',
 'team': 'khan-academy',
 'video': 'ntBnM5M4U7qi',
 'video_uri': 'https://amara.org/api/videos/ntBnM5M4U7qi/',
 'work_completed': None,
 'work_status': 'needs-subtitler'}
Assigning subtitler danekhollas
Uploading new subtitles, complete=True
Using Amara username danekhollas
Using Amara username dhbot

######################################

Title: Hector Guimard, Cité entrance, Paris Métropolitain, c.1900 YTID=sazsDYOXVis
Subtitle revision 2 (Public Amara)
{'actions_uri': 'https://amara.org/api/videos/ntBnM5M4U7qi/languages/cs/subtitles/actions/',
 'approval_due_date': None,
 'approver': None,
 'completed': None,
 'created': '2020-06-16T20:32:35Z',
 'due_date': None,
 'evaluation_teams': [],
 'job_id': 'H6P3RW0',
 'language': 'cs',
 'resource_uri': 'https://amara.org/api/teams/khan-academy/subtitle-requests/H6P3RW0/',
 'review_due_date': None,
 'reviewer': None,
 'source_team': 'khan-academy',
 'status': 'in-progress',
 'subtitler': {'id': 'VMVtWMhbF-xDLVAKuVONU_n0qNN7eEik8MyawkD71j4',
               'uri': 'https://amara.org/api/users/id$VMVtWMhbF-xDLVAKuVONU_n0qNN7eEik8MyawkD71j4/',
               'username': 'danekhollas'},
 'subtitles_due_date': '2020-08-22T18:49:30Z',
 'subtitles_uri': 'https://amara.org/api/videos/ntBnM5M4U7qi/languages/cs/subtitles/',
 'team': 'khan-academy',
 'video': 'ntBnM5M4U7qi',
 'video_uri': 'https://amara.org/api/videos/ntBnM5M4U7qi/',
 'work_completed': None,
 'work_status': 'being-subtitled'}
Assigning subtitler danekhollas
Uploading new subtitles, complete=True

######################################

Title: 1913 | "Costume design for the ballet The Firebird" by Léon Bakst YTID=hqynp3DH9NU
Subtitle revision 20 (Public Amara)
Video not found, skipping..
ERROR: Video is not on Khan Academy Amara! YTID=hqynp3DH9NU

######################################

Title: Gustav Klimt, Beethoven Frieze, Vienna Secession, 1902 YTID=983Tu9rlP54
Subtitle revision 5 (Public Amara)
Subtitle revision 1 (Team Amara)
Video already has published subtitles, uploading new version...
[{'action': 'endorse', 'label': 'Update subtitles', 'complete': True}]
[{'action': 'endorse', 'label': 'Update subtitles', 'complete': True}]

######################################

Title: Meet 500 years of British Art - Room: 1890-1910 YTID=W_YeBq1vgAs
Subtitle revision 31 (Public Amara)
Video not found, skipping..
ERROR: Video is not on Khan Academy Amara! YTID=W_YeBq1vgAs

######################################

Title: John Roddam Spencer Stanhope, Thoughts of the Past, exhibited 1859 YTID=zA2KSx5OYog
Subtitle revision 5 (Public Amara)
Subtitle revision 1 (Team Amara)
Video already has published subtitles, uploading new version...
[{'action': 'endorse', 'label': 'Update subtitles', 'complete': True}]
[{'action': 'endorse', 'label': 'Update subtitles', 'complete': True}]

######################################

Title: Millais, The Vale of Rest: where the weary find repose, 1858 YTID=20n0i2KQRCs
Subtitle revision 1 (Public Amara)
{'actions_uri': 'https://amara.org/api/videos/cU0M6XVwhbZK/languages/cs/subtitles/actions/',
 'approval_due_date': None,
 'approver': None,
 'completed': None,
 'created': '2020-06-16T20:35:15Z',
 'due_date': None,
 'evaluation_teams': [],
 'job_id': 'D61ZVF2',
 'language': 'cs',
 'resource_uri': 'https://amara.org/api/teams/khan-academy/subtitle-requests/D61ZVF2/',
 'review_due_date': None,
 'reviewer': None,
 'source_team': 'khan-academy',
 'status': 'in-progress',
 'subtitler': None,
 'subtitles_due_date': None,
 'subtitles_uri': 'https://amara.org/api/videos/cU0M6XVwhbZK/languages/cs/subtitles/',
 'team': 'khan-academy',
 'video': 'cU0M6XVwhbZK',
 'video_uri': 'https://amara.org/api/videos/cU0M6XVwhbZK/',
 'work_completed': None,
 'work_status': 'needs-subtitler'}
Assigning subtitler danekhollas
Uploading new subtitles, complete=True

######################################

Title: Henry Wallis, Chatterton, 1856 YTID=HNoyVb1hr7g
Subtitle revision 2 (Public Amara)
{'actions_uri': 'https://amara.org/api/videos/dj0qFQe3wfKv/languages/cs/subtitles/actions/',
 'approval_due_date': None,
 'approver': None,
 'completed': None,
 'created': '2020-06-16T20:34:16Z',
 'due_date': None,
 'evaluation_teams': [],
 'job_id': '2UPQ4GX',
 'language': 'cs',
 'resource_uri': 'https://amara.org/api/teams/khan-academy/subtitle-requests/2UPQ4GX/',
 'review_due_date': None,
 'reviewer': None,
 'source_team': 'khan-academy',
 'status': 'in-progress',
 'subtitler': None,
 'subtitles_due_date': None,
 'subtitles_uri': 'https://amara.org/api/videos/dj0qFQe3wfKv/languages/cs/subtitles/',
 'team': 'khan-academy',
 'video': 'dj0qFQe3wfKv',
 'video_uri': 'https://amara.org/api/videos/dj0qFQe3wfKv/',
 'work_completed': None,
 'work_status': 'needs-subtitler'}
Assigning subtitler danekhollas
Uploading new subtitles, complete=True

######################################

Title: Zen Buddhism YTID=_WAi2fwUqN4
Subtitle revision 4 (Public Amara)
Video not found, skipping..
ERROR: Video is not on Khan Academy Amara! YTID=_WAi2fwUqN4

######################################

Title: Bodh Gaya: Center of the Buddhist World YTID=qk-9Ez3xICY
Subtitle revision 3 (Public Amara)
Video not found, skipping..
ERROR: Video is not on Khan Academy Amara! YTID=qk-9Ez3xICY

######################################

Title: Varanasi: Sacred City YTID=JoC_x3Hzkkc
Subtitle revision 1 (Public Amara)
Video not found, skipping..
ERROR: Video is not on Khan Academy Amara! YTID=JoC_x3Hzkkc

######################################

Title: Shiva YTID=gYcwNXHrtlQ
Subtitle revision 4 (Public Amara)
Video not found, skipping..
ERROR: Video is not on Khan Academy Amara! YTID=gYcwNXHrtlQ

######################################

Title: Ganesha, The Remover of Obstacles YTID=sTLsPHluQdM
Subtitle revision 2 (Public Amara)
Video not found, skipping..
ERROR: Video is not on Khan Academy Amara! YTID=sTLsPHluQdM

######################################

Title: Appreciating Chinese Calligraphy YTID=MEN0CzGv5-Y
Subtitle revision 1 (Public Amara)
Video not found, skipping..
ERROR: Video is not on Khan Academy Amara! YTID=MEN0CzGv5-Y

######################################

Title: Decoding Chinese Calligraphy YTID=oRRiTo8sUwk
Subtitle revision 4 (Public Amara)
Video not found, skipping..
ERROR: Video is not on Khan Academy Amara! YTID=oRRiTo8sUwk

######################################

Title: Masterpiece: Seated Buddha Dated 338 YTID=iKjVbO2R4_w
Subtitle revision 4 (Public Amara)
Video not found, skipping..
ERROR: Video is not on Khan Academy Amara! YTID=iKjVbO2R4_w

######################################

Title: Masterpiece: Ritual Vessel in the Shape of a Rhinoceros YTID=rdaxI6ekLLQ
Subtitle revision 2 (Public Amara)
Video not found, skipping..
ERROR: Video is not on Khan Academy Amara! YTID=rdaxI6ekLLQ

######################################

Title: Shinto YTID=RgQ4eCc38dM
Subtitle revision 4 (Public Amara)
Video not found, skipping..
ERROR: Video is not on Khan Academy Amara! YTID=RgQ4eCc38dM

######################################

Title: Courtesan playing with a cat YTID=WQBBbAhjxq0
Subtitle revision 4 (Public Amara)
Video not found, skipping..
ERROR: Video is not on Khan Academy Amara! YTID=WQBBbAhjxq0

######################################

Title: Afghanistan: Crossroads of the Ancient World at the British Museum YTID=gATXnxAE8sI
Subtitle revision 4 (Public Amara)
Video not found, skipping..
ERROR: Video is not on Khan Academy Amara! YTID=gATXnxAE8sI

######################################

Title: John Singer Sargent, Carnation, Lily, Lily, Rose, 1885-86 YTID=-bnCHws9qmw
Subtitle revision 10 (Public Amara)
{'actions_uri': 'https://amara.org/api/videos/g5uw0xXP7y7h/languages/cs/subtitles/actions/',
 'approval_due_date': None,
 'approver': None,
 'completed': None,
 'created': '2020-06-26T12:13:37Z',
 'due_date': None,
 'evaluation_teams': [],
 'job_id': 'R9Z7FUO',
 'language': 'cs',
 'resource_uri': 'https://amara.org/api/teams/khan-academy/subtitle-requests/R9Z7FUO/',
 'review_due_date': None,
 'reviewer': None,
 'source_team': 'khan-academy',
 'status': 'in-progress',
 'subtitler': None,
 'subtitles_due_date': None,
 'subtitles_uri': 'https://amara.org/api/videos/g5uw0xXP7y7h/languages/cs/subtitles/',
 'team': 'khan-academy',
 'video': 'g5uw0xXP7y7h',
 'video_uri': 'https://amara.org/api/videos/g5uw0xXP7y7h/',
 'work_completed': None,
 'work_status': 'needs-subtitler'}
Assigning subtitler danekhollas
Uploading new subtitles, complete=True

######################################

Title: Fitz Henry Lane, Owl's Head, Penobscot Bay, Maine, 1862 YTID=ascpn9AjCIk
Subtitle revision 9 (Public Amara)
Subtitle revision 1 (Team Amara)
Video already has published subtitles, uploading new version...
[{'action': 'endorse', 'label': 'Update subtitles', 'complete': True}]
[{'action': 'endorse', 'label': 'Update subtitles', 'complete': True}]

######################################

Title: Tlaloc vessel YTID=JN-_3qUutIU
Subtitle revision 2 (Public Amara)
{'actions_uri': 'https://amara.org/api/videos/A5mbuoYFIrWj/languages/cs/subtitles/actions/',
 'approval_due_date': None,
 'approver': None,
 'completed': None,
 'created': '2020-06-16T18:45:24Z',
 'due_date': None,
 'evaluation_teams': [],
 'job_id': 'NC8ORIY',
 'language': 'cs',
 'resource_uri': 'https://amara.org/api/teams/khan-academy/subtitle-requests/NC8ORIY/',
 'review_due_date': None,
 'reviewer': None,
 'source_team': 'khan-academy',
 'status': 'in-progress',
 'subtitler': None,
 'subtitles_due_date': None,
 'subtitles_uri': 'https://amara.org/api/videos/A5mbuoYFIrWj/languages/cs/subtitles/',
 'team': 'khan-academy',
 'video': 'A5mbuoYFIrWj',
 'video_uri': 'https://amara.org/api/videos/A5mbuoYFIrWj/',
 'work_completed': None,
 'work_status': 'needs-subtitler'}
Assigning subtitler danekhollas
Uploading new subtitles, complete=True

######################################

Title: Inca ushnus: landscape, site and symbol in the Andes YTID=oT9NdKpUwdU
Subtitle revision 35 (Public Amara)
Video not found, skipping..
ERROR: Video is not on Khan Academy Amara! YTID=oT9NdKpUwdU

######################################

Title: Two portraits, two views YTID=5YEGpb7tXOo
Subtitle revision 7 (Public Amara)
Video not found, skipping..
ERROR: Video is not on Khan Academy Amara! YTID=5YEGpb7tXOo

######################################

Title: Damascus Room YTID=n9C7sMb7MmI
Subtitle revision 4 (Public Amara)
Subtitle revision 1 (Team Amara)
Video already has published subtitles, uploading new version...
[{'action': 'endorse', 'label': 'Update subtitles', 'complete': True}]
[{'action': 'endorse', 'label': 'Update subtitles', 'complete': True}]
Error for video https://amara.org/api/teams/khan-academy/subtitle-requests/
429 Client Error: Too Many Requests for url: https://amara.org/api/teams/khan-academy/subtitle-requests/?video=MR2BWgMtmzdh&language=cs
Response: <Response [429]>

######################################

Title: Ilkhanid Mihrab, 1354-55, Isfahan, Iran (Metropolitan Museum of Art, New York) YTID=hXNFjOhrihI
Subtitle revision 5 (Public Amara)
Using Amara username danekhollas
Using Amara username dhbot

######################################

Title: Ilkhanid Mihrab, 1354-55, Isfahan, Iran (Metropolitan Museum of Art, New York) YTID=hXNFjOhrihI
Subtitle revision 5 (Public Amara)
{'actions_uri': 'https://amara.org/api/videos/MR2BWgMtmzdh/languages/cs/subtitles/actions/',
 'approval_due_date': None,
 'approver': None,
 'completed': None,
 'created': '2020-06-16T20:33:55Z',
 'due_date': None,
 'evaluation_teams': [],
 'job_id': 'HBZOWEV',
 'language': 'cs',
 'resource_uri': 'https://amara.org/api/teams/khan-academy/subtitle-requests/HBZOWEV/',
 'review_due_date': None,
 'reviewer': None,
 'source_team': 'khan-academy',
 'status': 'in-progress',
 'subtitler': None,
 'subtitles_due_date': None,
 'subtitles_uri': 'https://amara.org/api/videos/MR2BWgMtmzdh/languages/cs/subtitles/',
 'team': 'khan-academy',
 'video': 'MR2BWgMtmzdh',
 'video_uri': 'https://amara.org/api/videos/MR2BWgMtmzdh/',
 'work_completed': None,
 'work_status': 'needs-subtitler'}
Assigning subtitler danekhollas
Uploading new subtitles, complete=True

######################################

Title: Johannes Vermeer, Girl with a Pearl Earring, c. 1665 YTID=M-jLsoA1i_o
Subtitle revision 1 (Public Amara)
{'actions_uri': 'https://amara.org/api/videos/CE1OxU1ik7YA/languages/cs/subtitles/actions/',
 'approval_due_date': None,
 'approver': None,
 'completed': None,
 'created': '2020-06-16T19:05:05Z',
 'due_date': None,
 'evaluation_teams': [],
 'job_id': 'J0WHX8D',
 'language': 'cs',
 'resource_uri': 'https://amara.org/api/teams/khan-academy/subtitle-requests/J0WHX8D/',
 'review_due_date': None,
 'reviewer': None,
 'source_team': 'khan-academy',
 'status': 'in-progress',
 'subtitler': None,
 'subtitles_due_date': None,
 'subtitles_uri': 'https://amara.org/api/videos/CE1OxU1ik7YA/languages/cs/subtitles/',
 'team': 'khan-academy',
 'video': 'CE1OxU1ik7YA',
 'video_uri': 'https://amara.org/api/videos/CE1OxU1ik7YA/',
 'work_completed': None,
 'work_status': 'needs-subtitler'}
Assigning subtitler danekhollas
Uploading new subtitles, complete=True

######################################

Title: Ruisdael, View of Haarlem with Bleaching Grounds YTID=L7P3kBJ3scg
Subtitle revision 1 (Public Amara)
{'actions_uri': 'https://amara.org/api/videos/pF7nGRwz6CGV/languages/cs/subtitles/actions/',
 'approval_due_date': None,
 'approver': None,
 'completed': None,
 'created': '2020-06-16T19:05:01Z',
 'due_date': None,
 'evaluation_teams': [],
 'job_id': '7614DLB',
 'language': 'cs',
 'resource_uri': 'https://amara.org/api/teams/khan-academy/subtitle-requests/7614DLB/',
 'review_due_date': None,
 'reviewer': None,
 'source_team': 'khan-academy',
 'status': 'in-progress',
 'subtitler': None,
 'subtitles_due_date': None,
 'subtitles_uri': 'https://amara.org/api/videos/pF7nGRwz6CGV/languages/cs/subtitles/',
 'team': 'khan-academy',
 'video': 'pF7nGRwz6CGV',
 'video_uri': 'https://amara.org/api/videos/pF7nGRwz6CGV/',
 'work_completed': None,
 'work_status': 'needs-subtitler'}
Assigning subtitler danekhollas
Uploading new subtitles, complete=True

######################################

Title: Peter Paul Rubens, Elevation of the Cross, 1610 YTID=qyQGBJIYC5s
Subtitle revision 4 (Public Amara)
Subtitle revision 1 (Team Amara)
Video already has published subtitles, uploading new version...
[{'action': 'endorse', 'label': 'Update subtitles', 'complete': True}]
[{'action': 'endorse', 'label': 'Update subtitles', 'complete': True}]

######################################

Title: Velázquez, Los Borrachos (The Drunks), 1628-1629 YTID=dNoeLF6I52s
Subtitle revision 2 (Public Amara)
Subtitle revision 1 (Team Amara)
Video already has published subtitles, uploading new version...
[{'action': 'endorse', 'label': 'Update subtitles', 'complete': True}]
[{'action': 'endorse', 'label': 'Update subtitles', 'complete': True}]

######################################

Title: Meet 500 Years of British Art - Room: 1650-1730 YTID=SRg_XB83-tw
Subtitle revision 28 (Public Amara)
Video not found, skipping..
ERROR: Video is not on Khan Academy Amara! YTID=SRg_XB83-tw

######################################

Title: Meet 500 years of British Art - Room: 1730 - 1765 YTID=g0iKG-ieZ2s
Subtitle revision 12 (Public Amara)
Video not found, skipping..
ERROR: Video is not on Khan Academy Amara! YTID=g0iKG-ieZ2s

######################################

Title: Jacques-Louis David, The Death of Marat YTID=Hw2_hv439Fg
Subtitle revision 28 (Public Amara)
Subtitle revision 1 (Team Amara)
Video already has published subtitles, uploading new version...
[{'action': 'endorse', 'label': 'Update subtitles', 'complete': True}]
[{'action': 'endorse', 'label': 'Update subtitles', 'complete': True}]

######################################

Title: The Inlay Technique of Marquetry YTID=9JcpyE01Yzc
Subtitle revision 2 (Public Amara)
Video not found, skipping..
ERROR: Video is not on Khan Academy Amara! YTID=9JcpyE01Yzc

######################################

Title: Antoine Watteau,  Pilgrimage to Cythera, 1717 YTID=8ZlH2JswO3Q
Subtitle revision 1 (Public Amara)
Subtitle revision 1 (Team Amara)
Video already has published subtitles, uploading new version...
[{'action': 'endorse', 'label': 'Update subtitles', 'complete': True}]
[{'action': 'endorse', 'label': 'Update subtitles', 'complete': True}]

######################################

Title: Unlocking an 18th-century French Mechanical Table YTID=EblnaLMjdNg
Subtitle revision 18 (Public Amara)
Video not found, skipping..
ERROR: Video is not on Khan Academy Amara! YTID=EblnaLMjdNg

######################################

Title: Construction of an 18th-c French Mechanical Table YTID=m5OxVgH-T1I
Subtitle revision 5 (Public Amara)
Video not found, skipping..
ERROR: Video is not on Khan Academy Amara! YTID=m5OxVgH-T1I

######################################

Title: Cimabue, Santa Trinita Madonna (Madonna and Child Enthroned), 1280-90 YTID=_alU-o_qDt8
Subtitle revision 7 (Public Amara)
Subtitle revision 1 (Team Amara)
Video already has published subtitles, uploading new version...
[{'action': 'endorse', 'label': 'Update subtitles', 'complete': True}]
[{'action': 'endorse', 'label': 'Update subtitles', 'complete': True}]

######################################

Title: Cimabue's Santa Trinita Madonna & Giotto's Ognissanti Madonna YTID=DKnFvXmUlOI
Subtitle revision 60 (Public Amara)
Subtitle revision 1 (Team Amara)
Video already has published subtitles, uploading new version...
[{'action': 'endorse', 'label': 'Update subtitles', 'complete': True}]
[{'action': 'endorse', 'label': 'Update subtitles', 'complete': True}]
Error for video https://amara.org/api/teams/khan-academy/subtitle-requests/
429 Client Error: Too Many Requests for url: https://amara.org/api/teams/khan-academy/subtitle-requests/?video=5lweyw1irsq5&language=cs
Response: <Response [429]>

######################################

Title: Pietro Cavallini, The Last Judgement YTID=pwHzN9aV1WY
Subtitle revision 11 (Public Amara)
Using Amara username danekhollas
Using Amara username dhbot

######################################

Title: Pietro Cavallini, The Last Judgement YTID=pwHzN9aV1WY
Subtitle revision 11 (Public Amara)
{'actions_uri': 'https://amara.org/api/videos/5lweyw1irsq5/languages/cs/subtitles/actions/',
 'approval_due_date': None,
 'approver': None,
 'completed': None,
 'created': '2020-06-16T20:32:53Z',
 'due_date': None,
 'evaluation_teams': [],
 'job_id': '496Y3PM',
 'language': 'cs',
 'resource_uri': 'https://amara.org/api/teams/khan-academy/subtitle-requests/496Y3PM/',
 'review_due_date': None,
 'reviewer': None,
 'source_team': 'khan-academy',
 'status': 'in-progress',
 'subtitler': None,
 'subtitles_due_date': None,
 'subtitles_uri': 'https://amara.org/api/videos/5lweyw1irsq5/languages/cs/subtitles/',
 'team': 'khan-academy',
 'video': '5lweyw1irsq5',
 'video_uri': 'https://amara.org/api/videos/5lweyw1irsq5/',
 'work_completed': None,
 'work_status': 'needs-subtitler'}
Assigning subtitler danekhollas
Uploading new subtitles, complete=True

######################################

Title: Bronzino, An Allegory with Venus and Cupid YTID=6w2E8G0sEPc
Subtitle revision 5 (Public Amara)
{'actions_uri': 'https://amara.org/api/videos/vPtUo47TrzLV/languages/cs/subtitles/actions/',
 'approval_due_date': None,
 'approver': None,
 'completed': None,
 'created': '2020-06-16T20:32:46Z',
 'due_date': None,
 'evaluation_teams': [],
 'job_id': 'GZ0IFJ9',
 'language': 'cs',
 'resource_uri': 'https://amara.org/api/teams/khan-academy/subtitle-requests/GZ0IFJ9/',
 'review_due_date': None,
 'reviewer': None,
 'source_team': 'khan-academy',
 'status': 'in-progress',
 'subtitler': None,
 'subtitles_due_date': None,
 'subtitles_uri': 'https://amara.org/api/videos/vPtUo47TrzLV/languages/cs/subtitles/',
 'team': 'khan-academy',
 'video': 'vPtUo47TrzLV',
 'video_uri': 'https://amara.org/api/videos/vPtUo47TrzLV/',
 'work_completed': None,
 'work_status': 'needs-subtitler'}
Assigning subtitler danekhollas
Uploading new subtitles, complete=True

######################################

Title: Jacopo Tintoretto, The Miracle of the Slave YTID=e41Wh7jhoxc
Subtitle revision 5 (Public Amara)
Subtitle revision 1 (Team Amara)
Video already has published subtitles, uploading new version...
[{'action': 'endorse', 'label': 'Update subtitles', 'complete': True}]
[{'action': 'endorse', 'label': 'Update subtitles', 'complete': True}]

######################################

Title: Paolo Veronese. Feast in the House of Levi, 1573 YTID=9g-r2007Y8c
Subtitle revision 3 (Public Amara)
Subtitle revision 1 (Team Amara)
Video already has published subtitles, uploading new version...
[{'action': 'endorse', 'label': 'Update subtitles', 'complete': True}]
[{'action': 'endorse', 'label': 'Update subtitles', 'complete': True}]

######################################

Title: Correggio, Jupiter and Io YTID=hrBMFNvvOBI
Subtitle revision 44 (Public Amara)
Subtitle revision 1 (Team Amara)
Video already has published subtitles, uploading new version...
[{'action': 'endorse', 'label': 'Update subtitles', 'complete': True}]
[{'action': 'endorse', 'label': 'Update subtitles', 'complete': True}]

######################################

Title: Dürer, The Four Apostles, 1526 YTID=WyNqLrb0LRE
Subtitle revision 9 (Public Amara)
Subtitle revision 1 (Team Amara)
Video already has published subtitles, uploading new version...
[{'action': 'endorse', 'label': 'Update subtitles', 'complete': True}]
[{'action': 'endorse', 'label': 'Update subtitles', 'complete': True}]

######################################

Title: Gerard David, The Virgin and Child with Saints and Donor, c. 1510 YTID=9fiJ7mSzamw
Subtitle revision 67 (Public Amara)
{'actions_uri': 'https://amara.org/api/videos/y09rBMXyoiOn/languages/cs/subtitles/actions/',
 'approval_due_date': None,
 'approver': None,
 'completed': None,
 'created': '2020-06-16T20:34:09Z',
 'due_date': None,
 'evaluation_teams': [],
 'job_id': '02B5TWG',
 'language': 'cs',
 'resource_uri': 'https://amara.org/api/teams/khan-academy/subtitle-requests/02B5TWG/',
 'review_due_date': None,
 'reviewer': None,
 'source_team': 'khan-academy',
 'status': 'in-progress',
 'subtitler': None,
 'subtitles_due_date': None,
 'subtitles_uri': 'https://amara.org/api/videos/y09rBMXyoiOn/languages/cs/subtitles/',
 'team': 'khan-academy',
 'video': 'y09rBMXyoiOn',
 'video_uri': 'https://amara.org/api/videos/y09rBMXyoiOn/',
 'work_completed': None,
 'work_status': 'needs-subtitler'}
Assigning subtitler danekhollas
Uploading new subtitles, complete=True

######################################

Title: The story of St Ursula, part of Treasures of Heaven, an exhibition at the British Museum YTID=VEv7Mmx1V4w
Subtitle revision 2 (Public Amara)
Video not found, skipping..
ERROR: Video is not on Khan Academy Amara! YTID=VEv7Mmx1V4w

######################################

Title: The Harrowing of Hell, c. 1440-70 YTID=katx69CGBwo
Subtitle revision 2 (Public Amara)
Subtitle revision 1 (Team Amara)
Video already has published subtitles, uploading new version...
[{'action': 'endorse', 'label': 'Update subtitles', 'complete': True}]
[{'action': 'endorse', 'label': 'Update subtitles', 'complete': True}]
Error for video https://amara.org/api/videos/XiObw4coEqqW/languages/
429 Client Error: Too Many Requests for url: https://amara.org/api/videos/XiObw4coEqqW/languages/?limit=10
Response: <Response [429]>

######################################

Title: Masaccio, Expulsion of Adam and Eve from Eden, Brancacci Chapel, c. 1424-1427 YTID=hMzFbORRiss
Using Amara username danekhollas
Using Amara username dhbot

######################################

Title: Masaccio, Expulsion of Adam and Eve from Eden, Brancacci Chapel, c. 1424-1427 YTID=hMzFbORRiss
Subtitle revision 6 (Public Amara)
Subtitle revision 1 (Team Amara)
Video already has published subtitles, uploading new version...
[{'action': 'endorse', 'label': 'Update subtitles', 'complete': True}]
[{'action': 'endorse', 'label': 'Update subtitles', 'complete': True}]

######################################

Title: Fra Filippo Lippi, Madonna and Child, c. 1440 YTID=049sSl4lEuk
Subtitle revision 8 (Public Amara)
Subtitle revision 1 (Team Amara)
Video already has published subtitles, uploading new version...
[{'action': 'endorse', 'label': 'Update subtitles', 'complete': True}]
[{'action': 'endorse', 'label': 'Update subtitles', 'complete': True}]

######################################

Title: Botticelli, La Primavera (Spring), 1481-1482 YTID=qwZn852brII
Subtitle revision 7 (Public Amara)
Subtitle revision 1 (Team Amara)
Video already has published subtitles, uploading new version...
[{'action': 'endorse', 'label': 'Update subtitles', 'complete': True}]
[{'action': 'endorse', 'label': 'Update subtitles', 'complete': True}]

######################################

Title: Paolo Uccello, Battle of San Romano, c. 1538-40 YTID=p8Vasl3L5p8
Subtitle revision 10 (Public Amara)
Subtitle revision 1 (Team Amara)
Video already has published subtitles, uploading new version...
[{'action': 'endorse', 'label': 'Update subtitles', 'complete': True}]
[{'action': 'endorse', 'label': 'Update subtitles', 'complete': True}]

######################################

Title: Mantegna, Camera Picta (or Camera degli Sposi), 1465-74 YTID=GN0P5RkQAow
Subtitle revision 4 (Public Amara)
{'actions_uri': 'https://amara.org/api/videos/ra6sNU5KfhDm/languages/cs/subtitles/actions/',
 'approval_due_date': None,
 'approver': None,
 'completed': None,
 'created': '2020-06-16T20:33:51Z',
 'due_date': None,
 'evaluation_teams': [],
 'job_id': 'JP2OY8C',
 'language': 'cs',
 'resource_uri': 'https://amara.org/api/teams/khan-academy/subtitle-requests/JP2OY8C/',
 'review_due_date': None,
 'reviewer': None,
 'source_team': 'khan-academy',
 'status': 'in-progress',
 'subtitler': None,
 'subtitles_due_date': None,
 'subtitles_uri': 'https://amara.org/api/videos/ra6sNU5KfhDm/languages/cs/subtitles/',
 'team': 'khan-academy',
 'video': 'ra6sNU5KfhDm',
 'video_uri': 'https://amara.org/api/videos/ra6sNU5KfhDm/',
 'work_completed': None,
 'work_status': 'needs-subtitler'}
Assigning subtitler danekhollas
Uploading new subtitles, complete=True

######################################

Title: Giovanni Bellini, Saint Francis in the Desert, circa 1480 YTID=STs6h1qUSGs
Subtitle revision 20 (Public Amara)
Subtitle revision 1 (Team Amara)
Video already has published subtitles, uploading new version...
[{'action': 'endorse', 'label': 'Update subtitles', 'complete': True}]
[{'action': 'endorse', 'label': 'Update subtitles', 'complete': True}]

######################################

Title: Hirst's Shark: Interpreting Contemporary Art YTID=uDuzy-t7GDA
Subtitle revision 3 (Public Amara)
Subtitle revision 1 (Team Amara)
Video already has published subtitles, uploading new version...
[{'action': 'endorse', 'label': 'Update subtitles', 'complete': True}]
[{'action': 'endorse', 'label': 'Update subtitles', 'complete': True}]

######################################

Title: Jannis Kounellis. "Da inventare sul posto (To invent on the spot)." (1972) | MoMA YTID=beU3xkhwgs4
Subtitle revision 7 (Public Amara)
Video not found, skipping..
ERROR: Video is not on Khan Academy Amara! YTID=beU3xkhwgs4

######################################

Title: Institutional Critique: Hans Haacke's Seurat's 'Les Poseuses' (small version), 1884-1975, 1975 YTID=sdM6aGhKdTI
Subtitle revision 25 (Public Amara)
Subtitle revision 1 (Team Amara)
Video already has published subtitles, uploading new version...
[{'action': 'endorse', 'label': 'Update subtitles', 'complete': True}]
[{'action': 'endorse', 'label': 'Update subtitles', 'complete': True}]

######################################

Title: Gabriel Orozco at Tate Modern YTID=LwF9nTEB84k
Subtitle revision 26 (Public Amara)
Video not found, skipping..
ERROR: Video is not on Khan Academy Amara! YTID=LwF9nTEB84k

######################################

Title: Meet 500 years of British Art - Room: 1990 YTID=SadSIPGOeIE
Subtitle revision 1 (Public Amara)
Video not found, skipping..
ERROR: Video is not on Khan Academy Amara! YTID=SadSIPGOeIE

######################################

Title: Meet 500 years of British Art - Room: 1970 & 1980 YTID=EC4wJhOEUz8
Subtitle revision 1 (Public Amara)
Video not found, skipping..
ERROR: Video is not on Khan Academy Amara! YTID=EC4wJhOEUz8

######################################

Title: Manuscripts YTID=e_Us5TGPFe0
Subtitle revision 8 (Public Amara)
Video not found, skipping..
ERROR: Video is not on Khan Academy Amara! YTID=e_Us5TGPFe0

######################################

Title: The Medieval Calendar YTID=h2CcewghKoo
Subtitle revision 24 (Public Amara)
Video not found, skipping..
ERROR: Video is not on Khan Academy Amara! YTID=h2CcewghKoo

######################################

Title: A Medieval Textbook YTID=okxU0GB2eCM
Subtitle revision 7 (Public Amara)
Subtitle revision 1 (Team Amara)
Video already has published subtitles, uploading new version...
[{'action': 'endorse', 'label': 'Update subtitles', 'complete': True}]
[{'action': 'endorse', 'label': 'Update subtitles', 'complete': True}]

######################################

Title: Listening to the Medieval Book YTID=lJvXorny8xw
Subtitle revision 5 (Public Amara)
Subtitle revision 1 (Team Amara)
Video already has published subtitles, uploading new version...
[{'action': 'endorse', 'label': 'Update subtitles', 'complete': True}]
[{'action': 'endorse', 'label': 'Update subtitles', 'complete': True}]

######################################

Title: An introduction to Medieval Scripts YTID=NnjN9GGfV6E
Subtitle revision 4 (Public Amara)
{'actions_uri': 'https://amara.org/api/videos/M9Gt7EmCHwP7/languages/cs/subtitles/actions/',
 'approval_due_date': None,
 'approver': None,
 'completed': None,
 'created': '2020-06-16T19:05:22Z',
 'due_date': None,
 'evaluation_teams': [],
 'job_id': '4IHL9C7',
 'language': 'cs',
 'resource_uri': 'https://amara.org/api/teams/khan-academy/subtitle-requests/4IHL9C7/',
 'review_due_date': None,
 'reviewer': None,
 'source_team': 'khan-academy',
 'status': 'in-progress',
 'subtitler': None,
 'subtitles_due_date': None,
 'subtitles_uri': 'https://amara.org/api/videos/M9Gt7EmCHwP7/languages/cs/subtitles/',
 'team': 'khan-academy',
 'video': 'M9Gt7EmCHwP7',
 'video_uri': 'https://amara.org/api/videos/M9Gt7EmCHwP7/',
 'work_completed': None,
 'work_status': 'needs-subtitler'}
Assigning subtitler danekhollas
Uploading new subtitles, complete=True

######################################

Title: Cistercian Abbey of Fontenay (UNESCO/NHK) YTID=BBFUTbKx3qY
Subtitle revision 17 (Public Amara)
Video not found, skipping..
ERROR: Video is not on Khan Academy Amara! YTID=BBFUTbKx3qY

######################################

Title: August Sander, Portraits YTID=qZ1ofSJBxBU
Subtitle revision 5 (Public Amara)
Subtitle revision 1 (Team Amara)
Video already has published subtitles, uploading new version...
[{'action': 'endorse', 'label': 'Update subtitles', 'complete': True}]
[{'action': 'endorse', 'label': 'Update subtitles', 'complete': True}]

######################################

Title: Feininger, Cathedral for Program of the State Bauhaus in Weimar, woodcut, 1919 YTID=hip59oIFSMQ
Subtitle revision 3 (Public Amara)
Subtitle revision 1 (Team Amara)
Video already has published subtitles, uploading new version...
[{'action': 'endorse', 'label': 'Update subtitles', 'complete': True}]
[{'action': 'endorse', 'label': 'Update subtitles', 'complete': True}]

######################################

Title: Conservation | René Magritte. The Portrait. 1935 YTID=RcPI6Mb9J6k
Subtitle revision 1 (Public Amara)
Video not found, skipping..
ERROR: Video is not on Khan Academy Amara! YTID=RcPI6Mb9J6k

######################################

Title: Salvador Dalí, The Persistence of Memory, 1931 YTID=6mp-fBJNQmU
Subtitle revision 5 (Public Amara)
Subtitle revision 1 (Team Amara)
Video already has published subtitles, uploading new version...
[{'action': 'endorse', 'label': 'Update subtitles', 'complete': True}]
[{'action': 'endorse', 'label': 'Update subtitles', 'complete': True}]

######################################

Title: 1913 | "Mlle Pogany" by Constantin Brancusi YTID=T6G0ewxKkCQ
Subtitle revision 4 (Public Amara)
Video not found, skipping..
ERROR: Video is not on Khan Academy Amara! YTID=T6G0ewxKkCQ

######################################

Title: Amedeo Modigliani, Young Woman in a Shirt, 1918 YTID=3sCB3udmu1Y
Subtitle revision 8 (Public Amara)
Subtitle revision 1 (Team Amara)
Video already has published subtitles, uploading new version...
[{'action': 'endorse', 'label': 'Update subtitles', 'complete': True}]
[{'action': 'endorse', 'label': 'Update subtitles', 'complete': True}]

######################################

Title: 1913 | "Composition in Brown and Gray" by Piet Mondrian YTID=Pz_ZICqJuc8
Subtitle revision 2 (Public Amara)
Video not found, skipping..
ERROR: Video is not on Khan Academy Amara! YTID=Pz_ZICqJuc8

######################################

Title: Meet 500 years of British Art - Room: 1940 YTID=TzSMvEiEuo0
Subtitle revision 1 (Public Amara)
Video not found, skipping..
ERROR: Video is not on Khan Academy Amara! YTID=TzSMvEiEuo0

######################################

Title: 1913 | "Simultaneous Contrasts: Sun and Moon" by Robert Delaunay Paris 1913 (dated on painting 1912) YTID=PkzACPGZcVk
Subtitle revision 13 (Public Amara)
Video not found, skipping..
ERROR: Video is not on Khan Academy Amara! YTID=PkzACPGZcVk

######################################

Title: Picasso: Guitars 1912-1914 | History and Conservation of still life with Guitar YTID=YwnfVj5qeo4
Subtitle revision 19 (Public Amara)
Video not found, skipping..
ERROR: Video is not on Khan Academy Amara! YTID=YwnfVj5qeo4

######################################

Title: 1913 | "Young Couple" by Emil Nolde YTID=MCL1qhlSq1Y
Subtitle revision 3 (Public Amara)
Video not found, skipping..
ERROR: Video is not on Khan Academy Amara! YTID=MCL1qhlSq1Y

######################################

Title: 1913 | "Street, Berlin" by Ernst Ludwig Kirchner YTID=HWivDUWFaX0
Subtitle revision 2 (Public Amara)
Video not found, skipping..
ERROR: Video is not on Khan Academy Amara! YTID=HWivDUWFaX0

######################################

Title: Egon Schiele, Hermits, 1912 YTID=PqRx4OV5jhM
Subtitle revision 3 (Public Amara)
Subtitle revision 1 (Team Amara)
Video already has published subtitles, uploading new version...
[{'action': 'endorse', 'label': 'Update subtitles', 'complete': True}]
[{'action': 'endorse', 'label': 'Update subtitles', 'complete': True}]
Error for video https://amara.org/api/videos/
429 Client Error: Too Many Requests for url: https://amara.org/api/videos/?video_url=https%3A%2F%2Fwww.youtube.com%2Fwatch%3Fv%3DjCByVqB4iJQ
Response: <Response [429]>
Using Amara username danekhollas
Using Amara username dhbot

######################################

Title: Egon Schiele, Hermits, 1912 YTID=PqRx4OV5jhM
Subtitle revision 3 (Public Amara)
Subtitle revision 2 (Team Amara)
Video already has published subtitles, uploading new version...
[{'action': 'endorse', 'label': 'Update subtitles', 'complete': True}]
[{'action': 'endorse', 'label': 'Update subtitles', 'complete': True}]

######################################

Title: 1913 | "The Blue Window" by Henri Matisse YTID=jCByVqB4iJQ
Subtitle revision 6 (Public Amara)
Video not found, skipping..
ERROR: Video is not on Khan Academy Amara! YTID=jCByVqB4iJQ

######################################

Title: Meet 500 years of British Art - Room: 1950 YTID=ifv0KWw4pns
Subtitle revision 2 (Public Amara)
Video not found, skipping..
ERROR: Video is not on Khan Academy Amara! YTID=ifv0KWw4pns

######################################

Title: Richard Serra at MoMA - Band (2006) YTID=GAQ9KyxDYUY
Subtitle revision 2 (Public Amara)
Video not found, skipping..
ERROR: Video is not on Khan Academy Amara! YTID=GAQ9KyxDYUY

######################################

Title: Marcel Duchamp, The Large Glass YTID=hBbbrSydH90
Subtitle revision 4 (Public Amara)
{'actions_uri': 'https://amara.org/api/videos/DeeOQCHYRp0S/languages/cs/subtitles/actions/',
 'approval_due_date': None,
 'approver': None,
 'completed': None,
 'created': '2020-06-16T19:04:13Z',
 'due_date': None,
 'evaluation_teams': [],
 'job_id': 'TIK705V',
 'language': 'cs',
 'resource_uri': 'https://amara.org/api/teams/khan-academy/subtitle-requests/TIK705V/',
 'review_due_date': None,
 'reviewer': None,
 'source_team': 'khan-academy',
 'status': 'in-progress',
 'subtitler': None,
 'subtitles_due_date': None,
 'subtitles_uri': 'https://amara.org/api/videos/DeeOQCHYRp0S/languages/cs/subtitles/',
 'team': 'khan-academy',
 'video': 'DeeOQCHYRp0S',
 'video_uri': 'https://amara.org/api/videos/DeeOQCHYRp0S/',
 'work_completed': None,
 'work_status': 'needs-subtitler'}
Assigning subtitler danekhollas
Uploading new subtitles, complete=True

######################################

Title: 1913 | "Dynamism of a Soccer Player" by Umberto Boccioni YTID=GLEJgVSL0Ac
Subtitle revision 1 (Public Amara)
Video not found, skipping..
ERROR: Video is not on Khan Academy Amara! YTID=GLEJgVSL0Ac

######################################

Title: 1913 | Schiess-Dusseldorf by Ludwig Hohlwein YTID=BSeQPlYD6S8
Subtitle revision 17 (Public Amara)
Video not found, skipping..
ERROR: Video is not on Khan Academy Amara! YTID=BSeQPlYD6S8

######################################

Title: Meet 500 years of British Art - Room: 1914 & 1915 YTID=iCYSKCJNbwM
Subtitle revision 8 (Public Amara)
Video not found, skipping..
ERROR: Video is not on Khan Academy Amara! YTID=iCYSKCJNbwM

######################################

Title: Introduction to the FAFSA YTID=7nKXXKn6jL8
Subtitle revision 25 (Public Amara)
Subtitle revision 1 (Team Amara)
Video already has published subtitles, uploading new version...
[{'action': 'endorse', 'label': 'Update subtitles', 'complete': True}]
[{'action': 'endorse', 'label': 'Update subtitles', 'complete': True}]

######################################

Title: The History of the Democratic Party YTID=XVWiAArXYpE
Subtitle revision 3 (Public Amara)
{'actions_uri': 'https://amara.org/api/videos/F0jnMNORlbGe/languages/cs/subtitles/actions/',
 'approval_due_date': None,
 'approver': None,
 'completed': None,
 'created': '2020-07-06T19:08:04Z',
 'due_date': None,
 'evaluation_teams': [],
 'job_id': 'TRACSML',
 'language': 'cs',
 'resource_uri': 'https://amara.org/api/teams/khan-academy/subtitle-requests/TRACSML/',
 'review_due_date': None,
 'reviewer': None,
 'source_team': 'khan-academy',
 'status': 'in-progress',
 'subtitler': None,
 'subtitles_due_date': None,
 'subtitles_uri': 'https://amara.org/api/videos/F0jnMNORlbGe/languages/cs/subtitles/',
 'team': 'khan-academy',
 'video': 'F0jnMNORlbGe',
 'video_uri': 'https://amara.org/api/videos/F0jnMNORlbGe/',
 'work_completed': None,
 'work_status': 'needs-subtitler'}
Assigning subtitler danekhollas
Uploading new subtitles, complete=True

######################################

Title: Sal teaches Grover about the electoral college YTID=p-n_YOtUnqU
Subtitle revision 2 (Public Amara)
{'actions_uri': 'https://amara.org/api/videos/yXegANafeG4O/languages/cs/subtitles/actions/',
 'approval_due_date': None,
 'approver': None,
 'completed': None,
 'created': '2020-07-06T18:56:22Z',
 'due_date': None,
 'evaluation_teams': [],
 'job_id': 'W87N9DX',
 'language': 'cs',
 'resource_uri': 'https://amara.org/api/teams/khan-academy/subtitle-requests/W87N9DX/',
 'review_due_date': None,
 'reviewer': None,
 'source_team': 'khan-academy',
 'status': 'in-progress',
 'subtitler': None,
 'subtitles_due_date': None,
 'subtitles_uri': 'https://amara.org/api/videos/yXegANafeG4O/languages/cs/subtitles/',
 'team': 'khan-academy',
 'video': 'yXegANafeG4O',
 'video_uri': 'https://amara.org/api/videos/yXegANafeG4O/',
 'work_completed': None,
 'work_status': 'needs-subtitler'}
Assigning subtitler danekhollas
Uploading new subtitles, complete=True

######################################

Title: Sal Khan announces new careers and personal finance content YTID=1PMf4t7mZwY
Subtitle revision 1 (Public Amara)
{'actions_uri': 'https://amara.org/api/videos/s1DxS5JP2Ylk/languages/cs/subtitles/actions/',
 'approval_due_date': None,
 'approver': None,
 'completed': None,
 'created': '2020-06-16T18:46:49Z',
 'due_date': None,
 'evaluation_teams': [],
 'job_id': 'MBOQ1U5',
 'language': 'cs',
 'resource_uri': 'https://amara.org/api/teams/khan-academy/subtitle-requests/MBOQ1U5/',
 'review_due_date': None,
 'reviewer': None,
 'source_team': 'khan-academy',
 'status': 'in-progress',
 'subtitler': None,
 'subtitles_due_date': None,
 'subtitles_uri': 'https://amara.org/api/videos/s1DxS5JP2Ylk/languages/cs/subtitles/',
 'team': 'khan-academy',
 'video': 's1DxS5JP2Ylk',
 'video_uri': 'https://amara.org/api/videos/s1DxS5JP2Ylk/',
 'work_completed': None,
 'work_status': 'needs-subtitler'}
Assigning subtitler danekhollas
Uploading new subtitles, complete=True

######################################

Title: Angelo, Commercial Airline Pilot Part 1 - What I do and how much I make YTID=BPZeDJevp_k
Subtitle revision 3 (Public Amara)
{'actions_uri': 'https://amara.org/api/videos/Yut2xbxMbqRL/languages/cs/subtitles/actions/',
 'approval_due_date': None,
 'approver': None,
 'completed': None,
 'created': '2020-06-16T18:46:49Z',
 'due_date': None,
 'evaluation_teams': [],
 'job_id': 'DMBPY79',
 'language': 'cs',
 'resource_uri': 'https://amara.org/api/teams/khan-academy/subtitle-requests/DMBPY79/',
 'review_due_date': None,
 'reviewer': None,
 'source_team': 'khan-academy',
 'status': 'in-progress',
 'subtitler': None,
 'subtitles_due_date': None,
 'subtitles_uri': 'https://amara.org/api/videos/Yut2xbxMbqRL/languages/cs/subtitles/',
 'team': 'khan-academy',
 'video': 'Yut2xbxMbqRL',
 'video_uri': 'https://amara.org/api/videos/Yut2xbxMbqRL/',
 'work_completed': None,
 'work_status': 'needs-subtitler'}
Assigning subtitler danekhollas
Uploading new subtitles, complete=True

######################################

Title: Angelo, Commercial Airline Pilot Part 2 - How I got my job and where I'm going YTID=aMKqqP3nhT0
Subtitle revision 2 (Public Amara)
{'actions_uri': 'https://amara.org/api/videos/s69tvuv5HtG8/languages/cs/subtitles/actions/',
 'approval_due_date': None,
 'approver': None,
 'completed': None,
 'created': '2020-06-16T18:47:05Z',
 'due_date': None,
 'evaluation_teams': [],
 'job_id': 'KGQZ9BR',
 'language': 'cs',
 'resource_uri': 'https://amara.org/api/teams/khan-academy/subtitle-requests/KGQZ9BR/',
 'review_due_date': None,
 'reviewer': None,
 'source_team': 'khan-academy',
 'status': 'in-progress',
 'subtitler': None,
 'subtitles_due_date': None,
 'subtitles_uri': 'https://amara.org/api/videos/s69tvuv5HtG8/languages/cs/subtitles/',
 'team': 'khan-academy',
 'video': 's69tvuv5HtG8',
 'video_uri': 'https://amara.org/api/videos/s69tvuv5HtG8/',
 'work_completed': None,
 'work_status': 'needs-subtitler'}
Assigning subtitler danekhollas
Uploading new subtitles, complete=True

######################################

Title: Angelo, Commercial Airline Pilot Part 3 - My budget and planning for the future YTID=ZSjaH6TlDo0
Subtitle revision 2 (Public Amara)
{'actions_uri': 'https://amara.org/api/videos/CjLzBD0SlJOs/languages/cs/subtitles/actions/',
 'approval_due_date': None,
 'approver': None,
 'completed': None,
 'created': '2020-06-16T18:47:04Z',
 'due_date': None,
 'evaluation_teams': [],
 'job_id': 'TXV56NH',
 'language': 'cs',
 'resource_uri': 'https://amara.org/api/teams/khan-academy/subtitle-requests/TXV56NH/',
 'review_due_date': None,
 'reviewer': None,
 'source_team': 'khan-academy',
 'status': 'in-progress',
 'subtitler': None,
 'subtitles_due_date': None,
 'subtitles_uri': 'https://amara.org/api/videos/CjLzBD0SlJOs/languages/cs/subtitles/',
 'team': 'khan-academy',
 'video': 'CjLzBD0SlJOs',
 'video_uri': 'https://amara.org/api/videos/CjLzBD0SlJOs/',
 'work_completed': None,
 'work_status': 'needs-subtitler'}
Assigning subtitler danekhollas
Uploading new subtitles, complete=True

######################################

Title: Yacht Captain | What I do & how much I make | Part 1 | Khan Academy YTID=KWOqXPoWaHE
Subtitle revision 2 (Public Amara)
{'actions_uri': 'https://amara.org/api/videos/1nGDIbgDGVmU/languages/cs/subtitles/actions/',
 'approval_due_date': None,
 'approver': None,
 'completed': None,
 'created': '2020-06-16T18:44:31Z',
 'due_date': None,
 'evaluation_teams': [],
 'job_id': 'XSCWBDE',
 'language': 'cs',
 'resource_uri': 'https://amara.org/api/teams/khan-academy/subtitle-requests/XSCWBDE/',
 'review_due_date': None,
 'reviewer': None,
 'source_team': 'khan-academy',
 'status': 'in-progress',
 'subtitler': None,
 'subtitles_due_date': None,
 'subtitles_uri': 'https://amara.org/api/videos/1nGDIbgDGVmU/languages/cs/subtitles/',
 'team': 'khan-academy',
 'video': '1nGDIbgDGVmU',
 'video_uri': 'https://amara.org/api/videos/1nGDIbgDGVmU/',
 'work_completed': None,
 'work_status': 'needs-subtitler'}
Assigning subtitler danekhollas
Uploading new subtitles, complete=True

######################################

Title: Yacht Captain | How I got my job & where I'm going | Part 2 | Khan Academy YTID=dOBP3mCA9sU
Subtitle revision 2 (Public Amara)
{'actions_uri': 'https://amara.org/api/videos/we17siNWt5LJ/languages/cs/subtitles/actions/',
 'approval_due_date': None,
 'approver': None,
 'completed': None,
 'created': '2020-06-16T18:44:30Z',
 'due_date': None,
 'evaluation_teams': [],
 'job_id': 'SOKYA5N',
 'language': 'cs',
 'resource_uri': 'https://amara.org/api/teams/khan-academy/subtitle-requests/SOKYA5N/',
 'review_due_date': None,
 'reviewer': None,
 'source_team': 'khan-academy',
 'status': 'in-progress',
 'subtitler': None,
 'subtitles_due_date': None,
 'subtitles_uri': 'https://amara.org/api/videos/we17siNWt5LJ/languages/cs/subtitles/',
 'team': 'khan-academy',
 'video': 'we17siNWt5LJ',
 'video_uri': 'https://amara.org/api/videos/we17siNWt5LJ/',
 'work_completed': None,
 'work_status': 'needs-subtitler'}
Assigning subtitler danekhollas
Uploading new subtitles, complete=True

######################################

Title: Yacht Captain | My budget & planning for the future | Part 3 | Khan Academy YTID=KsikHQbrPwA
Subtitle revision 2 (Public Amara)
{'actions_uri': 'https://amara.org/api/videos/moJRep1DnmmY/languages/cs/subtitles/actions/',
 'approval_due_date': None,
 'approver': None,
 'completed': None,
 'created': '2020-06-16T18:44:28Z',
 'due_date': None,
 'evaluation_teams': [],
 'job_id': 'PGD62BI',
 'language': 'cs',
 'resource_uri': 'https://amara.org/api/teams/khan-academy/subtitle-requests/PGD62BI/',
 'review_due_date': None,
 'reviewer': None,
 'source_team': 'khan-academy',
 'status': 'in-progress',
 'subtitler': None,
 'subtitles_due_date': None,
 'subtitles_uri': 'https://amara.org/api/videos/moJRep1DnmmY/languages/cs/subtitles/',
 'team': 'khan-academy',
 'video': 'moJRep1DnmmY',
 'video_uri': 'https://amara.org/api/videos/moJRep1DnmmY/',
 'work_completed': None,
 'work_status': 'needs-subtitler'}
Assigning subtitler danekhollas
Uploading new subtitles, complete=True

######################################

Title: Student story: Admissions essay about a past mistake YTID=4-LNrHGwtL0
Subtitle revision 1 (Public Amara)
Video not found, skipping..
ERROR: Video is not on Khan Academy Amara! YTID=4-LNrHGwtL0

######################################

Title: Student story: College offers exposure to diversity YTID=bYgL6ovZE64
Subtitle revision 1 (Public Amara)
Video not found, skipping..
ERROR: Video is not on Khan Academy Amara! YTID=bYgL6ovZE64

######################################

Title: Student story: College brings new friends, learning, and freedom YTID=P4s0bnrRm4M
Subtitle revision 1 (Public Amara)
Video not found, skipping..
ERROR: Video is not on Khan Academy Amara! YTID=P4s0bnrRm4M

######################################

Title: Student story: Extracurriculars that are self created YTID=aTX7DcwQE-k
Subtitle revision 1 (Public Amara)
Video not found, skipping..
ERROR: Video is not on Khan Academy Amara! YTID=aTX7DcwQE-k

######################################

Title: Student story: Extracurriculars that carry over from high school to college YTID=aCbyeNsc1Ck
Subtitle revision 1 (Public Amara)
Video not found, skipping..
ERROR: Video is not on Khan Academy Amara! YTID=aCbyeNsc1Ck

######################################

Title: Beth Schmidt 1 YTID=ghE1UnbIP4M
Subtitle revision 3 (Public Amara)
Subtitle revision 1 (Team Amara)
Video already has published subtitles, uploading new version...
[{'action': 'endorse', 'label': 'Update subtitles', 'complete': True}]
[{'action': 'endorse', 'label': 'Update subtitles', 'complete': True}]

######################################

Title: LaKeshia Grant, CEO & Founder of Virtual Enterprise Architects - 1 - Kauffman Foundation YTID=S4iQ46ISqRQ
Subtitle revision 2 (Public Amara)
Subtitle revision 1 (Team Amara)
Video already has published subtitles, uploading new version...
[{'action': 'endorse', 'label': 'Update subtitles', 'complete': True}]
[{'action': 'endorse', 'label': 'Update subtitles', 'complete': True}]

######################################

Title: Khan Academy and Code.org | What Makes a Computer, a Computer? YTID=xfKn5OjHLqQ
Subtitle revision 5 (Public Amara)
Subtitle revision 1 (Team Amara)
Video already has published subtitles, uploading new version...
[{'action': 'endorse', 'label': 'Update subtitles', 'complete': True}]
[{'action': 'endorse', 'label': 'Update subtitles', 'complete': True}]

######################################

Title: Expensing a Truck leads to inconsistent performance YTID=0E3PuHiDU9U
Subtitle revision 4 (Public Amara)
{'actions_uri': 'https://amara.org/api/videos/Ig3aC0egkKS7/languages/cs/subtitles/actions/',
 'approval_due_date': None,
 'approver': None,
 'completed': None,
 'created': '2020-08-05T12:46:05Z',
 'due_date': None,
 'evaluation_teams': [],
 'job_id': 'QCPX8BD',
 'language': 'cs',
 'resource_uri': 'https://amara.org/api/teams/khan-academy/subtitle-requests/QCPX8BD/',
 'review_due_date': None,
 'reviewer': None,
 'source_team': 'khan-academy',
 'status': 'in-progress',
 'subtitler': None,
 'subtitles_due_date': None,
 'subtitles_uri': 'https://amara.org/api/videos/Ig3aC0egkKS7/languages/cs/subtitles/',
 'team': 'khan-academy',
 'video': 'Ig3aC0egkKS7',
 'video_uri': 'https://amara.org/api/videos/Ig3aC0egkKS7/',
 'work_completed': None,
 'work_status': 'needs-subtitler'}
Assigning subtitler danekhollas
Uploading new subtitles, complete=True

######################################

Title: Brexit and European Union primer YTID=gbIgkcIfg0E
Subtitle revision 1 (Public Amara)
{'actions_uri': 'https://amara.org/api/videos/FYE4Wxyil86Y/languages/cs/subtitles/actions/',
 'approval_due_date': None,
 'approver': None,
 'completed': None,
 'created': '2020-07-06T19:00:56Z',
 'due_date': None,
 'evaluation_teams': [],
 'job_id': 'OG8WYLP',
 'language': 'cs',
 'resource_uri': 'https://amara.org/api/teams/khan-academy/subtitle-requests/OG8WYLP/',
 'review_due_date': None,
 'reviewer': None,
 'source_team': 'khan-academy',
 'status': 'in-progress',
 'subtitler': None,
 'subtitles_due_date': None,
 'subtitles_uri': 'https://amara.org/api/videos/FYE4Wxyil86Y/languages/cs/subtitles/',
 'team': 'khan-academy',
 'video': 'FYE4Wxyil86Y',
 'video_uri': 'https://amara.org/api/videos/FYE4Wxyil86Y/',
 'work_completed': None,
 'work_status': 'needs-subtitler'}
Assigning subtitler danekhollas
Uploading new subtitles, complete=True
ERROR for video https://amara.org/api/videos/pTFU7dpO3AlJ/languages/cs/subtitles/

<Response [400]>

######################################

Title: Introduction to Mortgage Loans YTID=y-1Gh4ewklY
Subtitle revision 1 (Public Amara)
Subtitle revision 1 (Team Amara)
Video already has published subtitles, uploading new version...
[{'action': 'endorse', 'label': 'Update subtitles', 'complete': True}]
Using Amara username danekhollas
Using Amara username dhbot

######################################

Title: Mortgage-backed securities II YTID=eYBlfxGIk28
Subtitle revision 2 (Public Amara)
Subtitle revision 1 (Team Amara)
Video already has published subtitles, uploading new version...
[{'action': 'endorse', 'label': 'Update subtitles', 'complete': True}]
[{'action': 'endorse', 'label': 'Update subtitles', 'complete': True}]

######################################

Title: Tax brackets and progressive taxation YTID=AhgR3X--bbY
Subtitle revision 5 (Public Amara)
{'actions_uri': 'https://amara.org/api/videos/nCmdmSDns88h/languages/cs/subtitles/actions/',
 'approval_due_date': None,
 'approver': None,
 'completed': None,
 'created': '2020-07-13T16:10:06Z',
 'due_date': None,
 'evaluation_teams': [],
 'job_id': 'OEWRZPJ',
 'language': 'cs',
 'resource_uri': 'https://amara.org/api/teams/khan-academy/subtitle-requests/OEWRZPJ/',
 'review_due_date': None,
 'reviewer': None,
 'source_team': 'khan-academy',
 'status': 'in-progress',
 'subtitler': None,
 'subtitles_due_date': None,
 'subtitles_uri': 'https://amara.org/api/videos/nCmdmSDns88h/languages/cs/subtitles/',
 'team': 'khan-academy',
 'video': 'nCmdmSDns88h',
 'video_uri': 'https://amara.org/api/videos/nCmdmSDns88h/',
 'work_completed': None,
 'work_status': 'needs-subtitler'}
Assigning subtitler danekhollas
Uploading new subtitles, complete=True

######################################

Title: Optimal Potatoes YTID=F5RyVWI4Onk
Subtitle revision 7 (Public Amara)
Video not found, skipping..
ERROR: Video is not on Khan Academy Amara! YTID=F5RyVWI4Onk

######################################

Title: In class practice | Khan Academy teacher training 2018 YTID=K5DtkUlxugY
Subtitle revision 7 (Public Amara)
Video not found, skipping..
ERROR: Video is not on Khan Academy Amara! YTID=K5DtkUlxugY

######################################

Title: Homework | Khan Academy teacher training 2018 YTID=ph64kEA6D4c
Subtitle revision 7 (Public Amara)
Video not found, skipping..
ERROR: Video is not on Khan Academy Amara! YTID=ph64kEA6D4c

######################################

Title: Ant Bot 1.0 YTID=ksMisCPSs5g
Subtitle revision 4 (Public Amara)
Subtitle revision 1 (Team Amara)
Video already has published subtitles, uploading new version...
[{'action': 'endorse', 'label': 'Update subtitles', 'complete': True}]
[{'action': 'endorse', 'label': 'Update subtitles', 'complete': True}]

######################################

Title: Lego NXT: coin detector YTID=OxaG0VxaVXw
Subtitle revision 1 (Public Amara)
{'actions_uri': 'https://amara.org/api/videos/6ntTsKy7MzQ4/languages/cs/subtitles/actions/',
 'approval_due_date': None,
 'approver': None,
 'completed': None,
 'created': '2020-06-16T18:51:09Z',
 'due_date': None,
 'evaluation_teams': [],
 'job_id': 'U1ITD3L',
 'language': 'cs',
 'resource_uri': 'https://amara.org/api/teams/khan-academy/subtitle-requests/U1ITD3L/',
 'review_due_date': None,
 'reviewer': None,
 'source_team': 'khan-academy',
 'status': 'in-progress',
 'subtitler': None,
 'subtitles_due_date': None,
 'subtitles_uri': 'https://amara.org/api/videos/6ntTsKy7MzQ4/languages/cs/subtitles/',
 'team': 'khan-academy',
 'video': '6ntTsKy7MzQ4',
 'video_uri': 'https://amara.org/api/videos/6ntTsKy7MzQ4/',
 'work_completed': None,
 'work_status': 'needs-subtitler'}
Assigning subtitler danekhollas
Uploading new subtitles, complete=True

######################################

Title: Lego Robots. Anything is possible! YTID=McH0dsTOg2E
Subtitle revision 1 (Public Amara)
{'actions_uri': 'https://amara.org/api/videos/YC19MhK3Hley/languages/cs/subtitles/actions/',
 'approval_due_date': None,
 'approver': None,
 'completed': None,
 'created': '2020-06-26T12:12:34Z',
 'due_date': None,
 'evaluation_teams': [],
 'job_id': 'SUXKNO6',
 'language': 'cs',
 'resource_uri': 'https://amara.org/api/teams/khan-academy/subtitle-requests/SUXKNO6/',
 'review_due_date': None,
 'reviewer': None,
 'source_team': 'khan-academy',
 'status': 'in-progress',
 'subtitler': None,
 'subtitles_due_date': None,
 'subtitles_uri': 'https://amara.org/api/videos/YC19MhK3Hley/languages/cs/subtitles/',
 'team': 'khan-academy',
 'video': 'YC19MhK3Hley',
 'video_uri': 'https://amara.org/api/videos/YC19MhK3Hley/',
 'work_completed': None,
 'work_status': 'needs-subtitler'}
Assigning subtitler danekhollas
Uploading new subtitles, complete=True

######################################

Title: Fourier Series introduction YTID=UKHBWzoOKsY
Subtitle revision 2 (Public Amara)
{'actions_uri': 'https://amara.org/api/videos/m7yUkwrdDpR9/languages/cs/subtitles/actions/',
 'approval_due_date': None,
 'approver': None,
 'completed': None,
 'created': '2020-07-06T19:02:53Z',
 'due_date': None,
 'evaluation_teams': [],
 'job_id': '23IQ5L6',
 'language': 'cs',
 'resource_uri': 'https://amara.org/api/teams/khan-academy/subtitle-requests/23IQ5L6/',
 'review_due_date': None,
 'reviewer': None,
 'source_team': 'khan-academy',
 'status': 'in-progress',
 'subtitler': None,
 'subtitles_due_date': None,
 'subtitles_uri': 'https://amara.org/api/videos/m7yUkwrdDpR9/languages/cs/subtitles/',
 'team': 'khan-academy',
 'video': 'm7yUkwrdDpR9',
 'video_uri': 'https://amara.org/api/videos/m7yUkwrdDpR9/',
 'work_completed': None,
 'work_status': 'needs-subtitler'}
Assigning subtitler danekhollas
Uploading new subtitles, complete=True

######################################

Title: Proprioception vs. Kinesthesia YTID=yKfpBGicqNQ
Subtitle revision 8 (Public Amara)
{'actions_uri': 'https://amara.org/api/videos/21PQURNXq9pj/languages/cs/subtitles/actions/',
 'approval_due_date': None,
 'approver': None,
 'completed': None,
 'created': '2020-06-26T12:13:03Z',
 'due_date': None,
 'evaluation_teams': [],
 'job_id': '2V8K0TM',
 'language': 'cs',
 'resource_uri': 'https://amara.org/api/teams/khan-academy/subtitle-requests/2V8K0TM/',
 'review_due_date': None,
 'reviewer': None,
 'source_team': 'khan-academy',
 'status': 'in-progress',
 'subtitler': None,
 'subtitles_due_date': None,
 'subtitles_uri': 'https://amara.org/api/videos/21PQURNXq9pj/languages/cs/subtitles/',
 'team': 'khan-academy',
 'video': '21PQURNXq9pj',
 'video_uri': 'https://amara.org/api/videos/21PQURNXq9pj/',
 'work_completed': None,
 'work_status': 'needs-subtitler'}
Assigning subtitler danekhollas
Uploading new subtitles, complete=True

######################################

Title: What is gluten? YTID=25mxf_xUqDQ
Subtitle revision 1 (Public Amara)
{'actions_uri': 'https://amara.org/api/videos/LG5lnq4IwOCo/languages/cs/subtitles/actions/',
 'approval_due_date': None,
 'approver': None,
 'completed': None,
 'created': '2020-06-16T18:48:52Z',
 'due_date': None,
 'evaluation_teams': [],
 'job_id': '0NAJOWZ',
 'language': 'cs',
 'resource_uri': 'https://amara.org/api/teams/khan-academy/subtitle-requests/0NAJOWZ/',
 'review_due_date': None,
 'reviewer': None,
 'source_team': 'khan-academy',
 'status': 'in-progress',
 'subtitler': None,
 'subtitles_due_date': None,
 'subtitles_uri': 'https://amara.org/api/videos/LG5lnq4IwOCo/languages/cs/subtitles/',
 'team': 'khan-academy',
 'video': 'LG5lnq4IwOCo',
 'video_uri': 'https://amara.org/api/videos/LG5lnq4IwOCo/',
 'work_completed': None,
 'work_status': 'needs-subtitler'}
Assigning subtitler danekhollas
Uploading new subtitles, complete=True

######################################

Title: Clotting 1 - How do we make blood clots? YTID=RQpBj8ebbNY
Subtitle revision 4 (Public Amara)
{'actions_uri': 'https://amara.org/api/videos/oSoLhCYSBmUJ/languages/cs/subtitles/actions/',
 'approval_due_date': None,
 'approver': None,
 'completed': None,
 'created': '2020-06-16T18:58:32Z',
 'due_date': None,
 'evaluation_teams': [],
 'job_id': 'CX3DN28',
 'language': 'cs',
 'resource_uri': 'https://amara.org/api/teams/khan-academy/subtitle-requests/CX3DN28/',
 'review_due_date': None,
 'reviewer': None,
 'source_team': 'khan-academy',
 'status': 'in-progress',
 'subtitler': None,
 'subtitles_due_date': None,
 'subtitles_uri': 'https://amara.org/api/videos/oSoLhCYSBmUJ/languages/cs/subtitles/',
 'team': 'khan-academy',
 'video': 'oSoLhCYSBmUJ',
 'video_uri': 'https://amara.org/api/videos/oSoLhCYSBmUJ/',
 'work_completed': None,
 'work_status': 'needs-subtitler'}
Assigning subtitler danekhollas
Uploading new subtitles, complete=True

######################################

Title: Neuromuscular junction, motor end-plate YTID=lRJd56BCidg
Subtitle revision 5 (Public Amara)
{'actions_uri': 'https://amara.org/api/videos/o7u5Vz1b2hxP/languages/cs/subtitles/actions/',
 'approval_due_date': None,
 'approver': None,
 'completed': None,
 'created': '2020-06-26T12:13:13Z',
 'due_date': None,
 'evaluation_teams': [],
 'job_id': 'V60CMJX',
 'language': 'cs',
 'resource_uri': 'https://amara.org/api/teams/khan-academy/subtitle-requests/V60CMJX/',
 'review_due_date': None,
 'reviewer': None,
 'source_team': 'khan-academy',
 'status': 'in-progress',
 'subtitler': None,
 'subtitles_due_date': None,
 'subtitles_uri': 'https://amara.org/api/videos/o7u5Vz1b2hxP/languages/cs/subtitles/',
 'team': 'khan-academy',
 'video': 'o7u5Vz1b2hxP',
 'video_uri': 'https://amara.org/api/videos/o7u5Vz1b2hxP/',
 'work_completed': None,
 'work_status': 'needs-subtitler'}
Assigning subtitler danekhollas
Uploading new subtitles, complete=True

######################################

Title: Thermoregulation by muscles YTID=HfXqyPS5bRo
Subtitle revision 6 (Public Amara)
{'actions_uri': 'https://amara.org/api/videos/s0WMuDBTI48J/languages/cs/subtitles/actions/',
 'approval_due_date': None,
 'approver': None,
 'completed': None,
 'created': '2020-08-07T22:46:13Z',
 'due_date': None,
 'evaluation_teams': [],
 'job_id': 'I8PJ4XK',
 'language': 'cs',
 'resource_uri': 'https://amara.org/api/teams/khan-academy/subtitle-requests/I8PJ4XK/',
 'review_due_date': None,
 'reviewer': None,
 'source_team': 'khan-academy',
 'status': 'in-progress',
 'subtitler': None,
 'subtitles_due_date': None,
 'subtitles_uri': 'https://amara.org/api/videos/s0WMuDBTI48J/languages/cs/subtitles/',
 'team': 'khan-academy',
 'video': 's0WMuDBTI48J',
 'video_uri': 'https://amara.org/api/videos/s0WMuDBTI48J/',
 'work_completed': None,
 'work_status': 'needs-subtitler'}
Assigning subtitler danekhollas
Uploading new subtitles, complete=True

######################################

Title: What are warts YTID=QN231qRvkr0
Subtitle revision 6 (Public Amara)
{'actions_uri': 'https://amara.org/api/videos/thrRcS1ocJ9p/languages/cs/subtitles/actions/',
 'approval_due_date': None,
 'approver': None,
 'completed': None,
 'created': '2020-06-16T18:50:59Z',
 'due_date': None,
 'evaluation_teams': [],
 'job_id': 'AFQUJ5D',
 'language': 'cs',
 'resource_uri': 'https://amara.org/api/teams/khan-academy/subtitle-requests/AFQUJ5D/',
 'review_due_date': None,
 'reviewer': None,
 'source_team': 'khan-academy',
 'status': 'in-progress',
 'subtitler': None,
 'subtitles_due_date': None,
 'subtitles_uri': 'https://amara.org/api/videos/thrRcS1ocJ9p/languages/cs/subtitles/',
 'team': 'khan-academy',
 'video': 'thrRcS1ocJ9p',
 'video_uri': 'https://amara.org/api/videos/thrRcS1ocJ9p/',
 'work_completed': None,
 'work_status': 'needs-subtitler'}
Assigning subtitler danekhollas
Uploading new subtitles, complete=True

######################################

Title: What is congenital syphilis? YTID=h7-OynSK2x0
Subtitle revision 1 (Public Amara)
{'actions_uri': 'https://amara.org/api/videos/DZB8eerBbcr4/languages/cs/subtitles/actions/',
 'approval_due_date': None,
 'approver': None,
 'completed': None,
 'created': '2020-06-16T18:51:48Z',
 'due_date': None,
 'evaluation_teams': [],
 'job_id': 'C1X9W72',
 'language': 'cs',
 'resource_uri': 'https://amara.org/api/teams/khan-academy/subtitle-requests/C1X9W72/',
 'review_due_date': None,
 'reviewer': None,
 'source_team': 'khan-academy',
 'status': 'in-progress',
 'subtitler': None,
 'subtitles_due_date': None,
 'subtitles_uri': 'https://amara.org/api/videos/DZB8eerBbcr4/languages/cs/subtitles/',
 'team': 'khan-academy',
 'video': 'DZB8eerBbcr4',
 'video_uri': 'https://amara.org/api/videos/DZB8eerBbcr4/',
 'work_completed': None,
 'work_status': 'needs-subtitler'}
Assigning subtitler danekhollas
Uploading new subtitles, complete=True

######################################

Title: Post traumatic stress disorder YTID=Q0meIMQJ73I
Subtitle revision 2 (Public Amara)
{'actions_uri': 'https://amara.org/api/videos/sh8HVYzIFA1f/languages/cs/subtitles/actions/',
 'approval_due_date': None,
 'approver': None,
 'completed': None,
 'created': '2020-06-16T18:49:49Z',
 'due_date': None,
 'evaluation_teams': [],
 'job_id': '6DBTZ8P',
 'language': 'cs',
 'resource_uri': 'https://amara.org/api/teams/khan-academy/subtitle-requests/6DBTZ8P/',
 'review_due_date': None,
 'reviewer': None,
 'source_team': 'khan-academy',
 'status': 'in-progress',
 'subtitler': None,
 'subtitles_due_date': None,
 'subtitles_uri': 'https://amara.org/api/videos/sh8HVYzIFA1f/languages/cs/subtitles/',
 'team': 'khan-academy',
 'video': 'sh8HVYzIFA1f',
 'video_uri': 'https://amara.org/api/videos/sh8HVYzIFA1f/',
 'work_completed': None,
 'work_status': 'needs-subtitler'}
Assigning subtitler danekhollas
Uploading new subtitles, complete=True

######################################

Title: What is Tourette's? YTID=cNaonU-UFcY
Subtitle revision 2 (Public Amara)
{'actions_uri': 'https://amara.org/api/videos/ZIe2rivbPoRd/languages/cs/subtitles/actions/',
 'approval_due_date': None,
 'approver': None,
 'completed': None,
 'created': '2020-06-16T18:48:54Z',
 'due_date': None,
 'evaluation_teams': [],
 'job_id': 'K0RZ6VB',
 'language': 'cs',
 'resource_uri': 'https://amara.org/api/teams/khan-academy/subtitle-requests/K0RZ6VB/',
 'review_due_date': None,
 'reviewer': None,
 'source_team': 'khan-academy',
 'status': 'in-progress',
 'subtitler': None,
 'subtitles_due_date': None,
 'subtitles_uri': 'https://amara.org/api/videos/ZIe2rivbPoRd/languages/cs/subtitles/',
 'team': 'khan-academy',
 'video': 'ZIe2rivbPoRd',
 'video_uri': 'https://amara.org/api/videos/ZIe2rivbPoRd/',
 'work_completed': None,
 'work_status': 'needs-subtitler'}
Assigning subtitler danekhollas
Uploading new subtitles, complete=True

######################################

Title: A Conversation with Eric Schmidt and Jonathan Rosenberg YTID=VFBXT9D00kM
Subtitle revision 8 (Public Amara)
Subtitle revision 1 (Team Amara)
Video already has published subtitles, uploading new version...
[{'action': 'endorse', 'label': 'Update subtitles', 'complete': True}]
[{'action': 'endorse', 'label': 'Update subtitles', 'complete': True}]
Error for video https://amara.org/api/videos/
429 Client Error: Too Many Requests for url: https://amara.org/api/videos/?video_url=https%3A%2F%2Fwww.youtube.com%2Fwatch%3Fv%3DvDwzmJpI4io
Response: <Response [429]>
Using Amara username danekhollas
Using Amara username dhbot

######################################

Title: A Conversation with Eric Schmidt and Jonathan Rosenberg YTID=VFBXT9D00kM
Subtitle revision 8 (Public Amara)
Subtitle revision 2 (Team Amara)
Video already has published subtitles, uploading new version...
[{'action': 'endorse', 'label': 'Update subtitles', 'complete': True}]
[{'action': 'endorse', 'label': 'Update subtitles', 'complete': True}]

######################################

Title: A Conversation with Elon Musk YTID=vDwzmJpI4io
Subtitle revision 13 (Public Amara)
Subtitle revision 1 (Team Amara)
Video already has published subtitles, uploading new version...
[{'action': 'endorse', 'label': 'Update subtitles', 'complete': True}]
[{'action': 'endorse', 'label': 'Update subtitles', 'complete': True}]

######################################

Title: Classification of Amino Acids YTID=OPAvXQsPCqQ
Subtitle revision 3 (Public Amara)
{'actions_uri': 'https://amara.org/api/videos/OFhXECbWBPph/languages/cs/subtitles/actions/',
 'approval_due_date': None,
 'approver': None,
 'completed': None,
 'created': '2020-08-07T22:46:58Z',
 'due_date': None,
 'evaluation_teams': [],
 'job_id': 'YX9VSZH',
 'language': 'cs',
 'resource_uri': 'https://amara.org/api/teams/khan-academy/subtitle-requests/YX9VSZH/',
 'review_due_date': None,
 'reviewer': None,
 'source_team': 'khan-academy',
 'status': 'in-progress',
 'subtitler': None,
 'subtitles_due_date': None,
 'subtitles_uri': 'https://amara.org/api/videos/OFhXECbWBPph/languages/cs/subtitles/',
 'team': 'khan-academy',
 'video': 'OFhXECbWBPph',
 'video_uri': 'https://amara.org/api/videos/OFhXECbWBPph/',
 'work_completed': None,
 'work_status': 'needs-subtitler'}
Assigning subtitler danekhollas
Uploading new subtitles, complete=True

######################################

Title: Evolution and Natural Selection YTID=Me_041nrRZk
Subtitle revision 5 (Public Amara)
Subtitle revision 1 (Team Amara)
Video already has published subtitles, uploading new version...
[{'action': 'endorse', 'label': 'Update subtitles', 'complete': True}]
[{'action': 'endorse', 'label': 'Update subtitles', 'complete': True}]

######################################

Title: ATP hydrolysis mechanism YTID=M-aktLHDZEA
Subtitle revision 2 (Public Amara)
Subtitle revision 1 (Team Amara)
Video already has published subtitles, uploading new version...
[{'action': 'endorse', 'label': 'Update subtitles', 'complete': True}]
[{'action': 'endorse', 'label': 'Update subtitles', 'complete': True}]

######################################

Title: Autoionization of water YTID=Xwf3ZsGYzCU
Subtitle revision 2 (Public Amara)
Subtitle revision 1 (Team Amara)
Video already has published subtitles, uploading new version...
[{'action': 'endorse', 'label': 'Update subtitles', 'complete': True}]
[{'action': 'endorse', 'label': 'Update subtitles', 'complete': True}]

######################################

Title: Wave Interference YTID=blur0MemUQA
Subtitle revision 9 (Public Amara)
Subtitle revision 1 (Team Amara)
Video already has published subtitles, uploading new version...
[{'action': 'endorse', 'label': 'Update subtitles', 'complete': True}]
[{'action': 'endorse', 'label': 'Update subtitles', 'complete': True}]
