Using Amara username danekhollas
Using Amara username dhbot

######################################

Title: AB EX NY: Art Terms in Action: Paint YTID=R2cCoswXvZA
Subtitle revision 1 (Public Amara)
Using Amara username danekhollas
Using Amara username dhbot

######################################

Title: Pressure + Ink: Introduction to Lithography YTID=G-PFEbQ5UGc
Subtitle revision 7 (Public Amara)
Using Amara username danekhollas
Using Amara username dhbot

######################################

Title: Zaha Hadid, MAXXI National Museum of XXI Century Arts, Rome YTID=Kv3feYibIUk
Subtitle revision 3 (Public Amara)
Subtitle revision 1 (Team Amara)
Video already has published subtitles, uploading new version...
[{'action': 'endorse', 'label': 'Update subtitles', 'complete': True}]
[{'action': 'endorse', 'label': 'Update subtitles', 'complete': True}]

######################################

Title: AB EX NY: The Painting Techniques of Mark Rothko: No. 16 (Red, Brown, and Black) YTID=vSiu8qzHV6c
Subtitle revision 1 (Public Amara)
Using Amara username danekhollas
Using Amara username dhbot

######################################

Title: Making Manuscripts YTID=nuNfdHNTv9o
Subtitle revision 38 (Public Amara)
Using Amara username danekhollas
Using Amara username dhbot

######################################

Title: The Stupa YTID=NJsLHcL3Bvs
Subtitle revision 2 (Public Amara)
Using Amara username danekhollas
Using Amara username dhbot

######################################

Title: The Athenian Agora and the experiment in democracy YTID=TYXCcTchLnI
Subtitle revision 9 (Public Amara)
Subtitle revision 1 (Team Amara)
Video already has published subtitles, uploading new version...
[{'action': 'endorse', 'label': 'Update subtitles', 'complete': True}]
[{'action': 'endorse', 'label': 'Update subtitles', 'complete': True}]

######################################

Title: Tempera Paint YTID=YqTbqKCiYJw
Subtitle revision 16 (Public Amara)
Subtitle revision 1 (Team Amara)
Video already has published subtitles, uploading new version...
[{'action': 'endorse', 'label': 'Update subtitles', 'complete': True}]
[{'action': 'endorse', 'label': 'Update subtitles', 'complete': True}]

######################################

Title: A brief history of the representation of the body in Western sculpture YTID=4eNX_xFt-sU
Subtitle revision 7 (Public Amara)
Subtitle revision 1 (Team Amara)
Video already has published subtitles, uploading new version...
[{'action': 'endorse', 'label': 'Update subtitles', 'complete': True}]
[{'action': 'endorse', 'label': 'Update subtitles', 'complete': True}]

######################################

Title: A brief history of the representation of the body in Western painting YTID=0WxPx3_ZSBI
Subtitle revision 10 (Public Amara)
Subtitle revision 1 (Team Amara)
Video already has published subtitles, uploading new version...
[{'action': 'endorse', 'label': 'Update subtitles', 'complete': True}]
[{'action': 'endorse', 'label': 'Update subtitles', 'complete': True}]

######################################

Title: Angkor Temple Mountains YTID=fPc20_vtlaM
Subtitle revision 8 (Public Amara)
Using Amara username danekhollas
Using Amara username dhbot

######################################

Title: Tempera Paint YTID=YqTbqKCiYJw
Subtitle revision 16 (Public Amara)
Using Amara username danekhollas
Using Amara username dhbot

######################################

Title: Etruscan Necropolises of Cerveteri and Tarquinia (UNESCO/NHK) YTID=YheIckLuV7c
Subtitle revision 13 (Public Amara)
Using Amara username danekhollas
Using Amara username dhbot

######################################

Title: Making a Spanish Polychrome Sculpture YTID=9Wb-T1F033Q
Subtitle revision 3 (Public Amara)
Using Amara username danekhollas
Using Amara username dhbot

######################################

Title: Ai Weiwei: Sunflower seeds YTID=PueYywpkJW8
Subtitle revision 1 (Public Amara)
Using Amara username danekhollas
Using Amara username dhbot

######################################

Title: LaunchPad: Ancient and Byzantine Mosaic Materials YTID=zPjbiP66-6M
Subtitle revision 2 (Public Amara)
Using Amara username danekhollas
Using Amara username dhbot

######################################

Title: Is there a difference between art and craft? - Laura Morelli YTID=tVdw60eCnJI
Subtitle revision 1 (Public Amara)
Using Amara username danekhollas
Using Amara username dhbot

######################################

Title: Michelangelo, Sistine Chapel ceiling, 1508-12 (Vatican) YTID=PEE3B8Fsuc0
Subtitle revision 8 (Public Amara)
Subtitle revision 1 (Team Amara)
Video already has published subtitles, uploading new version...
[{'action': 'endorse', 'label': 'Update subtitles', 'complete': True}]
[{'action': 'endorse', 'label': 'Update subtitles', 'complete': True}]

######################################

Title: Stonehenge, Avebury and Associated Sites (UNESCO/NHK) YTID=h0J_RnRILJ0
Subtitle revision 15 (Public Amara)
Using Amara username danekhollas
Using Amara username dhbot

######################################

Title: Thomas Cole, The Oxbow, 1836 YTID=RQ0855yB2ZM
Subtitle revision 8 (Public Amara)
Subtitle revision 1 (Team Amara)
Video already has published subtitles, uploading new version...
[{'action': 'endorse', 'label': 'Update subtitles', 'complete': True}]
[{'action': 'endorse', 'label': 'Update subtitles', 'complete': True}]

######################################

Title: Hagia Sophia as a mosque YTID=r6383ZDXB0Q
Subtitle revision 6 (Public Amara)
Subtitle revision 1 (Team Amara)
Video already has published subtitles, uploading new version...
[{'action': 'endorse', 'label': 'Update subtitles', 'complete': True}]
[{'action': 'endorse', 'label': 'Update subtitles', 'complete': True}]

######################################

Title: Alberti, Palazzo Rucellai YTID=MHuUBkyF8KI
Subtitle revision 4 (Public Amara)
Subtitle revision 1 (Team Amara)
Video already has published subtitles, uploading new version...
[{'action': 'endorse', 'label': 'Update subtitles', 'complete': True}]
[{'action': 'endorse', 'label': 'Update subtitles', 'complete': True}]

######################################

Title: Virgin of Guadalupe, late 17th century YTID=imkOrmHtSJ0
Subtitle revision 2 (Public Amara)
Subtitle revision 1 (Team Amara)
Video already has published subtitles, uploading new version...
[{'action': 'endorse', 'label': 'Update subtitles', 'complete': True}]
Using Amara username danekhollas
Using Amara username dhbot

######################################

Title: Jade Cong YTID=ld8kHvz1yN4
Subtitle revision 10 (Public Amara)
Subtitle revision 1 (Team Amara)
Video already has published subtitles, uploading new version...
[{'action': 'endorse', 'label': 'Update subtitles', 'complete': True}]
[{'action': 'endorse', 'label': 'Update subtitles', 'complete': True}]

######################################

Title: Hajj exhibition - stories of the modern pilgrimage YTID=r5l5Cwge7yk
Subtitle revision 3 (Public Amara)
Using Amara username danekhollas
Using Amara username dhbot

######################################

Title: Henri Matisse: Conserving The Swimming Pool YTID=-rke7RmxwfY
Subtitle revision 18 (Public Amara)
Using Amara username danekhollas
Using Amara username dhbot

######################################

Title: TICE ART 1010 Nineteenth Century Art YTID=XdYgyO0RmFI
Subtitle revision 11 (Public Amara)
Using Amara username danekhollas
Using Amara username dhbot

######################################

Title: The Forbidden City YTID=tPfYrmcfvYE
Subtitle revision 5 (Public Amara)
Video not found, skipping..

######################################

Title: Michelangelo, Last Judgment, Sistine Chapel YTID=c2MuTvQM61Y
Subtitle revision 10 (Public Amara)
{'actions_uri': 'https://amara.org/api/videos/wdvXKCoKu5qS/languages/cs/subtitles/actions/',
 'approval_due_date': None,
 'approver': None,
 'completed': None,
 'created': '2020-06-16T19:05:13Z',
 'due_date': None,
 'evaluation_teams': [],
 'job_id': 'WHA2VCU',
 'language': 'cs',
 'resource_uri': 'https://amara.org/api/teams/khan-academy/subtitle-requests/WHA2VCU/',
 'review_due_date': None,
 'reviewer': None,
 'source_team': 'khan-academy',
 'status': 'in-progress',
 'subtitler': None,
 'subtitles_due_date': None,
 'subtitles_uri': 'https://amara.org/api/videos/wdvXKCoKu5qS/languages/cs/subtitles/',
 'team': 'khan-academy',
 'video': 'wdvXKCoKu5qS',
 'video_uri': 'https://amara.org/api/videos/wdvXKCoKu5qS/',
 'work_completed': None,
 'work_status': 'needs-subtitler'}
Assigning subtitler danekhollas
Uploading new subtitles, complete=True

######################################

Title: Olmec mask YTID=D9uJxXnDTU8
Subtitle revision 1 (Public Amara)
{'actions_uri': 'https://amara.org/api/videos/z2ec0UPGv5Rv/languages/cs/subtitles/actions/',
 'approval_due_date': None,
 'approver': None,
 'completed': None,
 'created': '2020-06-16T19:05:11Z',
 'due_date': None,
 'evaluation_teams': [],
 'job_id': 'MHZ45YL',
 'language': 'cs',
 'resource_uri': 'https://amara.org/api/teams/khan-academy/subtitle-requests/MHZ45YL/',
 'review_due_date': None,
 'reviewer': None,
 'source_team': 'khan-academy',
 'status': 'in-progress',
 'subtitler': None,
 'subtitles_due_date': None,
 'subtitles_uri': 'https://amara.org/api/videos/z2ec0UPGv5Rv/languages/cs/subtitles/',
 'team': 'khan-academy',
 'video': 'z2ec0UPGv5Rv',
 'video_uri': 'https://amara.org/api/videos/z2ec0UPGv5Rv/',
 'work_completed': None,
 'work_status': 'needs-subtitler'}
Assigning subtitler danekhollas
Uploading new subtitles, complete=True

######################################

Title: Mortuary Temple of Hatshepsut and Large Kneeling Statue, New Kingdom, Egypt YTID=pZOUV_rTyj0
Subtitle revision 3 (Public Amara)
{'actions_uri': 'https://amara.org/api/videos/QuT33SSvTXvj/languages/cs/subtitles/actions/',
 'approval_due_date': None,
 'approver': None,
 'completed': None,
 'created': '2020-06-16T19:04:47Z',
 'due_date': None,
 'evaluation_teams': [],
 'job_id': 'BOK24PE',
 'language': 'cs',
 'resource_uri': 'https://amara.org/api/teams/khan-academy/subtitle-requests/BOK24PE/',
 'review_due_date': None,
 'reviewer': None,
 'source_team': 'khan-academy',
 'status': 'in-progress',
 'subtitler': None,
 'subtitles_due_date': None,
 'subtitles_uri': 'https://amara.org/api/videos/QuT33SSvTXvj/languages/cs/subtitles/',
 'team': 'khan-academy',
 'video': 'QuT33SSvTXvj',
 'video_uri': 'https://amara.org/api/videos/QuT33SSvTXvj/',
 'work_completed': None,
 'work_status': 'needs-subtitler'}
Assigning subtitler danekhollas
Uploading new subtitles, complete=True
Using Amara username danekhollas
Using Amara username dhbot

######################################

Title: Feathered headdress (Aztec) YTID=Q_Lp76ZkDE0
Subtitle revision 1 (Public Amara)
{'actions_uri': 'https://amara.org/api/videos/aK6aJRxGjULw/languages/cs/subtitles/actions/',
 'approval_due_date': None,
 'approver': None,
 'completed': None,
 'created': '2020-06-16T19:05:07Z',
 'due_date': None,
 'evaluation_teams': [],
 'job_id': 'ME9CWSG',
 'language': 'cs',
 'resource_uri': 'https://amara.org/api/teams/khan-academy/subtitle-requests/ME9CWSG/',
 'review_due_date': None,
 'reviewer': None,
 'source_team': 'khan-academy',
 'status': 'in-progress',
 'subtitler': None,
 'subtitles_due_date': None,
 'subtitles_uri': 'https://amara.org/api/videos/aK6aJRxGjULw/languages/cs/subtitles/',
 'team': 'khan-academy',
 'video': 'aK6aJRxGjULw',
 'video_uri': 'https://amara.org/api/videos/aK6aJRxGjULw/',
 'work_completed': None,
 'work_status': 'needs-subtitler'}
Assigning subtitler danekhollas
Uploading new subtitles, complete=True

######################################

Title: Working Jade YTID=d1oO1kbtt4s
Subtitle revision 3 (Public Amara)
Video not found, skipping..

######################################

Title: What is chiaroscuro? YTID=LrUznhnVd2s
Subtitle revision 1 (Public Amara)
{'actions_uri': 'https://amara.org/api/videos/EzuuOEc2agfd/languages/cs/subtitles/actions/',
 'approval_due_date': None,
 'approver': None,
 'completed': None,
 'created': '2020-06-16T18:45:44Z',
 'due_date': None,
 'evaluation_teams': [],
 'job_id': 'J7IM9KW',
 'language': 'cs',
 'resource_uri': 'https://amara.org/api/teams/khan-academy/subtitle-requests/J7IM9KW/',
 'review_due_date': None,
 'reviewer': None,
 'source_team': 'khan-academy',
 'status': 'in-progress',
 'subtitler': None,
 'subtitles_due_date': None,
 'subtitles_uri': 'https://amara.org/api/videos/EzuuOEc2agfd/languages/cs/subtitles/',
 'team': 'khan-academy',
 'video': 'EzuuOEc2agfd',
 'video_uri': 'https://amara.org/api/videos/EzuuOEc2agfd/',
 'work_completed': None,
 'work_status': 'needs-subtitler'}
Assigning subtitler danekhollas
Uploading new subtitles, complete=True

######################################

Title: Jacob Lawrence, The Migration Series, 1940-41 (*long version*) YTID=t4lgvB5cV5E
Subtitle revision 13 (Public Amara)
Subtitle revision 1 (Team Amara)
Video already has published subtitles, uploading new version...
[{'action': 'endorse', 'label': 'Update subtitles', 'complete': True}]
Using Amara username danekhollas
Using Amara username dhbot

######################################

Title: The five major world religions - John Bellaimey YTID=m6dCxo7t_aE
Subtitle revision 1 (Public Amara)
Video not found, skipping..

######################################

Title: What is foreshortening? YTID=_enw8gnHNX4
Subtitle revision 1 (Public Amara)
{'actions_uri': 'https://amara.org/api/videos/7yTt4vrWbSxx/languages/cs/subtitles/actions/',
 'approval_due_date': None,
 'approver': None,
 'completed': None,
 'created': '2020-06-16T18:45:43Z',
 'due_date': None,
 'evaluation_teams': [],
 'job_id': '41JLZ85',
 'language': 'cs',
 'resource_uri': 'https://amara.org/api/teams/khan-academy/subtitle-requests/41JLZ85/',
 'review_due_date': None,
 'reviewer': None,
 'source_team': 'khan-academy',
 'status': 'in-progress',
 'subtitler': None,
 'subtitles_due_date': None,
 'subtitles_uri': 'https://amara.org/api/videos/7yTt4vrWbSxx/languages/cs/subtitles/',
 'team': 'khan-academy',
 'video': '7yTt4vrWbSxx',
 'video_uri': 'https://amara.org/api/videos/7yTt4vrWbSxx/',
 'work_completed': None,
 'work_status': 'needs-subtitler'}
Assigning subtitler danekhollas
Uploading new subtitles, complete=True

######################################

Title: A celebration of beauty and love: Botticelli's Birth of Venus YTID=K6PBfbkMzFU
Subtitle revision 1 (Public Amara)
{'actions_uri': 'https://amara.org/api/videos/fmmqsBto3hyB/languages/cs/subtitles/actions/',
 'approval_due_date': None,
 'approver': None,
 'completed': None,
 'created': '2020-06-16T18:41:21Z',
 'due_date': None,
 'evaluation_teams': [],
 'job_id': 'EFSCYBQ',
 'language': 'cs',
 'resource_uri': 'https://amara.org/api/teams/khan-academy/subtitle-requests/EFSCYBQ/',
 'review_due_date': None,
 'reviewer': None,
 'source_team': 'khan-academy',
 'status': 'in-progress',
 'subtitler': None,
 'subtitles_due_date': None,
 'subtitles_uri': 'https://amara.org/api/videos/fmmqsBto3hyB/languages/cs/subtitles/',
 'team': 'khan-academy',
 'video': 'fmmqsBto3hyB',
 'video_uri': 'https://amara.org/api/videos/fmmqsBto3hyB/',
 'work_completed': None,
 'work_status': 'needs-subtitler'}
Assigning subtitler danekhollas
Uploading new subtitles, complete=True
