Using Amara username danekhollas
Using Amara username dhbot

######################################

Title: Comparing Mitosis and Meiosis YTID=IQJ4DBkCnco
Subtitle revision 4 (Public Amara)
Subtitle revision 2 (Team Amara)
Video already has published subtitles, uploading new version...
[{'action': 'endorse', 'label': 'Update subtitles', 'complete': True}]
[{'action': 'endorse', 'label': 'Update subtitles', 'complete': True}]

######################################

Title: Saturated fats, unsaturated fats, and trans fats YTID=O9lL2KStW9s
Subtitle revision 1 (Public Amara)
Subtitle revision 2 (Team Amara)
Video already has published subtitles, uploading new version...
[{'action': 'endorse', 'label': 'Update subtitles', 'complete': True}]
[{'action': 'endorse', 'label': 'Update subtitles', 'complete': True}]

######################################

Title: Mitosis YTID=TKGcfbyFXsw
Subtitle revision 28 (Public Amara)
Subtitle revision 2 (Team Amara)
Video already has published subtitles, uploading new version...
[{'action': 'endorse', 'label': 'Update subtitles', 'complete': True}]
[{'action': 'endorse', 'label': 'Update subtitles', 'complete': True}]

######################################

Title: Interphase YTID=VXLSTd_dlKg
Subtitle revision 23 (Public Amara)
Subtitle revision 2 (Team Amara)
Video already has published subtitles, uploading new version...
[{'action': 'endorse', 'label': 'Update subtitles', 'complete': True}]
[{'action': 'endorse', 'label': 'Update subtitles', 'complete': True}]

######################################

Title: ATP hydrolysis mechanism | Energy and enzymes | Biology | Khan Academy YTID=-KE7jTXwNYs
Subtitle revision 23 (Public Amara)
Subtitle revision 1 (Team Amara)
Video already has published subtitles, uploading new version...
[{'action': 'endorse', 'label': 'Update subtitles', 'complete': True}]
[{'action': 'endorse', 'label': 'Update subtitles', 'complete': True}]

######################################

Title: Lipid overview YTID=Ezp8F7XJHWE
Subtitle revision 8 (Public Amara)
{'actions_uri': 'https://amara.org/api/videos/ZqxKml1Nb38P/languages/cs/subtitles/actions/',
 'approval_due_date': None,
 'approver': None,
 'completed': None,
 'created': '2020-07-13T16:09:11Z',
 'due_date': None,
 'evaluation_teams': [],
 'job_id': 'FPMB75X',
 'language': 'cs',
 'resource_uri': 'https://amara.org/api/teams/khan-academy/subtitle-requests/FPMB75X/',
 'review_due_date': None,
 'reviewer': None,
 'source_team': 'khan-academy',
 'status': 'in-progress',
 'subtitler': None,
 'subtitles_due_date': None,
 'subtitles_uri': 'https://amara.org/api/videos/ZqxKml1Nb38P/languages/cs/subtitles/',
 'team': 'khan-academy',
 'video': 'ZqxKml1Nb38P',
 'video_uri': 'https://amara.org/api/videos/ZqxKml1Nb38P/',
 'work_completed': None,
 'work_status': 'needs-subtitler'}
Assigning subtitler danekhollas
Uploading new subtitles, complete=True

######################################

Title: Cytoskeletons YTID=4BAGI6LbHeo
Subtitle revision 9 (Public Amara)
{'actions_uri': 'https://amara.org/api/videos/KHaB7DxKaKpV/languages/cs/subtitles/actions/',
 'approval_due_date': None,
 'approver': None,
 'completed': None,
 'created': '2020-07-06T19:07:50Z',
 'due_date': None,
 'evaluation_teams': [],
 'job_id': '6AZODFJ',
 'language': 'cs',
 'resource_uri': 'https://amara.org/api/teams/khan-academy/subtitle-requests/6AZODFJ/',
 'review_due_date': None,
 'reviewer': None,
 'source_team': 'khan-academy',
 'status': 'in-progress',
 'subtitler': None,
 'subtitles_due_date': None,
 'subtitles_uri': 'https://amara.org/api/videos/KHaB7DxKaKpV/languages/cs/subtitles/',
 'team': 'khan-academy',
 'video': 'KHaB7DxKaKpV',
 'video_uri': 'https://amara.org/api/videos/KHaB7DxKaKpV/',
 'work_completed': None,
 'work_status': 'needs-subtitler'}
Assigning subtitler danekhollas
Uploading new subtitles, complete=True

######################################

Title: Glycolysis overview YTID=ArmlWtDnuys
Subtitle revision 15 (Public Amara)
Subtitle revision 1 (Team Amara)
Video already has published subtitles, uploading new version...
[{'action': 'endorse', 'label': 'Update subtitles', 'complete': True}]
[{'action': 'endorse', 'label': 'Update subtitles', 'complete': True}]

######################################

Title: K-Ar Dating Calculation YTID=iLFcSfzrlMk
Subtitle revision 6 (Public Amara)
Subtitle revision 1 (Team Amara)
Video already has published subtitles, uploading new version...
[{'action': 'endorse', 'label': 'Update subtitles', 'complete': True}]
[{'action': 'endorse', 'label': 'Update subtitles', 'complete': True}]

######################################

Title: Concentration gradients YTID=CNP-dCQ-Cmg
Subtitle revision 9 (Public Amara)
Subtitle revision 1 (Team Amara)
Video already has published subtitles, uploading new version...
[{'action': 'endorse', 'label': 'Update subtitles', 'complete': True}]
[{'action': 'endorse', 'label': 'Update subtitles', 'complete': True}]

######################################

Title: Cytotoxic T cells and MHC I complexes YTID=YdBXHm3edL8
Subtitle revision 12 (Public Amara)
{'actions_uri': 'https://amara.org/api/videos/N76BrDayxnDZ/languages/cs/subtitles/actions/',
 'approval_due_date': None,
 'approver': None,
 'completed': None,
 'created': '2020-08-05T12:51:30Z',
 'due_date': None,
 'evaluation_teams': [],
 'job_id': '1NUSMCX',
 'language': 'cs',
 'resource_uri': 'https://amara.org/api/teams/khan-academy/subtitle-requests/1NUSMCX/',
 'review_due_date': None,
 'reviewer': None,
 'source_team': 'khan-academy',
 'status': 'in-progress',
 'subtitler': None,
 'subtitles_due_date': None,
 'subtitles_uri': 'https://amara.org/api/videos/N76BrDayxnDZ/languages/cs/subtitles/',
 'team': 'khan-academy',
 'video': 'N76BrDayxnDZ',
 'video_uri': 'https://amara.org/api/videos/N76BrDayxnDZ/',
 'work_completed': None,
 'work_status': 'needs-subtitler'}
Assigning subtitler danekhollas
Uploading new subtitles, complete=True

######################################

Title: Tertiary structure of proteins YTID=7udSVZ7bDb8
Subtitle revision 10 (Public Amara)
Subtitle revision 1 (Team Amara)
Video already has published subtitles, uploading new version...
[{'action': 'endorse', 'label': 'Update subtitles', 'complete': True}]
[{'action': 'endorse', 'label': 'Update subtitles', 'complete': True}]

######################################

Title: Prokaryotic and eukaryotic cells YTID=xTnNv7YplSo
Subtitle revision 19 (Public Amara)
{'actions_uri': 'https://amara.org/api/videos/Q6LShSacQjo1/languages/cs/subtitles/actions/',
 'approval_due_date': None,
 'approver': None,
 'completed': None,
 'created': '2020-07-06T19:00:20Z',
 'due_date': None,
 'evaluation_teams': [],
 'job_id': 'C5BM1O8',
 'language': 'cs',
 'resource_uri': 'https://amara.org/api/teams/khan-academy/subtitle-requests/C5BM1O8/',
 'review_due_date': None,
 'reviewer': None,
 'source_team': 'khan-academy',
 'status': 'in-progress',
 'subtitler': None,
 'subtitles_due_date': None,
 'subtitles_uri': 'https://amara.org/api/videos/Q6LShSacQjo1/languages/cs/subtitles/',
 'team': 'khan-academy',
 'video': 'Q6LShSacQjo1',
 'video_uri': 'https://amara.org/api/videos/Q6LShSacQjo1/',
 'work_completed': None,
 'work_status': 'needs-subtitler'}
Assigning subtitler danekhollas
Uploading new subtitles, complete=True

######################################

Title: Endomembrane system YTID=vC-cEWJxDRY
Subtitle revision 2 (Public Amara)
{'actions_uri': 'https://amara.org/api/videos/0NutWnpkvrnN/languages/cs/subtitles/actions/',
 'approval_due_date': None,
 'approver': None,
 'completed': None,
 'created': '2020-07-06T19:00:06Z',
 'due_date': None,
 'evaluation_teams': [],
 'job_id': 'H2TAW5C',
 'language': 'cs',
 'resource_uri': 'https://amara.org/api/teams/khan-academy/subtitle-requests/H2TAW5C/',
 'review_due_date': None,
 'reviewer': None,
 'source_team': 'khan-academy',
 'status': 'in-progress',
 'subtitler': None,
 'subtitles_due_date': None,
 'subtitles_uri': 'https://amara.org/api/videos/0NutWnpkvrnN/languages/cs/subtitles/',
 'team': 'khan-academy',
 'video': '0NutWnpkvrnN',
 'video_uri': 'https://amara.org/api/videos/0NutWnpkvrnN/',
 'work_completed': None,
 'work_status': 'needs-subtitler'}
Assigning subtitler danekhollas
Uploading new subtitles, complete=True

######################################

Title: Plant cell walls YTID=zdvKhaQxvag
Subtitle revision 3 (Public Amara)
{'actions_uri': 'https://amara.org/api/videos/b5vexcNgA5hF/languages/cs/subtitles/actions/',
 'approval_due_date': None,
 'approver': None,
 'completed': None,
 'created': '2020-07-06T18:55:52Z',
 'due_date': None,
 'evaluation_teams': [],
 'job_id': 'NXR3LC7',
 'language': 'cs',
 'resource_uri': 'https://amara.org/api/teams/khan-academy/subtitle-requests/NXR3LC7/',
 'review_due_date': None,
 'reviewer': None,
 'source_team': 'khan-academy',
 'status': 'in-progress',
 'subtitler': None,
 'subtitles_due_date': None,
 'subtitles_uri': 'https://amara.org/api/videos/b5vexcNgA5hF/languages/cs/subtitles/',
 'team': 'khan-academy',
 'video': 'b5vexcNgA5hF',
 'video_uri': 'https://amara.org/api/videos/b5vexcNgA5hF/',
 'work_completed': None,
 'work_status': 'needs-subtitler'}
Assigning subtitler danekhollas
Uploading new subtitles, complete=True

######################################

Title: Phases of Meiosis I YTID=XGWL9jfPHJ8
Subtitle revision 16 (Public Amara)
Subtitle revision 1 (Team Amara)
Video already has published subtitles, uploading new version...
[{'action': 'endorse', 'label': 'Update subtitles', 'complete': True}]
[{'action': 'endorse', 'label': 'Update subtitles', 'complete': True}]

######################################

Title: Animal behavior: foraging YTID=OrCoshLAOiQ
Subtitle revision 3 (Public Amara)
{'actions_uri': 'https://amara.org/api/videos/NKaciKxjKUef/languages/cs/subtitles/actions/',
 'approval_due_date': None,
 'approver': None,
 'completed': None,
 'created': '2020-06-16T18:55:22Z',
 'due_date': None,
 'evaluation_teams': [],
 'job_id': '724VXY1',
 'language': 'cs',
 'resource_uri': 'https://amara.org/api/teams/khan-academy/subtitle-requests/724VXY1/',
 'review_due_date': None,
 'reviewer': None,
 'source_team': 'khan-academy',
 'status': 'in-progress',
 'subtitler': None,
 'subtitles_due_date': None,
 'subtitles_uri': 'https://amara.org/api/videos/NKaciKxjKUef/languages/cs/subtitles/',
 'team': 'khan-academy',
 'video': 'NKaciKxjKUef',
 'video_uri': 'https://amara.org/api/videos/NKaciKxjKUef/',
 'work_completed': None,
 'work_status': 'needs-subtitler'}
Assigning subtitler danekhollas
Uploading new subtitles, complete=True

######################################

Title: Hydrogen bonding in water YTID=6G1evL7ELwE
Subtitle revision 6 (Public Amara)
Using Amara username danekhollas
Using Amara username dhbot

######################################

Title: Hydrogen bonding in water YTID=6G1evL7ELwE
Subtitle revision 6 (Public Amara)
Subtitle revision 1 (Team Amara)
Video already has published subtitles, uploading new version...
[{'action': 'endorse', 'label': 'Update subtitles', 'complete': True}]
[{'action': 'endorse', 'label': 'Update subtitles', 'complete': True}]

######################################

Title: Water as a solvent YTID=lCvBp73ZJ-A
Subtitle revision 3 (Public Amara)
Subtitle revision 1 (Team Amara)
Video already has published subtitles, uploading new version...
[{'action': 'endorse', 'label': 'Update subtitles', 'complete': True}]
[{'action': 'endorse', 'label': 'Update subtitles', 'complete': True}]

######################################

Title: Predator prey cycle | Ecology | Khan Academy YTID=NYq2078_xqc
Subtitle revision 4 (Public Amara)
{'actions_uri': 'https://amara.org/api/videos/BowTSaLjGlKI/languages/cs/subtitles/actions/',
 'approval_due_date': None,
 'approver': None,
 'completed': None,
 'created': '2020-07-06T18:57:01Z',
 'due_date': None,
 'evaluation_teams': [],
 'job_id': 'GAQSB4J',
 'language': 'cs',
 'resource_uri': 'https://amara.org/api/teams/khan-academy/subtitle-requests/GAQSB4J/',
 'review_due_date': None,
 'reviewer': None,
 'source_team': 'khan-academy',
 'status': 'in-progress',
 'subtitler': None,
 'subtitles_due_date': None,
 'subtitles_uri': 'https://amara.org/api/videos/BowTSaLjGlKI/languages/cs/subtitles/',
 'team': 'khan-academy',
 'video': 'BowTSaLjGlKI',
 'video_uri': 'https://amara.org/api/videos/BowTSaLjGlKI/',
 'work_completed': None,
 'work_status': 'needs-subtitler'}
Assigning subtitler danekhollas
Uploading new subtitles, complete=True

######################################

Title: Overview of the functions of the cerebral cortex YTID=X-m0JDCw6TE
Subtitle revision 2 (Public Amara)
{'actions_uri': 'https://amara.org/api/videos/YJlysOIIcGir/languages/cs/subtitles/actions/',
 'approval_due_date': None,
 'approver': None,
 'completed': None,
 'created': '2020-06-16T18:52:49Z',
 'due_date': None,
 'evaluation_teams': [],
 'job_id': 'KTAZMB5',
 'language': 'cs',
 'resource_uri': 'https://amara.org/api/teams/khan-academy/subtitle-requests/KTAZMB5/',
 'review_due_date': None,
 'reviewer': None,
 'source_team': 'khan-academy',
 'status': 'in-progress',
 'subtitler': None,
 'subtitles_due_date': None,
 'subtitles_uri': 'https://amara.org/api/videos/YJlysOIIcGir/languages/cs/subtitles/',
 'team': 'khan-academy',
 'video': 'YJlysOIIcGir',
 'video_uri': 'https://amara.org/api/videos/YJlysOIIcGir/',
 'work_completed': None,
 'work_status': 'needs-subtitler'}
Assigning subtitler danekhollas
Uploading new subtitles, complete=True

######################################

Title: Mitochondria YTID=i1dAnpSFbyI
Subtitle revision 7 (Public Amara)
{'actions_uri': 'https://amara.org/api/videos/TGifeyzhk86c/languages/cs/subtitles/actions/',
 'approval_due_date': None,
 'approver': None,
 'completed': None,
 'created': '2020-07-06T19:06:58Z',
 'due_date': None,
 'evaluation_teams': [],
 'job_id': '1KHTUZM',
 'language': 'cs',
 'resource_uri': 'https://amara.org/api/teams/khan-academy/subtitle-requests/1KHTUZM/',
 'review_due_date': None,
 'reviewer': None,
 'source_team': 'khan-academy',
 'status': 'in-progress',
 'subtitler': None,
 'subtitles_due_date': None,
 'subtitles_uri': 'https://amara.org/api/videos/TGifeyzhk86c/languages/cs/subtitles/',
 'team': 'khan-academy',
 'video': 'TGifeyzhk86c',
 'video_uri': 'https://amara.org/api/videos/TGifeyzhk86c/',
 'work_completed': None,
 'work_status': 'needs-subtitler'}
Assigning subtitler danekhollas
Uploading new subtitles, complete=True

######################################

Title: Phototropism YTID=2A_LKrLlhxE
Subtitle revision 1 (Public Amara)
{'actions_uri': 'https://amara.org/api/videos/53Q83tuyZI3i/languages/cs/subtitles/actions/',
 'approval_due_date': None,
 'approver': None,
 'completed': None,
 'created': '2020-07-06T18:57:51Z',
 'due_date': None,
 'evaluation_teams': [],
 'job_id': 'WS2IE54',
 'language': 'cs',
 'resource_uri': 'https://amara.org/api/teams/khan-academy/subtitle-requests/WS2IE54/',
 'review_due_date': None,
 'reviewer': None,
 'source_team': 'khan-academy',
 'status': 'in-progress',
 'subtitler': None,
 'subtitles_due_date': None,
 'subtitles_uri': 'https://amara.org/api/videos/53Q83tuyZI3i/languages/cs/subtitles/',
 'team': 'khan-academy',
 'video': '53Q83tuyZI3i',
 'video_uri': 'https://amara.org/api/videos/53Q83tuyZI3i/',
 'work_completed': None,
 'work_status': 'needs-subtitler'}
Assigning subtitler danekhollas
Uploading new subtitles, complete=True
Using Amara username danekhollas
Using Amara username dhbot

######################################

Title: Phototropism YTID=2A_LKrLlhxE
Subtitle revision 1 (Public Amara)
Subtitle revision 0 (Team Amara)
{'actions_uri': 'https://amara.org/api/videos/53Q83tuyZI3i/languages/cs/subtitles/actions/',
 'approval_due_date': None,
 'approver': None,
 'completed': None,
 'created': '2020-07-06T18:57:51Z',
 'due_date': None,
 'evaluation_teams': [],
 'job_id': 'WS2IE54',
 'language': 'cs',
 'resource_uri': 'https://amara.org/api/teams/khan-academy/subtitle-requests/WS2IE54/',
 'review_due_date': None,
 'reviewer': None,
 'source_team': 'khan-academy',
 'status': 'in-progress',
 'subtitler': {'id': 'VMVtWMhbF-xDLVAKuVONU_n0qNN7eEik8MyawkD71j4',
               'uri': 'https://amara.org/api/users/id$VMVtWMhbF-xDLVAKuVONU_n0qNN7eEik8MyawkD71j4/',
               'username': 'danekhollas'},
 'subtitles_due_date': '2020-08-22T09:39:48Z',
 'subtitles_uri': 'https://amara.org/api/videos/53Q83tuyZI3i/languages/cs/subtitles/',
 'team': 'khan-academy',
 'video': '53Q83tuyZI3i',
 'video_uri': 'https://amara.org/api/videos/53Q83tuyZI3i/',
 'work_completed': None,
 'work_status': 'being-subtitled'}
Assigning subtitler danekhollas
Uploading new subtitles, complete=True
Using Amara username danekhollas
Using Amara username dhbot

######################################

Title: Ecological succession  | Ecology | Khan Academy YTID=d7xbyNSxxrI
Subtitle revision 41 (Public Amara)
{'actions_uri': 'https://amara.org/api/videos/3grRFfVb1drm/languages/cs/subtitles/actions/',
 'approval_due_date': None,
 'approver': None,
 'completed': None,
 'created': '2020-07-06T18:54:30Z',
 'due_date': None,
 'evaluation_teams': [],
 'job_id': '5AOF89D',
 'language': 'cs',
 'resource_uri': 'https://amara.org/api/teams/khan-academy/subtitle-requests/5AOF89D/',
 'review_due_date': None,
 'reviewer': None,
 'source_team': 'khan-academy',
 'status': 'in-progress',
 'subtitler': None,
 'subtitles_due_date': None,
 'subtitles_uri': 'https://amara.org/api/videos/3grRFfVb1drm/languages/cs/subtitles/',
 'team': 'khan-academy',
 'video': '3grRFfVb1drm',
 'video_uri': 'https://amara.org/api/videos/3grRFfVb1drm/',
 'work_completed': None,
 'work_status': 'needs-subtitler'}
Assigning subtitler danekhollas
Uploading new subtitles, complete=True

######################################

Title: Exocytosis YTID=VOzV4d0HKis
Subtitle revision 7 (Public Amara)
{'actions_uri': 'https://amara.org/api/videos/dYK9ehMLHsW5/languages/cs/subtitles/actions/',
 'approval_due_date': None,
 'approver': None,
 'completed': None,
 'created': '2020-07-06T19:04:20Z',
 'due_date': None,
 'evaluation_teams': [],
 'job_id': 'JICVWXP',
 'language': 'cs',
 'resource_uri': 'https://amara.org/api/teams/khan-academy/subtitle-requests/JICVWXP/',
 'review_due_date': None,
 'reviewer': None,
 'source_team': 'khan-academy',
 'status': 'in-progress',
 'subtitler': None,
 'subtitles_due_date': None,
 'subtitles_uri': 'https://amara.org/api/videos/dYK9ehMLHsW5/languages/cs/subtitles/',
 'team': 'khan-academy',
 'video': 'dYK9ehMLHsW5',
 'video_uri': 'https://amara.org/api/videos/dYK9ehMLHsW5/',
 'work_completed': None,
 'work_status': 'needs-subtitler'}
Assigning subtitler danekhollas
Uploading new subtitles, complete=True

######################################

Title: Introduction to  metabolism: anabolism and catabolism YTID=KwNe9x0eChs
Subtitle revision 5 (Public Amara)
{'actions_uri': 'https://amara.org/api/videos/vlR0GqjN3tN0/languages/cs/subtitles/actions/',
 'approval_due_date': None,
 'approver': None,
 'completed': None,
 'created': '2020-07-06T18:57:07Z',
 'due_date': None,
 'evaluation_teams': [],
 'job_id': 'KO52VXI',
 'language': 'cs',
 'resource_uri': 'https://amara.org/api/teams/khan-academy/subtitle-requests/KO52VXI/',
 'review_due_date': None,
 'reviewer': None,
 'source_team': 'khan-academy',
 'status': 'in-progress',
 'subtitler': None,
 'subtitles_due_date': None,
 'subtitles_uri': 'https://amara.org/api/videos/vlR0GqjN3tN0/languages/cs/subtitles/',
 'team': 'khan-academy',
 'video': 'vlR0GqjN3tN0',
 'video_uri': 'https://amara.org/api/videos/vlR0GqjN3tN0/',
 'work_completed': None,
 'work_status': 'needs-subtitler'}
Assigning subtitler danekhollas
Uploading new subtitles, complete=True

######################################

Title: The discovery of the double helix structure of DNA YTID=hCUce36Ganc
Subtitle revision 13 (Public Amara)
{'actions_uri': 'https://amara.org/api/videos/uKKfFt1Wh5ZV/languages/cs/subtitles/actions/',
 'approval_due_date': None,
 'approver': None,
 'completed': None,
 'created': '2020-07-06T19:07:01Z',
 'due_date': None,
 'evaluation_teams': [],
 'job_id': 'WPL2TJN',
 'language': 'cs',
 'resource_uri': 'https://amara.org/api/teams/khan-academy/subtitle-requests/WPL2TJN/',
 'review_due_date': None,
 'reviewer': None,
 'source_team': 'khan-academy',
 'status': 'in-progress',
 'subtitler': None,
 'subtitles_due_date': None,
 'subtitles_uri': 'https://amara.org/api/videos/uKKfFt1Wh5ZV/languages/cs/subtitles/',
 'team': 'khan-academy',
 'video': 'uKKfFt1Wh5ZV',
 'video_uri': 'https://amara.org/api/videos/uKKfFt1Wh5ZV/',
 'work_completed': None,
 'work_status': 'needs-subtitler'}
Assigning subtitler danekhollas
Uploading new subtitles, complete=True

######################################

Title: Flow of energy and matter through ecosystem  | Ecology | Khan Academy YTID=TitrRpMUt0I
Subtitle revision 1 (Public Amara)
{'actions_uri': 'https://amara.org/api/videos/tkDO0BEXE4G7/languages/cs/subtitles/actions/',
 'approval_due_date': None,
 'approver': None,
 'completed': None,
 'created': '2020-07-06T19:08:42Z',
 'due_date': None,
 'evaluation_teams': [],
 'job_id': '4XWPMLU',
 'language': 'cs',
 'resource_uri': 'https://amara.org/api/teams/khan-academy/subtitle-requests/4XWPMLU/',
 'review_due_date': None,
 'reviewer': None,
 'source_team': 'khan-academy',
 'status': 'in-progress',
 'subtitler': None,
 'subtitles_due_date': None,
 'subtitles_uri': 'https://amara.org/api/videos/tkDO0BEXE4G7/languages/cs/subtitles/',
 'team': 'khan-academy',
 'video': 'tkDO0BEXE4G7',
 'video_uri': 'https://amara.org/api/videos/tkDO0BEXE4G7/',
 'work_completed': None,
 'work_status': 'needs-subtitler'}
Assigning subtitler danekhollas
Uploading new subtitles, complete=True

######################################

Title: Origins of life  | Biology | Khan Academy YTID=rMuj2MGeIAc
Subtitle revision 15 (Public Amara)
{'actions_uri': 'https://amara.org/api/videos/9CF4aArGgBej/languages/cs/subtitles/actions/',
 'approval_due_date': None,
 'approver': None,
 'completed': None,
 'created': '2020-07-06T18:55:14Z',
 'due_date': None,
 'evaluation_teams': [],
 'job_id': '1LHA2N4',
 'language': 'cs',
 'resource_uri': 'https://amara.org/api/teams/khan-academy/subtitle-requests/1LHA2N4/',
 'review_due_date': None,
 'reviewer': None,
 'source_team': 'khan-academy',
 'status': 'in-progress',
 'subtitler': None,
 'subtitles_due_date': None,
 'subtitles_uri': 'https://amara.org/api/videos/9CF4aArGgBej/languages/cs/subtitles/',
 'team': 'khan-academy',
 'video': '9CF4aArGgBej',
 'video_uri': 'https://amara.org/api/videos/9CF4aArGgBej/',
 'work_completed': None,
 'work_status': 'needs-subtitler'}
Assigning subtitler danekhollas
Uploading new subtitles, complete=True

######################################

Title: Competitive inhibition YTID=O23i38B2EmA
Subtitle revision 1 (Public Amara)
{'actions_uri': 'https://amara.org/api/videos/701UStScaeDI/languages/cs/subtitles/actions/',
 'approval_due_date': None,
 'approver': None,
 'completed': None,
 'created': '2020-07-06T19:07:41Z',
 'due_date': None,
 'evaluation_teams': [],
 'job_id': 'C6KAVMJ',
 'language': 'cs',
 'resource_uri': 'https://amara.org/api/teams/khan-academy/subtitle-requests/C6KAVMJ/',
 'review_due_date': None,
 'reviewer': None,
 'source_team': 'khan-academy',
 'status': 'in-progress',
 'subtitler': None,
 'subtitles_due_date': None,
 'subtitles_uri': 'https://amara.org/api/videos/701UStScaeDI/languages/cs/subtitles/',
 'team': 'khan-academy',
 'video': '701UStScaeDI',
 'video_uri': 'https://amara.org/api/videos/701UStScaeDI/',
 'work_completed': None,
 'work_status': 'needs-subtitler'}
Assigning subtitler danekhollas
Uploading new subtitles, complete=True

######################################

Title: Extracellular matrix YTID=cMNx17H3dRU
Subtitle revision 9 (Public Amara)
{'actions_uri': 'https://amara.org/api/videos/Tls8fW3vBPlk/languages/cs/subtitles/actions/',
 'approval_due_date': None,
 'approver': None,
 'completed': None,
 'created': '2020-07-06T18:55:39Z',
 'due_date': None,
 'evaluation_teams': [],
 'job_id': 'X3ACL01',
 'language': 'cs',
 'resource_uri': 'https://amara.org/api/teams/khan-academy/subtitle-requests/X3ACL01/',
 'review_due_date': None,
 'reviewer': None,
 'source_team': 'khan-academy',
 'status': 'in-progress',
 'subtitler': None,
 'subtitles_due_date': None,
 'subtitles_uri': 'https://amara.org/api/videos/Tls8fW3vBPlk/languages/cs/subtitles/',
 'team': 'khan-academy',
 'video': 'Tls8fW3vBPlk',
 'video_uri': 'https://amara.org/api/videos/Tls8fW3vBPlk/',
 'work_completed': None,
 'work_status': 'needs-subtitler'}
Assigning subtitler danekhollas
Uploading new subtitles, complete=True

######################################

Title: Animal communication YTID=1kbZ1JAoi5o
Subtitle revision 4 (Public Amara)
{'actions_uri': 'https://amara.org/api/videos/3VMplNXyvAjO/languages/cs/subtitles/actions/',
 'approval_due_date': None,
 'approver': None,
 'completed': None,
 'created': '2020-06-16T18:53:20Z',
 'due_date': None,
 'evaluation_teams': [],
 'job_id': 'J40TAFN',
 'language': 'cs',
 'resource_uri': 'https://amara.org/api/teams/khan-academy/subtitle-requests/J40TAFN/',
 'review_due_date': None,
 'reviewer': None,
 'source_team': 'khan-academy',
 'status': 'in-progress',
 'subtitler': None,
 'subtitles_due_date': None,
 'subtitles_uri': 'https://amara.org/api/videos/3VMplNXyvAjO/languages/cs/subtitles/',
 'team': 'khan-academy',
 'video': '3VMplNXyvAjO',
 'video_uri': 'https://amara.org/api/videos/3VMplNXyvAjO/',
 'work_completed': None,
 'work_status': 'needs-subtitler'}
Assigning subtitler danekhollas
Uploading new subtitles, complete=True

######################################

Title: Overview of cell signaling YTID=FQFBygnIONU
Subtitle revision 9 (Public Amara)
{'actions_uri': 'https://amara.org/api/videos/2gRvlL8dT2IK/languages/cs/subtitles/actions/',
 'approval_due_date': None,
 'approver': None,
 'completed': None,
 'created': '2020-07-06T19:01:19Z',
 'due_date': None,
 'evaluation_teams': [],
 'job_id': '2DLU0T6',
 'language': 'cs',
 'resource_uri': 'https://amara.org/api/teams/khan-academy/subtitle-requests/2DLU0T6/',
 'review_due_date': None,
 'reviewer': None,
 'source_team': 'khan-academy',
 'status': 'in-progress',
 'subtitler': None,
 'subtitles_due_date': None,
 'subtitles_uri': 'https://amara.org/api/videos/2gRvlL8dT2IK/languages/cs/subtitles/',
 'team': 'khan-academy',
 'video': '2gRvlL8dT2IK',
 'video_uri': 'https://amara.org/api/videos/2gRvlL8dT2IK/',
 'work_completed': None,
 'work_status': 'needs-subtitler'}
Assigning subtitler danekhollas
Uploading new subtitles, complete=True

######################################

Title: Translation (mRNA to protein) | Biomolecules | MCAT | Khan Academy YTID=ocAAkB32Hqs
Subtitle revision 17 (Public Amara)
{'actions_uri': 'https://amara.org/api/videos/yVpnSifTRl1c/languages/cs/subtitles/actions/',
 'approval_due_date': None,
 'approver': None,
 'completed': None,
 'created': '2020-07-06T18:57:47Z',
 'due_date': None,
 'evaluation_teams': [],
 'job_id': '5MVIS2P',
 'language': 'cs',
 'resource_uri': 'https://amara.org/api/teams/khan-academy/subtitle-requests/5MVIS2P/',
 'review_due_date': None,
 'reviewer': None,
 'source_team': 'khan-academy',
 'status': 'in-progress',
 'subtitler': None,
 'subtitles_due_date': None,
 'subtitles_uri': 'https://amara.org/api/videos/yVpnSifTRl1c/languages/cs/subtitles/',
 'team': 'khan-academy',
 'video': 'yVpnSifTRl1c',
 'video_uri': 'https://amara.org/api/videos/yVpnSifTRl1c/',
 'work_completed': None,
 'work_status': 'needs-subtitler'}
Assigning subtitler danekhollas
Uploading new subtitles, complete=True

######################################

Title: Speed and precision of DNA replication | Biomolecules | MCAT | Khan Academy YTID=PSl6IXUCNuw
Subtitle revision 1 (Public Amara)
{'actions_uri': 'https://amara.org/api/videos/5p62cE9AaE7S/languages/cs/subtitles/actions/',
 'approval_due_date': None,
 'approver': None,
 'completed': None,
 'created': '2020-07-06T19:01:13Z',
 'due_date': None,
 'evaluation_teams': [],
 'job_id': 'G3EQO0W',
 'language': 'cs',
 'resource_uri': 'https://amara.org/api/teams/khan-academy/subtitle-requests/G3EQO0W/',
 'review_due_date': None,
 'reviewer': None,
 'source_team': 'khan-academy',
 'status': 'in-progress',
 'subtitler': None,
 'subtitles_due_date': None,
 'subtitles_uri': 'https://amara.org/api/videos/5p62cE9AaE7S/languages/cs/subtitles/',
 'team': 'khan-academy',
 'video': '5p62cE9AaE7S',
 'video_uri': 'https://amara.org/api/videos/5p62cE9AaE7S/',
 'work_completed': None,
 'work_status': 'needs-subtitler'}
Assigning subtitler danekhollas
Uploading new subtitles, complete=True

######################################

Title: Reaction coupling to create glucose 6 phosphate YTID=L8ifD4I1o38
Subtitle revision 1 (Public Amara)
{'actions_uri': 'https://amara.org/api/videos/cHDz9wHDccYa/languages/cs/subtitles/actions/',
 'approval_due_date': None,
 'approver': None,
 'completed': None,
 'created': '2020-07-06T19:04:59Z',
 'due_date': None,
 'evaluation_teams': [],
 'job_id': 'WHEIMKC',
 'language': 'cs',
 'resource_uri': 'https://amara.org/api/teams/khan-academy/subtitle-requests/WHEIMKC/',
 'review_due_date': None,
 'reviewer': None,
 'source_team': 'khan-academy',
 'status': 'in-progress',
 'subtitler': None,
 'subtitles_due_date': None,
 'subtitles_uri': 'https://amara.org/api/videos/cHDz9wHDccYa/languages/cs/subtitles/',
 'team': 'khan-academy',
 'video': 'cHDz9wHDccYa',
 'video_uri': 'https://amara.org/api/videos/cHDz9wHDccYa/',
 'work_completed': None,
 'work_status': 'needs-subtitler'}
Assigning subtitler danekhollas
Uploading new subtitles, complete=True

######################################

Title: Endocytosis, phagocytosis and pinocytosis YTID=QspmZf_yWyU
Subtitle revision 1 (Public Amara)
{'actions_uri': 'https://amara.org/api/videos/GZ3kZRLCc1aD/languages/cs/subtitles/actions/',
 'approval_due_date': None,
 'approver': None,
 'completed': None,
 'created': '2020-07-06T18:56:25Z',
 'due_date': None,
 'evaluation_teams': [],
 'job_id': 'RWSH57A',
 'language': 'cs',
 'resource_uri': 'https://amara.org/api/teams/khan-academy/subtitle-requests/RWSH57A/',
 'review_due_date': None,
 'reviewer': None,
 'source_team': 'khan-academy',
 'status': 'in-progress',
 'subtitler': None,
 'subtitles_due_date': None,
 'subtitles_uri': 'https://amara.org/api/videos/GZ3kZRLCc1aD/languages/cs/subtitles/',
 'team': 'khan-academy',
 'video': 'GZ3kZRLCc1aD',
 'video_uri': 'https://amara.org/api/videos/GZ3kZRLCc1aD/',
 'work_completed': None,
 'work_status': 'needs-subtitler'}
Assigning subtitler danekhollas
Uploading new subtitles, complete=True
Using Amara username danekhollas
Using Amara username dhbot

######################################

Title: Endocytosis, phagocytosis and pinocytosis YTID=QspmZf_yWyU
Subtitle revision 2 (Public Amara)
Subtitle revision 0 (Team Amara)
{'actions_uri': 'https://amara.org/api/videos/GZ3kZRLCc1aD/languages/cs/subtitles/actions/',
 'approval_due_date': None,
 'approver': None,
 'completed': None,
 'created': '2020-07-06T18:56:25Z',
 'due_date': None,
 'evaluation_teams': [],
 'job_id': 'RWSH57A',
 'language': 'cs',
 'resource_uri': 'https://amara.org/api/teams/khan-academy/subtitle-requests/RWSH57A/',
 'review_due_date': None,
 'reviewer': None,
 'source_team': 'khan-academy',
 'status': 'in-progress',
 'subtitler': {'id': 'VMVtWMhbF-xDLVAKuVONU_n0qNN7eEik8MyawkD71j4',
               'uri': 'https://amara.org/api/users/id$VMVtWMhbF-xDLVAKuVONU_n0qNN7eEik8MyawkD71j4/',
               'username': 'danekhollas'},
 'subtitles_due_date': '2020-08-22T09:46:34Z',
 'subtitles_uri': 'https://amara.org/api/videos/GZ3kZRLCc1aD/languages/cs/subtitles/',
 'team': 'khan-academy',
 'video': 'GZ3kZRLCc1aD',
 'video_uri': 'https://amara.org/api/videos/GZ3kZRLCc1aD/',
 'work_completed': None,
 'work_status': 'being-subtitled'}
Assigning subtitler danekhollas
Uploading new subtitles, complete=True

######################################

Title: Welcome to reproductive system YTID=jRYEqOOrjH8
Subtitle revision 6 (Public Amara)
{'actions_uri': 'https://amara.org/api/videos/kBYGdHJoY9ec/languages/cs/subtitles/actions/',
 'approval_due_date': None,
 'approver': None,
 'completed': None,
 'created': '2020-06-16T18:55:28Z',
 'due_date': None,
 'evaluation_teams': [],
 'job_id': '0ZOSCB4',
 'language': 'cs',
 'resource_uri': 'https://amara.org/api/teams/khan-academy/subtitle-requests/0ZOSCB4/',
 'review_due_date': None,
 'reviewer': None,
 'source_team': 'khan-academy',
 'status': 'in-progress',
 'subtitler': None,
 'subtitles_due_date': None,
 'subtitles_uri': 'https://amara.org/api/videos/kBYGdHJoY9ec/languages/cs/subtitles/',
 'team': 'khan-academy',
 'video': 'kBYGdHJoY9ec',
 'video_uri': 'https://amara.org/api/videos/kBYGdHJoY9ec/',
 'work_completed': None,
 'work_status': 'needs-subtitler'}
Assigning subtitler danekhollas
Uploading new subtitles, complete=True

######################################

Title: Ecosystem biodiversity YTID=ixf33dQDlXc
Subtitle revision 6 (Public Amara)
Using Amara username danekhollas
Using Amara username dhbot

######################################

Title: Demystifying ocean acidification and biodiversity impacts YTID=GL7qJYKzcsk
Subtitle revision 13 (Public Amara)
Using Amara username danekhollas
Using Amara username dhbot

######################################

Title: 037   thermoregulation YTID=3KNmqyzNb9M
Subtitle revision 12 (Public Amara)
Using Amara username danekhollas
Using Amara username dhbot

######################################

Title: Discovering the tree of life | California Academy of Sciences YTID=AjvLQJ6PIiU
Subtitle revision 6 (Public Amara)
Using Amara username danekhollas
Using Amara username dhbot

######################################

Title: DNA YTID=AmOO4j0E408
Subtitle revision 22 (Public Amara)
Subtitle revision 1 (Team Amara)
Video already has published subtitles, uploading new version...
[{'action': 'endorse', 'label': 'Update subtitles', 'complete': True}]
[{'action': 'endorse', 'label': 'Update subtitles', 'complete': True}]

######################################

Title: 015   011 the origin of life scientific evidence YTID=H5PSdbOVOfo
Subtitle revision 2 (Public Amara)
Using Amara username danekhollas
Using Amara username dhbot

######################################

Title: Enzymes YTID=A90HKrgUOg0
Subtitle revision 4 (Public Amara)
{'actions_uri': 'https://amara.org/api/videos/JI5nr6v2OGk3/languages/cs/subtitles/actions/',
 'approval_due_date': None,
 'approver': None,
 'completed': None,
 'created': '2020-07-06T18:59:12Z',
 'due_date': None,
 'evaluation_teams': [],
 'job_id': 'MRAUH1V',
 'language': 'cs',
 'resource_uri': 'https://amara.org/api/teams/khan-academy/subtitle-requests/MRAUH1V/',
 'review_due_date': None,
 'reviewer': None,
 'source_team': 'khan-academy',
 'status': 'in-progress',
 'subtitler': None,
 'subtitles_due_date': None,
 'subtitles_uri': 'https://amara.org/api/videos/JI5nr6v2OGk3/languages/cs/subtitles/',
 'team': 'khan-academy',
 'video': 'JI5nr6v2OGk3',
 'video_uri': 'https://amara.org/api/videos/JI5nr6v2OGk3/',
 'work_completed': None,
 'work_status': 'needs-subtitler'}
Assigning subtitler danekhollas
Uploading new subtitles, complete=True

######################################

Title: Breaking down photosynthesis stages YTID=Wt5EMpUt-_g
Subtitle revision 2 (Public Amara)
{'actions_uri': 'https://amara.org/api/videos/w0SuzZb05Q4y/languages/cs/subtitles/actions/',
 'approval_due_date': None,
 'approver': None,
 'completed': None,
 'created': '2020-07-06T19:03:13Z',
 'due_date': None,
 'evaluation_teams': [],
 'job_id': 'TK4SDVL',
 'language': 'cs',
 'resource_uri': 'https://amara.org/api/teams/khan-academy/subtitle-requests/TK4SDVL/',
 'review_due_date': None,
 'reviewer': None,
 'source_team': 'khan-academy',
 'status': 'in-progress',
 'subtitler': None,
 'subtitles_due_date': None,
 'subtitles_uri': 'https://amara.org/api/videos/w0SuzZb05Q4y/languages/cs/subtitles/',
 'team': 'khan-academy',
 'video': 'w0SuzZb05Q4y',
 'video_uri': 'https://amara.org/api/videos/w0SuzZb05Q4y/',
 'work_completed': None,
 'work_status': 'needs-subtitler'}
Assigning subtitler danekhollas
Uploading new subtitles, complete=True

######################################

Title: Niche YTID=7twZJ9xDwkY
Subtitle revision 1 (Public Amara)
