Using Amara username danekhollas
Using Amara username dhbot

######################################

Title: Personal bankruptcy - Chapters 7 and 13 YTID=H3tg4bH5JuY
Subtitle revision 5 (Public Amara)
Subtitle revision 1 (Team Amara)
Video already has published subtitles, uploading new version...
[{'action': 'endorse', 'label': 'Update subtitles', 'complete': True}]
[{'action': 'endorse', 'label': 'Update subtitles', 'complete': True}]

######################################

Title: Renting versus buying a home YTID=JNL6f1xkie4
Subtitle revision 4 (Public Amara)
Subtitle revision 1 (Team Amara)
Video already has published subtitles, uploading new version...
[{'action': 'endorse', 'label': 'Update subtitles', 'complete': True}]
[{'action': 'endorse', 'label': 'Update subtitles', 'complete': True}]

######################################

Title: Return on capital YTID=9T6ZPYYu_Dk
Subtitle revision 1 (Public Amara)
{'actions_uri': 'https://amara.org/api/videos/TQv3BMMR0x4c/languages/cs/subtitles/actions/',
 'approval_due_date': None,
 'approver': None,
 'completed': None,
 'created': '2020-07-15T15:24:55Z',
 'due_date': None,
 'evaluation_teams': [],
 'job_id': 'GC72JDU',
 'language': 'cs',
 'resource_uri': 'https://amara.org/api/teams/khan-academy/subtitle-requests/GC72JDU/',
 'review_due_date': None,
 'reviewer': None,
 'source_team': 'khan-academy',
 'status': 'in-progress',
 'subtitler': None,
 'subtitles_due_date': None,
 'subtitles_uri': 'https://amara.org/api/videos/TQv3BMMR0x4c/languages/cs/subtitles/',
 'team': 'khan-academy',
 'video': 'TQv3BMMR0x4c',
 'video_uri': 'https://amara.org/api/videos/TQv3BMMR0x4c/',
 'work_completed': None,
 'work_status': 'needs-subtitler'}
Assigning subtitler danekhollas
Uploading new subtitles, complete=True

######################################

Title: Basic Capital Structure Differences YTID=YEZMReBbkP0
Subtitle revision 16 (Public Amara)
Subtitle revision 1 (Team Amara)
Video already has published subtitles, uploading new version...
[{'action': 'endorse', 'label': 'Update subtitles', 'complete': True}]
[{'action': 'endorse', 'label': 'Update subtitles', 'complete': True}]

######################################

Title: Introduction to bonds YTID=Qh-M3_L4xYk
Subtitle revision 6 (Public Amara)
Subtitle revision 1 (Team Amara)
Video already has published subtitles, uploading new version...
[{'action': 'endorse', 'label': 'Update subtitles', 'complete': True}]
[{'action': 'endorse', 'label': 'Update subtitles', 'complete': True}]

######################################

Title: Put-Call Parity YTID=m4mrd7sHCPM
Subtitle revision 2 (Public Amara)
{'actions_uri': 'https://amara.org/api/videos/7GUPWIGaVqVA/languages/cs/subtitles/actions/',
 'approval_due_date': None,
 'approver': None,
 'completed': None,
 'created': '2020-08-07T22:28:21Z',
 'due_date': None,
 'evaluation_teams': [],
 'job_id': 'VKW6FQM',
 'language': 'cs',
 'resource_uri': 'https://amara.org/api/teams/khan-academy/subtitle-requests/VKW6FQM/',
 'review_due_date': None,
 'reviewer': None,
 'source_team': 'khan-academy',
 'status': 'in-progress',
 'subtitler': None,
 'subtitles_due_date': None,
 'subtitles_uri': 'https://amara.org/api/videos/7GUPWIGaVqVA/languages/cs/subtitles/',
 'team': 'khan-academy',
 'video': '7GUPWIGaVqVA',
 'video_uri': 'https://amara.org/api/videos/7GUPWIGaVqVA/',
 'work_completed': None,
 'work_status': 'needs-subtitler'}
Assigning subtitler danekhollas
Uploading new subtitles, complete=True

######################################

Title: Call Writer Payoff Diagram YTID=TdW3LdN5SJw
Subtitle revision 5 (Public Amara)
{'actions_uri': 'https://amara.org/api/videos/dGk83ZKuBiRv/languages/cs/subtitles/actions/',
 'approval_due_date': None,
 'approver': None,
 'completed': None,
 'created': '2020-08-05T12:45:36Z',
 'due_date': None,
 'evaluation_teams': [],
 'job_id': '957M6GN',
 'language': 'cs',
 'resource_uri': 'https://amara.org/api/teams/khan-academy/subtitle-requests/957M6GN/',
 'review_due_date': None,
 'reviewer': None,
 'source_team': 'khan-academy',
 'status': 'in-progress',
 'subtitler': None,
 'subtitles_due_date': None,
 'subtitles_uri': 'https://amara.org/api/videos/dGk83ZKuBiRv/languages/cs/subtitles/',
 'team': 'khan-academy',
 'video': 'dGk83ZKuBiRv',
 'video_uri': 'https://amara.org/api/videos/dGk83ZKuBiRv/',
 'work_completed': None,
 'work_status': 'needs-subtitler'}
Assigning subtitler danekhollas
Uploading new subtitles, complete=True

######################################

Title: Put-Call Parity Clarification YTID=Sc6zc8KR_NU
Subtitle revision 1 (Public Amara)
{'actions_uri': 'https://amara.org/api/videos/s3ryIeJ6t1LO/languages/cs/subtitles/actions/',
 'approval_due_date': None,
 'approver': None,
 'completed': None,
 'created': '2020-08-05T12:45:47Z',
 'due_date': None,
 'evaluation_teams': [],
 'job_id': 'OH35RLX',
 'language': 'cs',
 'resource_uri': 'https://amara.org/api/teams/khan-academy/subtitle-requests/OH35RLX/',
 'review_due_date': None,
 'reviewer': None,
 'source_team': 'khan-academy',
 'status': 'in-progress',
 'subtitler': None,
 'subtitles_due_date': None,
 'subtitles_uri': 'https://amara.org/api/videos/s3ryIeJ6t1LO/languages/cs/subtitles/',
 'team': 'khan-academy',
 'video': 's3ryIeJ6t1LO',
 'video_uri': 'https://amara.org/api/videos/s3ryIeJ6t1LO/',
 'work_completed': None,
 'work_status': 'needs-subtitler'}
Assigning subtitler danekhollas
Uploading new subtitles, complete=True

######################################

Title: Futures Introduction YTID=3g6P0lRXotI
Subtitle revision 1 (Public Amara)
{'actions_uri': 'https://amara.org/api/videos/VFzQwKGrcEsE/languages/cs/subtitles/actions/',
 'approval_due_date': None,
 'approver': None,
 'completed': None,
 'created': '2020-08-07T22:29:23Z',
 'due_date': None,
 'evaluation_teams': [],
 'job_id': '3YD65FU',
 'language': 'cs',
 'resource_uri': 'https://amara.org/api/teams/khan-academy/subtitle-requests/3YD65FU/',
 'review_due_date': None,
 'reviewer': None,
 'source_team': 'khan-academy',
 'status': 'in-progress',
 'subtitler': None,
 'subtitles_due_date': None,
 'subtitles_uri': 'https://amara.org/api/videos/VFzQwKGrcEsE/languages/cs/subtitles/',
 'team': 'khan-academy',
 'video': 'VFzQwKGrcEsE',
 'video_uri': 'https://amara.org/api/videos/VFzQwKGrcEsE/',
 'work_completed': None,
 'work_status': 'needs-subtitler'}
Assigning subtitler danekhollas
Uploading new subtitles, complete=True

######################################

Title: Severe Contango Generally Bearish YTID=hYzN0w8FatU
Subtitle revision 5 (Public Amara)
Subtitle revision 1 (Team Amara)
Video already has published subtitles, uploading new version...
[{'action': 'endorse', 'label': 'Update subtitles', 'complete': True}]
[{'action': 'endorse', 'label': 'Update subtitles', 'complete': True}]

######################################

Title: Backwardation Bullish or Bearish YTID=1CxRVVGGNJU
Subtitle revision 5 (Public Amara)
{'actions_uri': 'https://amara.org/api/videos/dUa7S1YqrHVK/languages/cs/subtitles/actions/',
 'approval_due_date': None,
 'approver': None,
 'completed': None,
 'created': '2020-08-07T22:33:22Z',
 'due_date': None,
 'evaluation_teams': [],
 'job_id': '29GU3RQ',
 'language': 'cs',
 'resource_uri': 'https://amara.org/api/teams/khan-academy/subtitle-requests/29GU3RQ/',
 'review_due_date': None,
 'reviewer': None,
 'source_team': 'khan-academy',
 'status': 'in-progress',
 'subtitler': None,
 'subtitles_due_date': None,
 'subtitles_uri': 'https://amara.org/api/videos/dUa7S1YqrHVK/languages/cs/subtitles/',
 'team': 'khan-academy',
 'video': 'dUa7S1YqrHVK',
 'video_uri': 'https://amara.org/api/videos/dUa7S1YqrHVK/',
 'work_completed': None,
 'work_status': 'needs-subtitler'}
Assigning subtitler danekhollas
Uploading new subtitles, complete=True

######################################

Title: Introduction YTID=i78cyClvaeg
Subtitle revision 7 (Public Amara)
Subtitle revision 1 (Team Amara)
Video already has published subtitles, uploading new version...
[{'action': 'endorse', 'label': 'Update subtitles', 'complete': True}]
[{'action': 'endorse', 'label': 'Update subtitles', 'complete': True}]

######################################

Title: Difference between wealth and income YTID=o5-T52bh-eQ
Subtitle revision 2 (Public Amara)
Subtitle revision 1 (Team Amara)
Video already has published subtitles, uploading new version...
[{'action': 'endorse', 'label': 'Update subtitles', 'complete': True}]
[{'action': 'endorse', 'label': 'Update subtitles', 'complete': True}]

######################################

Title: Escrow YTID=FDJ4D78pcbg
Subtitle revision 6 (Public Amara)
{'actions_uri': 'https://amara.org/api/videos/ZGyMCqsIT91N/languages/cs/subtitles/actions/',
 'approval_due_date': None,
 'approver': None,
 'completed': None,
 'created': '2020-07-13T16:09:40Z',
 'due_date': None,
 'evaluation_teams': [],
 'job_id': 'X4CTURN',
 'language': 'cs',
 'resource_uri': 'https://amara.org/api/teams/khan-academy/subtitle-requests/X4CTURN/',
 'review_due_date': None,
 'reviewer': None,
 'source_team': 'khan-academy',
 'status': 'in-progress',
 'subtitler': None,
 'subtitles_due_date': None,
 'subtitles_uri': 'https://amara.org/api/videos/ZGyMCqsIT91N/languages/cs/subtitles/',
 'team': 'khan-academy',
 'video': 'ZGyMCqsIT91N',
 'video_uri': 'https://amara.org/api/videos/ZGyMCqsIT91N/',
 'work_completed': None,
 'work_status': 'needs-subtitler'}
Assigning subtitler danekhollas
Uploading new subtitles, complete=True

######################################

Title: When money stops being money: Hyperinflation YTID=O2jO5AwTkT0
Subtitle revision 82 (Public Amara)
{'actions_uri': 'https://amara.org/api/videos/cBW8E7eGQeQo/languages/cs/subtitles/actions/',
 'approval_due_date': None,
 'approver': None,
 'completed': None,
 'created': '2020-07-06T19:10:45Z',
 'due_date': None,
 'evaluation_teams': [],
 'job_id': '13PT7DF',
 'language': 'cs',
 'resource_uri': 'https://amara.org/api/teams/khan-academy/subtitle-requests/13PT7DF/',
 'review_due_date': None,
 'reviewer': None,
 'source_team': 'khan-academy',
 'status': 'in-progress',
 'subtitler': None,
 'subtitles_due_date': None,
 'subtitles_uri': 'https://amara.org/api/videos/cBW8E7eGQeQo/languages/cs/subtitles/',
 'team': 'khan-academy',
 'video': 'cBW8E7eGQeQo',
 'video_uri': 'https://amara.org/api/videos/cBW8E7eGQeQo/',
 'work_completed': None,
 'work_status': 'needs-subtitler'}
Assigning subtitler danekhollas
Uploading new subtitles, complete=True

######################################

Title: Commodity money vs. Fiat money YTID=fs12fX407GU
Subtitle revision 3 (Public Amara)
{'actions_uri': 'https://amara.org/api/videos/RtnOpSJAAvyF/languages/cs/subtitles/actions/',
 'approval_due_date': None,
 'approver': None,
 'completed': None,
 'created': '2020-07-06T19:09:19Z',
 'due_date': None,
 'evaluation_teams': [],
 'job_id': '45UCXYI',
 'language': 'cs',
 'resource_uri': 'https://amara.org/api/teams/khan-academy/subtitle-requests/45UCXYI/',
 'review_due_date': None,
 'reviewer': None,
 'source_team': 'khan-academy',
 'status': 'in-progress',
 'subtitler': None,
 'subtitles_due_date': None,
 'subtitles_uri': 'https://amara.org/api/videos/RtnOpSJAAvyF/languages/cs/subtitles/',
 'team': 'khan-academy',
 'video': 'RtnOpSJAAvyF',
 'video_uri': 'https://amara.org/api/videos/RtnOpSJAAvyF/',
 'work_completed': None,
 'work_status': 'needs-subtitler'}
Assigning subtitler danekhollas
Uploading new subtitles, complete=True
