Using Amara username danekhollas
Using Amara username dhbot

######################################

Title: Irregular Plural Nouns, Part I | The parts of speech | Grammar | Khan Academy YTID=2bx7yjLC01M
Subtitle revision 2 (Public Amara)
Subtitle revision 1 (Team Amara)
Video already has published subtitles, uploading new version...
[{'action': 'endorse', 'label': 'Update subtitles', 'complete': True}]
[{'action': 'endorse', 'label': 'Update subtitles', 'complete': True}]

######################################

Title: Irregular plural nouns, Part III | The parts of speech | Grammar YTID=UnJmPywSSvg
Subtitle revision 3 (Public Amara)
Subtitle revision 1 (Team Amara)
Video already has published subtitles, uploading new version...
[{'action': 'endorse', 'label': 'Update subtitles', 'complete': True}]
[{'action': 'endorse', 'label': 'Update subtitles', 'complete': True}]

######################################

Title: Present tense | Verbs | The parts of speech YTID=gRlrZrDL5QI
Subtitle revision 1 (Public Amara)
Subtitle revision 1 (Team Amara)
Video already has published subtitles, uploading new version...
[{'action': 'endorse', 'label': 'Update subtitles', 'complete': True}]
[{'action': 'endorse', 'label': 'Update subtitles', 'complete': True}]

######################################

Title: Subjects and predicates | Syntax | Khan Academy YTID=qXykcBGNvbk
Subtitle revision 5 (Public Amara)
Subtitle revision 1 (Team Amara)
Video already has published subtitles, uploading new version...
[{'action': 'endorse', 'label': 'Update subtitles', 'complete': True}]
[{'action': 'endorse', 'label': 'Update subtitles', 'complete': True}]

######################################

Title: Irregular Plural Nouns, Part IV | The parts of speech | Grammar YTID=VdLOP9teko4
Subtitle revision 1 (Public Amara)
Subtitle revision 1 (Team Amara)
Video already has published subtitles, uploading new version...
[{'action': 'endorse', 'label': 'Update subtitles', 'complete': True}]
[{'action': 'endorse', 'label': 'Update subtitles', 'complete': True}]

######################################

Title: Introduction to verb aspect | The parts of speech | Grammar YTID=r7Psg-4vvsA
Subtitle revision 2 (Public Amara)
Subtitle revision 1 (Team Amara)
Video already has published subtitles, uploading new version...
[{'action': 'endorse', 'label': 'Update subtitles', 'complete': True}]
[{'action': 'endorse', 'label': 'Update subtitles', 'complete': True}]

######################################

Title: Introduction to Verbs | The parts of speech | Grammar YTID=0T9xMqvjdLk
Subtitle revision 3 (Public Amara)
Subtitle revision 1 (Team Amara)
Video already has published subtitles, uploading new version...
[{'action': 'endorse', 'label': 'Update subtitles', 'complete': True}]
[{'action': 'endorse', 'label': 'Update subtitles', 'complete': True}]

######################################

Title: Introduction to verb tense | The parts of speech | Grammar YTID=faUvT7zfsyk
Subtitle revision 1 (Public Amara)
Subtitle revision 1 (Team Amara)
Video already has published subtitles, uploading new version...
[{'action': 'endorse', 'label': 'Update subtitles', 'complete': True}]
[{'action': 'endorse', 'label': 'Update subtitles', 'complete': True}]

######################################

Title: The funky -ed irregular verb | The parts of speech | Grammar YTID=B8131VDv0e8
Subtitle revision 1 (Public Amara)
Subtitle revision 1 (Team Amara)
Video already has published subtitles, uploading new version...
[{'action': 'endorse', 'label': 'Update subtitles', 'complete': True}]
[{'action': 'endorse', 'label': 'Update subtitles', 'complete': True}]

######################################

Title: The past tense | Verbs | The parts of speech YTID=zS6N5EqXpCY
Subtitle revision 1 (Public Amara)
Subtitle revision 1 (Team Amara)
Video already has published subtitles, uploading new version...
[{'action': 'endorse', 'label': 'Update subtitles', 'complete': True}]
[{'action': 'endorse', 'label': 'Update subtitles', 'complete': True}]

######################################

Title: The future tense | Verbs | The parts of speech YTID=LvlpEPHPhpI
Subtitle revision 1 (Public Amara)
Subtitle revision 1 (Team Amara)
Video already has published subtitles, uploading new version...
[{'action': 'endorse', 'label': 'Update subtitles', 'complete': True}]
[{'action': 'endorse', 'label': 'Update subtitles', 'complete': True}]
