Using Amara username danekhollas
Using Amara username dhbot

######################################

Title: Terrific Text Part 1 YTID=gO3-RiU8Vbw
Subtitle revision 25 (Public Amara)
{'actions_uri': 'https://amara.org/api/videos/5fi4HSBQZzpC/languages/cs/subtitles/actions/',
 'approval_due_date': None,
 'approver': None,
 'completed': None,
 'created': '2020-06-16T18:41:56Z',
 'due_date': None,
 'evaluation_teams': [],
 'job_id': 'PAMXF9S',
 'language': 'cs',
 'resource_uri': 'https://amara.org/api/teams/khan-academy/subtitle-requests/PAMXF9S/',
 'review_due_date': None,
 'reviewer': None,
 'source_team': 'khan-academy',
 'status': 'in-progress',
 'subtitler': None,
 'subtitles_due_date': None,
 'subtitles_uri': 'https://amara.org/api/videos/5fi4HSBQZzpC/languages/cs/subtitles/',
 'team': 'khan-academy',
 'video': '5fi4HSBQZzpC',
 'video_uri': 'https://amara.org/api/videos/5fi4HSBQZzpC/',
 'work_completed': None,
 'work_status': 'needs-subtitler'}
Assigning subtitler danekhollas
Uploading new subtitles, complete=True

######################################

Title: Incrementing shortcuts (Video version) YTID=2N8qQyAHmAo
Subtitle revision 13 (Public Amara)
{'actions_uri': 'https://amara.org/api/videos/5QGpafhTEMBB/languages/cs/subtitles/actions/',
 'approval_due_date': None,
 'approver': None,
 'completed': None,
 'created': '2020-06-16T18:17:00Z',
 'due_date': None,
 'evaluation_teams': [],
 'job_id': 'SK3ZUHD',
 'language': 'cs',
 'resource_uri': 'https://amara.org/api/teams/khan-academy/subtitle-requests/SK3ZUHD/',
 'review_due_date': None,
 'reviewer': None,
 'source_team': 'khan-academy',
 'status': 'in-progress',
 'subtitler': None,
 'subtitles_due_date': None,
 'subtitles_uri': 'https://amara.org/api/videos/5QGpafhTEMBB/languages/cs/subtitles/',
 'team': 'khan-academy',
 'video': '5QGpafhTEMBB',
 'video_uri': 'https://amara.org/api/videos/5QGpafhTEMBB/',
 'work_completed': None,
 'work_status': 'needs-subtitler'}
Assigning subtitler danekhollas
Uploading new subtitles, complete=True

######################################

Title: If Statements (Video Version) YTID=f80BDl8N-6c
Subtitle revision 26 (Public Amara)
{'actions_uri': 'https://amara.org/api/videos/yPZCtVqiUzxF/languages/cs/subtitles/actions/',
 'approval_due_date': None,
 'approver': None,
 'completed': None,
 'created': '2020-06-16T18:42:12Z',
 'due_date': None,
 'evaluation_teams': [],
 'job_id': 'IDZTC5U',
 'language': 'cs',
 'resource_uri': 'https://amara.org/api/teams/khan-academy/subtitle-requests/IDZTC5U/',
 'review_due_date': None,
 'reviewer': None,
 'source_team': 'khan-academy',
 'status': 'in-progress',
 'subtitler': None,
 'subtitles_due_date': None,
 'subtitles_uri': 'https://amara.org/api/videos/yPZCtVqiUzxF/languages/cs/subtitles/',
 'team': 'khan-academy',
 'video': 'yPZCtVqiUzxF',
 'video_uri': 'https://amara.org/api/videos/yPZCtVqiUzxF/',
 'work_completed': None,
 'work_status': 'needs-subtitler'}
Assigning subtitler danekhollas
Uploading new subtitles, complete=True

######################################

Title: Function Return Values (Video Version) YTID=6Dg9sR4i4Qk
Subtitle revision 19 (Public Amara)
{'actions_uri': 'https://amara.org/api/videos/OQ1S97gaFwgq/languages/cs/subtitles/actions/',
 'approval_due_date': None,
 'approver': None,
 'completed': None,
 'created': '2020-06-16T18:42:19Z',
 'due_date': None,
 'evaluation_teams': [],
 'job_id': '5TFODXA',
 'language': 'cs',
 'resource_uri': 'https://amara.org/api/teams/khan-academy/subtitle-requests/5TFODXA/',
 'review_due_date': None,
 'reviewer': None,
 'source_team': 'khan-academy',
 'status': 'in-progress',
 'subtitler': None,
 'subtitles_due_date': None,
 'subtitles_uri': 'https://amara.org/api/videos/OQ1S97gaFwgq/languages/cs/subtitles/',
 'team': 'khan-academy',
 'video': 'OQ1S97gaFwgq',
 'video_uri': 'https://amara.org/api/videos/OQ1S97gaFwgq/',
 'work_completed': None,
 'work_status': 'needs-subtitler'}
Assigning subtitler danekhollas
Uploading new subtitles, complete=True

######################################

Title: ShorterShortcut (Video Version) YTID=7ZExAkxynhE
Subtitle revision 8 (Public Amara)
{'actions_uri': 'https://amara.org/api/videos/KItyiKUk85uj/languages/cs/subtitles/actions/',
 'approval_due_date': None,
 'approver': None,
 'completed': None,
 'created': '2020-06-16T18:41:14Z',
 'due_date': None,
 'evaluation_teams': [],
 'job_id': '63E4ZSO',
 'language': 'cs',
 'resource_uri': 'https://amara.org/api/teams/khan-academy/subtitle-requests/63E4ZSO/',
 'review_due_date': None,
 'reviewer': None,
 'source_team': 'khan-academy',
 'status': 'in-progress',
 'subtitler': None,
 'subtitles_due_date': None,
 'subtitles_uri': 'https://amara.org/api/videos/KItyiKUk85uj/languages/cs/subtitles/',
 'team': 'khan-academy',
 'video': 'KItyiKUk85uj',
 'video_uri': 'https://amara.org/api/videos/KItyiKUk85uj/',
 'work_completed': None,
 'work_status': 'needs-subtitler'}
Assigning subtitler danekhollas
Uploading new subtitles, complete=True

######################################

Title: Function Parameters (Video Version) YTID=ptyuZL6I56c
Subtitle revision 25 (Public Amara)
{'actions_uri': 'https://amara.org/api/videos/dmfpfeqZ7fdx/languages/cs/subtitles/actions/',
 'approval_due_date': None,
 'approver': None,
 'completed': None,
 'created': '2020-06-16T18:42:20Z',
 'due_date': None,
 'evaluation_teams': [],
 'job_id': '9BRSDUM',
 'language': 'cs',
 'resource_uri': 'https://amara.org/api/teams/khan-academy/subtitle-requests/9BRSDUM/',
 'review_due_date': None,
 'reviewer': None,
 'source_team': 'khan-academy',
 'status': 'in-progress',
 'subtitler': None,
 'subtitles_due_date': None,
 'subtitles_uri': 'https://amara.org/api/videos/dmfpfeqZ7fdx/languages/cs/subtitles/',
 'team': 'khan-academy',
 'video': 'dmfpfeqZ7fdx',
 'video_uri': 'https://amara.org/api/videos/dmfpfeqZ7fdx/',
 'work_completed': None,
 'work_status': 'needs-subtitler'}
Assigning subtitler danekhollas
Uploading new subtitles, complete=True

######################################

Title: Using inspect element for HTML YTID=CwiRPmXhcLY
Subtitle revision 9 (Public Amara)
Subtitle revision 1 (Team Amara)
Video already has published subtitles, uploading new version...
[{'action': 'endorse', 'label': 'Update subtitles', 'complete': True}]
[{'action': 'endorse', 'label': 'Update subtitles', 'complete': True}]

######################################

Title: Using inspect element for CSS styles YTID=Xb6ZIlYj2OY
Subtitle revision 4 (Public Amara)
Subtitle revision 1 (Team Amara)
Video already has published subtitles, uploading new version...
[{'action': 'endorse', 'label': 'Update subtitles', 'complete': True}]
[{'action': 'endorse', 'label': 'Update subtitles', 'complete': True}]

######################################

Title: Making animations in ProcessingJS (Video version) YTID=us3_U9xnttc
Subtitle revision 14 (Public Amara)
{'actions_uri': 'https://amara.org/api/videos/r5GxrHHwLVUX/languages/cs/subtitles/actions/',
 'approval_due_date': None,
 'approver': None,
 'completed': None,
 'created': '2020-06-16T18:17:01Z',
 'due_date': None,
 'evaluation_teams': [],
 'job_id': 'J09ONZP',
 'language': 'cs',
 'resource_uri': 'https://amara.org/api/teams/khan-academy/subtitle-requests/J09ONZP/',
 'review_due_date': None,
 'reviewer': None,
 'source_team': 'khan-academy',
 'status': 'in-progress',
 'subtitler': None,
 'subtitles_due_date': None,
 'subtitles_uri': 'https://amara.org/api/videos/r5GxrHHwLVUX/languages/cs/subtitles/',
 'team': 'khan-academy',
 'video': 'r5GxrHHwLVUX',
 'video_uri': 'https://amara.org/api/videos/r5GxrHHwLVUX/',
 'work_completed': None,
 'work_status': 'needs-subtitler'}
Assigning subtitler danekhollas
Uploading new subtitles, complete=True

######################################

Title: Terrific Text Part 2 YTID=aGYG93jwNr8
Subtitle revision 22 (Public Amara)
{'actions_uri': 'https://amara.org/api/videos/N09mxt71oQHp/languages/cs/subtitles/actions/',
 'approval_due_date': None,
 'approver': None,
 'completed': None,
 'created': '2020-06-16T18:41:54Z',
 'due_date': None,
 'evaluation_teams': [],
 'job_id': '12QGPA6',
 'language': 'cs',
 'resource_uri': 'https://amara.org/api/teams/khan-academy/subtitle-requests/12QGPA6/',
 'review_due_date': None,
 'reviewer': None,
 'source_team': 'khan-academy',
 'status': 'in-progress',
 'subtitler': None,
 'subtitles_due_date': None,
 'subtitles_uri': 'https://amara.org/api/videos/N09mxt71oQHp/languages/cs/subtitles/',
 'team': 'khan-academy',
 'video': 'N09mxt71oQHp',
 'video_uri': 'https://amara.org/api/videos/N09mxt71oQHp/',
 'work_completed': None,
 'work_status': 'needs-subtitler'}
Assigning subtitler danekhollas
Uploading new subtitles, complete=True

######################################

Title: Functions (Video Version) YTID=5tmtBjdw62w
Subtitle revision 5 (Public Amara)
{'actions_uri': 'https://amara.org/api/videos/pMRotAf0vNOI/languages/cs/subtitles/actions/',
 'approval_due_date': None,
 'approver': None,
 'completed': None,
 'created': '2020-06-16T18:42:17Z',
 'due_date': None,
 'evaluation_teams': [],
 'job_id': 'TNB5WYA',
 'language': 'cs',
 'resource_uri': 'https://amara.org/api/teams/khan-academy/subtitle-requests/TNB5WYA/',
 'review_due_date': None,
 'reviewer': None,
 'source_team': 'khan-academy',
 'status': 'in-progress',
 'subtitler': None,
 'subtitles_due_date': None,
 'subtitles_uri': 'https://amara.org/api/videos/pMRotAf0vNOI/languages/cs/subtitles/',
 'team': 'khan-academy',
 'video': 'pMRotAf0vNOI',
 'video_uri': 'https://amara.org/api/videos/pMRotAf0vNOI/',
 'work_completed': None,
 'work_status': 'needs-subtitler'}
Assigning subtitler danekhollas
Uploading new subtitles, complete=True

######################################

Title: Resizing shapes with variable expressions YTID=KVBYgTrZXYI
Subtitle revision 14 (Public Amara)
Subtitle revision 0 (Team Amara)
{'actions_uri': 'https://amara.org/api/videos/j2qq2zmJec3g/languages/cs/subtitles/actions/',
 'approval_due_date': None,
 'approver': None,
 'completed': None,
 'created': '2020-06-16T18:20:04Z',
 'due_date': None,
 'evaluation_teams': [],
 'job_id': 'JTDXFUN',
 'language': 'cs',
 'resource_uri': 'https://amara.org/api/teams/khan-academy/subtitle-requests/JTDXFUN/',
 'review_due_date': None,
 'reviewer': None,
 'source_team': 'khan-academy',
 'status': 'in-progress',
 'subtitler': None,
 'subtitles_due_date': None,
 'subtitles_uri': 'https://amara.org/api/videos/j2qq2zmJec3g/languages/cs/subtitles/',
 'team': 'khan-academy',
 'video': 'j2qq2zmJec3g',
 'video_uri': 'https://amara.org/api/videos/j2qq2zmJec3g/',
 'work_completed': None,
 'work_status': 'needs-subtitler'}
Assigning subtitler danekhollas
Uploading new subtitles, complete=True

######################################

Title: Local and Global Variables (Video Version) YTID=5Blb_zQb5BY
Subtitle revision 29 (Public Amara)
{'actions_uri': 'https://amara.org/api/videos/GrIbB2jOpaDp/languages/cs/subtitles/actions/',
 'approval_due_date': None,
 'approver': None,
 'completed': None,
 'created': '2020-06-16T18:41:51Z',
 'due_date': None,
 'evaluation_teams': [],
 'job_id': 'U0JXVOT',
 'language': 'cs',
 'resource_uri': 'https://amara.org/api/teams/khan-academy/subtitle-requests/U0JXVOT/',
 'review_due_date': None,
 'reviewer': None,
 'source_team': 'khan-academy',
 'status': 'in-progress',
 'subtitler': None,
 'subtitles_due_date': None,
 'subtitles_uri': 'https://amara.org/api/videos/GrIbB2jOpaDp/languages/cs/subtitles/',
 'team': 'khan-academy',
 'video': 'GrIbB2jOpaDp',
 'video_uri': 'https://amara.org/api/videos/GrIbB2jOpaDp/',
 'work_completed': None,
 'work_status': 'needs-subtitler'}
Assigning subtitler danekhollas
Uploading new subtitles, complete=True

######################################

Title: Mouse Interaction (Video Version) YTID=RELJjY9VmhE
Subtitle revision 4 (Public Amara)
{'actions_uri': 'https://amara.org/api/videos/5BPvtGup6kVN/languages/cs/subtitles/actions/',
 'approval_due_date': None,
 'approver': None,
 'completed': None,
 'created': '2020-06-16T18:41:06Z',
 'due_date': None,
 'evaluation_teams': [],
 'job_id': 'SORQEGF',
 'language': 'cs',
 'resource_uri': 'https://amara.org/api/teams/khan-academy/subtitle-requests/SORQEGF/',
 'review_due_date': None,
 'reviewer': None,
 'source_team': 'khan-academy',
 'status': 'in-progress',
 'subtitler': None,
 'subtitles_due_date': None,
 'subtitles_uri': 'https://amara.org/api/videos/5BPvtGup6kVN/languages/cs/subtitles/',
 'team': 'khan-academy',
 'video': '5BPvtGup6kVN',
 'video_uri': 'https://amara.org/api/videos/5BPvtGup6kVN/',
 'work_completed': None,
 'work_status': 'needs-subtitler'}
Assigning subtitler danekhollas
Uploading new subtitles, complete=True

######################################

Title: More Mouse Interaction (Video Version) YTID=BgOmYxrCpyQ
Subtitle revision 9 (Public Amara)
{'actions_uri': 'https://amara.org/api/videos/5GTJayGpwgg9/languages/cs/subtitles/actions/',
 'approval_due_date': None,
 'approver': None,
 'completed': None,
 'created': '2020-06-16T18:41:34Z',
 'due_date': None,
 'evaluation_teams': [],
 'job_id': 'SWJEGHD',
 'language': 'cs',
 'resource_uri': 'https://amara.org/api/teams/khan-academy/subtitle-requests/SWJEGHD/',
 'review_due_date': None,
 'reviewer': None,
 'source_team': 'khan-academy',
 'status': 'in-progress',
 'subtitler': None,
 'subtitles_due_date': None,
 'subtitles_uri': 'https://amara.org/api/videos/5GTJayGpwgg9/languages/cs/subtitles/',
 'team': 'khan-academy',
 'video': '5GTJayGpwgg9',
 'video_uri': 'https://amara.org/api/videos/5GTJayGpwgg9/',
 'work_completed': None,
 'work_status': 'needs-subtitler'}
Assigning subtitler danekhollas
Uploading new subtitles, complete=True

######################################

Title: Booleans (Video Version) YTID=9kpzJKczOrw
Subtitle revision 9 (Public Amara)
{'actions_uri': 'https://amara.org/api/videos/rhE422Kv5dEM/languages/cs/subtitles/actions/',
 'approval_due_date': None,
 'approver': None,
 'completed': None,
 'created': '2020-06-16T18:42:24Z',
 'due_date': None,
 'evaluation_teams': [],
 'job_id': '3ATJPFL',
 'language': 'cs',
 'resource_uri': 'https://amara.org/api/teams/khan-academy/subtitle-requests/3ATJPFL/',
 'review_due_date': None,
 'reviewer': None,
 'source_team': 'khan-academy',
 'status': 'in-progress',
 'subtitler': None,
 'subtitles_due_date': None,
 'subtitles_uri': 'https://amara.org/api/videos/rhE422Kv5dEM/languages/cs/subtitles/',
 'team': 'khan-academy',
 'video': 'rhE422Kv5dEM',
 'video_uri': 'https://amara.org/api/videos/rhE422Kv5dEM/',
 'work_completed': None,
 'work_status': 'needs-subtitler'}
Assigning subtitler danekhollas
Using Amara username danekhollas
Using Amara username dhbot

######################################

Title: Booleans (Video Version) YTID=9kpzJKczOrw
Subtitle revision 9 (Public Amara)
{'actions_uri': 'https://amara.org/api/videos/rhE422Kv5dEM/languages/cs/subtitles/actions/',
 'approval_due_date': None,
 'approver': None,
 'completed': None,
 'created': '2020-06-16T18:42:24Z',
 'due_date': None,
 'evaluation_teams': [],
 'job_id': '3ATJPFL',
 'language': 'cs',
 'resource_uri': 'https://amara.org/api/teams/khan-academy/subtitle-requests/3ATJPFL/',
 'review_due_date': None,
 'reviewer': None,
 'source_team': 'khan-academy',
 'status': 'in-progress',
 'subtitler': None,
 'subtitles_due_date': None,
 'subtitles_uri': 'https://amara.org/api/videos/rhE422Kv5dEM/languages/cs/subtitles/',
 'team': 'khan-academy',
 'video': 'rhE422Kv5dEM',
 'video_uri': 'https://amara.org/api/videos/rhE422Kv5dEM/',
 'work_completed': None,
 'work_status': 'needs-subtitler'}
Assigning subtitler danekhollas
Uploading new subtitles, complete=True

######################################

Title: Special ProcessingJS functions YTID=LgTG7a74bOg
Subtitle revision 24 (Public Amara)
{'actions_uri': 'https://amara.org/api/videos/fJ7gA1wlCh7z/languages/cs/subtitles/actions/',
 'approval_due_date': None,
 'approver': None,
 'completed': None,
 'created': '2020-06-16T18:20:02Z',
 'due_date': None,
 'evaluation_teams': [],
 'job_id': '7AY4KJQ',
 'language': 'cs',
 'resource_uri': 'https://amara.org/api/teams/khan-academy/subtitle-requests/7AY4KJQ/',
 'review_due_date': None,
 'reviewer': None,
 'source_team': 'khan-academy',
 'status': 'in-progress',
 'subtitler': None,
 'subtitles_due_date': None,
 'subtitles_uri': 'https://amara.org/api/videos/fJ7gA1wlCh7z/languages/cs/subtitles/',
 'team': 'khan-academy',
 'video': 'fJ7gA1wlCh7z',
 'video_uri': 'https://amara.org/api/videos/fJ7gA1wlCh7z/',
 'work_completed': None,
 'work_status': 'needs-subtitler'}
Assigning subtitler danekhollas
Uploading new subtitles, complete=True

######################################

Title: More Variables (Video Version) YTID=wrtJ-KI6lL0
Subtitle revision 7 (Public Amara)
Subtitle revision 0 (Team Amara)
{'actions_uri': 'https://amara.org/api/videos/R7owWWH22Mkh/languages/cs/subtitles/actions/',
 'approval_due_date': None,
 'approver': None,
 'completed': None,
 'created': '2020-06-16T18:42:05Z',
 'due_date': None,
 'evaluation_teams': [],
 'job_id': '7841LUT',
 'language': 'cs',
 'resource_uri': 'https://amara.org/api/teams/khan-academy/subtitle-requests/7841LUT/',
 'review_due_date': None,
 'reviewer': None,
 'source_team': 'khan-academy',
 'status': 'in-progress',
 'subtitler': None,
 'subtitles_due_date': None,
 'subtitles_uri': 'https://amara.org/api/videos/R7owWWH22Mkh/languages/cs/subtitles/',
 'team': 'khan-academy',
 'video': 'R7owWWH22Mkh',
 'video_uri': 'https://amara.org/api/videos/R7owWWH22Mkh/',
 'work_completed': None,
 'work_status': 'needs-subtitler'}
Assigning subtitler danekhollas
Uploading new subtitles, complete=True

######################################

Title: Logical Operators (Video Version) YTID=99eEB9M2z2M
Subtitle revision 1 (Public Amara)
{'actions_uri': 'https://amara.org/api/videos/Bc99YOBa70QJ/languages/cs/subtitles/actions/',
 'approval_due_date': None,
 'approver': None,
 'completed': None,
 'created': '2020-06-16T18:41:49Z',
 'due_date': None,
 'evaluation_teams': [],
 'job_id': 'TEBP16L',
 'language': 'cs',
 'resource_uri': 'https://amara.org/api/teams/khan-academy/subtitle-requests/TEBP16L/',
 'review_due_date': None,
 'reviewer': None,
 'source_team': 'khan-academy',
 'status': 'in-progress',
 'subtitler': None,
 'subtitles_due_date': None,
 'subtitles_uri': 'https://amara.org/api/videos/Bc99YOBa70QJ/languages/cs/subtitles/',
 'team': 'khan-academy',
 'video': 'Bc99YOBa70QJ',
 'video_uri': 'https://amara.org/api/videos/Bc99YOBa70QJ/',
 'work_completed': None,
 'work_status': 'needs-subtitler'}
Assigning subtitler danekhollas
Uploading new subtitles, complete=True

######################################

Title: Readable Code (Video Version) YTID=_u-fqfr86Ro
Subtitle revision 31 (Public Amara)
{'actions_uri': 'https://amara.org/api/videos/b6U0IdjDAUdY/languages/cs/subtitles/actions/',
 'approval_due_date': None,
 'approver': None,
 'completed': None,
 'created': '2020-06-16T18:41:37Z',
 'due_date': None,
 'evaluation_teams': [],
 'job_id': 'ZN2HB43',
 'language': 'cs',
 'resource_uri': 'https://amara.org/api/teams/khan-academy/subtitle-requests/ZN2HB43/',
 'review_due_date': None,
 'reviewer': None,
 'source_team': 'khan-academy',
 'status': 'in-progress',
 'subtitler': None,
 'subtitles_due_date': None,
 'subtitles_uri': 'https://amara.org/api/videos/b6U0IdjDAUdY/languages/cs/subtitles/',
 'team': 'khan-academy',
 'video': 'b6U0IdjDAUdY',
 'video_uri': 'https://amara.org/api/videos/b6U0IdjDAUdY/',
 'work_completed': None,
 'work_status': 'needs-subtitler'}
Assigning subtitler danekhollas
Uploading new subtitles, complete=True

######################################

Title: If/Else Part 1 (Video Version) YTID=KekbivcYN5c
Subtitle revision 2 (Public Amara)
{'actions_uri': 'https://amara.org/api/videos/YJdlzOyCWEv7/languages/cs/subtitles/actions/',
 'approval_due_date': None,
 'approver': None,
 'completed': None,
 'created': '2020-06-16T18:42:15Z',
 'due_date': None,
 'evaluation_teams': [],
 'job_id': 'E8AGKLS',
 'language': 'cs',
 'resource_uri': 'https://amara.org/api/teams/khan-academy/subtitle-requests/E8AGKLS/',
 'review_due_date': None,
 'reviewer': None,
 'source_team': 'khan-academy',
 'status': 'in-progress',
 'subtitler': None,
 'subtitles_due_date': None,
 'subtitles_uri': 'https://amara.org/api/videos/YJdlzOyCWEv7/languages/cs/subtitles/',
 'team': 'khan-academy',
 'video': 'YJdlzOyCWEv7',
 'video_uri': 'https://amara.org/api/videos/YJdlzOyCWEv7/',
 'work_completed': None,
 'work_status': 'needs-subtitler'}
Assigning subtitler danekhollas
Uploading new subtitles, complete=True

######################################

Title: If/Else Part 2 (Video Version) YTID=Lj8FcPfb53I
Subtitle revision 2 (Public Amara)
{'actions_uri': 'https://amara.org/api/videos/VK2bHo02dZjb/languages/cs/subtitles/actions/',
 'approval_due_date': None,
 'approver': None,
 'completed': None,
 'created': '2020-06-16T18:42:13Z',
 'due_date': None,
 'evaluation_teams': [],
 'job_id': 'TFWYVLZ',
 'language': 'cs',
 'resource_uri': 'https://amara.org/api/teams/khan-academy/subtitle-requests/TFWYVLZ/',
 'review_due_date': None,
 'reviewer': None,
 'source_team': 'khan-academy',
 'status': 'in-progress',
 'subtitler': None,
 'subtitles_due_date': None,
 'subtitles_uri': 'https://amara.org/api/videos/VK2bHo02dZjb/languages/cs/subtitles/',
 'team': 'khan-academy',
 'video': 'VK2bHo02dZjb',
 'video_uri': 'https://amara.org/api/videos/VK2bHo02dZjb/',
 'work_completed': None,
 'work_status': 'needs-subtitler'}
Assigning subtitler danekhollas
Uploading new subtitles, complete=True

######################################

Title: Debugging with println()s (Video version) YTID=mN4MGNe59NQ
Subtitle revision 2 (Public Amara)
{'actions_uri': 'https://amara.org/api/videos/vYHh5INHOEKc/languages/cs/subtitles/actions/',
 'approval_due_date': None,
 'approver': None,
 'completed': None,
 'created': '2020-06-16T18:20:13Z',
 'due_date': None,
 'evaluation_teams': [],
 'job_id': 'AQW3IH8',
 'language': 'cs',
 'resource_uri': 'https://amara.org/api/teams/khan-academy/subtitle-requests/AQW3IH8/',
 'review_due_date': None,
 'reviewer': None,
 'source_team': 'khan-academy',
 'status': 'in-progress',
 'subtitler': None,
 'subtitles_due_date': None,
 'subtitles_uri': 'https://amara.org/api/videos/vYHh5INHOEKc/languages/cs/subtitles/',
 'team': 'khan-academy',
 'video': 'vYHh5INHOEKc',
 'video_uri': 'https://amara.org/api/videos/vYHh5INHOEKc/',
 'work_completed': None,
 'work_status': 'needs-subtitler'}
Assigning subtitler danekhollas
Uploading new subtitles, complete=True

######################################

Title: Intro to Arrays (Video Version) YTID=gUOwZkL09BE
Subtitle revision 2 (Public Amara)
{'actions_uri': 'https://amara.org/api/videos/pn9BhldI2l0M/languages/cs/subtitles/actions/',
 'approval_due_date': None,
 'approver': None,
 'completed': None,
 'created': '2020-06-16T18:41:46Z',
 'due_date': None,
 'evaluation_teams': [],
 'job_id': 'TZ5OE3B',
 'language': 'cs',
 'resource_uri': 'https://amara.org/api/teams/khan-academy/subtitle-requests/TZ5OE3B/',
 'review_due_date': None,
 'reviewer': None,
 'source_team': 'khan-academy',
 'status': 'in-progress',
 'subtitler': None,
 'subtitles_due_date': None,
 'subtitles_uri': 'https://amara.org/api/videos/pn9BhldI2l0M/languages/cs/subtitles/',
 'team': 'khan-academy',
 'video': 'pn9BhldI2l0M',
 'video_uri': 'https://amara.org/api/videos/pn9BhldI2l0M/',
 'work_completed': None,
 'work_status': 'needs-subtitler'}
Assigning subtitler danekhollas
Uploading new subtitles, complete=True

######################################

Title: Modifying Arrays (Video Version) YTID=CrIyQhB__pE
Subtitle revision 2 (Public Amara)
{'actions_uri': 'https://amara.org/api/videos/6vNtBHEJFXGD/languages/cs/subtitles/actions/',
 'approval_due_date': None,
 'approver': None,
 'completed': None,
 'created': '2020-06-16T18:41:42Z',
 'due_date': None,
 'evaluation_teams': [],
 'job_id': 'AMLY93R',
 'language': 'cs',
 'resource_uri': 'https://amara.org/api/teams/khan-academy/subtitle-requests/AMLY93R/',
 'review_due_date': None,
 'reviewer': None,
 'source_team': 'khan-academy',
 'status': 'in-progress',
 'subtitler': None,
 'subtitles_due_date': None,
 'subtitles_uri': 'https://amara.org/api/videos/6vNtBHEJFXGD/languages/cs/subtitles/',
 'team': 'khan-academy',
 'video': '6vNtBHEJFXGD',
 'video_uri': 'https://amara.org/api/videos/6vNtBHEJFXGD/',
 'work_completed': None,
 'work_status': 'needs-subtitler'}
Assigning subtitler danekhollas
Uploading new subtitles, complete=True

######################################

Title: Looping through Arrays (Video Version) YTID=s62gN0U1KKE
Subtitle revision 2 (Public Amara)
{'actions_uri': 'https://amara.org/api/videos/g5Qmv4U9wM4L/languages/cs/subtitles/actions/',
 'approval_due_date': None,
 'approver': None,
 'completed': None,
 'created': '2020-06-16T18:41:44Z',
 'due_date': None,
 'evaluation_teams': [],
 'job_id': 'C8D10JM',
 'language': 'cs',
 'resource_uri': 'https://amara.org/api/teams/khan-academy/subtitle-requests/C8D10JM/',
 'review_due_date': None,
 'reviewer': None,
 'source_team': 'khan-academy',
 'status': 'in-progress',
 'subtitler': None,
 'subtitles_due_date': None,
 'subtitles_uri': 'https://amara.org/api/videos/g5Qmv4U9wM4L/languages/cs/subtitles/',
 'team': 'khan-academy',
 'video': 'g5Qmv4U9wM4L',
 'video_uri': 'https://amara.org/api/videos/g5Qmv4U9wM4L/',
 'work_completed': None,
 'work_status': 'needs-subtitler'}
Assigning subtitler danekhollas
Uploading new subtitles, complete=True

######################################

Title: Intro to While Loops (Video Version) YTID=GRenY7Danbc
Subtitle revision 18 (Public Amara)
{'actions_uri': 'https://amara.org/api/videos/CPDu1j9ShgU2/languages/cs/subtitles/actions/',
 'approval_due_date': None,
 'approver': None,
 'completed': None,
 'created': '2020-06-16T18:41:48Z',
 'due_date': None,
 'evaluation_teams': [],
 'job_id': '10FCNUY',
 'language': 'cs',
 'resource_uri': 'https://amara.org/api/teams/khan-academy/subtitle-requests/10FCNUY/',
 'review_due_date': None,
 'reviewer': None,
 'source_team': 'khan-academy',
 'status': 'in-progress',
 'subtitler': None,
 'subtitles_due_date': None,
 'subtitles_uri': 'https://amara.org/api/videos/CPDu1j9ShgU2/languages/cs/subtitles/',
 'team': 'khan-academy',
 'video': 'CPDu1j9ShgU2',
 'video_uri': 'https://amara.org/api/videos/CPDu1j9ShgU2/',
 'work_completed': None,
 'work_status': 'needs-subtitler'}
Assigning subtitler danekhollas
Uploading new subtitles, complete=True

######################################

Title: Intro to Objects YTID=Lv1LWRQIBYg
Subtitle revision 3 (Public Amara)
{'actions_uri': 'https://amara.org/api/videos/xKNCLrZDMMvu/languages/cs/subtitles/actions/',
 'approval_due_date': None,
 'approver': None,
 'completed': None,
 'created': '2020-06-16T18:41:41Z',
 'due_date': None,
 'evaluation_teams': [],
 'job_id': 'J9Q0VNO',
 'language': 'cs',
 'resource_uri': 'https://amara.org/api/teams/khan-academy/subtitle-requests/J9Q0VNO/',
 'review_due_date': None,
 'reviewer': None,
 'source_team': 'khan-academy',
 'status': 'in-progress',
 'subtitler': None,
 'subtitles_due_date': None,
 'subtitles_uri': 'https://amara.org/api/videos/xKNCLrZDMMvu/languages/cs/subtitles/',
 'team': 'khan-academy',
 'video': 'xKNCLrZDMMvu',
 'video_uri': 'https://amara.org/api/videos/xKNCLrZDMMvu/',
 'work_completed': None,
 'work_status': 'needs-subtitler'}
Assigning subtitler danekhollas
Uploading new subtitles, complete=True

######################################

Title: Modifying Objects YTID=S_QuICPo6aM
Subtitle revision 2 (Public Amara)
{'actions_uri': 'https://amara.org/api/videos/wLVmeRHCHd7j/languages/cs/subtitles/actions/',
 'approval_due_date': None,
 'approver': None,
 'completed': None,
 'created': '2020-06-16T18:41:39Z',
 'due_date': None,
 'evaluation_teams': [],
 'job_id': '1F9KRXU',
 'language': 'cs',
 'resource_uri': 'https://amara.org/api/teams/khan-academy/subtitle-requests/1F9KRXU/',
 'review_due_date': None,
 'reviewer': None,
 'source_team': 'khan-academy',
 'status': 'in-progress',
 'subtitler': None,
 'subtitles_due_date': None,
 'subtitles_uri': 'https://amara.org/api/videos/wLVmeRHCHd7j/languages/cs/subtitles/',
 'team': 'khan-academy',
 'video': 'wLVmeRHCHd7j',
 'video_uri': 'https://amara.org/api/videos/wLVmeRHCHd7j/',
 'work_completed': None,
 'work_status': 'needs-subtitler'}
Assigning subtitler danekhollas
Uploading new subtitles, complete=True

######################################

Title: Object Inheritance (Video Version) YTID=UAk8Xr89hkI
Subtitle revision 20 (Public Amara)
{'actions_uri': 'https://amara.org/api/videos/WONKdndllake/languages/cs/subtitles/actions/',
 'approval_due_date': None,
 'approver': None,
 'completed': None,
 'created': '2020-06-16T18:41:30Z',
 'due_date': None,
 'evaluation_teams': [],
 'job_id': 'VJQXZYE',
 'language': 'cs',
 'resource_uri': 'https://amara.org/api/teams/khan-academy/subtitle-requests/VJQXZYE/',
 'review_due_date': None,
 'reviewer': None,
 'source_team': 'khan-academy',
 'status': 'in-progress',
 'subtitler': None,
 'subtitles_due_date': None,
 'subtitles_uri': 'https://amara.org/api/videos/WONKdndllake/languages/cs/subtitles/',
 'team': 'khan-academy',
 'video': 'WONKdndllake',
 'video_uri': 'https://amara.org/api/videos/WONKdndllake/',
 'work_completed': None,
 'work_status': 'needs-subtitler'}
Assigning subtitler danekhollas
Uploading new subtitles, complete=True

######################################

Title: Clarifying with Comments (Video Version) YTID=dW_88A5HBFU
Subtitle revision 27 (Public Amara)
{'actions_uri': 'https://amara.org/api/videos/xLzgR2b8FbsU/languages/cs/subtitles/actions/',
 'approval_due_date': None,
 'approver': None,
 'completed': None,
 'created': '2020-06-16T18:42:22Z',
 'due_date': None,
 'evaluation_teams': [],
 'job_id': 'CXA815U',
 'language': 'cs',
 'resource_uri': 'https://amara.org/api/teams/khan-academy/subtitle-requests/CXA815U/',
 'review_due_date': None,
 'reviewer': None,
 'source_team': 'khan-academy',
 'status': 'in-progress',
 'subtitler': None,
 'subtitles_due_date': None,
 'subtitles_uri': 'https://amara.org/api/videos/xLzgR2b8FbsU/languages/cs/subtitles/',
 'team': 'khan-academy',
 'video': 'xLzgR2b8FbsU',
 'video_uri': 'https://amara.org/api/videos/xLzgR2b8FbsU/',
 'work_completed': None,
 'work_status': 'needs-subtitler'}
Assigning subtitler danekhollas
Uploading new subtitles, complete=True
Using Amara username danekhollas
Using Amara username dhbot

######################################

Title: Clarifying with Comments (Video Version) YTID=dW_88A5HBFU
Subtitle revision 27 (Public Amara)
Subtitle revision 1 (Team Amara)
{'actions_uri': 'https://amara.org/api/videos/xLzgR2b8FbsU/languages/cs/subtitles/actions/',
 'approval_due_date': None,
 'approver': None,
 'completed': None,
 'created': '2020-06-16T18:42:22Z',
 'due_date': None,
 'evaluation_teams': [],
 'job_id': 'CXA815U',
 'language': 'cs',
 'resource_uri': 'https://amara.org/api/teams/khan-academy/subtitle-requests/CXA815U/',
 'review_due_date': None,
 'reviewer': None,
 'source_team': 'khan-academy',
 'status': 'in-progress',
 'subtitler': {'id': 'VMVtWMhbF-xDLVAKuVONU_n0qNN7eEik8MyawkD71j4',
               'uri': 'https://amara.org/api/users/id$VMVtWMhbF-xDLVAKuVONU_n0qNN7eEik8MyawkD71j4/',
               'username': 'danekhollas'},
 'subtitles_due_date': '2020-08-22T15:02:44Z',
 'subtitles_uri': 'https://amara.org/api/videos/xLzgR2b8FbsU/languages/cs/subtitles/',
 'team': 'khan-academy',
 'video': 'xLzgR2b8FbsU',
 'video_uri': 'https://amara.org/api/videos/xLzgR2b8FbsU/',
 'work_completed': None,
 'work_status': 'needs-reviewer'}
Video already has subtitles that needs review. Will upload new version and mark it as ready for review.
Assigning reviewer dhbot
Uploading new subtitles, complete=False
Unassigning reviewer

######################################

Title: Object Methods (Video Version) YTID=FrR8evjLujA
Subtitle revision 21 (Public Amara)
{'actions_uri': 'https://amara.org/api/videos/7eTV3ly8ZKXc/languages/cs/subtitles/actions/',
 'approval_due_date': None,
 'approver': None,
 'completed': None,
 'created': '2020-06-16T18:41:29Z',
 'due_date': None,
 'evaluation_teams': [],
 'job_id': '8NMEHWI',
 'language': 'cs',
 'resource_uri': 'https://amara.org/api/teams/khan-academy/subtitle-requests/8NMEHWI/',
 'review_due_date': None,
 'reviewer': None,
 'source_team': 'khan-academy',
 'status': 'in-progress',
 'subtitler': None,
 'subtitles_due_date': None,
 'subtitles_uri': 'https://amara.org/api/videos/7eTV3ly8ZKXc/languages/cs/subtitles/',
 'team': 'khan-academy',
 'video': '7eTV3ly8ZKXc',
 'video_uri': 'https://amara.org/api/videos/7eTV3ly8ZKXc/',
 'work_completed': None,
 'work_status': 'needs-subtitler'}
Assigning subtitler danekhollas
Uploading new subtitles, complete=True

######################################

Title: Intro To Variables (Video Version) YTID=KpJ385shzgM
Subtitle revision 5 (Public Amara)
{'actions_uri': 'https://amara.org/api/videos/VrOgNKV8g2Cr/languages/cs/subtitles/actions/',
 'approval_due_date': None,
 'approver': None,
 'completed': None,
 'created': '2020-06-16T18:42:07Z',
 'due_date': None,
 'evaluation_teams': [],
 'job_id': 'D7LSF8O',
 'language': 'cs',
 'resource_uri': 'https://amara.org/api/teams/khan-academy/subtitle-requests/D7LSF8O/',
 'review_due_date': None,
 'reviewer': None,
 'source_team': 'khan-academy',
 'status': 'in-progress',
 'subtitler': None,
 'subtitles_due_date': None,
 'subtitles_uri': 'https://amara.org/api/videos/VrOgNKV8g2Cr/languages/cs/subtitles/',
 'team': 'khan-academy',
 'video': 'VrOgNKV8g2Cr',
 'video_uri': 'https://amara.org/api/videos/VrOgNKV8g2Cr/',
 'work_completed': None,
 'work_status': 'needs-subtitler'}
Assigning subtitler danekhollas
Uploading new subtitles, complete=True

######################################

Title: Arrays of Objects (Video Version) YTID=XLMMzG032u8
Subtitle revision 1 (Public Amara)
{'actions_uri': 'https://amara.org/api/videos/rvKhBOo5HokL/languages/cs/subtitles/actions/',
 'approval_due_date': None,
 'approver': None,
 'completed': None,
 'created': '2020-06-16T18:42:25Z',
 'due_date': None,
 'evaluation_teams': [],
 'job_id': '0KZ7H5I',
 'language': 'cs',
 'resource_uri': 'https://amara.org/api/teams/khan-academy/subtitle-requests/0KZ7H5I/',
 'review_due_date': None,
 'reviewer': None,
 'source_team': 'khan-academy',
 'status': 'in-progress',
 'subtitler': None,
 'subtitles_due_date': None,
 'subtitles_uri': 'https://amara.org/api/videos/rvKhBOo5HokL/languages/cs/subtitles/',
 'team': 'khan-academy',
 'video': 'rvKhBOo5HokL',
 'video_uri': 'https://amara.org/api/videos/rvKhBOo5HokL/',
 'work_completed': None,
 'work_status': 'needs-subtitler'}
Assigning subtitler danekhollas
Uploading new subtitles, complete=True

######################################

Title: Object Types (Video Version) YTID=oNVItdG_Dys
Subtitle revision 20 (Public Amara)
{'actions_uri': 'https://amara.org/api/videos/zKmxBAVqgSEe/languages/cs/subtitles/actions/',
 'approval_due_date': None,
 'approver': None,
 'completed': None,
 'created': '2020-06-16T18:41:27Z',
 'due_date': None,
 'evaluation_teams': [],
 'job_id': 'DYMEORX',
 'language': 'cs',
 'resource_uri': 'https://amara.org/api/teams/khan-academy/subtitle-requests/DYMEORX/',
 'review_due_date': None,
 'reviewer': None,
 'source_team': 'khan-academy',
 'status': 'in-progress',
 'subtitler': None,
 'subtitles_due_date': None,
 'subtitles_uri': 'https://amara.org/api/videos/zKmxBAVqgSEe/languages/cs/subtitles/',
 'team': 'khan-academy',
 'video': 'zKmxBAVqgSEe',
 'video_uri': 'https://amara.org/api/videos/zKmxBAVqgSEe/',
 'work_completed': None,
 'work_status': 'needs-subtitler'}
Assigning subtitler danekhollas
Uploading new subtitles, complete=True
