Using Amara username danekhollas
Using Amara username dhbot

######################################

Title: Performing a rotation to match figures YTID=QWX39H9kKvE
Subtitle revision 1 (Public Amara)
Subtitle revision 1 (Team Amara)
Video already has published subtitles, uploading new version...
[{'action': 'endorse', 'label': 'Update subtitles', 'complete': True}]
[{'action': 'endorse', 'label': 'Update subtitles', 'complete': True}]

######################################

Title: Term Life Insurance and Death Probability YTID=NSSoMafbBqQ
Subtitle revision 6 (Public Amara)
Subtitle revision 1 (Team Amara)
Video already has published subtitles, uploading new version...
[{'action': 'endorse', 'label': 'Update subtitles', 'complete': True}]
[{'action': 'endorse', 'label': 'Update subtitles', 'complete': True}]

######################################

Title: Unit vectors YTID=jCkhbKFZgLk
Subtitle revision 3 (Public Amara)
Subtitle revision 1 (Team Amara)
Video already has published subtitles, uploading new version...
[{'action': 'endorse', 'label': 'Update subtitles', 'complete': True}]
[{'action': 'endorse', 'label': 'Update subtitles', 'complete': True}]

######################################

Title: Optimal Potatoes YTID=F5RyVWI4Onk
Subtitle revision 7 (Public Amara)
Using Amara username danekhollas
Using Amara username dhbot

######################################

Title: Lin Alg: Orthogonal Complement of the Nullspace YTID=LE_aQAur7nI
Subtitle revision 2 (Public Amara)
Subtitle revision 1 (Team Amara)
Video already has published subtitles, uploading new version...
[{'action': 'endorse', 'label': 'Update subtitles', 'complete': True}]
[{'action': 'endorse', 'label': 'Update subtitles', 'complete': True}]

######################################

Title: Span and Linear Independence Example YTID=9kW6zFK5E5c
Subtitle revision 6 (Public Amara)
Subtitle revision 1 (Team Amara)
Video already has published subtitles, uploading new version...
[{'action': 'endorse', 'label': 'Update subtitles', 'complete': True}]
[{'action': 'endorse', 'label': 'Update subtitles', 'complete': True}]

######################################

Title: Point distance to plane YTID=7rIFO8hct9g
Subtitle revision 17 (Public Amara)
Subtitle revision 1 (Team Amara)
Video already has published subtitles, uploading new version...
[{'action': 'endorse', 'label': 'Update subtitles', 'complete': True}]
[{'action': 'endorse', 'label': 'Update subtitles', 'complete': True}]

######################################

Title: Introduction to Projections YTID=27vT-NWuw0M
Subtitle revision 7 (Public Amara)
Subtitle revision 1 (Team Amara)
Video already has published subtitles, uploading new version...
[{'action': 'endorse', 'label': 'Update subtitles', 'complete': True}]
[{'action': 'endorse', 'label': 'Update subtitles', 'complete': True}]

######################################

Title: Solving exponential equation with logarithm YTID=R443Db-wJ5o
Subtitle revision 1 (Public Amara)
Subtitle revision 1 (Team Amara)
Video already has published subtitles, uploading new version...
[{'action': 'endorse', 'label': 'Update subtitles', 'complete': True}]
[{'action': 'endorse', 'label': 'Update subtitles', 'complete': True}]

######################################

Title: Introduction to Parametrizing a Surface with Two Parameters YTID=owKAHXf1y1A
Subtitle revision 24 (Public Amara)
Subtitle revision 1 (Team Amara)
Video already has published subtitles, uploading new version...
[{'action': 'endorse', 'label': 'Update subtitles', 'complete': True}]
[{'action': 'endorse', 'label': 'Update subtitles', 'complete': True}]

######################################

Title: Interpreting slope of a curve exercise YTID=CpDfay5NeCg
Subtitle revision 4 (Public Amara)
Subtitle revision 1 (Team Amara)
Video already has published subtitles, uploading new version...
[{'action': 'endorse', 'label': 'Update subtitles', 'complete': True}]
[{'action': 'endorse', 'label': 'Update subtitles', 'complete': True}]

######################################

Title: Matching function input to output YTID=0Rmmynff5Yc
Subtitle revision 1 (Public Amara)
Subtitle revision 1 (Team Amara)
Video already has published subtitles, uploading new version...
[{'action': 'endorse', 'label': 'Update subtitles', 'complete': True}]
[{'action': 'endorse', 'label': 'Update subtitles', 'complete': True}]

######################################

Title: Estimating limit numerically YTID=t7NvlTgMsO8
Subtitle revision 2 (Public Amara)
Subtitle revision 1 (Team Amara)
Video already has published subtitles, uploading new version...
[{'action': 'endorse', 'label': 'Update subtitles', 'complete': True}]
[{'action': 'endorse', 'label': 'Update subtitles', 'complete': True}]

######################################

Title: Unit vector notation YTID=9ylUcCOTH8Y
Subtitle revision 1 (Public Amara)
Subtitle revision 1 (Team Amara)
Video already has published subtitles, uploading new version...
[{'action': 'endorse', 'label': 'Update subtitles', 'complete': True}]
[{'action': 'endorse', 'label': 'Update subtitles', 'complete': True}]

######################################

Title: Statistical significance of experiment YTID=jLFeqQxGtOc
Subtitle revision 3 (Public Amara)
Subtitle revision 1 (Team Amara)
Video already has published subtitles, uploading new version...
[{'action': 'endorse', 'label': 'Update subtitles', 'complete': True}]
[{'action': 'endorse', 'label': 'Update subtitles', 'complete': True}]

######################################

Title: Analyzing trends in categorical data YTID=TXGhMDbbnzQ
Subtitle revision 4 (Public Amara)
Subtitle revision 1 (Team Amara)
Video already has published subtitles, uploading new version...
[{'action': 'endorse', 'label': 'Update subtitles', 'complete': True}]
[{'action': 'endorse', 'label': 'Update subtitles', 'complete': True}]

######################################

Title: Appropriate statistical study example YTID=RQPC_rUvHas
Subtitle revision 2 (Public Amara)
Subtitle revision 1 (Team Amara)
Video already has published subtitles, uploading new version...
[{'action': 'endorse', 'label': 'Update subtitles', 'complete': True}]
[{'action': 'endorse', 'label': 'Update subtitles', 'complete': True}]

######################################

Title: Statistical and non statistical questions YTID=qyYSQDcSNlY
Subtitle revision 2 (Public Amara)
Subtitle revision 1 (Team Amara)
Video already has published subtitles, uploading new version...
[{'action': 'endorse', 'label': 'Update subtitles', 'complete': True}]
[{'action': 'endorse', 'label': 'Update subtitles', 'complete': True}]

######################################

Title: Types of statistical studies YTID=z-Qi4w6Xkuc
Subtitle revision 3 (Public Amara)
Subtitle revision 1 (Team Amara)
Video already has published subtitles, uploading new version...
[{'action': 'endorse', 'label': 'Update subtitles', 'complete': True}]
[{'action': 'endorse', 'label': 'Update subtitles', 'complete': True}]

######################################

Title: Hypothesis Test for Difference of Means YTID=N984XGLjQfs
Subtitle revision 1 (Public Amara)
Subtitle revision 1 (Team Amara)
Video already has published subtitles, uploading new version...
[{'action': 'endorse', 'label': 'Update subtitles', 'complete': True}]
Using Amara username danekhollas
Using Amara username dhbot

######################################

Title: Clarification of Confidence Interval of Difference of Means YTID=yQsCMnz9wO8
Subtitle revision 1 (Public Amara)
Subtitle revision 1 (Team Amara)
Video already has published subtitles, uploading new version...
[{'action': 'endorse', 'label': 'Update subtitles', 'complete': True}]
[{'action': 'endorse', 'label': 'Update subtitles', 'complete': True}]

######################################

Title: Large Sample Proportion Hypothesis Testing YTID=1JT9oODsClE
Subtitle revision 3 (Public Amara)
Subtitle revision 1 (Team Amara)
Video already has published subtitles, uploading new version...
[{'action': 'endorse', 'label': 'Update subtitles', 'complete': True}]
[{'action': 'endorse', 'label': 'Update subtitles', 'complete': True}]

######################################

Title: Comparing Population Proportions 1 YTID=a1Ye5RcWOqg
Subtitle revision 4 (Public Amara)
Subtitle revision 1 (Team Amara)
Video already has published subtitles, uploading new version...
[{'action': 'endorse', 'label': 'Update subtitles', 'complete': True}]
[{'action': 'endorse', 'label': 'Update subtitles', 'complete': True}]

######################################

Title: Comparing Population Proportions 2 YTID=MNbat1lrJW4
Subtitle revision 3 (Public Amara)
Subtitle revision 1 (Team Amara)
Video already has published subtitles, uploading new version...
[{'action': 'endorse', 'label': 'Update subtitles', 'complete': True}]
[{'action': 'endorse', 'label': 'Update subtitles', 'complete': True}]

######################################

Title: ck12.org Normal Distribution Problems: z-score YTID=Wp2nVIzBsE8
Subtitle revision 1 (Public Amara)
Subtitle revision 1 (Team Amara)
Video already has published subtitles, uploading new version...
[{'action': 'endorse', 'label': 'Update subtitles', 'complete': True}]
[{'action': 'endorse', 'label': 'Update subtitles', 'complete': True}]

######################################

Title: ck12.org Normal Distribution Problems: Empirical Rule YTID=OhRr26AfFBU
Subtitle revision 2 (Public Amara)
Subtitle revision 1 (Team Amara)
Video already has published subtitles, uploading new version...
[{'action': 'endorse', 'label': 'Update subtitles', 'complete': True}]
[{'action': 'endorse', 'label': 'Update subtitles', 'complete': True}]

######################################

Title: Equivalent matrix expressions YTID=OjF765iVuF8
Subtitle revision 2 (Public Amara)
Subtitle revision 1 (Team Amara)
Video already has published subtitles, uploading new version...
[{'action': 'endorse', 'label': 'Update subtitles', 'complete': True}]
[{'action': 'endorse', 'label': 'Update subtitles', 'complete': True}]

######################################

Title: Associative property of matrix multiplication YTID=8Ryfe82DTcM
Subtitle revision 6 (Public Amara)
Subtitle revision 1 (Team Amara)
Video already has published subtitles, uploading new version...
[{'action': 'endorse', 'label': 'Update subtitles', 'complete': True}]
[{'action': 'endorse', 'label': 'Update subtitles', 'complete': True}]

######################################

Title: Is matrix multiplication commutative YTID=z-SU7P-gIoQ
Subtitle revision 5 (Public Amara)
Subtitle revision 1 (Team Amara)
Video already has published subtitles, uploading new version...
[{'action': 'endorse', 'label': 'Update subtitles', 'complete': True}]
[{'action': 'endorse', 'label': 'Update subtitles', 'complete': True}]

######################################

Title: Matrix multiplication introduction YTID=kT4Mp9EdVqs
Subtitle revision 5 (Public Amara)
Subtitle revision 1 (Team Amara)
Video already has published subtitles, uploading new version...
[{'action': 'endorse', 'label': 'Update subtitles', 'complete': True}]
[{'action': 'endorse', 'label': 'Update subtitles', 'complete': True}]

######################################

Title: Multiplying a matrix by a matrix YTID=OMA2Mwo0aZg
Subtitle revision 3 (Public Amara)
Subtitle revision 1 (Team Amara)
Video already has published subtitles, uploading new version...
[{'action': 'endorse', 'label': 'Update subtitles', 'complete': True}]
[{'action': 'endorse', 'label': 'Update subtitles', 'complete': True}]

######################################

Title: Matrices: Reduced Row Echelon Form 2 YTID=lP1DGtZ8Wys
Subtitle revision 5 (Public Amara)
Subtitle revision 1 (Team Amara)
Video already has published subtitles, uploading new version...
[{'action': 'endorse', 'label': 'Update subtitles', 'complete': True}]
[{'action': 'endorse', 'label': 'Update subtitles', 'complete': True}]

######################################

Title: Dimensions of identity matrix YTID=l7p1X5pdDoc
Subtitle revision 2 (Public Amara)
Subtitle revision 1 (Team Amara)
Video already has published subtitles, uploading new version...
[{'action': 'endorse', 'label': 'Update subtitles', 'complete': True}]
[{'action': 'endorse', 'label': 'Update subtitles', 'complete': True}]

######################################

Title: Identity matrix YTID=3cnIa0fYJkY
Subtitle revision 12 (Public Amara)
Subtitle revision 1 (Team Amara)
Video already has published subtitles, uploading new version...
[{'action': 'endorse', 'label': 'Update subtitles', 'complete': True}]
[{'action': 'endorse', 'label': 'Update subtitles', 'complete': True}]

######################################

Title: Zero matrix YTID=LOf8bfjiLow
Subtitle revision 2 (Public Amara)
Subtitle revision 1 (Team Amara)
Video already has published subtitles, uploading new version...
[{'action': 'endorse', 'label': 'Update subtitles', 'complete': True}]
[{'action': 'endorse', 'label': 'Update subtitles', 'complete': True}]

######################################

Title: Means and medians of different distributions YTID=eLyLbaXfJXo
Subtitle revision 3 (Public Amara)
Subtitle revision 1 (Team Amara)
Video already has published subtitles, uploading new version...
[{'action': 'endorse', 'label': 'Update subtitles', 'complete': True}]
[{'action': 'endorse', 'label': 'Update subtitles', 'complete': True}]

######################################

Title: Identity and zero matrix equation YTID=ikadoCpDNT8
Subtitle revision 4 (Public Amara)
Using Amara username danekhollas
Using Amara username dhbot

######################################

Title: Identity and zero matrix equation YTID=ikadoCpDNT8
Subtitle revision 4 (Public Amara)
Subtitle revision 1 (Team Amara)
Video already has published subtitles, uploading new version...
[{'action': 'endorse', 'label': 'Update subtitles', 'complete': True}]
[{'action': 'endorse', 'label': 'Update subtitles', 'complete': True}]

######################################

Title: Comparing models to fit data YTID=2EwTHdg-xgw
Subtitle revision 1 (Public Amara)
{'actions_uri': 'https://amara.org/api/videos/tYFcw3Ad8bK4/languages/cs/subtitles/actions/',
 'approval_due_date': None,
 'approver': None,
 'completed': None,
 'created': '2020-08-05T12:49:03Z',
 'due_date': None,
 'evaluation_teams': [],
 'job_id': 'R9MZ04H',
 'language': 'cs',
 'resource_uri': 'https://amara.org/api/teams/khan-academy/subtitle-requests/R9MZ04H/',
 'review_due_date': None,
 'reviewer': None,
 'source_team': 'khan-academy',
 'status': 'in-progress',
 'subtitler': None,
 'subtitles_due_date': None,
 'subtitles_uri': 'https://amara.org/api/videos/tYFcw3Ad8bK4/languages/cs/subtitles/',
 'team': 'khan-academy',
 'video': 'tYFcw3Ad8bK4',
 'video_uri': 'https://amara.org/api/videos/tYFcw3Ad8bK4/',
 'work_completed': None,
 'work_status': 'needs-subtitler'}
Assigning subtitler danekhollas
Uploading new subtitles, complete=True
Assigning reviewer dhbot

######################################

Title: Filling out frequency table for independent events YTID=TQJQeTpH_lw
Subtitle revision 1 (Public Amara)
{'actions_uri': 'https://amara.org/api/videos/pJ9yedyFkAMJ/languages/cs/subtitles/actions/',
 'approval_due_date': None,
 'approver': None,
 'completed': None,
 'created': '2020-08-05T12:50:16Z',
 'due_date': None,
 'evaluation_teams': [],
 'job_id': '6MJPK72',
 'language': 'cs',
 'resource_uri': 'https://amara.org/api/teams/khan-academy/subtitle-requests/6MJPK72/',
 'review_due_date': None,
 'reviewer': None,
 'source_team': 'khan-academy',
 'status': 'in-progress',
 'subtitler': None,
 'subtitles_due_date': None,
 'subtitles_uri': 'https://amara.org/api/videos/pJ9yedyFkAMJ/languages/cs/subtitles/',
 'team': 'khan-academy',
 'video': 'pJ9yedyFkAMJ',
 'video_uri': 'https://amara.org/api/videos/pJ9yedyFkAMJ/',
 'work_completed': None,
 'work_status': 'needs-subtitler'}
Assigning subtitler danekhollas
Uploading new subtitles, complete=True
Assigning reviewer dhbot

######################################

Title: Recognizing fractions exercise YTID=dXHqO955HxE
Subtitle revision 1 (Public Amara)
{'actions_uri': 'https://amara.org/api/videos/o8m2fKc7FuaI/languages/cs/subtitles/actions/',
 'approval_due_date': None,
 'approver': None,
 'completed': None,
 'created': '2020-08-05T12:48:26Z',
 'due_date': None,
 'evaluation_teams': [],
 'job_id': '4K1O7RT',
 'language': 'cs',
 'resource_uri': 'https://amara.org/api/teams/khan-academy/subtitle-requests/4K1O7RT/',
 'review_due_date': None,
 'reviewer': None,
 'source_team': 'khan-academy',
 'status': 'in-progress',
 'subtitler': None,
 'subtitles_due_date': None,
 'subtitles_uri': 'https://amara.org/api/videos/o8m2fKc7FuaI/languages/cs/subtitles/',
 'team': 'khan-academy',
 'video': 'o8m2fKc7FuaI',
 'video_uri': 'https://amara.org/api/videos/o8m2fKc7FuaI/',
 'work_completed': None,
 'work_status': 'needs-subtitler'}
Assigning subtitler danekhollas
Uploading new subtitles, complete=True
Assigning reviewer dhbot

######################################

Title: Partial Derivatives of Vector-Valued Functions YTID=c7ByaI3T7Dc
Subtitle revision 8 (Public Amara)
Subtitle revision 1 (Team Amara)
Video already has published subtitles, uploading new version...
[{'action': 'endorse', 'label': 'Update subtitles', 'complete': True}]
[{'action': 'endorse', 'label': 'Update subtitles', 'complete': True}]

######################################

Title: Next term in arithmetic sequence examples YTID=EU0c6qrrevA
Subtitle revision 9 (Public Amara)
{'actions_uri': 'https://amara.org/api/videos/qPvrt6JTddl9/languages/cs/subtitles/actions/',
 'approval_due_date': None,
 'approver': None,
 'completed': None,
 'created': '2020-07-06T19:00:18Z',
 'due_date': None,
 'evaluation_teams': [],
 'job_id': 'IUSVPBO',
 'language': 'cs',
 'resource_uri': 'https://amara.org/api/teams/khan-academy/subtitle-requests/IUSVPBO/',
 'review_due_date': None,
 'reviewer': None,
 'source_team': 'khan-academy',
 'status': 'in-progress',
 'subtitler': None,
 'subtitles_due_date': None,
 'subtitles_uri': 'https://amara.org/api/videos/qPvrt6JTddl9/languages/cs/subtitles/',
 'team': 'khan-academy',
 'video': 'qPvrt6JTddl9',
 'video_uri': 'https://amara.org/api/videos/qPvrt6JTddl9/',
 'work_completed': None,
 'work_status': 'needs-subtitler'}
Assigning subtitler danekhollas
Uploading new subtitles, complete=True
Assigning reviewer dhbot

######################################

Title: Preimage of a set YTID=zVsGtU8lIWs
Subtitle revision 2 (Public Amara)
{'actions_uri': 'https://amara.org/api/videos/SLJwa564OsPW/languages/cs/subtitles/actions/',
 'approval_due_date': None,
 'approver': None,
 'completed': None,
 'created': '2020-08-07T22:11:56Z',
 'due_date': None,
 'evaluation_teams': [],
 'job_id': 'UKY0C7Z',
 'language': 'cs',
 'resource_uri': 'https://amara.org/api/teams/khan-academy/subtitle-requests/UKY0C7Z/',
 'review_due_date': None,
 'reviewer': None,
 'source_team': 'khan-academy',
 'status': 'in-progress',
 'subtitler': None,
 'subtitles_due_date': None,
 'subtitles_uri': 'https://amara.org/api/videos/SLJwa564OsPW/languages/cs/subtitles/',
 'team': 'khan-academy',
 'video': 'SLJwa564OsPW',
 'video_uri': 'https://amara.org/api/videos/SLJwa564OsPW/',
 'work_completed': None,
 'work_status': 'needs-subtitler'}
Assigning subtitler danekhollas
Uploading new subtitles, complete=True
Assigning reviewer dhbot

######################################

Title: Constructing scale drawings YTID=f-gCYOCFMYc
Subtitle revision 3 (Public Amara)
Subtitle revision 0 (Team Amara)
{'actions_uri': 'https://amara.org/api/videos/H1HsAMqC0tGR/languages/cs/subtitles/actions/',
 'approval_due_date': None,
 'approver': None,
 'completed': None,
 'created': '2020-07-15T15:22:47Z',
 'due_date': None,
 'evaluation_teams': [],
 'job_id': '07Y6G3U',
 'language': 'cs',
 'resource_uri': 'https://amara.org/api/teams/khan-academy/subtitle-requests/07Y6G3U/',
 'review_due_date': None,
 'reviewer': None,
 'source_team': 'khan-academy',
 'status': 'in-progress',
 'subtitler': None,
 'subtitles_due_date': None,
 'subtitles_uri': 'https://amara.org/api/videos/H1HsAMqC0tGR/languages/cs/subtitles/',
 'team': 'khan-academy',
 'video': 'H1HsAMqC0tGR',
 'video_uri': 'https://amara.org/api/videos/H1HsAMqC0tGR/',
 'work_completed': None,
 'work_status': 'needs-subtitler'}
Assigning subtitler danekhollas
Uploading new subtitles, complete=True
Assigning reviewer dhbot

######################################

Title: Zero factorial or  0! YTID=HGoZfzz6dU0
Subtitle revision 5 (Public Amara)
{'actions_uri': 'https://amara.org/api/videos/wCl7h8nGAOaI/languages/cs/subtitles/actions/',
 'approval_due_date': None,
 'approver': None,
 'completed': None,
 'created': '2020-08-05T12:49:14Z',
 'due_date': None,
 'evaluation_teams': [],
 'job_id': 'LO4DFCM',
 'language': 'cs',
 'resource_uri': 'https://amara.org/api/teams/khan-academy/subtitle-requests/LO4DFCM/',
 'review_due_date': None,
 'reviewer': None,
 'source_team': 'khan-academy',
 'status': 'in-progress',
 'subtitler': None,
 'subtitles_due_date': None,
 'subtitles_uri': 'https://amara.org/api/videos/wCl7h8nGAOaI/languages/cs/subtitles/',
 'team': 'khan-academy',
 'video': 'wCl7h8nGAOaI',
 'video_uri': 'https://amara.org/api/videos/wCl7h8nGAOaI/',
 'work_completed': None,
 'work_status': 'needs-subtitler'}
Assigning subtitler danekhollas
Uploading new subtitles, complete=True
Assigning reviewer dhbot

######################################

Title: Finding the determinant of a 3x3 matrix method 2 YTID=u00I3MCrspU
Subtitle revision 3 (Public Amara)
{'actions_uri': 'https://amara.org/api/videos/my77ckKQcTtn/languages/cs/subtitles/actions/',
 'approval_due_date': None,
 'approver': None,
 'completed': None,
 'created': '2020-08-07T22:43:29Z',
 'due_date': None,
 'evaluation_teams': [],
 'job_id': 'G0MYD9H',
 'language': 'cs',
 'resource_uri': 'https://amara.org/api/teams/khan-academy/subtitle-requests/G0MYD9H/',
 'review_due_date': None,
 'reviewer': None,
 'source_team': 'khan-academy',
 'status': 'in-progress',
 'subtitler': None,
 'subtitles_due_date': None,
 'subtitles_uri': 'https://amara.org/api/videos/my77ckKQcTtn/languages/cs/subtitles/',
 'team': 'khan-academy',
 'video': 'my77ckKQcTtn',
 'video_uri': 'https://amara.org/api/videos/my77ckKQcTtn/',
 'work_completed': None,
 'work_status': 'needs-subtitler'}
Assigning subtitler danekhollas
Uploading new subtitles, complete=True
Assigning reviewer dhbot

######################################

Title: Recognizing rational and irrational expressions examples YTID=NC6HXlrH53Y
Subtitle revision 14 (Public Amara)
{'actions_uri': 'https://amara.org/api/videos/Rw5VDdK7LCt9/languages/cs/subtitles/actions/',
 'approval_due_date': None,
 'approver': None,
 'completed': None,
 'created': '2020-07-06T19:09:56Z',
 'due_date': None,
 'evaluation_teams': [],
 'job_id': 'LUVT0PC',
 'language': 'cs',
 'resource_uri': 'https://amara.org/api/teams/khan-academy/subtitle-requests/LUVT0PC/',
 'review_due_date': None,
 'reviewer': None,
 'source_team': 'khan-academy',
 'status': 'in-progress',
 'subtitler': None,
 'subtitles_due_date': None,
 'subtitles_uri': 'https://amara.org/api/videos/Rw5VDdK7LCt9/languages/cs/subtitles/',
 'team': 'khan-academy',
 'video': 'Rw5VDdK7LCt9',
 'video_uri': 'https://amara.org/api/videos/Rw5VDdK7LCt9/',
 'work_completed': None,
 'work_status': 'needs-subtitler'}
Assigning subtitler danekhollas
Uploading new subtitles, complete=True
Assigning reviewer dhbot

######################################

Title: ck12.org Normal Distribution Problems: Qualitative sense of normal distributions YTID=79duxPXpyKQ
Subtitle revision 2 (Public Amara)
{'actions_uri': 'https://amara.org/api/videos/bL6YQ2aOpQex/languages/cs/subtitles/actions/',
 'approval_due_date': None,
 'approver': None,
 'completed': None,
 'created': '2020-08-07T22:14:22Z',
 'due_date': None,
 'evaluation_teams': [],
 'job_id': '9E5ARO3',
 'language': 'cs',
 'resource_uri': 'https://amara.org/api/teams/khan-academy/subtitle-requests/9E5ARO3/',
 'review_due_date': None,
 'reviewer': None,
 'source_team': 'khan-academy',
 'status': 'in-progress',
 'subtitler': None,
 'subtitles_due_date': None,
 'subtitles_uri': 'https://amara.org/api/videos/bL6YQ2aOpQex/languages/cs/subtitles/',
 'team': 'khan-academy',
 'video': 'bL6YQ2aOpQex',
 'video_uri': 'https://amara.org/api/videos/bL6YQ2aOpQex/',
 'work_completed': None,
 'work_status': 'needs-subtitler'}
Assigning subtitler danekhollas
Uploading new subtitles, complete=True
Assigning reviewer dhbot

######################################

Title: Finding horizontal and vertical asymptotes YTID=P0ZgqB44Do4
Subtitle revision 1 (Public Amara)
{'actions_uri': 'https://amara.org/api/videos/5r26gxNdYnd0/languages/cs/subtitles/actions/',
 'approval_due_date': None,
 'approver': None,
 'completed': None,
 'created': '2020-08-05T12:51:27Z',
 'due_date': None,
 'evaluation_teams': [],
 'job_id': 'WB2DLSI',
 'language': 'cs',
 'resource_uri': 'https://amara.org/api/teams/khan-academy/subtitle-requests/WB2DLSI/',
 'review_due_date': None,
 'reviewer': None,
 'source_team': 'khan-academy',
 'status': 'in-progress',
 'subtitler': None,
 'subtitles_due_date': None,
 'subtitles_uri': 'https://amara.org/api/videos/5r26gxNdYnd0/languages/cs/subtitles/',
 'team': 'khan-academy',
 'video': '5r26gxNdYnd0',
 'video_uri': 'https://amara.org/api/videos/5r26gxNdYnd0/',
 'work_completed': None,
 'work_status': 'needs-subtitler'}
Assigning subtitler danekhollas
Uploading new subtitles, complete=True
Assigning reviewer dhbot
Using Amara username danekhollas
Using Amara username dhbot

######################################

Title: Representing data with matrices YTID=PPOIlLhsT6s
Subtitle revision 5 (Public Amara)
{'actions_uri': 'https://amara.org/api/videos/Md2zj0jsakuI/languages/cs/subtitles/actions/',
 'approval_due_date': None,
 'approver': None,
 'completed': None,
 'created': '2020-08-05T12:50:55Z',
 'due_date': None,
 'evaluation_teams': [],
 'job_id': 'TWHGBEA',
 'language': 'cs',
 'resource_uri': 'https://amara.org/api/teams/khan-academy/subtitle-requests/TWHGBEA/',
 'review_due_date': None,
 'reviewer': None,
 'source_team': 'khan-academy',
 'status': 'in-progress',
 'subtitler': None,
 'subtitles_due_date': None,
 'subtitles_uri': 'https://amara.org/api/videos/Md2zj0jsakuI/languages/cs/subtitles/',
 'team': 'khan-academy',
 'video': 'Md2zj0jsakuI',
 'video_uri': 'https://amara.org/api/videos/Md2zj0jsakuI/',
 'work_completed': None,
 'work_status': 'needs-subtitler'}
Assigning subtitler danekhollas
Uploading new subtitles, complete=True
Assigning reviewer dhbot

######################################

Title: Solving the matrix vector equation YTID=0_DYEFtlCiM
Subtitle revision 10 (Public Amara)
{'actions_uri': 'https://amara.org/api/videos/NYwswiI8iJSt/languages/cs/subtitles/actions/',
 'approval_due_date': None,
 'approver': None,
 'completed': None,
 'created': '2020-08-05T12:51:02Z',
 'due_date': None,
 'evaluation_teams': [],
 'job_id': 'LEH96C1',
 'language': 'cs',
 'resource_uri': 'https://amara.org/api/teams/khan-academy/subtitle-requests/LEH96C1/',
 'review_due_date': None,
 'reviewer': None,
 'source_team': 'khan-academy',
 'status': 'in-progress',
 'subtitler': None,
 'subtitles_due_date': None,
 'subtitles_uri': 'https://amara.org/api/videos/NYwswiI8iJSt/languages/cs/subtitles/',
 'team': 'khan-academy',
 'video': 'NYwswiI8iJSt',
 'video_uri': 'https://amara.org/api/videos/NYwswiI8iJSt/',
 'work_completed': None,
 'work_status': 'needs-subtitler'}
Assigning subtitler danekhollas
Uploading new subtitles, complete=True
Assigning reviewer dhbot

######################################

Title: Introduction to combinations YTID=iKy-d5_erhI
Subtitle revision 2 (Public Amara)
{'actions_uri': 'https://amara.org/api/videos/WbuVkWiWApYy/languages/cs/subtitles/actions/',
 'approval_due_date': None,
 'approver': None,
 'completed': None,
 'created': '2020-08-05T12:49:13Z',
 'due_date': None,
 'evaluation_teams': [],
 'job_id': 'RW3FH2X',
 'language': 'cs',
 'resource_uri': 'https://amara.org/api/teams/khan-academy/subtitle-requests/RW3FH2X/',
 'review_due_date': None,
 'reviewer': None,
 'source_team': 'khan-academy',
 'status': 'in-progress',
 'subtitler': None,
 'subtitles_due_date': None,
 'subtitles_uri': 'https://amara.org/api/videos/WbuVkWiWApYy/languages/cs/subtitles/',
 'team': 'khan-academy',
 'video': 'WbuVkWiWApYy',
 'video_uri': 'https://amara.org/api/videos/WbuVkWiWApYy/',
 'work_completed': None,
 'work_status': 'needs-subtitler'}
Assigning subtitler danekhollas
Uploading new subtitles, complete=True
Assigning reviewer dhbot

######################################

Title: Transformation matrix for position vector YTID=Kh8HKAxdEyw
Subtitle revision 4 (Public Amara)
{'actions_uri': 'https://amara.org/api/videos/YLZjK6rt1msk/languages/cs/subtitles/actions/',
 'approval_due_date': None,
 'approver': None,
 'completed': None,
 'created': '2020-08-05T12:50:57Z',
 'due_date': None,
 'evaluation_teams': [],
 'job_id': '25SQ9TO',
 'language': 'cs',
 'resource_uri': 'https://amara.org/api/teams/khan-academy/subtitle-requests/25SQ9TO/',
 'review_due_date': None,
 'reviewer': None,
 'source_team': 'khan-academy',
 'status': 'in-progress',
 'subtitler': None,
 'subtitles_due_date': None,
 'subtitles_uri': 'https://amara.org/api/videos/YLZjK6rt1msk/languages/cs/subtitles/',
 'team': 'khan-academy',
 'video': 'YLZjK6rt1msk',
 'video_uri': 'https://amara.org/api/videos/YLZjK6rt1msk/',
 'work_completed': None,
 'work_status': 'needs-subtitler'}
Assigning subtitler danekhollas
Uploading new subtitles, complete=True
Assigning reviewer dhbot

######################################

Title: Transforming a quadrilateral YTID=3tyM_M3FQNM
Subtitle revision 5 (Public Amara)
{'actions_uri': 'https://amara.org/api/videos/zHilC3j2zNWo/languages/cs/subtitles/actions/',
 'approval_due_date': None,
 'approver': None,
 'completed': None,
 'created': '2020-08-05T12:50:56Z',
 'due_date': None,
 'evaluation_teams': [],
 'job_id': '9EMBTWL',
 'language': 'cs',
 'resource_uri': 'https://amara.org/api/teams/khan-academy/subtitle-requests/9EMBTWL/',
 'review_due_date': None,
 'reviewer': None,
 'source_team': 'khan-academy',
 'status': 'in-progress',
 'subtitler': None,
 'subtitles_due_date': None,
 'subtitles_uri': 'https://amara.org/api/videos/zHilC3j2zNWo/languages/cs/subtitles/',
 'team': 'khan-academy',
 'video': 'zHilC3j2zNWo',
 'video_uri': 'https://amara.org/api/videos/zHilC3j2zNWo/',
 'work_completed': None,
 'work_status': 'needs-subtitler'}
Assigning subtitler danekhollas
Uploading new subtitles, complete=True
Assigning reviewer dhbot

######################################

Title: Example evaluating exponential model YTID=IpXL9HIkqUQ
Subtitle revision 1 (Public Amara)
{'actions_uri': 'https://amara.org/api/videos/encko7Dsjugr/languages/cs/subtitles/actions/',
 'approval_due_date': None,
 'approver': None,
 'completed': None,
 'created': '2020-07-06T18:56:06Z',
 'due_date': None,
 'evaluation_teams': [],
 'job_id': 'YOZ5DQH',
 'language': 'cs',
 'resource_uri': 'https://amara.org/api/teams/khan-academy/subtitle-requests/YOZ5DQH/',
 'review_due_date': None,
 'reviewer': None,
 'source_team': 'khan-academy',
 'status': 'in-progress',
 'subtitler': None,
 'subtitles_due_date': None,
 'subtitles_uri': 'https://amara.org/api/videos/encko7Dsjugr/languages/cs/subtitles/',
 'team': 'khan-academy',
 'video': 'encko7Dsjugr',
 'video_uri': 'https://amara.org/api/videos/encko7Dsjugr/',
 'work_completed': None,
 'work_status': 'needs-subtitler'}
Assigning subtitler danekhollas
Uploading new subtitles, complete=True
Assigning reviewer dhbot

######################################

Title: The Brachistochrone, with Steven Strogatz YTID=Cld0p3a43fU
Subtitle revision 11 (Public Amara)
Using Amara username danekhollas
Using Amara username dhbot

######################################

Title: How to match function input to output given the formula (example) YTID=tJBQZ3PUkPo
Subtitle revision 1 (Public Amara)
{'actions_uri': 'https://amara.org/api/videos/N6YmWytsOErQ/languages/cs/subtitles/actions/',
 'approval_due_date': None,
 'approver': None,
 'completed': None,
 'created': '2020-07-06T19:01:33Z',
 'due_date': None,
 'evaluation_teams': [],
 'job_id': 'G4XWN7R',
 'language': 'cs',
 'resource_uri': 'https://amara.org/api/teams/khan-academy/subtitle-requests/G4XWN7R/',
 'review_due_date': None,
 'reviewer': None,
 'source_team': 'khan-academy',
 'status': 'in-progress',
 'subtitler': None,
 'subtitles_due_date': None,
 'subtitles_uri': 'https://amara.org/api/videos/N6YmWytsOErQ/languages/cs/subtitles/',
 'team': 'khan-academy',
 'video': 'N6YmWytsOErQ',
 'video_uri': 'https://amara.org/api/videos/N6YmWytsOErQ/',
 'work_completed': None,
 'work_status': 'needs-subtitler'}
Assigning subtitler danekhollas
Uploading new subtitles, complete=True
Assigning reviewer dhbot

######################################

Title: Surface area of a box YTID=1iSBNSYhvIU
Subtitle revision 1 (Public Amara)
{'actions_uri': 'https://amara.org/api/videos/Hd665jC6a9YK/languages/cs/subtitles/actions/',
 'approval_due_date': None,
 'approver': None,
 'completed': None,
 'created': '2020-07-06T18:59:30Z',
 'due_date': None,
 'evaluation_teams': [],
 'job_id': 'SLHQCJE',
 'language': 'cs',
 'resource_uri': 'https://amara.org/api/teams/khan-academy/subtitle-requests/SLHQCJE/',
 'review_due_date': None,
 'reviewer': None,
 'source_team': 'khan-academy',
 'status': 'in-progress',
 'subtitler': None,
 'subtitles_due_date': None,
 'subtitles_uri': 'https://amara.org/api/videos/Hd665jC6a9YK/languages/cs/subtitles/',
 'team': 'khan-academy',
 'video': 'Hd665jC6a9YK',
 'video_uri': 'https://amara.org/api/videos/Hd665jC6a9YK/',
 'work_completed': None,
 'work_status': 'needs-subtitler'}
Assigning subtitler danekhollas
Uploading new subtitles, complete=True
Assigning reviewer dhbot

######################################

Title: Finding surface area using net YTID=mtMNvnm71Z0
Subtitle revision 1 (Public Amara)
{'actions_uri': 'https://amara.org/api/videos/cVFUMPWUh5aa/languages/cs/subtitles/actions/',
 'approval_due_date': None,
 'approver': None,
 'completed': None,
 'created': '2020-07-06T18:56:11Z',
 'due_date': None,
 'evaluation_teams': [],
 'job_id': 'LERDW9S',
 'language': 'cs',
 'resource_uri': 'https://amara.org/api/teams/khan-academy/subtitle-requests/LERDW9S/',
 'review_due_date': None,
 'reviewer': None,
 'source_team': 'khan-academy',
 'status': 'in-progress',
 'subtitler': None,
 'subtitles_due_date': None,
 'subtitles_uri': 'https://amara.org/api/videos/cVFUMPWUh5aa/languages/cs/subtitles/',
 'team': 'khan-academy',
 'video': 'cVFUMPWUh5aa',
 'video_uri': 'https://amara.org/api/videos/cVFUMPWUh5aa/',
 'work_completed': None,
 'work_status': 'needs-subtitler'}
Assigning subtitler danekhollas
Uploading new subtitles, complete=True
Assigning reviewer dhbot

######################################

Title: Parallel lines 3 YTID=y5yNi08cr6I
Subtitle revision 3 (Public Amara)
{'actions_uri': 'https://amara.org/api/videos/eTlDfXCOqye8/languages/cs/subtitles/actions/',
 'approval_due_date': None,
 'approver': None,
 'completed': None,
 'created': '2020-08-07T22:18:44Z',
 'due_date': None,
 'evaluation_teams': [],
 'job_id': 'B35XUMQ',
 'language': 'cs',
 'resource_uri': 'https://amara.org/api/teams/khan-academy/subtitle-requests/B35XUMQ/',
 'review_due_date': None,
 'reviewer': None,
 'source_team': 'khan-academy',
 'status': 'in-progress',
 'subtitler': None,
 'subtitles_due_date': None,
 'subtitles_uri': 'https://amara.org/api/videos/eTlDfXCOqye8/languages/cs/subtitles/',
 'team': 'khan-academy',
 'video': 'eTlDfXCOqye8',
 'video_uri': 'https://amara.org/api/videos/eTlDfXCOqye8/',
 'work_completed': None,
 'work_status': 'needs-subtitler'}
Assigning subtitler danekhollas
Uploading new subtitles, complete=True
Assigning reviewer dhbot

######################################

Title: Linear and nonlinear functions example 3) YTID=Pt-Tn6L60-o
Subtitle revision 1 (Public Amara)
{'actions_uri': 'https://amara.org/api/videos/YadWVSTTDktc/languages/cs/subtitles/actions/',
 'approval_due_date': None,
 'approver': None,
 'completed': None,
 'created': '2020-08-07T22:37:35Z',
 'due_date': None,
 'evaluation_teams': [],
 'job_id': 'HVLD0CK',
 'language': 'cs',
 'resource_uri': 'https://amara.org/api/teams/khan-academy/subtitle-requests/HVLD0CK/',
 'review_due_date': None,
 'reviewer': None,
 'source_team': 'khan-academy',
 'status': 'in-progress',
 'subtitler': None,
 'subtitles_due_date': None,
 'subtitles_uri': 'https://amara.org/api/videos/YadWVSTTDktc/languages/cs/subtitles/',
 'team': 'khan-academy',
 'video': 'YadWVSTTDktc',
 'video_uri': 'https://amara.org/api/videos/YadWVSTTDktc/',
 'work_completed': None,
 'work_status': 'needs-subtitler'}
Assigning subtitler danekhollas
Uploading new subtitles, complete=True
Assigning reviewer dhbot

######################################

Title: Compund Inequalities 2 YTID=d2cnQ5ahHgE
Subtitle revision 2 (Public Amara)
Subtitle revision 1 (Team Amara)
Video already has published subtitles, uploading new version...
[{'action': 'endorse', 'label': 'Update subtitles', 'complete': True}]
[{'action': 'endorse', 'label': 'Update subtitles', 'complete': True}]

######################################

Title: Counting pot and flower scenarios YTID=B_vAlneziHo
Subtitle revision 20 (Public Amara)
{'actions_uri': 'https://amara.org/api/videos/J0dtnvp8aAFA/languages/cs/subtitles/actions/',
 'approval_due_date': None,
 'approver': None,
 'completed': None,
 'created': '2020-08-05T12:49:13Z',
 'due_date': None,
 'evaluation_teams': [],
 'job_id': 'SCF4TN6',
 'language': 'cs',
 'resource_uri': 'https://amara.org/api/teams/khan-academy/subtitle-requests/SCF4TN6/',
 'review_due_date': None,
 'reviewer': None,
 'source_team': 'khan-academy',
 'status': 'in-progress',
 'subtitler': None,
 'subtitles_due_date': None,
 'subtitles_uri': 'https://amara.org/api/videos/J0dtnvp8aAFA/languages/cs/subtitles/',
 'team': 'khan-academy',
 'video': 'J0dtnvp8aAFA',
 'video_uri': 'https://amara.org/api/videos/J0dtnvp8aAFA/',
 'work_completed': None,
 'work_status': 'needs-subtitler'}
Assigning subtitler danekhollas
Uploading new subtitles, complete=True
Assigning reviewer dhbot

######################################

Title: Graphing equation for filling pool YTID=zSVrr8K_CiI
Subtitle revision 1 (Public Amara)
{'actions_uri': 'https://amara.org/api/videos/6bjFUHYTnWRj/languages/cs/subtitles/actions/',
 'approval_due_date': None,
 'approver': None,
 'completed': None,
 'created': '2020-07-06T19:07:51Z',
 'due_date': None,
 'evaluation_teams': [],
 'job_id': 'C83ZVM7',
 'language': 'cs',
 'resource_uri': 'https://amara.org/api/teams/khan-academy/subtitle-requests/C83ZVM7/',
 'review_due_date': None,
 'reviewer': None,
 'source_team': 'khan-academy',
 'status': 'in-progress',
 'subtitler': None,
 'subtitles_due_date': None,
 'subtitles_uri': 'https://amara.org/api/videos/6bjFUHYTnWRj/languages/cs/subtitles/',
 'team': 'khan-academy',
 'video': '6bjFUHYTnWRj',
 'video_uri': 'https://amara.org/api/videos/6bjFUHYTnWRj/',
 'work_completed': None,
 'work_status': 'needs-subtitler'}
Assigning subtitler danekhollas
Uploading new subtitles, complete=True
Assigning reviewer dhbot

######################################

Title: Modeling chain letter with exponential function YTID=FRW7SINSYco
Subtitle revision 1 (Public Amara)
{'actions_uri': 'https://amara.org/api/videos/vvrkhsD1AMKu/languages/cs/subtitles/actions/',
 'approval_due_date': None,
 'approver': None,
 'completed': None,
 'created': '2020-07-06T19:06:02Z',
 'due_date': None,
 'evaluation_teams': [],
 'job_id': 'U9GZ6CH',
 'language': 'cs',
 'resource_uri': 'https://amara.org/api/teams/khan-academy/subtitle-requests/U9GZ6CH/',
 'review_due_date': None,
 'reviewer': None,
 'source_team': 'khan-academy',
 'status': 'in-progress',
 'subtitler': None,
 'subtitles_due_date': None,
 'subtitles_uri': 'https://amara.org/api/videos/vvrkhsD1AMKu/languages/cs/subtitles/',
 'team': 'khan-academy',
 'video': 'vvrkhsD1AMKu',
 'video_uri': 'https://amara.org/api/videos/vvrkhsD1AMKu/',
 'work_completed': None,
 'work_status': 'needs-subtitler'}
Assigning subtitler danekhollas
Uploading new subtitles, complete=True
Assigning reviewer dhbot

######################################

Title: Finding the vertex of a parabola example YTID=IbI-l7mbKO4
Subtitle revision 5 (Public Amara)
Subtitle revision 0 (Team Amara)
{'actions_uri': 'https://amara.org/api/videos/yyJwCN1g6a28/languages/cs/subtitles/actions/',
 'approval_due_date': None,
 'approver': None,
 'completed': None,
 'created': '2020-07-15T15:28:19Z',
 'due_date': None,
 'evaluation_teams': [],
 'job_id': 'L16FEGB',
 'language': 'cs',
 'resource_uri': 'https://amara.org/api/teams/khan-academy/subtitle-requests/L16FEGB/',
 'review_due_date': None,
 'reviewer': None,
 'source_team': 'khan-academy',
 'status': 'in-progress',
 'subtitler': None,
 'subtitles_due_date': None,
 'subtitles_uri': 'https://amara.org/api/videos/yyJwCN1g6a28/languages/cs/subtitles/',
 'team': 'khan-academy',
 'video': 'yyJwCN1g6a28',
 'video_uri': 'https://amara.org/api/videos/yyJwCN1g6a28/',
 'work_completed': None,
 'work_status': 'needs-subtitler'}
Assigning subtitler danekhollas
Uploading new subtitles, complete=True
Using Amara username danekhollas
Using Amara username dhbot

######################################

Title: A5 YTID=0XAE9Q9jfBY
Subtitle revision 1 (Public Amara)
Subtitle revision 1 (Team Amara)
{'actions_uri': 'https://amara.org/api/videos/a8eDTFoCnb6L/languages/cs/subtitles/actions/',
 'approval_due_date': None,
 'approver': None,
 'completed': None,
 'created': '2020-06-16T18:48:17Z',
 'due_date': None,
 'evaluation_teams': [],
 'job_id': 'Q2J9MYV',
 'language': 'cs',
 'resource_uri': 'https://amara.org/api/teams/khan-academy/subtitle-requests/Q2J9MYV/',
 'review_due_date': None,
 'reviewer': None,
 'source_team': 'khan-academy',
 'status': 'in-progress',
 'subtitler': {'id': 'VMVtWMhbF-xDLVAKuVONU_n0qNN7eEik8MyawkD71j4',
               'uri': 'https://amara.org/api/users/id$VMVtWMhbF-xDLVAKuVONU_n0qNN7eEik8MyawkD71j4/',
               'username': 'danekhollas'},
 'subtitles_due_date': '2020-08-22T10:06:31Z',
 'subtitles_uri': 'https://amara.org/api/videos/a8eDTFoCnb6L/languages/cs/subtitles/',
 'team': 'khan-academy',
 'video': 'a8eDTFoCnb6L',
 'video_uri': 'https://amara.org/api/videos/a8eDTFoCnb6L/',
 'work_completed': None,
 'work_status': 'needs-reviewer'}
Assigning reviewer dhbot
Uploading new subtitles, complete=True

######################################

Title: Comparing swim times at the Olympics YTID=KXDOOmquZag
Subtitle revision 1 (Public Amara)
{'actions_uri': 'https://amara.org/api/videos/gZQBJHgkjsLs/languages/cs/subtitles/actions/',
 'approval_due_date': None,
 'approver': None,
 'completed': None,
 'created': '2020-07-15T15:23:15Z',
 'due_date': None,
 'evaluation_teams': [],
 'job_id': 'SQTUWP3',
 'language': 'cs',
 'resource_uri': 'https://amara.org/api/teams/khan-academy/subtitle-requests/SQTUWP3/',
 'review_due_date': None,
 'reviewer': None,
 'source_team': 'khan-academy',
 'status': 'in-progress',
 'subtitler': None,
 'subtitles_due_date': None,
 'subtitles_uri': 'https://amara.org/api/videos/gZQBJHgkjsLs/languages/cs/subtitles/',
 'team': 'khan-academy',
 'video': 'gZQBJHgkjsLs',
 'video_uri': 'https://amara.org/api/videos/gZQBJHgkjsLs/',
 'work_completed': None,
 'work_status': 'needs-subtitler'}
Assigning subtitler danekhollas
Uploading new subtitles, complete=True
Assigning reviewer dhbot

######################################

Title: Interpreting features of functions 2 (Example 1) YTID=M3PTPN7NH8M
Subtitle revision 1 (Public Amara)
{'actions_uri': 'https://amara.org/api/videos/xN9jfv2uejvj/languages/cs/subtitles/actions/',
 'approval_due_date': None,
 'approver': None,
 'completed': None,
 'created': '2020-08-07T22:37:23Z',
 'due_date': None,
 'evaluation_teams': [],
 'job_id': 'LKMPSTX',
 'language': 'cs',
 'resource_uri': 'https://amara.org/api/teams/khan-academy/subtitle-requests/LKMPSTX/',
 'review_due_date': None,
 'reviewer': None,
 'source_team': 'khan-academy',
 'status': 'in-progress',
 'subtitler': None,
 'subtitles_due_date': None,
 'subtitles_uri': 'https://amara.org/api/videos/xN9jfv2uejvj/languages/cs/subtitles/',
 'team': 'khan-academy',
 'video': 'xN9jfv2uejvj',
 'video_uri': 'https://amara.org/api/videos/xN9jfv2uejvj/',
 'work_completed': None,
 'work_status': 'needs-subtitler'}
Assigning subtitler danekhollas
Uploading new subtitles, complete=True
Assigning reviewer dhbot

######################################

Title: Flipping and shifting radical functions YTID=t5ry2rasWvI
Subtitle revision 14 (Public Amara)
{'actions_uri': 'https://amara.org/api/videos/CpIihIaX9lST/languages/cs/subtitles/actions/',
 'approval_due_date': None,
 'approver': None,
 'completed': None,
 'created': '2020-08-07T22:42:22Z',
 'due_date': None,
 'evaluation_teams': [],
 'job_id': 'KYTXI7E',
 'language': 'cs',
 'resource_uri': 'https://amara.org/api/teams/khan-academy/subtitle-requests/KYTXI7E/',
 'review_due_date': None,
 'reviewer': None,
 'source_team': 'khan-academy',
 'status': 'in-progress',
 'subtitler': None,
 'subtitles_due_date': None,
 'subtitles_uri': 'https://amara.org/api/videos/CpIihIaX9lST/languages/cs/subtitles/',
 'team': 'khan-academy',
 'video': 'CpIihIaX9lST',
 'video_uri': 'https://amara.org/api/videos/CpIihIaX9lST/',
 'work_completed': None,
 'work_status': 'needs-subtitler'}
Assigning subtitler danekhollas
Uploading new subtitles, complete=True
Assigning reviewer dhbot

######################################

Title: Heavier ball YTID=ZN48Ub3k8uE
Subtitle revision 19 (Public Amara)
Subtitle revision 1 (Team Amara)
Video already has published subtitles, uploading new version...
[{'action': 'endorse', 'label': 'Update subtitles', 'complete': True}]
[{'action': 'endorse', 'label': 'Update subtitles', 'complete': True}]

######################################

Title: e and compound interest YTID=BKGx8GMVu88
Subtitle revision 11 (Public Amara)
Subtitle revision 1 (Team Amara)
Video already has published subtitles, uploading new version...
[{'action': 'endorse', 'label': 'Update subtitles', 'complete': True}]
[{'action': 'endorse', 'label': 'Update subtitles', 'complete': True}]

######################################

Title: Deducing with logarithmic and exponential form YTID=Iz6IVf8frjw
Subtitle revision 7 (Public Amara)
Subtitle revision 1 (Team Amara)
Video already has published subtitles, uploading new version...
[{'action': 'endorse', 'label': 'Update subtitles', 'complete': True}]
[{'action': 'endorse', 'label': 'Update subtitles', 'complete': True}]

######################################

Title: Finding particular linear solution to differential equation YTID=zid7J4EhZN8
Subtitle revision 1 (Public Amara)
{'actions_uri': 'https://amara.org/api/videos/yCanrCdNA7kS/languages/cs/subtitles/actions/',
 'approval_due_date': None,
 'approver': None,
 'completed': None,
 'created': '2020-08-05T12:48:53Z',
 'due_date': None,
 'evaluation_teams': [],
 'job_id': 'KX3M8V2',
 'language': 'cs',
 'resource_uri': 'https://amara.org/api/teams/khan-academy/subtitle-requests/KX3M8V2/',
 'review_due_date': None,
 'reviewer': None,
 'source_team': 'khan-academy',
 'status': 'in-progress',
 'subtitler': None,
 'subtitles_due_date': None,
 'subtitles_uri': 'https://amara.org/api/videos/yCanrCdNA7kS/languages/cs/subtitles/',
 'team': 'khan-academy',
 'video': 'yCanrCdNA7kS',
 'video_uri': 'https://amara.org/api/videos/yCanrCdNA7kS/',
 'work_completed': None,
 'work_status': 'needs-subtitler'}
Assigning subtitler danekhollas
Uploading new subtitles, complete=True
Assigning reviewer dhbot

######################################

Title: Euler's method YTID=q87L9R9v274
Subtitle revision 1 (Public Amara)
{'actions_uri': 'https://amara.org/api/videos/F4O9nCFrb4vZ/languages/cs/subtitles/actions/',
 'approval_due_date': None,
 'approver': None,
 'completed': None,
 'created': '2020-07-13T16:09:41Z',
 'due_date': None,
 'evaluation_teams': [],
 'job_id': '682RM3V',
 'language': 'cs',
 'resource_uri': 'https://amara.org/api/teams/khan-academy/subtitle-requests/682RM3V/',
 'review_due_date': None,
 'reviewer': None,
 'source_team': 'khan-academy',
 'status': 'in-progress',
 'subtitler': None,
 'subtitles_due_date': None,
 'subtitles_uri': 'https://amara.org/api/videos/F4O9nCFrb4vZ/languages/cs/subtitles/',
 'team': 'khan-academy',
 'video': 'F4O9nCFrb4vZ',
 'video_uri': 'https://amara.org/api/videos/F4O9nCFrb4vZ/',
 'work_completed': None,
 'work_status': 'needs-subtitler'}
Assigning subtitler danekhollas
Uploading new subtitles, complete=True
Assigning reviewer dhbot

######################################

Title: Example of widget to graph exponential YTID=vlSEpdWf2hQ
Subtitle revision 1 (Public Amara)
{'actions_uri': 'https://amara.org/api/videos/cuvB9yYP7xze/languages/cs/subtitles/actions/',
 'approval_due_date': None,
 'approver': None,
 'completed': None,
 'created': '2020-07-06T19:06:48Z',
 'due_date': None,
 'evaluation_teams': [],
 'job_id': 'YE0GNI5',
 'language': 'cs',
 'resource_uri': 'https://amara.org/api/teams/khan-academy/subtitle-requests/YE0GNI5/',
 'review_due_date': None,
 'reviewer': None,
 'source_team': 'khan-academy',
 'status': 'in-progress',
 'subtitler': None,
 'subtitles_due_date': None,
 'subtitles_uri': 'https://amara.org/api/videos/cuvB9yYP7xze/languages/cs/subtitles/',
 'team': 'khan-academy',
 'video': 'cuvB9yYP7xze',
 'video_uri': 'https://amara.org/api/videos/cuvB9yYP7xze/',
 'work_completed': None,
 'work_status': 'needs-subtitler'}
Assigning subtitler danekhollas
Uploading new subtitles, complete=True
Assigning reviewer dhbot

######################################

Title: Separable differential equations YTID=DL-ozRGDlkY
Subtitle revision 2 (Public Amara)
{'actions_uri': 'https://amara.org/api/videos/U9rGuqJgvyBX/languages/cs/subtitles/actions/',
 'approval_due_date': None,
 'approver': None,
 'completed': None,
 'created': '2020-07-13T16:09:41Z',
 'due_date': None,
 'evaluation_teams': [],
 'job_id': 'B0J4END',
 'language': 'cs',
 'resource_uri': 'https://amara.org/api/teams/khan-academy/subtitle-requests/B0J4END/',
 'review_due_date': None,
 'reviewer': None,
 'source_team': 'khan-academy',
 'status': 'in-progress',
 'subtitler': None,
 'subtitles_due_date': None,
 'subtitles_uri': 'https://amara.org/api/videos/U9rGuqJgvyBX/languages/cs/subtitles/',
 'team': 'khan-academy',
 'video': 'U9rGuqJgvyBX',
 'video_uri': 'https://amara.org/api/videos/U9rGuqJgvyBX/',
 'work_completed': None,
 'work_status': 'needs-subtitler'}
Assigning subtitler danekhollas
Uploading new subtitles, complete=True
Assigning reviewer dhbot

######################################

Title: Particular solution to differential equation example YTID=E444KhRcWSk
Subtitle revision 1 (Public Amara)
{'actions_uri': 'https://amara.org/api/videos/m0DIgHummfL9/languages/cs/subtitles/actions/',
 'approval_due_date': None,
 'approver': None,
 'completed': None,
 'created': '2020-07-13T16:09:41Z',
 'due_date': None,
 'evaluation_teams': [],
 'job_id': 'PGROIDN',
 'language': 'cs',
 'resource_uri': 'https://amara.org/api/teams/khan-academy/subtitle-requests/PGROIDN/',
 'review_due_date': None,
 'reviewer': None,
 'source_team': 'khan-academy',
 'status': 'in-progress',
 'subtitler': None,
 'subtitles_due_date': None,
 'subtitles_uri': 'https://amara.org/api/videos/m0DIgHummfL9/languages/cs/subtitles/',
 'team': 'khan-academy',
 'video': 'm0DIgHummfL9',
 'video_uri': 'https://amara.org/api/videos/m0DIgHummfL9/',
 'work_completed': None,
 'work_status': 'needs-subtitler'}
Assigning subtitler danekhollas
Uploading new subtitles, complete=True
Assigning reviewer dhbot

######################################

Title: Average rate of change when function defined by equation YTID=6n0yxfWNFR4
Subtitle revision 1 (Public Amara)
{'actions_uri': 'https://amara.org/api/videos/tbKmCmVHxrao/languages/cs/subtitles/actions/',
 'approval_due_date': None,
 'approver': None,
 'completed': None,
 'created': '2020-08-07T22:40:42Z',
 'due_date': None,
 'evaluation_teams': [],
 'job_id': '8NVK2LX',
 'language': 'cs',
 'resource_uri': 'https://amara.org/api/teams/khan-academy/subtitle-requests/8NVK2LX/',
 'review_due_date': None,
 'reviewer': None,
 'source_team': 'khan-academy',
 'status': 'in-progress',
 'subtitler': None,
 'subtitles_due_date': None,
 'subtitles_uri': 'https://amara.org/api/videos/tbKmCmVHxrao/languages/cs/subtitles/',
 'team': 'khan-academy',
 'video': 'tbKmCmVHxrao',
 'video_uri': 'https://amara.org/api/videos/tbKmCmVHxrao/',
 'work_completed': None,
 'work_status': 'needs-subtitler'}
Assigning subtitler danekhollas
Uploading new subtitles, complete=True
Assigning reviewer dhbot
Using Amara username danekhollas
Using Amara username dhbot

######################################

Title: Drawing polygons exercise example YTID=yZw8z5BIwuQ
Subtitle revision 1 (Public Amara)
{'actions_uri': 'https://amara.org/api/videos/H3OL3GqonUHf/languages/cs/subtitles/actions/',
 'approval_due_date': None,
 'approver': None,
 'completed': None,
 'created': '2020-07-06T19:08:59Z',
 'due_date': None,
 'evaluation_teams': [],
 'job_id': 'KQMH3C7',
 'language': 'cs',
 'resource_uri': 'https://amara.org/api/teams/khan-academy/subtitle-requests/KQMH3C7/',
 'review_due_date': None,
 'reviewer': None,
 'source_team': 'khan-academy',
 'status': 'in-progress',
 'subtitler': None,
 'subtitles_due_date': None,
 'subtitles_uri': 'https://amara.org/api/videos/H3OL3GqonUHf/languages/cs/subtitles/',
 'team': 'khan-academy',
 'video': 'H3OL3GqonUHf',
 'video_uri': 'https://amara.org/api/videos/H3OL3GqonUHf/',
 'work_completed': None,
 'work_status': 'needs-subtitler'}
Assigning subtitler danekhollas
Uploading new subtitles, complete=True
Assigning reviewer dhbot

######################################

Title: Constructing an exponential equation example YTID=IlFD0LzAZeo
Subtitle revision 7 (Public Amara)
{'actions_uri': 'https://amara.org/api/videos/ONw2lztUrPSg/languages/cs/subtitles/actions/',
 'approval_due_date': None,
 'approver': None,
 'completed': None,
 'created': '2020-08-07T22:43:51Z',
 'due_date': None,
 'evaluation_teams': [],
 'job_id': 'DO3HM8R',
 'language': 'cs',
 'resource_uri': 'https://amara.org/api/teams/khan-academy/subtitle-requests/DO3HM8R/',
 'review_due_date': None,
 'reviewer': None,
 'source_team': 'khan-academy',
 'status': 'in-progress',
 'subtitler': None,
 'subtitles_due_date': None,
 'subtitles_uri': 'https://amara.org/api/videos/ONw2lztUrPSg/languages/cs/subtitles/',
 'team': 'khan-academy',
 'video': 'ONw2lztUrPSg',
 'video_uri': 'https://amara.org/api/videos/ONw2lztUrPSg/',
 'work_completed': None,
 'work_status': 'needs-subtitler'}
Assigning subtitler danekhollas
Uploading new subtitles, complete=True
Assigning reviewer dhbot

######################################

Title: Graphing a shifted and stretched absolute value function YTID=v6Ct2OEmGNU
Subtitle revision 1 (Public Amara)
{'actions_uri': 'https://amara.org/api/videos/v94T9IU5KwUd/languages/cs/subtitles/actions/',
 'approval_due_date': None,
 'approver': None,
 'completed': None,
 'created': '2020-07-06T18:56:51Z',
 'due_date': None,
 'evaluation_teams': [],
 'job_id': 'WR3GP5K',
 'language': 'cs',
 'resource_uri': 'https://amara.org/api/teams/khan-academy/subtitle-requests/WR3GP5K/',
 'review_due_date': None,
 'reviewer': None,
 'source_team': 'khan-academy',
 'status': 'in-progress',
 'subtitler': None,
 'subtitles_due_date': None,
 'subtitles_uri': 'https://amara.org/api/videos/v94T9IU5KwUd/languages/cs/subtitles/',
 'team': 'khan-academy',
 'video': 'v94T9IU5KwUd',
 'video_uri': 'https://amara.org/api/videos/v94T9IU5KwUd/',
 'work_completed': None,
 'work_status': 'needs-subtitler'}
Assigning subtitler danekhollas
Uploading new subtitles, complete=True
Assigning reviewer dhbot

######################################

Title: Fitting crates in a boxcar YTID=AxHAQ5l45FE
Subtitle revision 9 (Public Amara)
{'actions_uri': 'https://amara.org/api/videos/WU3jhOI1LCsr/languages/cs/subtitles/actions/',
 'approval_due_date': None,
 'approver': None,
 'completed': None,
 'created': '2020-07-15T15:22:58Z',
 'due_date': None,
 'evaluation_teams': [],
 'job_id': '1JZH0VI',
 'language': 'cs',
 'resource_uri': 'https://amara.org/api/teams/khan-academy/subtitle-requests/1JZH0VI/',
 'review_due_date': None,
 'reviewer': None,
 'source_team': 'khan-academy',
 'status': 'in-progress',
 'subtitler': None,
 'subtitles_due_date': None,
 'subtitles_uri': 'https://amara.org/api/videos/WU3jhOI1LCsr/languages/cs/subtitles/',
 'team': 'khan-academy',
 'video': 'WU3jhOI1LCsr',
 'video_uri': 'https://amara.org/api/videos/WU3jhOI1LCsr/',
 'work_completed': None,
 'work_status': 'needs-subtitler'}
Assigning subtitler danekhollas
Uploading new subtitles, complete=True
Assigning reviewer dhbot

######################################

Title: Making more pizzas to spread cost per pizza YTID=jQ15tkoXZoA
Subtitle revision 15 (Public Amara)
{'actions_uri': 'https://amara.org/api/videos/FVqqj7daq3ua/languages/cs/subtitles/actions/',
 'approval_due_date': None,
 'approver': None,
 'completed': None,
 'created': '2020-08-07T22:42:09Z',
 'due_date': None,
 'evaluation_teams': [],
 'job_id': 'CKU1N28',
 'language': 'cs',
 'resource_uri': 'https://amara.org/api/teams/khan-academy/subtitle-requests/CKU1N28/',
 'review_due_date': None,
 'reviewer': None,
 'source_team': 'khan-academy',
 'status': 'in-progress',
 'subtitler': None,
 'subtitles_due_date': None,
 'subtitles_uri': 'https://amara.org/api/videos/FVqqj7daq3ua/languages/cs/subtitles/',
 'team': 'khan-academy',
 'video': 'FVqqj7daq3ua',
 'video_uri': 'https://amara.org/api/videos/FVqqj7daq3ua/',
 'work_completed': None,
 'work_status': 'needs-subtitler'}
Assigning subtitler danekhollas
Uploading new subtitles, complete=True
Assigning reviewer dhbot

######################################

Title: Conditional Probability YTID=KqCKZwh5WY8
Subtitle revision 5 (Public Amara)
Subtitle revision 1 (Team Amara)
Video already has published subtitles, uploading new version...
[{'action': 'endorse', 'label': 'Update subtitles', 'complete': True}]
[{'action': 'endorse', 'label': 'Update subtitles', 'complete': True}]

######################################

Title: Lin Alg: A Projection onto a Subspace is a Linear Transforma YTID=cTyNpXB92bQ
Subtitle revision 23 (Public Amara)
{'actions_uri': 'https://amara.org/api/videos/DuFrHOmbjDvF/languages/cs/subtitles/actions/',
 'approval_due_date': None,
 'approver': None,
 'completed': None,
 'created': '2020-08-07T22:13:12Z',
 'due_date': None,
 'evaluation_teams': [],
 'job_id': '30UW7DC',
 'language': 'cs',
 'resource_uri': 'https://amara.org/api/teams/khan-academy/subtitle-requests/30UW7DC/',
 'review_due_date': None,
 'reviewer': None,
 'source_team': 'khan-academy',
 'status': 'in-progress',
 'subtitler': None,
 'subtitles_due_date': None,
 'subtitles_uri': 'https://amara.org/api/videos/DuFrHOmbjDvF/languages/cs/subtitles/',
 'team': 'khan-academy',
 'video': 'DuFrHOmbjDvF',
 'video_uri': 'https://amara.org/api/videos/DuFrHOmbjDvF/',
 'work_completed': None,
 'work_status': 'needs-subtitler'}
Assigning subtitler danekhollas
Uploading new subtitles, complete=True
Assigning reviewer dhbot
Using Amara username danekhollas
Using Amara username dhbot

######################################

Title: Lin Alg: A Projection onto a Subspace is a Linear Transforma YTID=cTyNpXB92bQ
Subtitle revision 23 (Public Amara)
Subtitle revision 1 (Team Amara)
{'actions_uri': 'https://amara.org/api/videos/DuFrHOmbjDvF/languages/cs/subtitles/actions/',
 'approval_due_date': None,
 'approver': None,
 'completed': None,
 'created': '2020-08-07T22:13:12Z',
 'due_date': None,
 'evaluation_teams': [],
 'job_id': '30UW7DC',
 'language': 'cs',
 'resource_uri': 'https://amara.org/api/teams/khan-academy/subtitle-requests/30UW7DC/',
 'review_due_date': '2020-08-22T14:21:17Z',
 'reviewer': {'id': 'zcruHQHTjbMr6Vyw11c61ujoyiT6jlNfm9MPyBJzJ6o',
              'uri': 'https://amara.org/api/users/id$zcruHQHTjbMr6Vyw11c61ujoyiT6jlNfm9MPyBJzJ6o/',
              'username': 'dhbot'},
 'source_team': 'khan-academy',
 'status': 'in-progress',
 'subtitler': {'id': 'VMVtWMhbF-xDLVAKuVONU_n0qNN7eEik8MyawkD71j4',
               'uri': 'https://amara.org/api/users/id$VMVtWMhbF-xDLVAKuVONU_n0qNN7eEik8MyawkD71j4/',
               'username': 'danekhollas'},
 'subtitles_due_date': '2020-08-22T14:21:16Z',
 'subtitles_uri': 'https://amara.org/api/videos/DuFrHOmbjDvF/languages/cs/subtitles/',
 'team': 'khan-academy',
 'video': 'DuFrHOmbjDvF',
 'video_uri': 'https://amara.org/api/videos/DuFrHOmbjDvF/',
 'work_completed': None,
 'work_status': 'being-reviewed'}
Subtitles already under review, assigning new reviewer dhbot
Uploading new subtitles, complete=True

######################################

Title: Trigonometric System Example YTID=Y2ed-g8Lpdc
Subtitle revision 3 (Public Amara)
Subtitle revision 1 (Team Amara)
Video already has published subtitles, uploading new version...
[{'action': 'endorse', 'label': 'Update subtitles', 'complete': True}]
[{'action': 'endorse', 'label': 'Update subtitles', 'complete': True}]

######################################

Title: 2003 AIME II Problem 11.avi YTID=smtrrefmC40
Subtitle revision 7 (Public Amara)
Subtitle revision 1 (Team Amara)
Video already has published subtitles, uploading new version...
[{'action': 'endorse', 'label': 'Update subtitles', 'complete': True}]
[{'action': 'endorse', 'label': 'Update subtitles', 'complete': True}]

######################################

Title: Another example using angle addition formula with cosine YTID=XGpEHj43kcc
Subtitle revision 1 (Public Amara)
Subtitle revision 1 (Team Amara)
Video already has published subtitles, uploading new version...
[{'action': 'endorse', 'label': 'Update subtitles', 'complete': True}]
[{'action': 'endorse', 'label': 'Update subtitles', 'complete': True}]

######################################

Title: IIT JEE Trigonometric Maximum YTID=tzR9jUCSniQ
Subtitle revision 3 (Public Amara)
Subtitle revision 1 (Team Amara)
Video already has published subtitles, uploading new version...
[{'action': 'endorse', 'label': 'Update subtitles', 'complete': True}]
[{'action': 'endorse', 'label': 'Update subtitles', 'complete': True}]

######################################

Title: Video games and violence YTID=ahyWUV7AwKw
Subtitle revision 2 (Public Amara)
Subtitle revision 0 (Team Amara)
{'actions_uri': 'https://amara.org/api/videos/Ga0o2h5qnIj1/languages/cs/subtitles/actions/',
 'approval_due_date': None,
 'approver': None,
 'completed': None,
 'created': '2020-07-15T15:22:54Z',
 'due_date': None,
 'evaluation_teams': [],
 'job_id': 'RDMQJON',
 'language': 'cs',
 'resource_uri': 'https://amara.org/api/teams/khan-academy/subtitle-requests/RDMQJON/',
 'review_due_date': None,
 'reviewer': None,
 'source_team': 'khan-academy',
 'status': 'in-progress',
 'subtitler': None,
 'subtitles_due_date': None,
 'subtitles_uri': 'https://amara.org/api/videos/Ga0o2h5qnIj1/languages/cs/subtitles/',
 'team': 'khan-academy',
 'video': 'Ga0o2h5qnIj1',
 'video_uri': 'https://amara.org/api/videos/Ga0o2h5qnIj1/',
 'work_completed': None,
 'work_status': 'needs-subtitler'}
Assigning subtitler danekhollas
Uploading new subtitles, complete=True
Assigning reviewer dhbot

######################################

Title: Indefinite integral properties YTID=YwR_82jgJ_Q
Subtitle revision 3 (Public Amara)
{'actions_uri': 'https://amara.org/api/videos/l5PbVkWzBN4c/languages/cs/subtitles/actions/',
 'approval_due_date': None,
 'approver': None,
 'completed': None,
 'created': '2020-07-06T19:08:09Z',
 'due_date': None,
 'evaluation_teams': [],
 'job_id': 'ANKG9T4',
 'language': 'cs',
 'resource_uri': 'https://amara.org/api/teams/khan-academy/subtitle-requests/ANKG9T4/',
 'review_due_date': None,
 'reviewer': None,
 'source_team': 'khan-academy',
 'status': 'in-progress',
 'subtitler': None,
 'subtitles_due_date': None,
 'subtitles_uri': 'https://amara.org/api/videos/l5PbVkWzBN4c/languages/cs/subtitles/',
 'team': 'khan-academy',
 'video': 'l5PbVkWzBN4c',
 'video_uri': 'https://amara.org/api/videos/l5PbVkWzBN4c/',
 'work_completed': None,
 'work_status': 'needs-subtitler'}
Assigning subtitler danekhollas
Uploading new subtitles, complete=True
Using Amara username danekhollas
Using Amara username dhbot

######################################

Title: Definite integrals: reverse power rule | AP Calculus AB | Khan Academy YTID=auOcNZFKfo0
Subtitle revision 6 (Public Amara)
{'actions_uri': 'https://amara.org/api/videos/r7bbCOtAxenS/languages/cs/subtitles/actions/',
 'approval_due_date': None,
 'approver': None,
 'completed': None,
 'created': '2020-06-16T18:58:53Z',
 'due_date': None,
 'evaluation_teams': [],
 'job_id': 'G8ZPYAC',
 'language': 'cs',
 'resource_uri': 'https://amara.org/api/teams/khan-academy/subtitle-requests/G8ZPYAC/',
 'review_due_date': None,
 'reviewer': None,
 'source_team': 'khan-academy',
 'status': 'in-progress',
 'subtitler': None,
 'subtitles_due_date': None,
 'subtitles_uri': 'https://amara.org/api/videos/r7bbCOtAxenS/languages/cs/subtitles/',
 'team': 'khan-academy',
 'video': 'r7bbCOtAxenS',
 'video_uri': 'https://amara.org/api/videos/r7bbCOtAxenS/',
 'work_completed': None,
 'work_status': 'needs-subtitler'}
Assigning subtitler danekhollas
Uploading new subtitles, complete=True
Assigning reviewer dhbot
