Using Amara username danekhollas
Using Amara username dhbot

######################################

Title: Cytotoxic T Cells YTID=oqI4skjr6lQ
Subtitle revision 5 (Public Amara)
Subtitle revision 1 (Team Amara)
Video already has published subtitles, uploading new version...
[{'action': 'endorse', 'label': 'Update subtitles', 'complete': True}]
[{'action': 'endorse', 'label': 'Update subtitles', 'complete': True}]

######################################

Title: NCLEX competition video YTID=scHysff-EC8
Subtitle revision 5 (Public Amara)
Video not found, skipping..
ERROR: Video is not on Khan Academy Amara! YTID=scHysff-EC8

######################################

Title: How to make a video YTID=u2F_dTulT0w
Subtitle revision 7 (Public Amara)
Video not found, skipping..
ERROR: Video is not on Khan Academy Amara! YTID=u2F_dTulT0w

######################################

Title: Flow through the Heart YTID=7XaftdE_h60
Subtitle revision 4 (Public Amara)
Subtitle revision 1 (Team Amara)
Video already has published subtitles, uploading new version...
[{'action': 'endorse', 'label': 'Update subtitles', 'complete': True}]
[{'action': 'endorse', 'label': 'Update subtitles', 'complete': True}]

######################################

Title: Layers of the Heart YTID=bm65xCS5ivo
Subtitle revision 13 (Public Amara)
Subtitle revision 1 (Team Amara)
Video already has published subtitles, uploading new version...
[{'action': 'endorse', 'label': 'Update subtitles', 'complete': True}]
[{'action': 'endorse', 'label': 'Update subtitles', 'complete': True}]

######################################

Title: Two Circulations in the Body YTID=K57qjYYjgIY
Subtitle revision 2 (Public Amara)
Subtitle revision 1 (Team Amara)
Video already has published subtitles, uploading new version...
[{'action': 'endorse', 'label': 'Update subtitles', 'complete': True}]
[{'action': 'endorse', 'label': 'Update subtitles', 'complete': True}]

######################################

Title: Lub Dub YTID=-4kGMI-qQ3I
Subtitle revision 3 (Public Amara)
Subtitle revision 1 (Team Amara)
Video already has published subtitles, uploading new version...
[{'action': 'endorse', 'label': 'Update subtitles', 'complete': True}]
[{'action': 'endorse', 'label': 'Update subtitles', 'complete': True}]

######################################

Title: Arteries vs. Veins - What's the difference? YTID=7b6LRebCgb4
Subtitle revision 8 (Public Amara)
Video not found, skipping..
ERROR: Video is not on Khan Academy Amara! YTID=7b6LRebCgb4

######################################

Title: Layers of a blood vessel YTID=VMwa6yC3r-s
Subtitle revision 3 (Public Amara)
Subtitle revision 1 (Team Amara)
Video already has published subtitles, uploading new version...
[{'action': 'endorse', 'label': 'Update subtitles', 'complete': True}]
[{'action': 'endorse', 'label': 'Update subtitles', 'complete': True}]

######################################

Title: Arteries, Arterioles, Venules, and Veins YTID=iqRTd1NY-pU
Subtitle revision 5 (Public Amara)
Subtitle revision 1 (Team Amara)
Video already has published subtitles, uploading new version...
[{'action': 'endorse', 'label': 'Update subtitles', 'complete': True}]
[{'action': 'endorse', 'label': 'Update subtitles', 'complete': True}]

######################################

Title: Three Types of Capillaries YTID=hSkIG4MdKqU
Subtitle revision 3 (Public Amara)
Subtitle revision 1 (Team Amara)
Video already has published subtitles, uploading new version...
[{'action': 'endorse', 'label': 'Update subtitles', 'complete': True}]
[{'action': 'endorse', 'label': 'Update subtitles', 'complete': True}]

######################################

Title: Pre-Capillary Sphincters YTID=yeX0uDpPBj4
Subtitle revision 3 (Public Amara)
Subtitle revision 1 (Team Amara)
Video already has published subtitles, uploading new version...
[{'action': 'endorse', 'label': 'Update subtitles', 'complete': True}]
[{'action': 'endorse', 'label': 'Update subtitles', 'complete': True}]

######################################

Title: What is blood pressure? YTID=J97G6BeYW0I
Subtitle revision 5 (Public Amara)
Subtitle revision 1 (Team Amara)
Video already has published subtitles, uploading new version...
[{'action': 'endorse', 'label': 'Update subtitles', 'complete': True}]
[{'action': 'endorse', 'label': 'Update subtitles', 'complete': True}]

######################################

Title: Learn how a stethoscope can help determine blood pressure YTID=A8xO92u0VFs
Subtitle revision 8 (Public Amara)
Subtitle revision 1 (Team Amara)
Video already has published subtitles, uploading new version...
[{'action': 'endorse', 'label': 'Update subtitles', 'complete': True}]
[{'action': 'endorse', 'label': 'Update subtitles', 'complete': True}]

######################################

Title: Regulation of blood pressure with baroreceptors YTID=ajLgwCygHsc
Subtitle revision 14 (Public Amara)
Subtitle revision 1 (Team Amara)
Video already has published subtitles, uploading new version...
[{'action': 'endorse', 'label': 'Update subtitles', 'complete': True}]
[{'action': 'endorse', 'label': 'Update subtitles', 'complete': True}]

######################################

Title: Parts of a nephron YTID=_vBJkK4eocA
Subtitle revision 4 (Public Amara)
Subtitle revision 1 (Team Amara)
Video already has published subtitles, uploading new version...
[{'action': 'endorse', 'label': 'Update subtitles', 'complete': True}]
[{'action': 'endorse', 'label': 'Update subtitles', 'complete': True}]

######################################

Title: General overview of the RAAS system - Cells and hormones YTID=BVUeCLt68Ik
Subtitle revision 11 (Public Amara)
Subtitle revision 1 (Team Amara)
Video already has published subtitles, uploading new version...
[{'action': 'endorse', 'label': 'Update subtitles', 'complete': True}]
[{'action': 'endorse', 'label': 'Update subtitles', 'complete': True}]
Error for video https://amara.org/api/videos/Yhs8925RQAeo/languages/cs/subtitles/actions/
429 Client Error: Too Many Requests for url: https://amara.org/api/videos/Yhs8925RQAeo/languages/cs/subtitles/actions/
Response: <Response [429]>

######################################

Title: Renin production in the kidneys YTID=AtlhAhONHyM
Subtitle revision 4 (Public Amara)
Subtitle revision 1 (Team Amara)
Video already has published subtitles, uploading new version...
[{'action': 'endorse', 'label': 'Update subtitles', 'complete': True}]
Using Amara username danekhollas
Using Amara username dhbot

######################################

Title: Renin production in the kidneys YTID=AtlhAhONHyM
Subtitle revision 4 (Public Amara)
Subtitle revision 2 (Team Amara)
Video already has published subtitles, uploading new version...
[{'action': 'endorse', 'label': 'Update subtitles', 'complete': True}]
[{'action': 'endorse', 'label': 'Update subtitles', 'complete': True}]

######################################

Title: ADH secretion YTID=8dQdfbE8kFU
Subtitle revision 20 (Public Amara)
Subtitle revision 1 (Team Amara)
Video already has published subtitles, uploading new version...
[{'action': 'endorse', 'label': 'Update subtitles', 'complete': True}]
[{'action': 'endorse', 'label': 'Update subtitles', 'complete': True}]

######################################

Title: People and plants YTID=lzWUG4H5QBo
Subtitle revision 6 (Public Amara)
Subtitle revision 1 (Team Amara)
Video already has published subtitles, uploading new version...
[{'action': 'endorse', 'label': 'Update subtitles', 'complete': True}]
[{'action': 'endorse', 'label': 'Update subtitles', 'complete': True}]

######################################

Title: Alveolar Gas Equation - Part 1 YTID=zZX9jJqSlQs
Subtitle revision 9 (Public Amara)
Subtitle revision 1 (Team Amara)
Video already has published subtitles, uploading new version...
[{'action': 'endorse', 'label': 'Update subtitles', 'complete': True}]
[{'action': 'endorse', 'label': 'Update subtitles', 'complete': True}]

######################################

Title: Peripheral Chemoreceptors YTID=cJXY3Cywrnc
Subtitle revision 10 (Public Amara)
Subtitle revision 1 (Team Amara)
Video already has published subtitles, uploading new version...
[{'action': 'endorse', 'label': 'Update subtitles', 'complete': True}]
[{'action': 'endorse', 'label': 'Update subtitles', 'complete': True}]

######################################

Title: Central Chemoreceptors YTID=lVacrVMmJX8
Subtitle revision 3 (Public Amara)
Subtitle revision 1 (Team Amara)
Video already has published subtitles, uploading new version...
[{'action': 'endorse', 'label': 'Update subtitles', 'complete': True}]
[{'action': 'endorse', 'label': 'Update subtitles', 'complete': True}]

######################################

Title: The Respiratory Center YTID=_BFDgTci0ck
Subtitle revision 10 (Public Amara)
Subtitle revision 1 (Team Amara)
Video already has published subtitles, uploading new version...
[{'action': 'endorse', 'label': 'Update subtitles', 'complete': True}]
[{'action': 'endorse', 'label': 'Update subtitles', 'complete': True}]

######################################

Title: Sneeze, Cough, and Hiccup YTID=V2vR5_B6C5I
Subtitle revision 8 (Public Amara)
Subtitle revision 1 (Team Amara)
Video already has published subtitles, uploading new version...
[{'action': 'endorse', 'label': 'Update subtitles', 'complete': True}]
[{'action': 'endorse', 'label': 'Update subtitles', 'complete': True}]

######################################

Title: Catching and Spreading the Flu YTID=6vy5CX6vK0I
Subtitle revision 4 (Public Amara)
{'actions_uri': 'https://amara.org/api/videos/VAj1xQ1w70FB/languages/cs/subtitles/actions/',
 'approval_due_date': None,
 'approver': None,
 'completed': None,
 'created': '2020-08-07T22:45:03Z',
 'due_date': None,
 'evaluation_teams': [],
 'job_id': 'YTQH9IE',
 'language': 'cs',
 'resource_uri': 'https://amara.org/api/teams/khan-academy/subtitle-requests/YTQH9IE/',
 'review_due_date': None,
 'reviewer': None,
 'source_team': 'khan-academy',
 'status': 'in-progress',
 'subtitler': None,
 'subtitles_due_date': None,
 'subtitles_uri': 'https://amara.org/api/videos/VAj1xQ1w70FB/languages/cs/subtitles/',
 'team': 'khan-academy',
 'video': 'VAj1xQ1w70FB',
 'video_uri': 'https://amara.org/api/videos/VAj1xQ1w70FB/',
 'work_completed': None,
 'work_status': 'needs-subtitler'}
Assigning subtitler danekhollas
Uploading new subtitles, complete=True

######################################

Title: When Flu Viruses Attack!. YTID=MNKXq7c3eQU
Subtitle revision 4 (Public Amara)
Subtitle revision 1 (Team Amara)
Video already has published subtitles, uploading new version...
[{'action': 'endorse', 'label': 'Update subtitles', 'complete': True}]
[{'action': 'endorse', 'label': 'Update subtitles', 'complete': True}]

######################################

Title: Genetic Shift in Flu YTID=-J--4Jc5FB0
Subtitle revision 11 (Public Amara)
Subtitle revision 1 (Team Amara)
Video already has published subtitles, uploading new version...
[{'action': 'endorse', 'label': 'Update subtitles', 'complete': True}]
[{'action': 'endorse', 'label': 'Update subtitles', 'complete': True}]

######################################

Title: Flu Vaccine Efficacy YTID=Ma9YxZiBiRU
Subtitle revision 3 (Public Amara)
Subtitle revision 1 (Team Amara)
Video already has published subtitles, uploading new version...
[{'action': 'endorse', 'label': 'Update subtitles', 'complete': True}]
[{'action': 'endorse', 'label': 'Update subtitles', 'complete': True}]

######################################

Title: Flu Vaccine Risks and Benefits YTID=2h09oj26_H0
Subtitle revision 13 (Public Amara)
Subtitle revision 1 (Team Amara)
Video already has published subtitles, uploading new version...
[{'action': 'endorse', 'label': 'Update subtitles', 'complete': True}]
[{'action': 'endorse', 'label': 'Update subtitles', 'complete': True}]

######################################

Title: Making Flu vaccine each year YTID=Xn29pt5159k
Subtitle revision 6 (Public Amara)
Subtitle revision 1 (Team Amara)
Video already has published subtitles, uploading new version...
[{'action': 'endorse', 'label': 'Update subtitles', 'complete': True}]
[{'action': 'endorse', 'label': 'Update subtitles', 'complete': True}]

######################################

Title: 5 Common Flu Vaccine Excuses YTID=wDghWK_Rr_E
Subtitle revision 10 (Public Amara)
Subtitle revision 1 (Team Amara)
Video already has published subtitles, uploading new version...
[{'action': 'endorse', 'label': 'Update subtitles', 'complete': True}]
[{'action': 'endorse', 'label': 'Update subtitles', 'complete': True}]

######################################

Title: Vaccines and the Autism Myth - Part 1 YTID=u6gpw_Deth8
Subtitle revision 11 (Public Amara)
Subtitle revision 1 (Team Amara)
Video already has published subtitles, uploading new version...
[{'action': 'endorse', 'label': 'Update subtitles', 'complete': True}]
[{'action': 'endorse', 'label': 'Update subtitles', 'complete': True}]

######################################

Title: Vaccines and the Autism Myth - Part 2 YTID=HGb9m1dbNdM
Subtitle revision 9 (Public Amara)
Subtitle revision 1 (Team Amara)
Video already has published subtitles, uploading new version...
[{'action': 'endorse', 'label': 'Update subtitles', 'complete': True}]
[{'action': 'endorse', 'label': 'Update subtitles', 'complete': True}]
429 Client Error: Too Many Requests for url: https://amara.org/api/videos/RI3mqEMuzYqU/languages/cs/subtitles/?format=vtt  in amara_api::download_subs

######################################

Title: What's Inside of Blood? YTID=5MOn8X-tyFw
Subtitle revision 22 (Public Amara)
Using Amara username danekhollas
Using Amara username dhbot

######################################

Title: What's Inside of Blood? YTID=5MOn8X-tyFw
Subtitle revision 22 (Public Amara)
Subtitle revision 1 (Team Amara)
Video already has published subtitles, uploading new version...
[{'action': 'endorse', 'label': 'Update subtitles', 'complete': True}]
[{'action': 'endorse', 'label': 'Update subtitles', 'complete': True}]

######################################

Title: Hemoglobin moves O2 and CO2 YTID=QP8ImP6NCk8
Subtitle revision 6 (Public Amara)
Subtitle revision 1 (Team Amara)
Video already has published subtitles, uploading new version...
[{'action': 'endorse', 'label': 'Update subtitles', 'complete': True}]
[{'action': 'endorse', 'label': 'Update subtitles', 'complete': True}]

######################################

Title: Fetal Hemoglobin and Hematocrit YTID=SqE5S1qS7ZU
Subtitle revision 6 (Public Amara)
Subtitle revision 1 (Team Amara)
Video already has published subtitles, uploading new version...
[{'action': 'endorse', 'label': 'Update subtitles', 'complete': True}]
[{'action': 'endorse', 'label': 'Update subtitles', 'complete': True}]

######################################

Title: Arteriosclerosis, Arteriolosclerosis, and Atherosclerosis YTID=_T60pBGcoQU
Subtitle revision 5 (Public Amara)
Subtitle revision 1 (Team Amara)
Video already has published subtitles, uploading new version...
[{'action': 'endorse', 'label': 'Update subtitles', 'complete': True}]
[{'action': 'endorse', 'label': 'Update subtitles', 'complete': True}]

######################################

Title: Atherosclerosis - Part 1 YTID=1qifvZnpKjU
Subtitle revision 3 (Public Amara)
Subtitle revision 1 (Team Amara)
Video already has published subtitles, uploading new version...
[{'action': 'endorse', 'label': 'Update subtitles', 'complete': True}]
[{'action': 'endorse', 'label': 'Update subtitles', 'complete': True}]

######################################

Title: Meet the Placenta! YTID=VuTJPciLcnM
Subtitle revision 7 (Public Amara)
Subtitle revision 1 (Team Amara)
Video already has published subtitles, uploading new version...
[{'action': 'endorse', 'label': 'Update subtitles', 'complete': True}]
[{'action': 'endorse', 'label': 'Update subtitles', 'complete': True}]

######################################

Title: Krevní oběh plodu YTID=-IRkisEtzsk
Subtitle revision 4 (Public Amara)
Subtitle revision 1 (Team Amara)
Video already has published subtitles, uploading new version...
[{'action': 'endorse', 'label': 'Update subtitles', 'complete': True}]
[{'action': 'endorse', 'label': 'Update subtitles', 'complete': True}]

######################################

Title: Baby Circulation Right After Birth YTID=jFn0dyU5wUw
Subtitle revision 10 (Public Amara)
Subtitle revision 1 (Team Amara)
Video already has published subtitles, uploading new version...
[{'action': 'endorse', 'label': 'Update subtitles', 'complete': True}]
[{'action': 'endorse', 'label': 'Update subtitles', 'complete': True}]

######################################

Title: Fetal Structures in an Adult YTID=Oga0K4reWoY
Subtitle revision 2 (Public Amara)
Subtitle revision 1 (Team Amara)
Video already has published subtitles, uploading new version...
[{'action': 'endorse', 'label': 'Update subtitles', 'complete': True}]
[{'action': 'endorse', 'label': 'Update subtitles', 'complete': True}]

######################################

Title: Stored elastic energy in large and middle sized arteries YTID=QcK7n-EqnQU
Subtitle revision 3 (Public Amara)
{'actions_uri': 'https://amara.org/api/videos/EOB2OEwWaLdp/languages/cs/subtitles/actions/',
 'approval_due_date': None,
 'approver': None,
 'completed': None,
 'created': '2020-08-07T22:47:08Z',
 'due_date': None,
 'evaluation_teams': [],
 'job_id': 'YW206XP',
 'language': 'cs',
 'resource_uri': 'https://amara.org/api/teams/khan-academy/subtitle-requests/YW206XP/',
 'review_due_date': None,
 'reviewer': None,
 'source_team': 'khan-academy',
 'status': 'in-progress',
 'subtitler': None,
 'subtitles_due_date': None,
 'subtitles_uri': 'https://amara.org/api/videos/EOB2OEwWaLdp/languages/cs/subtitles/',
 'team': 'khan-academy',
 'video': 'EOB2OEwWaLdp',
 'video_uri': 'https://amara.org/api/videos/EOB2OEwWaLdp/',
 'work_completed': None,
 'work_status': 'needs-subtitler'}
Assigning subtitler danekhollas
Uploading new subtitles, complete=True

######################################

Title: Compliance - Increased blood flow YTID=LcyEXlCIkmA
Subtitle revision 3 (Public Amara)
Subtitle revision 1 (Team Amara)
Video already has published subtitles, uploading new version...
[{'action': 'endorse', 'label': 'Update subtitles', 'complete': True}]
[{'action': 'endorse', 'label': 'Update subtitles', 'complete': True}]

######################################

Title: Low salt diet YTID=54c_oPpTTP8
Subtitle revision 3 (Public Amara)
Subtitle revision 1 (Team Amara)
Video already has published subtitles, uploading new version...
[{'action': 'endorse', 'label': 'Update subtitles', 'complete': True}]
[{'action': 'endorse', 'label': 'Update subtitles', 'complete': True}]

######################################

Title: Spotting salty foods YTID=O3A47Il5h1A
Subtitle revision 2 (Public Amara)
Subtitle revision 1 (Team Amara)
Video already has published subtitles, uploading new version...
[{'action': 'endorse', 'label': 'Update subtitles', 'complete': True}]
[{'action': 'endorse', 'label': 'Update subtitles', 'complete': True}]

######################################

Title: Calculate your own Body Mass Index YTID=5RXRr8PKunk
Subtitle revision 4 (Public Amara)
Subtitle revision 1 (Team Amara)
Video already has published subtitles, uploading new version...
[{'action': 'endorse', 'label': 'Update subtitles', 'complete': True}]
[{'action': 'endorse', 'label': 'Update subtitles', 'complete': True}]

######################################

Title: 11 major muscle groups YTID=rKE63BBouP8
Subtitle revision 3 (Public Amara)
Subtitle revision 1 (Team Amara)
Video already has published subtitles, uploading new version...
[{'action': 'endorse', 'label': 'Update subtitles', 'complete': True}]
[{'action': 'endorse', 'label': 'Update subtitles', 'complete': True}]
ERROR for video https://amara.org/api/videos/W8BzpUoNc9Uw/languages/cs/subtitles/

<Response [400]>

######################################

Title: Precocious Puberty YTID=XhYQYVQq6K0
Subtitle revision 14 (Public Amara)
Subtitle revision 1 (Team Amara)
Video already has published subtitles, uploading new version...
[{'action': 'endorse', 'label': 'Update subtitles', 'complete': True}]
Using Amara username danekhollas
Using Amara username dhbot

######################################

Title: General overview of the RAAS system - Cells and hormones YTID=BVUeCLt68Ik
Subtitle revision 11 (Public Amara)
Subtitle revision 2 (Team Amara)
Video already has published subtitles, uploading new version...
[{'action': 'endorse', 'label': 'Update subtitles', 'complete': True}]
[{'action': 'endorse', 'label': 'Update subtitles', 'complete': True}]

######################################

Title: Peripheral Chemoreceptors YTID=cJXY3Cywrnc
Subtitle revision 10 (Public Amara)
Subtitle revision 2 (Team Amara)
Video already has published subtitles, uploading new version...
[{'action': 'endorse', 'label': 'Update subtitles', 'complete': True}]
[{'action': 'endorse', 'label': 'Update subtitles', 'complete': True}]

######################################

Title: Catching and Spreading the Flu YTID=6vy5CX6vK0I
Subtitle revision 4 (Public Amara)
Subtitle revision 1 (Team Amara)
{'actions_uri': 'https://amara.org/api/videos/VAj1xQ1w70FB/languages/cs/subtitles/actions/',
 'approval_due_date': None,
 'approver': None,
 'completed': None,
 'created': '2020-08-07T22:45:03Z',
 'due_date': None,
 'evaluation_teams': [],
 'job_id': 'YTQH9IE',
 'language': 'cs',
 'resource_uri': 'https://amara.org/api/teams/khan-academy/subtitle-requests/YTQH9IE/',
 'review_due_date': None,
 'reviewer': None,
 'source_team': 'khan-academy',
 'status': 'in-progress',
 'subtitler': {'id': 'VMVtWMhbF-xDLVAKuVONU_n0qNN7eEik8MyawkD71j4',
               'uri': 'https://amara.org/api/users/id$VMVtWMhbF-xDLVAKuVONU_n0qNN7eEik8MyawkD71j4/',
               'username': 'danekhollas'},
 'subtitles_due_date': '2020-08-22T17:31:36Z',
 'subtitles_uri': 'https://amara.org/api/videos/VAj1xQ1w70FB/languages/cs/subtitles/',
 'team': 'khan-academy',
 'video': 'VAj1xQ1w70FB',
 'video_uri': 'https://amara.org/api/videos/VAj1xQ1w70FB/',
 'work_completed': None,
 'work_status': 'needs-reviewer'}
Video already has subtitles that needs review. Will upload new version and mark it as ready for review.
Assigning reviewer dhbot
Uploading new subtitles, complete=False
Unassigning reviewer

######################################

Title: Stored elastic energy in large and middle sized arteries YTID=QcK7n-EqnQU
Subtitle revision 3 (Public Amara)
Subtitle revision 1 (Team Amara)
{'actions_uri': 'https://amara.org/api/videos/EOB2OEwWaLdp/languages/cs/subtitles/actions/',
 'approval_due_date': None,
 'approver': None,
 'completed': None,
 'created': '2020-08-07T22:47:08Z',
 'due_date': None,
 'evaluation_teams': [],
 'job_id': 'YW206XP',
 'language': 'cs',
 'resource_uri': 'https://amara.org/api/teams/khan-academy/subtitle-requests/YW206XP/',
 'review_due_date': None,
 'reviewer': None,
 'source_team': 'khan-academy',
 'status': 'in-progress',
 'subtitler': {'id': 'VMVtWMhbF-xDLVAKuVONU_n0qNN7eEik8MyawkD71j4',
               'uri': 'https://amara.org/api/users/id$VMVtWMhbF-xDLVAKuVONU_n0qNN7eEik8MyawkD71j4/',
               'username': 'danekhollas'},
 'subtitles_due_date': '2020-08-22T17:35:10Z',
 'subtitles_uri': 'https://amara.org/api/videos/EOB2OEwWaLdp/languages/cs/subtitles/',
 'team': 'khan-academy',
 'video': 'EOB2OEwWaLdp',
 'video_uri': 'https://amara.org/api/videos/EOB2OEwWaLdp/',
 'work_completed': None,
 'work_status': 'needs-reviewer'}
Video already has subtitles that needs review. Will upload new version and mark it as ready for review.
Assigning reviewer dhbot
Uploading new subtitles, complete=False
Unassigning reviewer

######################################

Title: Autonomic Nervous System Effects on the Heart YTID=KiouveG278Y
Subtitle revision 8 (Public Amara)
{'actions_uri': 'https://amara.org/api/videos/C6Jkw7K9VHDA/languages/cs/subtitles/actions/',
 'approval_due_date': None,
 'approver': None,
 'completed': None,
 'created': '2020-08-07T22:46:28Z',
 'due_date': None,
 'evaluation_teams': [],
 'job_id': '6C3SVR0',
 'language': 'cs',
 'resource_uri': 'https://amara.org/api/teams/khan-academy/subtitle-requests/6C3SVR0/',
 'review_due_date': None,
 'reviewer': None,
 'source_team': 'khan-academy',
 'status': 'in-progress',
 'subtitler': None,
 'subtitles_due_date': None,
 'subtitles_uri': 'https://amara.org/api/videos/C6Jkw7K9VHDA/languages/cs/subtitles/',
 'team': 'khan-academy',
 'video': 'C6Jkw7K9VHDA',
 'video_uri': 'https://amara.org/api/videos/C6Jkw7K9VHDA/',
 'work_completed': None,
 'work_status': 'needs-subtitler'}
Assigning subtitler danekhollas
Uploading new subtitles, complete=True

######################################

Title: Microglia YTID=mw-rwhpAQe4
Subtitle revision 12 (Public Amara)
Subtitle revision 1 (Team Amara)
Video already has published subtitles, uploading new version...
[{'action': 'endorse', 'label': 'Update subtitles', 'complete': True}]
[{'action': 'endorse', 'label': 'Update subtitles', 'complete': True}]

######################################

Title: Ependymal YTID=PpvexFbd8e8
Subtitle revision 10 (Public Amara)
Subtitle revision 1 (Team Amara)
Video already has published subtitles, uploading new version...
[{'action': 'endorse', 'label': 'Update subtitles', 'complete': True}]
[{'action': 'endorse', 'label': 'Update subtitles', 'complete': True}]

######################################

Title: Neuron graded potential description YTID=AQr0rNyUnFM
Subtitle revision 12 (Public Amara)
Subtitle revision 1 (Team Amara)
Video already has published subtitles, uploading new version...
[{'action': 'endorse', 'label': 'Update subtitles', 'complete': True}]
[{'action': 'endorse', 'label': 'Update subtitles', 'complete': True}]

######################################

Title: Neuron graded potential mechanism YTID=NaAwVrOEyss
Subtitle revision 16 (Public Amara)
Subtitle revision 1 (Team Amara)
Video already has published subtitles, uploading new version...
[{'action': 'endorse', 'label': 'Update subtitles', 'complete': True}]
[{'action': 'endorse', 'label': 'Update subtitles', 'complete': True}]

######################################

Title: Neuron action potential mechanism YTID=MZz4OUOyFvg
Subtitle revision 24 (Public Amara)
Subtitle revision 1 (Team Amara)
Video already has published subtitles, uploading new version...
[{'action': 'endorse', 'label': 'Update subtitles', 'complete': True}]
[{'action': 'endorse', 'label': 'Update subtitles', 'complete': True}]

######################################

Title: Effects of axon diameter and myelination YTID=_Lj_F9GADa4
Subtitle revision 19 (Public Amara)
Subtitle revision 1 (Team Amara)
Video already has published subtitles, uploading new version...
[{'action': 'endorse', 'label': 'Update subtitles', 'complete': True}]
[{'action': 'endorse', 'label': 'Update subtitles', 'complete': True}]

######################################

Title: Action potential patterns YTID=jM-gvSqsP5A
Subtitle revision 10 (Public Amara)
Subtitle revision 1 (Team Amara)
Video already has published subtitles, uploading new version...
[{'action': 'endorse', 'label': 'Update subtitles', 'complete': True}]
[{'action': 'endorse', 'label': 'Update subtitles', 'complete': True}]

######################################

Title: The hypothalamus and pituitary gland YTID=9dS7bc_2bUE
Subtitle revision 23 (Public Amara)
Subtitle revision 1 (Team Amara)
Video already has published subtitles, uploading new version...
[{'action': 'endorse', 'label': 'Update subtitles', 'complete': True}]
[{'action': 'endorse', 'label': 'Update subtitles', 'complete': True}]

######################################

Title: From terpenes to steroids part 2 YTID=x9wyOYnot7E
Subtitle revision 10 (Public Amara)
Subtitle revision 1 (Team Amara)
Video already has published subtitles, uploading new version...
[{'action': 'endorse', 'label': 'Update subtitles', 'complete': True}]
[{'action': 'endorse', 'label': 'Update subtitles', 'complete': True}]

######################################

Title: Why do we need a lymphatic system YTID=_GinTV94hUk
Subtitle revision 6 (Public Amara)
Subtitle revision 1 (Team Amara)
Video already has published subtitles, uploading new version...
[{'action': 'endorse', 'label': 'Update subtitles', 'complete': True}]
[{'action': 'endorse', 'label': 'Update subtitles', 'complete': True}]

######################################

Title: Vision: Summary Video YTID=3m-464MqBJY
Subtitle revision 13 (Public Amara)
Subtitle revision 1 (Team Amara)
Video already has published subtitles, uploading new version...
[{'action': 'endorse', 'label': 'Update subtitles', 'complete': True}]
[{'action': 'endorse', 'label': 'Update subtitles', 'complete': True}]
429 Client Error: Too Many Requests for url: https://amara.org/api/videos/QfCkzS6QCt0f/languages/cs/subtitles/?format=vtt  in amara_api::download_subs

######################################

Title: The Phototransduction Cascade YTID=CqN-XIPhMpo
Subtitle revision 24 (Public Amara)
Using Amara username danekhollas
Using Amara username dhbot

######################################

Title: General overview of the RAAS system - Cells and hormones YTID=BVUeCLt68Ik
Subtitle revision 11 (Public Amara)
Subtitle revision 3 (Team Amara)
Video already has published subtitles, uploading new version...
[{'action': 'endorse', 'label': 'Update subtitles', 'complete': True}]
[{'action': 'endorse', 'label': 'Update subtitles', 'complete': True}]

######################################

Title: Peripheral Chemoreceptors YTID=cJXY3Cywrnc
Subtitle revision 10 (Public Amara)
Subtitle revision 3 (Team Amara)
Video already has published subtitles, uploading new version...
[{'action': 'endorse', 'label': 'Update subtitles', 'complete': True}]
[{'action': 'endorse', 'label': 'Update subtitles', 'complete': True}]

######################################

Title: Catching and Spreading the Flu YTID=6vy5CX6vK0I
Subtitle revision 4 (Public Amara)
Subtitle revision 2 (Team Amara)
{'actions_uri': 'https://amara.org/api/videos/VAj1xQ1w70FB/languages/cs/subtitles/actions/',
 'approval_due_date': None,
 'approver': None,
 'completed': None,
 'created': '2020-08-07T22:45:03Z',
 'due_date': None,
 'evaluation_teams': [],
 'job_id': 'YTQH9IE',
 'language': 'cs',
 'resource_uri': 'https://amara.org/api/teams/khan-academy/subtitle-requests/YTQH9IE/',
 'review_due_date': None,
 'reviewer': None,
 'source_team': 'khan-academy',
 'status': 'in-progress',
 'subtitler': {'id': 'VMVtWMhbF-xDLVAKuVONU_n0qNN7eEik8MyawkD71j4',
               'uri': 'https://amara.org/api/users/id$VMVtWMhbF-xDLVAKuVONU_n0qNN7eEik8MyawkD71j4/',
               'username': 'danekhollas'},
 'subtitles_due_date': '2020-08-22T17:31:36Z',
 'subtitles_uri': 'https://amara.org/api/videos/VAj1xQ1w70FB/languages/cs/subtitles/',
 'team': 'khan-academy',
 'video': 'VAj1xQ1w70FB',
 'video_uri': 'https://amara.org/api/videos/VAj1xQ1w70FB/',
 'work_completed': None,
 'work_status': 'needs-reviewer'}
Video already has subtitles that needs review. Will upload new version and mark it as ready for review.
Assigning reviewer dhbot
Uploading new subtitles, complete=False
Unassigning reviewer

######################################

Title: Stored elastic energy in large and middle sized arteries YTID=QcK7n-EqnQU
Subtitle revision 3 (Public Amara)
Subtitle revision 2 (Team Amara)
{'actions_uri': 'https://amara.org/api/videos/EOB2OEwWaLdp/languages/cs/subtitles/actions/',
 'approval_due_date': None,
 'approver': None,
 'completed': None,
 'created': '2020-08-07T22:47:08Z',
 'due_date': None,
 'evaluation_teams': [],
 'job_id': 'YW206XP',
 'language': 'cs',
 'resource_uri': 'https://amara.org/api/teams/khan-academy/subtitle-requests/YW206XP/',
 'review_due_date': None,
 'reviewer': None,
 'source_team': 'khan-academy',
 'status': 'in-progress',
 'subtitler': {'id': 'VMVtWMhbF-xDLVAKuVONU_n0qNN7eEik8MyawkD71j4',
               'uri': 'https://amara.org/api/users/id$VMVtWMhbF-xDLVAKuVONU_n0qNN7eEik8MyawkD71j4/',
               'username': 'danekhollas'},
 'subtitles_due_date': '2020-08-22T17:35:10Z',
 'subtitles_uri': 'https://amara.org/api/videos/EOB2OEwWaLdp/languages/cs/subtitles/',
 'team': 'khan-academy',
 'video': 'EOB2OEwWaLdp',
 'video_uri': 'https://amara.org/api/videos/EOB2OEwWaLdp/',
 'work_completed': None,
 'work_status': 'needs-reviewer'}
Video already has subtitles that needs review. Will upload new version and mark it as ready for review.
Assigning reviewer dhbot
Uploading new subtitles, complete=False
Unassigning reviewer

######################################

Title: Autonomic Nervous System Effects on the Heart YTID=KiouveG278Y
Subtitle revision 8 (Public Amara)
Subtitle revision 1 (Team Amara)
{'actions_uri': 'https://amara.org/api/videos/C6Jkw7K9VHDA/languages/cs/subtitles/actions/',
 'approval_due_date': None,
 'approver': None,
 'completed': None,
 'created': '2020-08-07T22:46:28Z',
 'due_date': None,
 'evaluation_teams': [],
 'job_id': '6C3SVR0',
 'language': 'cs',
 'resource_uri': 'https://amara.org/api/teams/khan-academy/subtitle-requests/6C3SVR0/',
 'review_due_date': None,
 'reviewer': None,
 'source_team': 'khan-academy',
 'status': 'in-progress',
 'subtitler': {'id': 'VMVtWMhbF-xDLVAKuVONU_n0qNN7eEik8MyawkD71j4',
               'uri': 'https://amara.org/api/users/id$VMVtWMhbF-xDLVAKuVONU_n0qNN7eEik8MyawkD71j4/',
               'username': 'danekhollas'},
 'subtitles_due_date': '2020-08-22T17:46:00Z',
 'subtitles_uri': 'https://amara.org/api/videos/C6Jkw7K9VHDA/languages/cs/subtitles/',
 'team': 'khan-academy',
 'video': 'C6Jkw7K9VHDA',
 'video_uri': 'https://amara.org/api/videos/C6Jkw7K9VHDA/',
 'work_completed': None,
 'work_status': 'needs-reviewer'}
Video already has subtitles that needs review. Will upload new version and mark it as ready for review.
Assigning reviewer dhbot
Uploading new subtitles, complete=False
Unassigning reviewer

######################################

Title: Microglia YTID=mw-rwhpAQe4
Subtitle revision 12 (Public Amara)
Subtitle revision 2 (Team Amara)
Video already has published subtitles, uploading new version...
[{'action': 'endorse', 'label': 'Update subtitles', 'complete': True}]
[{'action': 'endorse', 'label': 'Update subtitles', 'complete': True}]

######################################

Title: Ependymal YTID=PpvexFbd8e8
Subtitle revision 10 (Public Amara)
Subtitle revision 2 (Team Amara)
Video already has published subtitles, uploading new version...
[{'action': 'endorse', 'label': 'Update subtitles', 'complete': True}]
[{'action': 'endorse', 'label': 'Update subtitles', 'complete': True}]

######################################

Title: Neuron graded potential description YTID=AQr0rNyUnFM
Subtitle revision 12 (Public Amara)
Subtitle revision 2 (Team Amara)
Video already has published subtitles, uploading new version...
[{'action': 'endorse', 'label': 'Update subtitles', 'complete': True}]
[{'action': 'endorse', 'label': 'Update subtitles', 'complete': True}]

######################################

Title: Neuron graded potential mechanism YTID=NaAwVrOEyss
Subtitle revision 16 (Public Amara)
Subtitle revision 2 (Team Amara)
Video already has published subtitles, uploading new version...
[{'action': 'endorse', 'label': 'Update subtitles', 'complete': True}]
[{'action': 'endorse', 'label': 'Update subtitles', 'complete': True}]

######################################

Title: Neuron action potential mechanism YTID=MZz4OUOyFvg
Subtitle revision 24 (Public Amara)
Subtitle revision 2 (Team Amara)
Video already has published subtitles, uploading new version...
[{'action': 'endorse', 'label': 'Update subtitles', 'complete': True}]
[{'action': 'endorse', 'label': 'Update subtitles', 'complete': True}]

######################################

Title: Effects of axon diameter and myelination YTID=_Lj_F9GADa4
Subtitle revision 19 (Public Amara)
Subtitle revision 2 (Team Amara)
Video already has published subtitles, uploading new version...
[{'action': 'endorse', 'label': 'Update subtitles', 'complete': True}]
[{'action': 'endorse', 'label': 'Update subtitles', 'complete': True}]

######################################

Title: Action potential patterns YTID=jM-gvSqsP5A
Subtitle revision 10 (Public Amara)
Subtitle revision 2 (Team Amara)
Video already has published subtitles, uploading new version...
[{'action': 'endorse', 'label': 'Update subtitles', 'complete': True}]
[{'action': 'endorse', 'label': 'Update subtitles', 'complete': True}]

######################################

Title: The hypothalamus and pituitary gland YTID=9dS7bc_2bUE
Subtitle revision 23 (Public Amara)
Subtitle revision 2 (Team Amara)
Video already has published subtitles, uploading new version...
[{'action': 'endorse', 'label': 'Update subtitles', 'complete': True}]
[{'action': 'endorse', 'label': 'Update subtitles', 'complete': True}]

######################################

Title: From terpenes to steroids part 2 YTID=x9wyOYnot7E
Subtitle revision 10 (Public Amara)
Subtitle revision 2 (Team Amara)
Video already has published subtitles, uploading new version...
[{'action': 'endorse', 'label': 'Update subtitles', 'complete': True}]
[{'action': 'endorse', 'label': 'Update subtitles', 'complete': True}]

######################################

Title: Why do we need a lymphatic system YTID=_GinTV94hUk
Subtitle revision 6 (Public Amara)
Subtitle revision 2 (Team Amara)
Video already has published subtitles, uploading new version...
[{'action': 'endorse', 'label': 'Update subtitles', 'complete': True}]
[{'action': 'endorse', 'label': 'Update subtitles', 'complete': True}]

######################################

Title: Vision: Summary Video YTID=3m-464MqBJY
Subtitle revision 13 (Public Amara)
Subtitle revision 2 (Team Amara)
Video already has published subtitles, uploading new version...
[{'action': 'endorse', 'label': 'Update subtitles', 'complete': True}]
[{'action': 'endorse', 'label': 'Update subtitles', 'complete': True}]
Error for video https://amara.org/api/videos/
429 Client Error: Too Many Requests for url: https://amara.org/api/videos/?video_url=https%3A%2F%2Fwww.youtube.com%2Fwatch%3Fv%3DCqN-XIPhMpo
Response: <Response [429]>
Using Amara username danekhollas
Using Amara username dhbot

######################################

Title: Vision: Summary Video YTID=3m-464MqBJY
Subtitle revision 13 (Public Amara)
Subtitle revision 3 (Team Amara)
Video already has published subtitles, uploading new version...
[{'action': 'endorse', 'label': 'Update subtitles', 'complete': True}]
[{'action': 'endorse', 'label': 'Update subtitles', 'complete': True}]

######################################

Title: The Phototransduction Cascade YTID=CqN-XIPhMpo
Subtitle revision 24 (Public Amara)
Subtitle revision 1 (Team Amara)
Video already has published subtitles, uploading new version...
[{'action': 'endorse', 'label': 'Update subtitles', 'complete': True}]
[{'action': 'endorse', 'label': 'Update subtitles', 'complete': True}]

######################################

Title: Vision:  Photoreceptors (Rods vs Cones) YTID=_ElAuQyw4uA
Subtitle revision 10 (Public Amara)
Subtitle revision 1 (Team Amara)
Video already has published subtitles, uploading new version...
[{'action': 'endorse', 'label': 'Update subtitles', 'complete': True}]
[{'action': 'endorse', 'label': 'Update subtitles', 'complete': True}]

######################################

Title: Vision: Photoreceptor Distribution in the Fovea YTID=UXIfzc1UH-g
Subtitle revision 12 (Public Amara)
Subtitle revision 1 (Team Amara)
Video already has published subtitles, uploading new version...
[{'action': 'endorse', 'label': 'Update subtitles', 'complete': True}]
[{'action': 'endorse', 'label': 'Update subtitles', 'complete': True}]

######################################

Title: Vision: Visual Field Processing YTID=aobWzlXIooQ
Subtitle revision 6 (Public Amara)
Subtitle revision 1 (Team Amara)
Video already has published subtitles, uploading new version...
[{'action': 'endorse', 'label': 'Update subtitles', 'complete': True}]
[{'action': 'endorse', 'label': 'Update subtitles', 'complete': True}]

######################################

Title: Vision: Feature Detection and Parallel Processing YTID=0ugcw7wOZBg
Subtitle revision 18 (Public Amara)
Subtitle revision 1 (Team Amara)
Video already has published subtitles, uploading new version...
[{'action': 'endorse', 'label': 'Update subtitles', 'complete': True}]
[{'action': 'endorse', 'label': 'Update subtitles', 'complete': True}]

######################################

Title: Theories of Language and Cognition YTID=RgvmKfvCwps
Subtitle revision 3 (Public Amara)
Subtitle revision 1 (Team Amara)
Video already has published subtitles, uploading new version...
[{'action': 'endorse', 'label': 'Update subtitles', 'complete': True}]
[{'action': 'endorse', 'label': 'Update subtitles', 'complete': True}]

######################################

Title: Retrieval cues YTID=aUmApJMfUTc
Subtitle revision 3 (Public Amara)
Subtitle revision 1 (Team Amara)
Video already has published subtitles, uploading new version...
[{'action': 'endorse', 'label': 'Update subtitles', 'complete': True}]
[{'action': 'endorse', 'label': 'Update subtitles', 'complete': True}]

######################################

Title: Long term potentiation and synaptic plasticity YTID=uVQXZudZd5s
Subtitle revision 1 (Public Amara)
Subtitle revision 1 (Team Amara)
Video already has published subtitles, uploading new version...
[{'action': 'endorse', 'label': 'Update subtitles', 'complete': True}]
[{'action': 'endorse', 'label': 'Update subtitles', 'complete': True}]

######################################

Title: Sleep stages and circadian rhythms YTID=fNlp0UMqUtM
Subtitle revision 20 (Public Amara)
{'actions_uri': 'https://amara.org/api/videos/D2ds9CNbqCoD/languages/cs/subtitles/actions/',
 'approval_due_date': None,
 'approver': None,
 'completed': None,
 'created': '2020-06-16T19:02:11Z',
 'due_date': None,
 'evaluation_teams': [],
 'job_id': 'A1ULYRS',
 'language': 'cs',
 'resource_uri': 'https://amara.org/api/teams/khan-academy/subtitle-requests/A1ULYRS/',
 'review_due_date': None,
 'reviewer': None,
 'source_team': 'khan-academy',
 'status': 'in-progress',
 'subtitler': None,
 'subtitles_due_date': None,
 'subtitles_uri': 'https://amara.org/api/videos/D2ds9CNbqCoD/languages/cs/subtitles/',
 'team': 'khan-academy',
 'video': 'D2ds9CNbqCoD',
 'video_uri': 'https://amara.org/api/videos/D2ds9CNbqCoD/',
 'work_completed': None,
 'work_status': 'needs-subtitler'}
Assigning subtitler danekhollas
Uploading new subtitles, complete=True

######################################

Title: Thermoregulation in the cardiovascular system YTID=C_LiAEjuIIc
Subtitle revision 18 (Public Amara)
Subtitle revision 1 (Team Amara)
Video already has published subtitles, uploading new version...
[{'action': 'endorse', 'label': 'Update subtitles', 'complete': True}]
[{'action': 'endorse', 'label': 'Update subtitles', 'complete': True}]

######################################

Title: Themoregulation in the lungs YTID=Iya-2bS14ho
Subtitle revision 5 (Public Amara)
{'actions_uri': 'https://amara.org/api/videos/ixesvyOSeYh2/languages/cs/subtitles/actions/',
 'approval_due_date': None,
 'approver': None,
 'completed': None,
 'created': '2020-06-16T19:01:11Z',
 'due_date': None,
 'evaluation_teams': [],
 'job_id': 'STAYDBC',
 'language': 'cs',
 'resource_uri': 'https://amara.org/api/teams/khan-academy/subtitle-requests/STAYDBC/',
 'review_due_date': None,
 'reviewer': None,
 'source_team': 'khan-academy',
 'status': 'in-progress',
 'subtitler': None,
 'subtitles_due_date': None,
 'subtitles_uri': 'https://amara.org/api/videos/ixesvyOSeYh2/languages/cs/subtitles/',
 'team': 'khan-academy',
 'video': 'ixesvyOSeYh2',
 'video_uri': 'https://amara.org/api/videos/ixesvyOSeYh2/',
 'work_completed': None,
 'work_status': 'needs-subtitler'}
Assigning subtitler danekhollas
Uploading new subtitles, complete=True

######################################

Title: Cystic fibrosis treatments YTID=Icakt3gQDtE
Subtitle revision 3 (Public Amara)
Subtitle revision 1 (Team Amara)
Video already has published subtitles, uploading new version...
[{'action': 'endorse', 'label': 'Update subtitles', 'complete': True}]
[{'action': 'endorse', 'label': 'Update subtitles', 'complete': True}]

######################################

Title: ALS - Amyotrophic lateral sclerosis YTID=tKDET9t8VTI
Subtitle revision 1 (Public Amara)
{'actions_uri': 'https://amara.org/api/videos/6E5Lbz5uiijL/languages/cs/subtitles/actions/',
 'approval_due_date': None,
 'approver': None,
 'completed': None,
 'created': '2020-07-13T16:09:43Z',
 'due_date': None,
 'evaluation_teams': [],
 'job_id': 'KEQMOWA',
 'language': 'cs',
 'resource_uri': 'https://amara.org/api/teams/khan-academy/subtitle-requests/KEQMOWA/',
 'review_due_date': None,
 'reviewer': None,
 'source_team': 'khan-academy',
 'status': 'in-progress',
 'subtitler': None,
 'subtitles_due_date': None,
 'subtitles_uri': 'https://amara.org/api/videos/6E5Lbz5uiijL/languages/cs/subtitles/',
 'team': 'khan-academy',
 'video': '6E5Lbz5uiijL',
 'video_uri': 'https://amara.org/api/videos/6E5Lbz5uiijL/',
 'work_completed': None,
 'work_status': 'needs-subtitler'}
Assigning subtitler danekhollas
Uploading new subtitles, complete=True

######################################

Title: Hepatic Lobule YTID=nJfB32MtqBA
Subtitle revision 2 (Public Amara)
{'actions_uri': 'https://amara.org/api/videos/xnGDdbpCq8Vl/languages/cs/subtitles/actions/',
 'approval_due_date': None,
 'approver': None,
 'completed': None,
 'created': '2020-06-16T19:00:16Z',
 'due_date': None,
 'evaluation_teams': [],
 'job_id': 'BOGK58A',
 'language': 'cs',
 'resource_uri': 'https://amara.org/api/teams/khan-academy/subtitle-requests/BOGK58A/',
 'review_due_date': None,
 'reviewer': None,
 'source_team': 'khan-academy',
 'status': 'in-progress',
 'subtitler': None,
 'subtitles_due_date': None,
 'subtitles_uri': 'https://amara.org/api/videos/xnGDdbpCq8Vl/languages/cs/subtitles/',
 'team': 'khan-academy',
 'video': 'xnGDdbpCq8Vl',
 'video_uri': 'https://amara.org/api/videos/xnGDdbpCq8Vl/',
 'work_completed': None,
 'work_status': 'needs-subtitler'}
Assigning subtitler danekhollas
Uploading new subtitles, complete=True

######################################

Title: Psychoactive drugs: Depressants and opiates YTID=dOlkogaWF3M
Subtitle revision 2 (Public Amara)
Subtitle revision 1 (Team Amara)
Video already has published subtitles, uploading new version...
[{'action': 'endorse', 'label': 'Update subtitles', 'complete': True}]
[{'action': 'endorse', 'label': 'Update subtitles', 'complete': True}]
Error for video https://amara.org/api/videos/GHVehAC4UCsV/languages/
429 Client Error: Too Many Requests for url: https://amara.org/api/videos/GHVehAC4UCsV/languages/?limit=10
Response: <Response [429]>

######################################

Title: Psychoactive drugs: Stimulants YTID=1Smz0zwAELQ
Using Amara username danekhollas
Using Amara username dhbot

######################################

Title: Psychoactive drugs: Stimulants YTID=1Smz0zwAELQ
Subtitle revision 3 (Public Amara)
Subtitle revision 1 (Team Amara)
Video already has published subtitles, uploading new version...
[{'action': 'endorse', 'label': 'Update subtitles', 'complete': True}]
[{'action': 'endorse', 'label': 'Update subtitles', 'complete': True}]

######################################

Title: Psychoactive drugs: Hallucinogens YTID=GUwV0gibLx8
Subtitle revision 4 (Public Amara)
Subtitle revision 1 (Team Amara)
Video already has published subtitles, uploading new version...
[{'action': 'endorse', 'label': 'Update subtitles', 'complete': True}]
[{'action': 'endorse', 'label': 'Update subtitles', 'complete': True}]

######################################

Title: Routes of entry YTID=dPmkIEkxXwc
Subtitle revision 3 (Public Amara)
Subtitle revision 1 (Team Amara)
Video already has published subtitles, uploading new version...
[{'action': 'endorse', 'label': 'Update subtitles', 'complete': True}]
[{'action': 'endorse', 'label': 'Update subtitles', 'complete': True}]

######################################

Title: Reward pathway in the brain YTID=YzCYuKX6zp8
Subtitle revision 2 (Public Amara)
{'actions_uri': 'https://amara.org/api/videos/ynBDc7srn0kW/languages/cs/subtitles/actions/',
 'approval_due_date': None,
 'approver': None,
 'completed': None,
 'created': '2020-06-16T18:59:42Z',
 'due_date': None,
 'evaluation_teams': [],
 'job_id': 'RPDH4CT',
 'language': 'cs',
 'resource_uri': 'https://amara.org/api/teams/khan-academy/subtitle-requests/RPDH4CT/',
 'review_due_date': None,
 'reviewer': None,
 'source_team': 'khan-academy',
 'status': 'in-progress',
 'subtitler': None,
 'subtitles_due_date': None,
 'subtitles_uri': 'https://amara.org/api/videos/ynBDc7srn0kW/languages/cs/subtitles/',
 'team': 'khan-academy',
 'video': 'ynBDc7srn0kW',
 'video_uri': 'https://amara.org/api/videos/ynBDc7srn0kW/',
 'work_completed': None,
 'work_status': 'needs-subtitler'}
Assigning subtitler danekhollas
Uploading new subtitles, complete=True

######################################

Title: Diagnosis of pregnancy YTID=OnlHXSBv0M4
Subtitle revision 9 (Public Amara)
{'actions_uri': 'https://amara.org/api/videos/YKEVrpGV7G98/languages/cs/subtitles/actions/',
 'approval_due_date': None,
 'approver': None,
 'completed': None,
 'created': '2020-06-16T18:54:11Z',
 'due_date': None,
 'evaluation_teams': [],
 'job_id': 'GVIMB8U',
 'language': 'cs',
 'resource_uri': 'https://amara.org/api/teams/khan-academy/subtitle-requests/GVIMB8U/',
 'review_due_date': None,
 'reviewer': None,
 'source_team': 'khan-academy',
 'status': 'in-progress',
 'subtitler': None,
 'subtitles_due_date': None,
 'subtitles_uri': 'https://amara.org/api/videos/YKEVrpGV7G98/languages/cs/subtitles/',
 'team': 'khan-academy',
 'video': 'YKEVrpGV7G98',
 'video_uri': 'https://amara.org/api/videos/YKEVrpGV7G98/',
 'work_completed': None,
 'work_status': 'needs-subtitler'}
Assigning subtitler danekhollas
Uploading new subtitles, complete=True
Error for video https://amara.org/api/videos/qikMI3EoQefm/languages/cs/subtitles/actions/
429 Client Error: Too Many Requests for url: https://amara.org/api/videos/qikMI3EoQefm/languages/cs/subtitles/actions/
Response: <Response [429]>

######################################

Title: Labor YTID=Bf04LcSBpDw
Subtitle revision 2 (Public Amara)
Subtitle revision 1 (Team Amara)
Video already has published subtitles, uploading new version...
Using Amara username danekhollas
Using Amara username dhbot

######################################

Title: Sheehan syndrome YTID=1exN1kFX2wI
Subtitle revision 3 (Public Amara)
Subtitle revision 1 (Team Amara)
Video already has published subtitles, uploading new version...
[{'action': 'endorse', 'label': 'Update subtitles', 'complete': True}]
[{'action': 'endorse', 'label': 'Update subtitles', 'complete': True}]

######################################

Title: What is diabetes mellitus? YTID=ulxyWZf7BWc
Subtitle revision 5 (Public Amara)
Subtitle revision 1 (Team Amara)
Video already has published subtitles, uploading new version...
[{'action': 'endorse', 'label': 'Update subtitles', 'complete': True}]
[{'action': 'endorse', 'label': 'Update subtitles', 'complete': True}]

######################################

Title: Treating type II diabetes - A practical approach YTID=hFZPl_t2GLU
Subtitle revision 8 (Public Amara)
{'actions_uri': 'https://amara.org/api/videos/khXsE7yePvzs/languages/cs/subtitles/actions/',
 'approval_due_date': None,
 'approver': None,
 'completed': None,
 'created': '2020-06-16T18:52:26Z',
 'due_date': None,
 'evaluation_teams': [],
 'job_id': 'NBC8XH5',
 'language': 'cs',
 'resource_uri': 'https://amara.org/api/teams/khan-academy/subtitle-requests/NBC8XH5/',
 'review_due_date': None,
 'reviewer': None,
 'source_team': 'khan-academy',
 'status': 'in-progress',
 'subtitler': None,
 'subtitles_due_date': None,
 'subtitles_uri': 'https://amara.org/api/videos/khXsE7yePvzs/languages/cs/subtitles/',
 'team': 'khan-academy',
 'video': 'khXsE7yePvzs',
 'video_uri': 'https://amara.org/api/videos/khXsE7yePvzs/',
 'work_completed': None,
 'work_status': 'needs-subtitler'}
Assigning subtitler danekhollas
Uploading new subtitles, complete=True

######################################

Title: What is Parkinson's disease? YTID=3n8UjH9h_8I
Subtitle revision 6 (Public Amara)
Subtitle revision 1 (Team Amara)
Video already has published subtitles, uploading new version...
[{'action': 'endorse', 'label': 'Update subtitles', 'complete': True}]
[{'action': 'endorse', 'label': 'Update subtitles', 'complete': True}]

######################################

Title: Putting it all together - Pathophysiology of Parkinson's disease YTID=8mvUDiBQbjg
Subtitle revision 2 (Public Amara)
{'actions_uri': 'https://amara.org/api/videos/ZucdiHSryL2B/languages/cs/subtitles/actions/',
 'approval_due_date': None,
 'approver': None,
 'completed': None,
 'created': '2020-06-16T18:52:17Z',
 'due_date': None,
 'evaluation_teams': [],
 'job_id': 'XIVQAO3',
 'language': 'cs',
 'resource_uri': 'https://amara.org/api/teams/khan-academy/subtitle-requests/XIVQAO3/',
 'review_due_date': None,
 'reviewer': None,
 'source_team': 'khan-academy',
 'status': 'in-progress',
 'subtitler': None,
 'subtitles_due_date': None,
 'subtitles_uri': 'https://amara.org/api/videos/ZucdiHSryL2B/languages/cs/subtitles/',
 'team': 'khan-academy',
 'video': 'ZucdiHSryL2B',
 'video_uri': 'https://amara.org/api/videos/ZucdiHSryL2B/',
 'work_completed': None,
 'work_status': 'needs-subtitler'}
Assigning subtitler danekhollas
Uploading new subtitles, complete=True

######################################

Title: What is multiple sclerosis? YTID=P_HHvi7Kwzk
Subtitle revision 2 (Public Amara)
Subtitle revision 1 (Team Amara)
Video already has published subtitles, uploading new version...
[{'action': 'endorse', 'label': 'Update subtitles', 'complete': True}]
[{'action': 'endorse', 'label': 'Update subtitles', 'complete': True}]

######################################

Title: Multiple sclerosis diagnosis YTID=y1PCYctq3yo
Subtitle revision 7 (Public Amara)
{'actions_uri': 'https://amara.org/api/videos/ID2QW9lVx4u2/languages/cs/subtitles/actions/',
 'approval_due_date': None,
 'approver': None,
 'completed': None,
 'created': '2020-06-16T18:51:41Z',
 'due_date': None,
 'evaluation_teams': [],
 'job_id': 'HMWC1YZ',
 'language': 'cs',
 'resource_uri': 'https://amara.org/api/teams/khan-academy/subtitle-requests/HMWC1YZ/',
 'review_due_date': None,
 'reviewer': None,
 'source_team': 'khan-academy',
 'status': 'in-progress',
 'subtitler': None,
 'subtitles_due_date': None,
 'subtitles_uri': 'https://amara.org/api/videos/ID2QW9lVx4u2/languages/cs/subtitles/',
 'team': 'khan-academy',
 'video': 'ID2QW9lVx4u2',
 'video_uri': 'https://amara.org/api/videos/ID2QW9lVx4u2/',
 'work_completed': None,
 'work_status': 'needs-subtitler'}
Assigning subtitler danekhollas
Uploading new subtitles, complete=True

######################################

Title: Risk factors for drug use and drug abuse YTID=R23KUZvjg4A
Subtitle revision 15 (Public Amara)
{'actions_uri': 'https://amara.org/api/videos/ZAKviRvG0Br8/languages/cs/subtitles/actions/',
 'approval_due_date': None,
 'approver': None,
 'completed': None,
 'created': '2020-06-16T18:51:24Z',
 'due_date': None,
 'evaluation_teams': [],
 'job_id': 'LN34XK5',
 'language': 'cs',
 'resource_uri': 'https://amara.org/api/teams/khan-academy/subtitle-requests/LN34XK5/',
 'review_due_date': None,
 'reviewer': None,
 'source_team': 'khan-academy',
 'status': 'in-progress',
 'subtitler': None,
 'subtitles_due_date': None,
 'subtitles_uri': 'https://amara.org/api/videos/ZAKviRvG0Br8/languages/cs/subtitles/',
 'team': 'khan-academy',
 'video': 'ZAKviRvG0Br8',
 'video_uri': 'https://amara.org/api/videos/ZAKviRvG0Br8/',
 'work_completed': None,
 'work_status': 'needs-subtitler'}
Assigning subtitler danekhollas
Uploading new subtitles, complete=True

######################################

Title: What is staphylococcal enteritis? YTID=9bfDEsz7eSM
Subtitle revision 5 (Public Amara)
Subtitle revision 1 (Team Amara)
Video already has published subtitles, uploading new version...
[{'action': 'endorse', 'label': 'Update subtitles', 'complete': True}]
[{'action': 'endorse', 'label': 'Update subtitles', 'complete': True}]
Error for video https://amara.org/api/videos/IJmMyH86xlXN/languages/
429 Client Error: Too Many Requests for url: https://amara.org/api/videos/IJmMyH86xlXN/languages/?limit=10
Response: <Response [429]>

######################################

Title: What is viral gastroenteritis? YTID=2Xq2fZCs2oU
Using Amara username danekhollas
Using Amara username dhbot

######################################

Title: What is viral gastroenteritis? YTID=2Xq2fZCs2oU
Subtitle revision 2 (Public Amara)
Subtitle revision 1 (Team Amara)
Video already has published subtitles, uploading new version...
[{'action': 'endorse', 'label': 'Update subtitles', 'complete': True}]
[{'action': 'endorse', 'label': 'Update subtitles', 'complete': True}]

######################################

Title: What is cholera? YTID=kXf8MkpALrc
Subtitle revision 5 (Public Amara)
Subtitle revision 1 (Team Amara)
Video already has published subtitles, uploading new version...
[{'action': 'endorse', 'label': 'Update subtitles', 'complete': True}]
[{'action': 'endorse', 'label': 'Update subtitles', 'complete': True}]

######################################

Title: What is campylobacteriosis? YTID=HsyrOicubso
Subtitle revision 1 (Public Amara)
Subtitle revision 1 (Team Amara)
Video already has published subtitles, uploading new version...
[{'action': 'endorse', 'label': 'Update subtitles', 'complete': True}]
[{'action': 'endorse', 'label': 'Update subtitles', 'complete': True}]

######################################

Title: What is shigellosis? YTID=Ny0b9xO2sgY
Subtitle revision 2 (Public Amara)
Subtitle revision 1 (Team Amara)
Video already has published subtitles, uploading new version...
[{'action': 'endorse', 'label': 'Update subtitles', 'complete': True}]
[{'action': 'endorse', 'label': 'Update subtitles', 'complete': True}]

######################################

Title: What is salmonella poisoning? YTID=3UAJS9jzyV4
Subtitle revision 6 (Public Amara)
Subtitle revision 1 (Team Amara)
Video already has published subtitles, uploading new version...
[{'action': 'endorse', 'label': 'Update subtitles', 'complete': True}]
[{'action': 'endorse', 'label': 'Update subtitles', 'complete': True}]

######################################

Title: What is traveler's diarrhea? YTID=rTKdqvOZcQ4
Subtitle revision 3 (Public Amara)
Subtitle revision 1 (Team Amara)
Video already has published subtitles, uploading new version...
[{'action': 'endorse', 'label': 'Update subtitles', 'complete': True}]
[{'action': 'endorse', 'label': 'Update subtitles', 'complete': True}]

######################################

Title: Diagnosing depression YTID=IHgoDWM9hAc
Subtitle revision 13 (Public Amara)
Subtitle revision 1 (Team Amara)
Video already has published subtitles, uploading new version...
[{'action': 'endorse', 'label': 'Update subtitles', 'complete': True}]
[{'action': 'endorse', 'label': 'Update subtitles', 'complete': True}]
ERROR for video https://amara.org/api/videos/3qBR3uauDf2R/languages/cs/subtitles/

<Response [429]>

######################################

Title: Introduction to psychology - Depression and bipolar disorder YTID=rhxsZnrA46s
Subtitle revision 1 (Public Amara)
Subtitle revision 1 (Team Amara)
Video already has published subtitles, uploading new version...
[{'action': 'endorse', 'label': 'Update subtitles', 'complete': True}]
Using Amara username danekhollas
Using Amara username dhbot

######################################

Title: Introduction to psychology - Depression and bipolar disorder YTID=rhxsZnrA46s
Subtitle revision 1 (Public Amara)
Subtitle revision 1 (Team Amara)
Video already has published subtitles, uploading new version...
[{'action': 'endorse', 'label': 'Update subtitles', 'complete': True}]
[{'action': 'endorse', 'label': 'Update subtitles', 'complete': True}]

######################################

Title: Diagnosing bipolar disorder YTID=PCOevYD9cb4
Subtitle revision 2 (Public Amara)
Subtitle revision 1 (Team Amara)
Video already has published subtitles, uploading new version...
[{'action': 'endorse', 'label': 'Update subtitles', 'complete': True}]
[{'action': 'endorse', 'label': 'Update subtitles', 'complete': True}]

######################################

Title: Phobias YTID=_AuTtAkRN3w
Subtitle revision 4 (Public Amara)
Subtitle revision 1 (Team Amara)
Video already has published subtitles, uploading new version...
[{'action': 'endorse', 'label': 'Update subtitles', 'complete': True}]
[{'action': 'endorse', 'label': 'Update subtitles', 'complete': True}]

######################################

Title: Panic disorder YTID=VmV6RlsUwO8
Subtitle revision 8 (Public Amara)
Subtitle revision 1 (Team Amara)
Video already has published subtitles, uploading new version...
[{'action': 'endorse', 'label': 'Update subtitles', 'complete': True}]
[{'action': 'endorse', 'label': 'Update subtitles', 'complete': True}]

######################################

Title: Obsessive compulsive disorder YTID=8gX_LBv4ZD0
Subtitle revision 5 (Public Amara)
Subtitle revision 1 (Team Amara)
Video already has published subtitles, uploading new version...
[{'action': 'endorse', 'label': 'Update subtitles', 'complete': True}]
[{'action': 'endorse', 'label': 'Update subtitles', 'complete': True}]

######################################

Title: Schizophrenia symptoms YTID=dU_rYyPGYiE
Subtitle revision 5 (Public Amara)
Subtitle revision 1 (Team Amara)
Video already has published subtitles, uploading new version...
[{'action': 'endorse', 'label': 'Update subtitles', 'complete': True}]
[{'action': 'endorse', 'label': 'Update subtitles', 'complete': True}]

######################################

Title: Schizophrenia   diagnosis YTID=te4AkzFprbI
Subtitle revision 11 (Public Amara)
Subtitle revision 1 (Team Amara)
Video already has published subtitles, uploading new version...
[{'action': 'endorse', 'label': 'Update subtitles', 'complete': True}]
[{'action': 'endorse', 'label': 'Update subtitles', 'complete': True}]

######################################

Title: Schizotypal personality disorder YTID=jBu5M0gXGos
Subtitle revision 4 (Public Amara)
{'actions_uri': 'https://amara.org/api/videos/OIyyuhDS4zfj/languages/cs/subtitles/actions/',
 'approval_due_date': None,
 'approver': None,
 'completed': None,
 'created': '2020-06-16T18:49:30Z',
 'due_date': None,
 'evaluation_teams': [],
 'job_id': '3GDRZPC',
 'language': 'cs',
 'resource_uri': 'https://amara.org/api/teams/khan-academy/subtitle-requests/3GDRZPC/',
 'review_due_date': None,
 'reviewer': None,
 'source_team': 'khan-academy',
 'status': 'in-progress',
 'subtitler': None,
 'subtitles_due_date': None,
 'subtitles_uri': 'https://amara.org/api/videos/OIyyuhDS4zfj/languages/cs/subtitles/',
 'team': 'khan-academy',
 'video': 'OIyyuhDS4zfj',
 'video_uri': 'https://amara.org/api/videos/OIyyuhDS4zfj/',
 'work_completed': None,
 'work_status': 'needs-subtitler'}
Assigning subtitler danekhollas
Uploading new subtitles, complete=True

######################################

Title: What are dementia and Alzheimer's YTID=xUSpHmvW14c
Subtitle revision 1 (Public Amara)
{'actions_uri': 'https://amara.org/api/videos/471o98WWabyj/languages/cs/subtitles/actions/',
 'approval_due_date': None,
 'approver': None,
 'completed': None,
 'created': '2020-06-16T18:49:21Z',
 'due_date': None,
 'evaluation_teams': [],
 'job_id': 'DB50RV7',
 'language': 'cs',
 'resource_uri': 'https://amara.org/api/teams/khan-academy/subtitle-requests/DB50RV7/',
 'review_due_date': None,
 'reviewer': None,
 'source_team': 'khan-academy',
 'status': 'in-progress',
 'subtitler': None,
 'subtitles_due_date': None,
 'subtitles_uri': 'https://amara.org/api/videos/471o98WWabyj/languages/cs/subtitles/',
 'team': 'khan-academy',
 'video': '471o98WWabyj',
 'video_uri': 'https://amara.org/api/videos/471o98WWabyj/',
 'work_completed': None,
 'work_status': 'needs-subtitler'}
Assigning subtitler danekhollas
Uploading new subtitles, complete=True
ERROR for video https://amara.org/api/videos/g4oH7kOWNraH/languages/cs/subtitles/

<Response [429]>

######################################

Title: Alzheimer's disease: Plaques and tangles YTID=kx5LBj6P-0E
Subtitle revision 3 (Public Amara)
Subtitle revision 1 (Team Amara)
Video already has published subtitles, uploading new version...
[{'action': 'endorse', 'label': 'Update subtitles', 'complete': True}]
Using Amara username danekhollas
Using Amara username dhbot

######################################

Title: Alzheimer's disease: Plaques and tangles YTID=kx5LBj6P-0E
Subtitle revision 3 (Public Amara)
Subtitle revision 1 (Team Amara)
Video already has published subtitles, uploading new version...
[{'action': 'endorse', 'label': 'Update subtitles', 'complete': True}]
[{'action': 'endorse', 'label': 'Update subtitles', 'complete': True}]

######################################

Title: Other types of dementia YTID=-DDSEQlZKsE
Subtitle revision 22 (Public Amara)
Subtitle revision 1 (Team Amara)
Video already has published subtitles, uploading new version...
[{'action': 'endorse', 'label': 'Update subtitles', 'complete': True}]
[{'action': 'endorse', 'label': 'Update subtitles', 'complete': True}]

######################################

Title: What is autism spectrum disorder? YTID=WuSuIgiOPqM
Subtitle revision 2 (Public Amara)
{'actions_uri': 'https://amara.org/api/videos/IKoPB0E6Jjyd/languages/cs/subtitles/actions/',
 'approval_due_date': None,
 'approver': None,
 'completed': None,
 'created': '2020-06-16T18:48:56Z',
 'due_date': None,
 'evaluation_teams': [],
 'job_id': '9UX0WND',
 'language': 'cs',
 'resource_uri': 'https://amara.org/api/teams/khan-academy/subtitle-requests/9UX0WND/',
 'review_due_date': None,
 'reviewer': None,
 'source_team': 'khan-academy',
 'status': 'in-progress',
 'subtitler': None,
 'subtitles_due_date': None,
 'subtitles_uri': 'https://amara.org/api/videos/IKoPB0E6Jjyd/languages/cs/subtitles/',
 'team': 'khan-academy',
 'video': 'IKoPB0E6Jjyd',
 'video_uri': 'https://amara.org/api/videos/IKoPB0E6Jjyd/',
 'work_completed': None,
 'work_status': 'needs-subtitler'}
Assigning subtitler danekhollas
Uploading new subtitles, complete=True

######################################

Title: Diagnosing autism spectrum disorder YTID=XmDfHU0hS18
Subtitle revision 15 (Public Amara)
Subtitle revision 1 (Team Amara)
Video already has published subtitles, uploading new version...
[{'action': 'endorse', 'label': 'Update subtitles', 'complete': True}]
[{'action': 'endorse', 'label': 'Update subtitles', 'complete': True}]

######################################

Title: What is asperger syndrome? YTID=CNSd1HufEcM
Subtitle revision 20 (Public Amara)
Subtitle revision 1 (Team Amara)
Video already has published subtitles, uploading new version...
[{'action': 'endorse', 'label': 'Update subtitles', 'complete': True}]
[{'action': 'endorse', 'label': 'Update subtitles', 'complete': True}]
