Using Amara username danekhollas
Using Amara username dhbot

######################################

Title: Gustav Mahler: Symphony No. 2 – 1st Movement . Analysis by Gerard Schwarz YTID=VZVN-MKI5MM
Subtitle revision 4 (Public Amara)
{'actions_uri': 'https://amara.org/api/videos/7gEswUZ4r7KI/languages/cs/subtitles/actions/',
 'approval_due_date': None,
 'approver': None,
 'completed': None,
 'created': '2020-06-16T19:04:13Z',
 'due_date': None,
 'evaluation_teams': [],
 'job_id': 'EBLIQZJ',
 'language': 'cs',
 'resource_uri': 'https://amara.org/api/teams/khan-academy/subtitle-requests/EBLIQZJ/',
 'review_due_date': None,
 'reviewer': None,
 'source_team': 'khan-academy',
 'status': 'in-progress',
 'subtitler': None,
 'subtitles_due_date': None,
 'subtitles_uri': 'https://amara.org/api/videos/7gEswUZ4r7KI/languages/cs/subtitles/',
 'team': 'khan-academy',
 'video': '7gEswUZ4r7KI',
 'video_uri': 'https://amara.org/api/videos/7gEswUZ4r7KI/',
 'work_completed': None,
 'work_status': 'needs-subtitler'}
Assigning subtitler danekhollas
Uploading new subtitles, complete=True

######################################

Title: Antonín Dvořák. Symphony 5(9). Analysis by Gerard Schwarz (Mov.1) YTID=4vuybxJvRuA
Subtitle revision 7 (Public Amara)
Subtitle revision 1 (Team Amara)
Video already has published subtitles, uploading new version...
[{'action': 'endorse', 'label': 'Update subtitles', 'complete': True}]
[{'action': 'endorse', 'label': 'Update subtitles', 'complete': True}]

######################################

Title: Discovering Stravinsky's Firebird - The Story and the Music YTID=Im_XjHgQfW0
Subtitle revision 6 (Public Amara)
Subtitle revision 1 (Team Amara)
Video already has published subtitles, uploading new version...
[{'action': 'endorse', 'label': 'Update subtitles', 'complete': True}]
[{'action': 'endorse', 'label': 'Update subtitles', 'complete': True}]

######################################

Title: Ludwig van Beethoven: Symphony No.5 Analysis by Gerard Schwarz (Mov.1 ) YTID=-rGXAfc643A
Subtitle revision 5 (Public Amara)
Subtitle revision 1 (Team Amara)
Video already has published subtitles, uploading new version...
[{'action': 'endorse', 'label': 'Update subtitles', 'complete': True}]
[{'action': 'endorse', 'label': 'Update subtitles', 'complete': True}]

######################################

Title: Robert Schumann: Symphony No. 3,  analysis by Gerard Schwarz (part 2) YTID=4xCD0k7rUbo
Subtitle revision 3 (Public Amara)
{'actions_uri': 'https://amara.org/api/videos/v1r3iPNmYjNQ/languages/cs/subtitles/actions/',
 'approval_due_date': None,
 'approver': None,
 'completed': None,
 'created': '2020-06-16T19:04:20Z',
 'due_date': None,
 'evaluation_teams': [],
 'job_id': 'MZQ9VTO',
 'language': 'cs',
 'resource_uri': 'https://amara.org/api/teams/khan-academy/subtitle-requests/MZQ9VTO/',
 'review_due_date': None,
 'reviewer': None,
 'source_team': 'khan-academy',
 'status': 'in-progress',
 'subtitler': None,
 'subtitles_due_date': None,
 'subtitles_uri': 'https://amara.org/api/videos/v1r3iPNmYjNQ/languages/cs/subtitles/',
 'team': 'khan-academy',
 'video': 'v1r3iPNmYjNQ',
 'video_uri': 'https://amara.org/api/videos/v1r3iPNmYjNQ/',
 'work_completed': None,
 'work_status': 'needs-subtitler'}
Assigning subtitler danekhollas
Uploading new subtitles, complete=True

######################################

Title: Robert Schumann: Symphony No. 3,  analysis by Gerard Schwarz (part 3) YTID=PFX9BFI3--g
Subtitle revision 3 (Public Amara)
{'actions_uri': 'https://amara.org/api/videos/oR0E5DGwu2w9/languages/cs/subtitles/actions/',
 'approval_due_date': None,
 'approver': None,
 'completed': None,
 'created': '2020-06-16T19:04:19Z',
 'due_date': None,
 'evaluation_teams': [],
 'job_id': 'VW5ZKFJ',
 'language': 'cs',
 'resource_uri': 'https://amara.org/api/teams/khan-academy/subtitle-requests/VW5ZKFJ/',
 'review_due_date': None,
 'reviewer': None,
 'source_team': 'khan-academy',
 'status': 'in-progress',
 'subtitler': None,
 'subtitles_due_date': None,
 'subtitles_uri': 'https://amara.org/api/videos/oR0E5DGwu2w9/languages/cs/subtitles/',
 'team': 'khan-academy',
 'video': 'oR0E5DGwu2w9',
 'video_uri': 'https://amara.org/api/videos/oR0E5DGwu2w9/',
 'work_completed': None,
 'work_status': 'needs-subtitler'}
Assigning subtitler danekhollas
Uploading new subtitles, complete=True

######################################

Title: Robert Schumann: Symphony No. 3,  analysis by Gerard Schwarz (part 1) YTID=yI7kDoB6YsI
Subtitle revision 9 (Public Amara)
{'actions_uri': 'https://amara.org/api/videos/equO4Ms6IKnL/languages/cs/subtitles/actions/',
 'approval_due_date': None,
 'approver': None,
 'completed': None,
 'created': '2020-06-16T19:04:21Z',
 'due_date': None,
 'evaluation_teams': [],
 'job_id': 'CIXZ9DU',
 'language': 'cs',
 'resource_uri': 'https://amara.org/api/teams/khan-academy/subtitle-requests/CIXZ9DU/',
 'review_due_date': None,
 'reviewer': None,
 'source_team': 'khan-academy',
 'status': 'in-progress',
 'subtitler': None,
 'subtitles_due_date': None,
 'subtitles_uri': 'https://amara.org/api/videos/equO4Ms6IKnL/languages/cs/subtitles/',
 'team': 'khan-academy',
 'video': 'equO4Ms6IKnL',
 'video_uri': 'https://amara.org/api/videos/equO4Ms6IKnL/',
 'work_completed': None,
 'work_status': 'needs-subtitler'}
Assigning subtitler danekhollas
Uploading new subtitles, complete=True

######################################

Title: Robert Schumann: Symphony No. 3,  analysis by Gerard Schwarz (part 4) YTID=hiWFB_iS0OE
Subtitle revision 3 (Public Amara)
{'actions_uri': 'https://amara.org/api/videos/DtNgIKmfCufU/languages/cs/subtitles/actions/',
 'approval_due_date': None,
 'approver': None,
 'completed': None,
 'created': '2020-06-16T19:04:17Z',
 'due_date': None,
 'evaluation_teams': [],
 'job_id': '2PM475Z',
 'language': 'cs',
 'resource_uri': 'https://amara.org/api/teams/khan-academy/subtitle-requests/2PM475Z/',
 'review_due_date': None,
 'reviewer': None,
 'source_team': 'khan-academy',
 'status': 'in-progress',
 'subtitler': None,
 'subtitles_due_date': None,
 'subtitles_uri': 'https://amara.org/api/videos/DtNgIKmfCufU/languages/cs/subtitles/',
 'team': 'khan-academy',
 'video': 'DtNgIKmfCufU',
 'video_uri': 'https://amara.org/api/videos/DtNgIKmfCufU/',
 'work_completed': None,
 'work_status': 'needs-subtitler'}
Assigning subtitler danekhollas
Uploading new subtitles, complete=True

######################################

Title: Robert Schumann: Symphony No. 3,  analysis by Gerard Schwarz (part 5) YTID=H7dVIruG-oU
Subtitle revision 6 (Public Amara)
{'actions_uri': 'https://amara.org/api/videos/YS3zeQUrk16J/languages/cs/subtitles/actions/',
 'approval_due_date': None,
 'approver': None,
 'completed': None,
 'created': '2020-06-16T19:04:17Z',
 'due_date': None,
 'evaluation_teams': [],
 'job_id': 'EOKVNTW',
 'language': 'cs',
 'resource_uri': 'https://amara.org/api/teams/khan-academy/subtitle-requests/EOKVNTW/',
 'review_due_date': None,
 'reviewer': None,
 'source_team': 'khan-academy',
 'status': 'in-progress',
 'subtitler': None,
 'subtitles_due_date': None,
 'subtitles_uri': 'https://amara.org/api/videos/YS3zeQUrk16J/languages/cs/subtitles/',
 'team': 'khan-academy',
 'video': 'YS3zeQUrk16J',
 'video_uri': 'https://amara.org/api/videos/YS3zeQUrk16J/',
 'work_completed': None,
 'work_status': 'needs-subtitler'}
Assigning subtitler danekhollas
Uploading new subtitles, complete=True

######################################

Title: Ludwig van Beethoven: Symphony No. 5 Analysis by Gerard Schwarz (Mov. 2) YTID=iFCIgn3Q9XE
Subtitle revision 3 (Public Amara)
Subtitle revision 1 (Team Amara)
Video already has published subtitles, uploading new version...
[{'action': 'endorse', 'label': 'Update subtitles', 'complete': True}]
[{'action': 'endorse', 'label': 'Update subtitles', 'complete': True}]

######################################

Title: Johannes Brahms: Academic Festival Overture YTID=VIV-yJfIrlI
Subtitle revision 27 (Public Amara)
{'actions_uri': 'https://amara.org/api/videos/tK1OFbfdMmAn/languages/cs/subtitles/actions/',
 'approval_due_date': None,
 'approver': None,
 'completed': None,
 'created': '2020-06-16T19:04:37Z',
 'due_date': None,
 'evaluation_teams': [],
 'job_id': 'DGPRY40',
 'language': 'cs',
 'resource_uri': 'https://amara.org/api/teams/khan-academy/subtitle-requests/DGPRY40/',
 'review_due_date': None,
 'reviewer': None,
 'source_team': 'khan-academy',
 'status': 'in-progress',
 'subtitler': None,
 'subtitles_due_date': None,
 'subtitles_uri': 'https://amara.org/api/videos/tK1OFbfdMmAn/languages/cs/subtitles/',
 'team': 'khan-academy',
 'video': 'tK1OFbfdMmAn',
 'video_uri': 'https://amara.org/api/videos/tK1OFbfdMmAn/',
 'work_completed': None,
 'work_status': 'needs-subtitler'}
Assigning subtitler danekhollas
Uploading new subtitles, complete=True

######################################

Title: Ludwig van Beethoven: Symphony No. 5, an appreciation by Leon Botstein YTID=DGBYyf08nWM
Subtitle revision 6 (Public Amara)
Subtitle revision 1 (Team Amara)
Video already has published subtitles, uploading new version...
[{'action': 'endorse', 'label': 'Update subtitles', 'complete': True}]
[{'action': 'endorse', 'label': 'Update subtitles', 'complete': True}]

######################################

Title: Maurice Ravel.  Daphnis et Chloé.  Analysis by Gerard Schwarz YTID=qfqbomqKZqY
Subtitle revision 5 (Public Amara)
Subtitle revision 1 (Team Amara)
Video already has published subtitles, uploading new version...
[{'action': 'endorse', 'label': 'Update subtitles', 'complete': True}]
[{'action': 'endorse', 'label': 'Update subtitles', 'complete': True}]

######################################

Title: Dmitri Shostakovich: Symphony No. 5. Analysis by Gerard Schwarz (part 1) YTID=RccrJX9AN54
Subtitle revision 21 (Public Amara)
{'actions_uri': 'https://amara.org/api/videos/WRNTfQBei2xQ/languages/cs/subtitles/actions/',
 'approval_due_date': None,
 'approver': None,
 'completed': None,
 'created': '2020-06-16T19:04:08Z',
 'due_date': None,
 'evaluation_teams': [],
 'job_id': '1O60RND',
 'language': 'cs',
 'resource_uri': 'https://amara.org/api/teams/khan-academy/subtitle-requests/1O60RND/',
 'review_due_date': None,
 'reviewer': None,
 'source_team': 'khan-academy',
 'status': 'in-progress',
 'subtitler': None,
 'subtitles_due_date': None,
 'subtitles_uri': 'https://amara.org/api/videos/WRNTfQBei2xQ/languages/cs/subtitles/',
 'team': 'khan-academy',
 'video': 'WRNTfQBei2xQ',
 'video_uri': 'https://amara.org/api/videos/WRNTfQBei2xQ/',
 'work_completed': None,
 'work_status': 'needs-subtitler'}
Assigning subtitler danekhollas
Uploading new subtitles, complete=True

######################################

Title: Dmitri Shostakovich: Symphony No. 5. Analysis by Gerard Schwarz (part 2) YTID=OPQBQdLF1dM
Subtitle revision 12 (Public Amara)
{'actions_uri': 'https://amara.org/api/videos/J09RfunEffrV/languages/cs/subtitles/actions/',
 'approval_due_date': None,
 'approver': None,
 'completed': None,
 'created': '2020-06-16T19:04:09Z',
 'due_date': None,
 'evaluation_teams': [],
 'job_id': 'MAIYF6K',
 'language': 'cs',
 'resource_uri': 'https://amara.org/api/teams/khan-academy/subtitle-requests/MAIYF6K/',
 'review_due_date': None,
 'reviewer': None,
 'source_team': 'khan-academy',
 'status': 'in-progress',
 'subtitler': None,
 'subtitles_due_date': None,
 'subtitles_uri': 'https://amara.org/api/videos/J09RfunEffrV/languages/cs/subtitles/',
 'team': 'khan-academy',
 'video': 'J09RfunEffrV',
 'video_uri': 'https://amara.org/api/videos/J09RfunEffrV/',
 'work_completed': None,
 'work_status': 'needs-subtitler'}
Assigning subtitler danekhollas
Uploading new subtitles, complete=True

######################################

Title: David Stock - "BLAST!": Composer and his work YTID=WnopTqmQ1gU
Subtitle revision 3 (Public Amara)
Subtitle revision 0 (Team Amara)
{'actions_uri': 'https://amara.org/api/videos/ebxvzeLHyj9q/languages/cs/subtitles/actions/',
 'approval_due_date': None,
 'approver': None,
 'completed': None,
 'created': '2020-06-16T19:04:06Z',
 'due_date': None,
 'evaluation_teams': [],
 'job_id': 'GJQ8EVM',
 'language': 'cs',
 'resource_uri': 'https://amara.org/api/teams/khan-academy/subtitle-requests/GJQ8EVM/',
 'review_due_date': None,
 'reviewer': None,
 'source_team': 'khan-academy',
 'status': 'in-progress',
 'subtitler': None,
 'subtitles_due_date': None,
 'subtitles_uri': 'https://amara.org/api/videos/ebxvzeLHyj9q/languages/cs/subtitles/',
 'team': 'khan-academy',
 'video': 'ebxvzeLHyj9q',
 'video_uri': 'https://amara.org/api/videos/ebxvzeLHyj9q/',
 'work_completed': None,
 'work_status': 'needs-subtitler'}
Assigning subtitler danekhollas
Uploading new subtitles, complete=True
