Using Amara username danekhollas
Using Amara username dhbot

######################################

Title: Viscosity and Poiseuille flow YTID=G3bO8RcRgxQ
Subtitle revision 6 (Public Amara)
Subtitle revision 1 (Team Amara)
Video already has published subtitles, uploading new version...
[{'action': 'endorse', 'label': 'Update subtitles', 'complete': True}]
[{'action': 'endorse', 'label': 'Update subtitles', 'complete': True}]

######################################

Title: Venturi effect and Pitot tubes YTID=Qz1g6kqvUG8
Subtitle revision 7 (Public Amara)
Subtitle revision 1 (Team Amara)
Video already has published subtitles, uploading new version...
[{'action': 'endorse', 'label': 'Update subtitles', 'complete': True}]
[{'action': 'endorse', 'label': 'Update subtitles', 'complete': True}]

######################################

Title: Power YTID=RpbxIG5HTf4
Subtitle revision 7 (Public Amara)
Subtitle revision 1 (Team Amara)
Video already has published subtitles, uploading new version...
[{'action': 'endorse', 'label': 'Update subtitles', 'complete': True}]
[{'action': 'endorse', 'label': 'Update subtitles', 'complete': True}]

######################################

Title: Bohr model energy levels YTID=nJ-PtF14EFw
Subtitle revision 8 (Public Amara)
Subtitle revision 1 (Team Amara)
Video already has published subtitles, uploading new version...
[{'action': 'endorse', 'label': 'Update subtitles', 'complete': True}]
[{'action': 'endorse', 'label': 'Update subtitles', 'complete': True}]

######################################

Title: Photoelectric effect YTID=vuGpUFjLaYE
Subtitle revision 2 (Public Amara)
Subtitle revision 1 (Team Amara)
Video already has published subtitles, uploading new version...
[{'action': 'endorse', 'label': 'Update subtitles', 'complete': True}]
[{'action': 'endorse', 'label': 'Update subtitles', 'complete': True}]

######################################

Title: Absorption and emission YTID=AznXSVx2xX0
Subtitle revision 1 (Public Amara)
Subtitle revision 1 (Team Amara)
Video already has published subtitles, uploading new version...
[{'action': 'endorse', 'label': 'Update subtitles', 'complete': True}]
[{'action': 'endorse', 'label': 'Update subtitles', 'complete': True}]

######################################

Title: Doppler effect for a moving observer YTID=2TTu0TvB6N0
Subtitle revision 1 (Public Amara)
Subtitle revision 1 (Team Amara)
Video already has published subtitles, uploading new version...
[{'action': 'endorse', 'label': 'Update subtitles', 'complete': True}]
[{'action': 'endorse', 'label': 'Update subtitles', 'complete': True}]

######################################

Title: Thin Film Interference part 1 YTID=oXowkdgJPO4
Subtitle revision 4 (Public Amara)
Subtitle revision 1 (Team Amara)
Video already has published subtitles, uploading new version...
[{'action': 'endorse', 'label': 'Update subtitles', 'complete': True}]
[{'action': 'endorse', 'label': 'Update subtitles', 'complete': True}]

######################################

Title: Capillary action and why we see a meniscus YTID=eQXGpturk3A
Subtitle revision 4 (Public Amara)
Subtitle revision 1 (Team Amara)
Video already has published subtitles, uploading new version...
[{'action': 'endorse', 'label': 'Update subtitles', 'complete': True}]
[{'action': 'endorse', 'label': 'Update subtitles', 'complete': True}]

######################################

Title: Thin lens equation and problem solving YTID=7GV1UZSTNJg
Subtitle revision 4 (Public Amara)
Subtitle revision 1 (Team Amara)
Video already has published subtitles, uploading new version...
[{'action': 'endorse', 'label': 'Update subtitles', 'complete': True}]
[{'action': 'endorse', 'label': 'Update subtitles', 'complete': True}]

######################################

Title: Thin Film Interference part 2 YTID=yWkga94iBzU
Subtitle revision 3 (Public Amara)
Subtitle revision 1 (Team Amara)
Video already has published subtitles, uploading new version...
[{'action': 'endorse', 'label': 'Update subtitles', 'complete': True}]
[{'action': 'endorse', 'label': 'Update subtitles', 'complete': True}]

######################################

Title: Young's Double slit part 1 YTID=Pk6s2OlKzKQ
Subtitle revision 4 (Public Amara)
Subtitle revision 1 (Team Amara)
Video already has published subtitles, uploading new version...
[{'action': 'endorse', 'label': 'Update subtitles', 'complete': True}]
[{'action': 'endorse', 'label': 'Update subtitles', 'complete': True}]

######################################

Title: Young's Double slit part 2 YTID=1abpdO27KTo
Subtitle revision 1 (Public Amara)
Subtitle revision 1 (Team Amara)
Video already has published subtitles, uploading new version...
[{'action': 'endorse', 'label': 'Update subtitles', 'complete': True}]
[{'action': 'endorse', 'label': 'Update subtitles', 'complete': True}]

######################################

Title: Thermal conduction YTID=PA-T6lMxCBI
Subtitle revision 6 (Public Amara)
Subtitle revision 1 (Team Amara)
Video already has published subtitles, uploading new version...
[{'action': 'endorse', 'label': 'Update subtitles', 'complete': True}]
[{'action': 'endorse', 'label': 'Update subtitles', 'complete': True}]

######################################

Title: Surface tension YTID=_RTF0DAHBBM
Subtitle revision 2 (Public Amara)
Subtitle revision 1 (Team Amara)
Video already has published subtitles, uploading new version...
[{'action': 'endorse', 'label': 'Update subtitles', 'complete': True}]
[{'action': 'endorse', 'label': 'Update subtitles', 'complete': True}]

######################################

Title: Maxwell Boltzmann distribution YTID=xQ9D4Jz95-A
Subtitle revision 2 (Public Amara)
{'actions_uri': 'https://amara.org/api/videos/cTBZNtkx7NsU/languages/cs/subtitles/actions/',
 'approval_due_date': None,
 'approver': None,
 'completed': None,
 'created': '2020-07-06T19:02:11Z',
 'due_date': None,
 'evaluation_teams': [],
 'job_id': '74NRFTK',
 'language': 'cs',
 'resource_uri': 'https://amara.org/api/teams/khan-academy/subtitle-requests/74NRFTK/',
 'review_due_date': None,
 'reviewer': None,
 'source_team': 'khan-academy',
 'status': 'in-progress',
 'subtitler': None,
 'subtitles_due_date': None,
 'subtitles_uri': 'https://amara.org/api/videos/cTBZNtkx7NsU/languages/cs/subtitles/',
 'team': 'khan-academy',
 'video': 'cTBZNtkx7NsU',
 'video_uri': 'https://amara.org/api/videos/cTBZNtkx7NsU/',
 'work_completed': None,
 'work_status': 'needs-subtitler'}
Assigning subtitler danekhollas
Uploading new subtitles, complete=True

######################################

Title: Bohr model radii YTID=Hbuh5m3p0x0
Subtitle revision 4 (Public Amara)
Subtitle revision 1 (Team Amara)
Video already has published subtitles, uploading new version...
[{'action': 'endorse', 'label': 'Update subtitles', 'complete': True}]
Using Amara username danekhollas
Using Amara username dhbot

######################################

Title: Bohr model radii YTID=Hbuh5m3p0x0
Subtitle revision 4 (Public Amara)
Subtitle revision 1 (Team Amara)
Video already has published subtitles, uploading new version...
[{'action': 'endorse', 'label': 'Update subtitles', 'complete': True}]
[{'action': 'endorse', 'label': 'Update subtitles', 'complete': True}]
