Using Amara username danekhollas
Using Amara username dhbot

######################################

Title: Specific heat and latent leat of fusion and vaporization YTID=WU7TfO-iaK8
Subtitle revision 24 (Public Amara)
{'actions_uri': 'https://amara.org/api/videos/p0o7xt09JOBW/languages/cs/subtitles/actions/',
 'approval_due_date': None,
 'approver': None,
 'completed': None,
 'created': '2020-06-16T18:53:52Z',
 'due_date': None,
 'evaluation_teams': [],
 'job_id': 'DHSNFQM',
 'language': 'cs',
 'resource_uri': 'https://amara.org/api/teams/khan-academy/subtitle-requests/DHSNFQM/',
 'review_due_date': None,
 'reviewer': None,
 'source_team': 'khan-academy',
 'status': 'in-progress',
 'subtitler': None,
 'subtitles_due_date': None,
 'subtitles_uri': 'https://amara.org/api/videos/p0o7xt09JOBW/languages/cs/subtitles/',
 'team': 'khan-academy',
 'video': 'p0o7xt09JOBW',
 'video_uri': 'https://amara.org/api/videos/p0o7xt09JOBW/',
 'work_completed': None,
 'work_status': 'needs-subtitler'}
Assigning subtitler danekhollas
Uploading new subtitles, complete=True
Assigning reviewer dhbot

######################################

Title: Potential energy stored in a spring YTID=eVl5zs6Lqy0
Subtitle revision 5 (Public Amara)
{'actions_uri': 'https://amara.org/api/videos/h421m54Vo9uH/languages/cs/subtitles/actions/',
 'approval_due_date': None,
 'approver': None,
 'completed': None,
 'created': '2020-07-15T15:26:38Z',
 'due_date': None,
 'evaluation_teams': [],
 'job_id': 'ECN08ZF',
 'language': 'cs',
 'resource_uri': 'https://amara.org/api/teams/khan-academy/subtitle-requests/ECN08ZF/',
 'review_due_date': None,
 'reviewer': None,
 'source_team': 'khan-academy',
 'status': 'in-progress',
 'subtitler': None,
 'subtitles_due_date': None,
 'subtitles_uri': 'https://amara.org/api/videos/h421m54Vo9uH/languages/cs/subtitles/',
 'team': 'khan-academy',
 'video': 'h421m54Vo9uH',
 'video_uri': 'https://amara.org/api/videos/h421m54Vo9uH/',
 'work_completed': None,
 'work_status': 'needs-subtitler'}
Assigning subtitler danekhollas
Uploading new subtitles, complete=True
Assigning reviewer dhbot

######################################

Title: Heisenberg uncertainty principle YTID=PZIoFD_Z73M
Subtitle revision 3 (Public Amara)
Subtitle revision 1 (Team Amara)
Video already has published subtitles, uploading new version...
[{'action': 'endorse', 'label': 'Update subtitles', 'complete': True}]
[{'action': 'endorse', 'label': 'Update subtitles', 'complete': True}]

######################################

Title: Quantum numbers YTID=KrXE_SzRoqw
Subtitle revision 6 (Public Amara)
Subtitle revision 1 (Team Amara)
Video already has published subtitles, uploading new version...
[{'action': 'endorse', 'label': 'Update subtitles', 'complete': True}]
[{'action': 'endorse', 'label': 'Update subtitles', 'complete': True}]

######################################

Title: Quantum numbers for the first four shells YTID=qLU0X154wlE
Subtitle revision 8 (Public Amara)
Subtitle revision 1 (Team Amara)
Video already has published subtitles, uploading new version...
[{'action': 'endorse', 'label': 'Update subtitles', 'complete': True}]
[{'action': 'endorse', 'label': 'Update subtitles', 'complete': True}]

######################################

Title: Projectile motion (part 5) YTID=dlpmllTx5MY
Subtitle revision 1 (Public Amara)
Subtitle revision 1 (Team Amara)
Video already has published subtitles, uploading new version...
[{'action': 'endorse', 'label': 'Update subtitles', 'complete': True}]
[{'action': 'endorse', 'label': 'Update subtitles', 'complete': True}]

######################################

Title: Instantaneous speed and velocity YTID=pfTTHx9kCHk
Subtitle revision 2 (Public Amara)
Subtitle revision 1 (Team Amara)
Video already has published subtitles, uploading new version...
[{'action': 'endorse', 'label': 'Update subtitles', 'complete': True}]
[{'action': 'endorse', 'label': 'Update subtitles', 'complete': True}]

######################################

Title: Mechanical Advantage (part 2) YTID=DiBXxWBrV24
Subtitle revision 3 (Public Amara)
Subtitle revision 1 (Team Amara)
Video already has published subtitles, uploading new version...
[{'action': 'endorse', 'label': 'Update subtitles', 'complete': True}]
[{'action': 'endorse', 'label': 'Update subtitles', 'complete': True}]

######################################

Title: Mechanical Advantage (part 3) YTID=vSsK7Rfa3yA
Subtitle revision 1 (Public Amara)
{'actions_uri': 'https://amara.org/api/videos/DvzFy5K852wk/languages/cs/subtitles/actions/',
 'approval_due_date': None,
 'approver': None,
 'completed': None,
 'created': '2020-07-15T15:26:27Z',
 'due_date': None,
 'evaluation_teams': [],
 'job_id': 'HT4XNAV',
 'language': 'cs',
 'resource_uri': 'https://amara.org/api/teams/khan-academy/subtitle-requests/HT4XNAV/',
 'review_due_date': None,
 'reviewer': None,
 'source_team': 'khan-academy',
 'status': 'in-progress',
 'subtitler': None,
 'subtitles_due_date': None,
 'subtitles_uri': 'https://amara.org/api/videos/DvzFy5K852wk/languages/cs/subtitles/',
 'team': 'khan-academy',
 'video': 'DvzFy5K852wk',
 'video_uri': 'https://amara.org/api/videos/DvzFy5K852wk/',
 'work_completed': None,
 'work_status': 'needs-subtitler'}
Assigning subtitler danekhollas
Uploading new subtitles, complete=True
Assigning reviewer dhbot

######################################

Title: Impulse and momentum dodgeball example | Physics | Khan Academy YTID=uMYAc04D0ak
Subtitle revision 2 (Public Amara)
{'actions_uri': 'https://amara.org/api/videos/EfDY0T8eWDHz/languages/cs/subtitles/actions/',
 'approval_due_date': None,
 'approver': None,
 'completed': None,
 'created': '2020-06-16T18:42:14Z',
 'due_date': None,
 'evaluation_teams': [],
 'job_id': 'A3579FY',
 'language': 'cs',
 'resource_uri': 'https://amara.org/api/teams/khan-academy/subtitle-requests/A3579FY/',
 'review_due_date': None,
 'reviewer': None,
 'source_team': 'khan-academy',
 'status': 'in-progress',
 'subtitler': None,
 'subtitles_due_date': None,
 'subtitles_uri': 'https://amara.org/api/videos/EfDY0T8eWDHz/languages/cs/subtitles/',
 'team': 'khan-academy',
 'video': 'EfDY0T8eWDHz',
 'video_uri': 'https://amara.org/api/videos/EfDY0T8eWDHz/',
 'work_completed': None,
 'work_status': 'needs-subtitler'}
Assigning subtitler danekhollas
Uploading new subtitles, complete=True
Assigning reviewer dhbot

######################################

Title: Introduction to frames of reference YTID=3yaZ7lkQPUQ
Subtitle revision 3 (Public Amara)
Subtitle revision 1 (Team Amara)
Video already has published subtitles, uploading new version...
[{'action': 'endorse', 'label': 'Update subtitles', 'complete': True}]
[{'action': 'endorse', 'label': 'Update subtitles', 'complete': True}]

######################################

Title: Angular motion variables | Moments, torque, and angular momentum | Physics | Khan Academy YTID=garegCgMxxg
Subtitle revision 1 (Public Amara)
{'actions_uri': 'https://amara.org/api/videos/koTkJoHiqYUY/languages/cs/subtitles/actions/',
 'approval_due_date': None,
 'approver': None,
 'completed': None,
 'created': '2020-06-16T18:41:14Z',
 'due_date': None,
 'evaluation_teams': [],
 'job_id': 'MZ6J38U',
 'language': 'cs',
 'resource_uri': 'https://amara.org/api/teams/khan-academy/subtitle-requests/MZ6J38U/',
 'review_due_date': None,
 'reviewer': None,
 'source_team': 'khan-academy',
 'status': 'in-progress',
 'subtitler': None,
 'subtitles_due_date': None,
 'subtitles_uri': 'https://amara.org/api/videos/koTkJoHiqYUY/languages/cs/subtitles/',
 'team': 'khan-academy',
 'video': 'koTkJoHiqYUY',
 'video_uri': 'https://amara.org/api/videos/koTkJoHiqYUY/',
 'work_completed': None,
 'work_status': 'needs-subtitler'}
Assigning subtitler danekhollas
Uploading new subtitles, complete=True
Assigning reviewer dhbot

######################################

Title: Relating angular and regular motion variables | Physics | Khan Academy YTID=dVYYh8C80zo
Subtitle revision 2 (Public Amara)
{'actions_uri': 'https://amara.org/api/videos/SpSiCT5Mv55G/languages/cs/subtitles/actions/',
 'approval_due_date': None,
 'approver': None,
 'completed': None,
 'created': '2020-06-16T18:42:03Z',
 'due_date': None,
 'evaluation_teams': [],
 'job_id': 'QDSFMOB',
 'language': 'cs',
 'resource_uri': 'https://amara.org/api/teams/khan-academy/subtitle-requests/QDSFMOB/',
 'review_due_date': None,
 'reviewer': None,
 'source_team': 'khan-academy',
 'status': 'in-progress',
 'subtitler': None,
 'subtitles_due_date': None,
 'subtitles_uri': 'https://amara.org/api/videos/SpSiCT5Mv55G/languages/cs/subtitles/',
 'team': 'khan-academy',
 'video': 'SpSiCT5Mv55G',
 'video_uri': 'https://amara.org/api/videos/SpSiCT5Mv55G/',
 'work_completed': None,
 'work_status': 'needs-subtitler'}
Assigning subtitler danekhollas
Uploading new subtitles, complete=True
Assigning reviewer dhbot

######################################

Title: Rotational kinematic formulas | Moments, torque, and angular momentum | Physics | Khan Academy YTID=TBlDBaUGqNc
Subtitle revision 3 (Public Amara)
{'actions_uri': 'https://amara.org/api/videos/jRXVeYFqm1El/languages/cs/subtitles/actions/',
 'approval_due_date': None,
 'approver': None,
 'completed': None,
 'created': '2020-06-16T18:41:37Z',
 'due_date': None,
 'evaluation_teams': [],
 'job_id': '6DYQP7A',
 'language': 'cs',
 'resource_uri': 'https://amara.org/api/teams/khan-academy/subtitle-requests/6DYQP7A/',
 'review_due_date': None,
 'reviewer': None,
 'source_team': 'khan-academy',
 'status': 'in-progress',
 'subtitler': None,
 'subtitles_due_date': None,
 'subtitles_uri': 'https://amara.org/api/videos/jRXVeYFqm1El/languages/cs/subtitles/',
 'team': 'khan-academy',
 'video': 'jRXVeYFqm1El',
 'video_uri': 'https://amara.org/api/videos/jRXVeYFqm1El/',
 'work_completed': None,
 'work_status': 'needs-subtitler'}
Assigning subtitler danekhollas
Uploading new subtitles, complete=True
Assigning reviewer dhbot

######################################

Title: Position vs. time graphs | One-dimensional motion | Physics | Khan Academy YTID=GtoamALPOP0
Subtitle revision 4 (Public Amara)
Subtitle revision 1 (Team Amara)
Video already has published subtitles, uploading new version...
[{'action': 'endorse', 'label': 'Update subtitles', 'complete': True}]
[{'action': 'endorse', 'label': 'Update subtitles', 'complete': True}]

######################################

Title: 2-dimensional momentum problem YTID=CFygKiTB-4A
Subtitle revision 2 (Public Amara)
{'actions_uri': 'https://amara.org/api/videos/lmkoPRzPaNug/languages/cs/subtitles/actions/',
 'approval_due_date': None,
 'approver': None,
 'completed': None,
 'created': '2020-07-15T15:26:23Z',
 'due_date': None,
 'evaluation_teams': [],
 'job_id': 'SKFL7D4',
 'language': 'cs',
 'resource_uri': 'https://amara.org/api/teams/khan-academy/subtitle-requests/SKFL7D4/',
 'review_due_date': None,
 'reviewer': None,
 'source_team': 'khan-academy',
 'status': 'in-progress',
 'subtitler': None,
 'subtitles_due_date': None,
 'subtitles_uri': 'https://amara.org/api/videos/lmkoPRzPaNug/languages/cs/subtitles/',
 'team': 'khan-academy',
 'video': 'lmkoPRzPaNug',
 'video_uri': 'https://amara.org/api/videos/lmkoPRzPaNug/',
 'work_completed': None,
 'work_status': 'needs-subtitler'}
Assigning subtitler danekhollas
Uploading new subtitles, complete=True
Assigning reviewer dhbot

######################################

Title: Force vs. time graphs | Impacts and linear momentum | Physics | Khan Academy YTID=8bHPj3ll0vs
Subtitle revision 2 (Public Amara)
Using Amara username danekhollas
Using Amara username dhbot
Using Amara username danekhollas
Using Amara username dhbot

######################################

Title: Force vs. time graphs | Impacts and linear momentum | Physics | Khan Academy YTID=8bHPj3ll0vs
Subtitle revision 2 (Public Amara)
{'actions_uri': 'https://amara.org/api/videos/s2yTVMuiJ7XP/languages/cs/subtitles/actions/',
 'approval_due_date': None,
 'approver': None,
 'completed': None,
 'created': '2020-07-06T18:55:54Z',
 'due_date': None,
 'evaluation_teams': [],
 'job_id': 'WP1I2UZ',
 'language': 'cs',
 'resource_uri': 'https://amara.org/api/teams/khan-academy/subtitle-requests/WP1I2UZ/',
 'review_due_date': None,
 'reviewer': None,
 'source_team': 'khan-academy',
 'status': 'in-progress',
 'subtitler': None,
 'subtitles_due_date': None,
 'subtitles_uri': 'https://amara.org/api/videos/s2yTVMuiJ7XP/languages/cs/subtitles/',
 'team': 'khan-academy',
 'video': 's2yTVMuiJ7XP',
 'video_uri': 'https://amara.org/api/videos/s2yTVMuiJ7XP/',
 'work_completed': None,
 'work_status': 'needs-subtitler'}
Assigning subtitler danekhollas
Uploading new subtitles, complete=True
Assigning reviewer dhbot

######################################

Title: 2-dimensional momentum problem (part 2) YTID=leudxqivIJI
Subtitle revision 2 (Public Amara)
{'actions_uri': 'https://amara.org/api/videos/JiTvBLdJZojp/languages/cs/subtitles/actions/',
 'approval_due_date': None,
 'approver': None,
 'completed': None,
 'created': '2020-07-15T15:26:24Z',
 'due_date': None,
 'evaluation_teams': [],
 'job_id': 'Q7YB590',
 'language': 'cs',
 'resource_uri': 'https://amara.org/api/teams/khan-academy/subtitle-requests/Q7YB590/',
 'review_due_date': None,
 'reviewer': None,
 'source_team': 'khan-academy',
 'status': 'in-progress',
 'subtitler': None,
 'subtitles_due_date': None,
 'subtitles_uri': 'https://amara.org/api/videos/JiTvBLdJZojp/languages/cs/subtitles/',
 'team': 'khan-academy',
 'video': 'JiTvBLdJZojp',
 'video_uri': 'https://amara.org/api/videos/JiTvBLdJZojp/',
 'work_completed': None,
 'work_status': 'needs-subtitler'}
Assigning subtitler danekhollas
Uploading new subtitles, complete=True
Assigning reviewer dhbot

######################################

Title: Center of mass equation  | Impacts and linear momentum | Physics | Khan Academy YTID=B0Ard8jDiHM
Subtitle revision 2 (Public Amara)
{'actions_uri': 'https://amara.org/api/videos/9XOFPdhNjwqd/languages/cs/subtitles/actions/',
 'approval_due_date': None,
 'approver': None,
 'completed': None,
 'created': '2020-06-16T18:59:55Z',
 'due_date': None,
 'evaluation_teams': [],
 'job_id': 'TZY08CF',
 'language': 'cs',
 'resource_uri': 'https://amara.org/api/teams/khan-academy/subtitle-requests/TZY08CF/',
 'review_due_date': None,
 'reviewer': None,
 'source_team': 'khan-academy',
 'status': 'in-progress',
 'subtitler': None,
 'subtitles_due_date': None,
 'subtitles_uri': 'https://amara.org/api/videos/9XOFPdhNjwqd/languages/cs/subtitles/',
 'team': 'khan-academy',
 'video': '9XOFPdhNjwqd',
 'video_uri': 'https://amara.org/api/videos/9XOFPdhNjwqd/',
 'work_completed': None,
 'work_status': 'needs-subtitler'}
Assigning subtitler danekhollas
Uploading new subtitles, complete=True
Assigning reviewer dhbot

######################################

Title: Elastic and inelastic collisions | Impacts and linear momentum | Physics | Khan Academy YTID=8OB8eIPgEkQ
Subtitle revision 3 (Public Amara)
{'actions_uri': 'https://amara.org/api/videos/pqcTBaVZt524/languages/cs/subtitles/actions/',
 'approval_due_date': None,
 'approver': None,
 'completed': None,
 'created': '2020-06-16T18:41:51Z',
 'due_date': None,
 'evaluation_teams': [],
 'job_id': 'TKHJFS1',
 'language': 'cs',
 'resource_uri': 'https://amara.org/api/teams/khan-academy/subtitle-requests/TKHJFS1/',
 'review_due_date': None,
 'reviewer': None,
 'source_team': 'khan-academy',
 'status': 'in-progress',
 'subtitler': None,
 'subtitles_due_date': None,
 'subtitles_uri': 'https://amara.org/api/videos/pqcTBaVZt524/languages/cs/subtitles/',
 'team': 'khan-academy',
 'video': 'pqcTBaVZt524',
 'video_uri': 'https://amara.org/api/videos/pqcTBaVZt524/',
 'work_completed': None,
 'work_status': 'needs-subtitler'}
Assigning subtitler danekhollas
Uploading new subtitles, complete=True
Assigning reviewer dhbot

######################################

Title: Acceleration vs. time graphs | One-dimensional motion | Physics | Khan Academy YTID=DD58B2siDv0
Subtitle revision 3 (Public Amara)
Subtitle revision 1 (Team Amara)
Video already has published subtitles, uploading new version...
[{'action': 'endorse', 'label': 'Update subtitles', 'complete': True}]
[{'action': 'endorse', 'label': 'Update subtitles', 'complete': True}]

######################################

Title: Deriving Displacement as a Function of Time, Acceleration and Initial Velocity YTID=wlB0x9W-qBU
Subtitle revision 5 (Public Amara)
Subtitle revision 1 (Team Amara)
Video already has published subtitles, uploading new version...
[{'action': 'endorse', 'label': 'Update subtitles', 'complete': True}]
[{'action': 'endorse', 'label': 'Update subtitles', 'complete': True}]

######################################

Title: Plotting Projectile Displacement, Acceleration, and Velocity YTID=T0zpF_j7Mvo
Subtitle revision 2 (Public Amara)
Subtitle revision 1 (Team Amara)
Video already has published subtitles, uploading new version...
[{'action': 'endorse', 'label': 'Update subtitles', 'complete': True}]
[{'action': 'endorse', 'label': 'Update subtitles', 'complete': True}]

######################################

Title: Projectile Height Given Time YTID=IYS4Bd9F3LA
Subtitle revision 3 (Public Amara)
Subtitle revision 1 (Team Amara)
Video already has published subtitles, uploading new version...
[{'action': 'endorse', 'label': 'Update subtitles', 'complete': True}]
[{'action': 'endorse', 'label': 'Update subtitles', 'complete': True}]

######################################

Title: Deriving Max Projectile Displacement Given Time YTID=P7LKEkcNibo
Subtitle revision 2 (Public Amara)
Subtitle revision 1 (Team Amara)
Video already has published subtitles, uploading new version...
[{'action': 'endorse', 'label': 'Update subtitles', 'complete': True}]
[{'action': 'endorse', 'label': 'Update subtitles', 'complete': True}]

######################################

Title: Projectile at an Angle YTID=ZZ39o1rAZWY
Subtitle revision 3 (Public Amara)
Subtitle revision 1 (Team Amara)
Video already has published subtitles, uploading new version...
[{'action': 'endorse', 'label': 'Update subtitles', 'complete': True}]
[{'action': 'endorse', 'label': 'Update subtitles', 'complete': True}]

######################################

Title: Horizontally launched projectile | Two-dimensional motion | Physics | Khan Academy YTID=jmSWImPs6fQ
Subtitle revision 5 (Public Amara)
Subtitle revision 1 (Team Amara)
Video already has published subtitles, uploading new version...
[{'action': 'endorse', 'label': 'Update subtitles', 'complete': True}]
[{'action': 'endorse', 'label': 'Update subtitles', 'complete': True}]

######################################

Title: Visualizing Vectors in 2 Dimensions YTID=xp6ibuI8UuQ
Subtitle revision 8 (Public Amara)
Subtitle revision 1 (Team Amara)
Video already has published subtitles, uploading new version...
[{'action': 'endorse', 'label': 'Update subtitles', 'complete': True}]
[{'action': 'endorse', 'label': 'Update subtitles', 'complete': True}]

######################################

Title: More on Newton's second law | Physics | Khan Academy YTID=24vtg9Ehr0Q
Subtitle revision 5 (Public Amara)
Subtitle revision 1 (Team Amara)
Video already has published subtitles, uploading new version...
[{'action': 'endorse', 'label': 'Update subtitles', 'complete': True}]
[{'action': 'endorse', 'label': 'Update subtitles', 'complete': True}]

######################################

Title: More on Newton's third law | Forces and Newton's laws of motion | Physics | Khan Academy YTID=VfpKzwrhmqQ
Subtitle revision 2 (Public Amara)
Subtitle revision 1 (Team Amara)
Video already has published subtitles, uploading new version...
[{'action': 'endorse', 'label': 'Update subtitles', 'complete': True}]
[{'action': 'endorse', 'label': 'Update subtitles', 'complete': True}]

######################################

Title: Bouncing fruit collision example | Impacts and linear momentum | Physics | Khan Academy YTID=1i8VMBvMQ_E
Subtitle revision 2 (Public Amara)
{'actions_uri': 'https://amara.org/api/videos/keZsX6Y21Lbc/languages/cs/subtitles/actions/',
 'approval_due_date': None,
 'approver': None,
 'completed': None,
 'created': '2020-06-16T18:42:38Z',
 'due_date': None,
 'evaluation_teams': [],
 'job_id': 'DEN6UQ5',
 'language': 'cs',
 'resource_uri': 'https://amara.org/api/teams/khan-academy/subtitle-requests/DEN6UQ5/',
 'review_due_date': None,
 'reviewer': None,
 'source_team': 'khan-academy',
 'status': 'in-progress',
 'subtitler': None,
 'subtitles_due_date': None,
 'subtitles_uri': 'https://amara.org/api/videos/keZsX6Y21Lbc/languages/cs/subtitles/',
 'team': 'khan-academy',
 'video': 'keZsX6Y21Lbc',
 'video_uri': 'https://amara.org/api/videos/keZsX6Y21Lbc/',
 'work_completed': None,
 'work_status': 'needs-subtitler'}
Assigning subtitler danekhollas
Uploading new subtitles, complete=True
Assigning reviewer dhbot

######################################

Title: Launching and Landing on Different Elevations YTID=a5QnXi_lZII
Subtitle revision 2 (Public Amara)
Subtitle revision 1 (Team Amara)
Video already has published subtitles, uploading new version...
[{'action': 'endorse', 'label': 'Update subtitles', 'complete': True}]
[{'action': 'endorse', 'label': 'Update subtitles', 'complete': True}]

######################################

Title: Unit Vectors and Engineering Notation YTID=2QjdcVTgTTA
Subtitle revision 2 (Public Amara)
Warning: did not find subs revision and no subs request
[{'action': 'endorse', 'label': 'Update subtitles', 'complete': True}]
[{'action': 'endorse', 'label': 'Update subtitles', 'complete': True}]

######################################

Title: Total Displacement for Projectile YTID=UXORCpvKYiI
Subtitle revision 2 (Public Amara)
Subtitle revision 1 (Team Amara)
Video already has published subtitles, uploading new version...
[{'action': 'endorse', 'label': 'Update subtitles', 'complete': True}]
[{'action': 'endorse', 'label': 'Update subtitles', 'complete': True}]

######################################

Title: Projectile Motion with Ordered Set Notation YTID=jl_gQ-eL3xo
Subtitle revision 2 (Public Amara)
Subtitle revision 1 (Team Amara)
Video already has published subtitles, uploading new version...
[{'action': 'endorse', 'label': 'Update subtitles', 'complete': True}]
[{'action': 'endorse', 'label': 'Update subtitles', 'complete': True}]

######################################

Title: Optimal angle for a projectile part 4   Finding the optimal angle and distance with a bit of calculus YTID=snw0BrCBQYQ
Subtitle revision 2 (Public Amara)
Subtitle revision 1 (Team Amara)
Video already has published subtitles, uploading new version...
[{'action': 'endorse', 'label': 'Update subtitles', 'complete': True}]
[{'action': 'endorse', 'label': 'Update subtitles', 'complete': True}]

######################################

Title: Newton's First Law of Motion Concepts YTID=D1NubiWCpQg
Subtitle revision 6 (Public Amara)
Subtitle revision 1 (Team Amara)
Using Amara username danekhollas
Using Amara username dhbot

######################################

Title: Newton's First Law of Motion Concepts YTID=D1NubiWCpQg
Subtitle revision 6 (Public Amara)
Subtitle revision 1 (Team Amara)
Video already has published subtitles, uploading new version...
[{'action': 'endorse', 'label': 'Update subtitles', 'complete': True}]
[{'action': 'endorse', 'label': 'Update subtitles', 'complete': True}]

######################################

Title: Newton's First Law of Motion YTID=CQYELiTtUs8
Subtitle revision 6 (Public Amara)
Subtitle revision 1 (Team Amara)
Video already has published subtitles, uploading new version...
[{'action': 'endorse', 'label': 'Update subtitles', 'complete': True}]
[{'action': 'endorse', 'label': 'Update subtitles', 'complete': True}]

######################################

Title: Normal Force in an Elevator YTID=hoRsHNSrMpc
Subtitle revision 13 (Public Amara)
Warning: did not find subs revision and no subs request
[{'action': 'endorse', 'label': 'Update subtitles', 'complete': True}]
[{'action': 'endorse', 'label': 'Update subtitles', 'complete': True}]

######################################

Title: More on Normal force (shoe on floor) | Physics | Khan Academy YTID=1CTdrWFNkGo
Subtitle revision 4 (Public Amara)
Subtitle revision 1 (Team Amara)
Video already has published subtitles, uploading new version...
[{'action': 'endorse', 'label': 'Update subtitles', 'complete': True}]
[{'action': 'endorse', 'label': 'Update subtitles', 'complete': True}]

######################################

Title: More on Normal force (shoe on wall) | Physics | Khan Academy YTID=N_J5SeI_62U
Subtitle revision 3 (Public Amara)
Subtitle revision 1 (Team Amara)
Video already has published subtitles, uploading new version...
[{'action': 'endorse', 'label': 'Update subtitles', 'complete': True}]
[{'action': 'endorse', 'label': 'Update subtitles', 'complete': True}]

######################################

Title: Balanced and Unbalanced Forces YTID=oNgo9bbDi7Q
Subtitle revision 2 (Public Amara)
Subtitle revision 1 (Team Amara)
Video already has published subtitles, uploading new version...
[{'action': 'endorse', 'label': 'Update subtitles', 'complete': True}]
[{'action': 'endorse', 'label': 'Update subtitles', 'complete': True}]

######################################

Title: Unbalanced Forces and Motion YTID=IgYUR7aFY-c
Subtitle revision 3 (Public Amara)
Subtitle revision 1 (Team Amara)
Video already has published subtitles, uploading new version...
[{'action': 'endorse', 'label': 'Update subtitles', 'complete': True}]
[{'action': 'endorse', 'label': 'Update subtitles', 'complete': True}]

######################################

Title: Normal Forces on Lubricon VI YTID=hJ18CrKU3Zc
Subtitle revision 2 (Public Amara)
Subtitle revision 1 (Team Amara)
Video already has published subtitles, uploading new version...
[{'action': 'endorse', 'label': 'Update subtitles', 'complete': True}]
[{'action': 'endorse', 'label': 'Update subtitles', 'complete': True}]

######################################

Title: Slow Sock on Lubricon VI YTID=CEdXvoAv_oM
Subtitle revision 3 (Public Amara)
Subtitle revision 1 (Team Amara)
Video already has published subtitles, uploading new version...
[{'action': 'endorse', 'label': 'Update subtitles', 'complete': True}]
[{'action': 'endorse', 'label': 'Update subtitles', 'complete': True}]

######################################

Title: Inclined Plane Force Components YTID=TC23wD34C7k
Subtitle revision 3 (Public Amara)
Warning: did not find subs revision and no subs request
[{'action': 'endorse', 'label': 'Update subtitles', 'complete': True}]
[{'action': 'endorse', 'label': 'Update subtitles', 'complete': True}]

######################################

Title: Static and Kinetic Friction Example YTID=ZA_D4O6l1lo
Subtitle revision 3 (Public Amara)
Warning: did not find subs revision and no subs request
[{'action': 'endorse', 'label': 'Update subtitles', 'complete': True}]
[{'action': 'endorse', 'label': 'Update subtitles', 'complete': True}]

######################################

Title: Intuition on Static and Kinetic Friction Comparisons YTID=J9BWNiOSGlc
Subtitle revision 2 (Public Amara)
Warning: did not find subs revision and no subs request
[{'action': 'endorse', 'label': 'Update subtitles', 'complete': True}]
[{'action': 'endorse', 'label': 'Update subtitles', 'complete': True}]

######################################

Title: Force of Friction Keeping Velocity Constant YTID=iA7Thhnzc64
Subtitle revision 3 (Public Amara)
Warning: did not find subs revision and no subs request
[{'action': 'endorse', 'label': 'Update subtitles', 'complete': True}]
[{'action': 'endorse', 'label': 'Update subtitles', 'complete': True}]

######################################

Title: The force of tension | Forces and Newton's laws of motion | Physics | Khan Academy YTID=9BJ_WWRgtLc
Subtitle revision 3 (Public Amara)
Subtitle revision 1 (Team Amara)
Video already has published subtitles, uploading new version...
[{'action': 'endorse', 'label': 'Update subtitles', 'complete': True}]
[{'action': 'endorse', 'label': 'Update subtitles', 'complete': True}]

######################################

Title: Mild and medium tension | Forces and Newton's laws of motion | Physics | Khan Academy YTID=aHlOp5nYs28
Subtitle revision 3 (Public Amara)
Subtitle revision 1 (Team Amara)
Video already has published subtitles, uploading new version...
[{'action': 'endorse', 'label': 'Update subtitles', 'complete': True}]
[{'action': 'endorse', 'label': 'Update subtitles', 'complete': True}]

######################################

Title: Super hot tension | Forces and Newton's laws of motion | Physics | Khan Academy YTID=EEnzhdQJUYA
Subtitle revision 4 (Public Amara)
Subtitle revision 1 (Team Amara)
Video already has published subtitles, uploading new version...
[{'action': 'endorse', 'label': 'Update subtitles', 'complete': True}]
[{'action': 'endorse', 'label': 'Update subtitles', 'complete': True}]

######################################

Title: The Battery and Electromagnetism YTID=oxpr5dhqqyw
Subtitle revision 1 (Public Amara)
Subtitle revision 1 (Team Amara)
Video already has published subtitles, uploading new version...
[{'action': 'endorse', 'label': 'Update subtitles', 'complete': True}]
[{'action': 'endorse', 'label': 'Update subtitles', 'complete': True}]
