Using Amara username danekhollas
Using Amara username dhbot

######################################

Title: 1945 - End of World War II YTID=U6RFAUmYU5o
Subtitle revision 1 (Public Amara)
Subtitle revision 1 (Team Amara)
Video already has published subtitles, uploading new version...
[{'action': 'endorse', 'label': 'Update subtitles', 'complete': True}]
[{'action': 'endorse', 'label': 'Update subtitles', 'complete': True}]

######################################

Title: 1941   Axis momentum accelerates in WW2 YTID=X3bqQI7-sCg
Subtitle revision 20 (Public Amara)
Subtitle revision 1 (Team Amara)
Video already has published subtitles, uploading new version...
[{'action': 'endorse', 'label': 'Update subtitles', 'complete': True}]
[{'action': 'endorse', 'label': 'Update subtitles', 'complete': True}]

######################################

Title: 1942 Tide turning in World War II in Europe YTID=FqGLqdk9Sr0
Subtitle revision 6 (Public Amara)
Subtitle revision 1 (Team Amara)
Video already has published subtitles, uploading new version...
[{'action': 'endorse', 'label': 'Update subtitles', 'complete': True}]
[{'action': 'endorse', 'label': 'Update subtitles', 'complete': True}]

######################################

Title: Beginning of World War II YTID=-kKCjwNvNkQ
Subtitle revision 5 (Public Amara)
Subtitle revision 1 (Team Amara)
Video already has published subtitles, uploading new version...
[{'action': 'endorse', 'label': 'Update subtitles', 'complete': True}]
[{'action': 'endorse', 'label': 'Update subtitles', 'complete': True}]

######################################

Title: Start of the Civil War YTID=Dl0RRDiG6O8
Subtitle revision 7 (Public Amara)
Subtitle revision 1 (Team Amara)
Video already has published subtitles, uploading new version...
[{'action': 'endorse', 'label': 'Update subtitles', 'complete': True}]
[{'action': 'endorse', 'label': 'Update subtitles', 'complete': True}]

######################################

Title: How to read a document YTID=Q4kxgMH46mY
Subtitle revision 19 (Public Amara)
{'actions_uri': 'https://amara.org/api/videos/WWhyz6oYHW2j/languages/cs/subtitles/actions/',
 'approval_due_date': None,
 'approver': None,
 'completed': None,
 'created': '2020-07-06T19:04:03Z',
 'due_date': None,
 'evaluation_teams': [],
 'job_id': 'OT1CXLR',
 'language': 'cs',
 'resource_uri': 'https://amara.org/api/teams/khan-academy/subtitle-requests/OT1CXLR/',
 'review_due_date': None,
 'reviewer': None,
 'source_team': 'khan-academy',
 'status': 'in-progress',
 'subtitler': None,
 'subtitles_due_date': None,
 'subtitles_uri': 'https://amara.org/api/videos/WWhyz6oYHW2j/languages/cs/subtitles/',
 'team': 'khan-academy',
 'video': 'WWhyz6oYHW2j',
 'video_uri': 'https://amara.org/api/videos/WWhyz6oYHW2j/',
 'work_completed': None,
 'work_status': 'needs-subtitler'}
Assigning subtitler danekhollas
Uploading new subtitles, complete=True

######################################

Title: 1940  - Axis gains momentum in World War II YTID=Toss6Hzf5n0
Subtitle revision 8 (Public Amara)
Subtitle revision 1 (Team Amara)
Video already has published subtitles, uploading new version...
[{'action': 'endorse', 'label': 'Update subtitles', 'complete': True}]
[{'action': 'endorse', 'label': 'Update subtitles', 'complete': True}]

######################################

Title: Motivations for English colonization YTID=wT2cfxFnx_U
Subtitle revision 8 (Public Amara)
{'actions_uri': 'https://amara.org/api/videos/vmYAg0jG4SIL/languages/cs/subtitles/actions/',
 'approval_due_date': None,
 'approver': None,
 'completed': None,
 'created': '2020-07-06T19:06:30Z',
 'due_date': None,
 'evaluation_teams': [],
 'job_id': 'WS03DV4',
 'language': 'cs',
 'resource_uri': 'https://amara.org/api/teams/khan-academy/subtitle-requests/WS03DV4/',
 'review_due_date': None,
 'reviewer': None,
 'source_team': 'khan-academy',
 'status': 'in-progress',
 'subtitler': None,
 'subtitles_due_date': None,
 'subtitles_uri': 'https://amara.org/api/videos/vmYAg0jG4SIL/languages/cs/subtitles/',
 'team': 'khan-academy',
 'video': 'vmYAg0jG4SIL',
 'video_uri': 'https://amara.org/api/videos/vmYAg0jG4SIL/',
 'work_completed': None,
 'work_status': 'needs-subtitler'}
Assigning subtitler danekhollas
Uploading new subtitles, complete=True

######################################

Title: Uncle Tom's Cabin part 1 YTID=Z08N7pqr_cw
Subtitle revision 7 (Public Amara)
{'actions_uri': 'https://amara.org/api/videos/NtgIc4cSv16X/languages/cs/subtitles/actions/',
 'approval_due_date': None,
 'approver': None,
 'completed': None,
 'created': '2020-07-06T18:54:42Z',
 'due_date': None,
 'evaluation_teams': [],
 'job_id': 'X9ZUCFP',
 'language': 'cs',
 'resource_uri': 'https://amara.org/api/teams/khan-academy/subtitle-requests/X9ZUCFP/',
 'review_due_date': None,
 'reviewer': None,
 'source_team': 'khan-academy',
 'status': 'in-progress',
 'subtitler': None,
 'subtitles_due_date': None,
 'subtitles_uri': 'https://amara.org/api/videos/NtgIc4cSv16X/languages/cs/subtitles/',
 'team': 'khan-academy',
 'video': 'NtgIc4cSv16X',
 'video_uri': 'https://amara.org/api/videos/NtgIc4cSv16X/',
 'work_completed': None,
 'work_status': 'needs-subtitler'}
Assigning subtitler danekhollas
Uploading new subtitles, complete=True

######################################

Title: The Monroe Doctrine YTID=Woh4gwIFpic
Subtitle revision 3 (Public Amara)
{'actions_uri': 'https://amara.org/api/videos/frNONFPSQmqi/languages/cs/subtitles/actions/',
 'approval_due_date': None,
 'approver': None,
 'completed': None,
 'created': '2020-07-06T19:06:37Z',
 'due_date': None,
 'evaluation_teams': [],
 'job_id': 'KW0MGNJ',
 'language': 'cs',
 'resource_uri': 'https://amara.org/api/teams/khan-academy/subtitle-requests/KW0MGNJ/',
 'review_due_date': None,
 'reviewer': None,
 'source_team': 'khan-academy',
 'status': 'in-progress',
 'subtitler': None,
 'subtitles_due_date': None,
 'subtitles_uri': 'https://amara.org/api/videos/frNONFPSQmqi/languages/cs/subtitles/',
 'team': 'khan-academy',
 'video': 'frNONFPSQmqi',
 'video_uri': 'https://amara.org/api/videos/frNONFPSQmqi/',
 'work_completed': None,
 'work_status': 'needs-subtitler'}
Assigning subtitler danekhollas
Uploading new subtitles, complete=True

######################################

Title: Jim Crow part 1 | The Gilded Age (1865-1898) | US History | Khan Academy YTID=bOVQYIGtqXk
Subtitle revision 3 (Public Amara)
{'actions_uri': 'https://amara.org/api/videos/FPBUFVeCJOfp/languages/cs/subtitles/actions/',
 'approval_due_date': None,
 'approver': None,
 'completed': None,
 'created': '2020-07-06T18:55:43Z',
 'due_date': None,
 'evaluation_teams': [],
 'job_id': '5POUQ8C',
 'language': 'cs',
 'resource_uri': 'https://amara.org/api/teams/khan-academy/subtitle-requests/5POUQ8C/',
 'review_due_date': None,
 'reviewer': None,
 'source_team': 'khan-academy',
 'status': 'in-progress',
 'subtitler': None,
 'subtitles_due_date': None,
 'subtitles_uri': 'https://amara.org/api/videos/FPBUFVeCJOfp/languages/cs/subtitles/',
 'team': 'khan-academy',
 'video': 'FPBUFVeCJOfp',
 'video_uri': 'https://amara.org/api/videos/FPBUFVeCJOfp/',
 'work_completed': None,
 'work_status': 'needs-subtitler'}
Assigning subtitler danekhollas
Uploading new subtitles, complete=True
Using Amara username danekhollas
Using Amara username dhbot

######################################

Title: Jim Crow part 3 | The Gilded Age (1865-1898) | US History | Khan Academy YTID=VhNouf_RdXs
Subtitle revision 3 (Public Amara)
{'actions_uri': 'https://amara.org/api/videos/6FvRXstklkzI/languages/cs/subtitles/actions/',
 'approval_due_date': None,
 'approver': None,
 'completed': None,
 'created': '2020-07-06T19:00:51Z',
 'due_date': None,
 'evaluation_teams': [],
 'job_id': 'N78EBJF',
 'language': 'cs',
 'resource_uri': 'https://amara.org/api/teams/khan-academy/subtitle-requests/N78EBJF/',
 'review_due_date': None,
 'reviewer': None,
 'source_team': 'khan-academy',
 'status': 'in-progress',
 'subtitler': None,
 'subtitles_due_date': None,
 'subtitles_uri': 'https://amara.org/api/videos/6FvRXstklkzI/languages/cs/subtitles/',
 'team': 'khan-academy',
 'video': '6FvRXstklkzI',
 'video_uri': 'https://amara.org/api/videos/6FvRXstklkzI/',
 'work_completed': None,
 'work_status': 'needs-subtitler'}
Assigning subtitler danekhollas
Uploading new subtitles, complete=True

######################################

Title: Jim Crow part 2 | The Gilded Age (1865-1898) | US History | Khan Academy YTID=82Lhe3ipD90
Subtitle revision 1 (Public Amara)
{'actions_uri': 'https://amara.org/api/videos/t7UB6FyUY60H/languages/cs/subtitles/actions/',
 'approval_due_date': None,
 'approver': None,
 'completed': None,
 'created': '2020-07-06T18:56:09Z',
 'due_date': None,
 'evaluation_teams': [],
 'job_id': 'Q08KNYM',
 'language': 'cs',
 'resource_uri': 'https://amara.org/api/teams/khan-academy/subtitle-requests/Q08KNYM/',
 'review_due_date': None,
 'reviewer': None,
 'source_team': 'khan-academy',
 'status': 'in-progress',
 'subtitler': None,
 'subtitles_due_date': None,
 'subtitles_uri': 'https://amara.org/api/videos/t7UB6FyUY60H/languages/cs/subtitles/',
 'team': 'khan-academy',
 'video': 't7UB6FyUY60H',
 'video_uri': 'https://amara.org/api/videos/t7UB6FyUY60H/',
 'work_completed': None,
 'work_status': 'needs-subtitler'}
Assigning subtitler danekhollas
Uploading new subtitles, complete=True

######################################

Title: Later stages of the Civil War part 1 YTID=ZE_M0_k4mG4
Subtitle revision 2 (Public Amara)
{'actions_uri': 'https://amara.org/api/videos/cxrj3I9m6h6Z/languages/cs/subtitles/actions/',
 'approval_due_date': None,
 'approver': None,
 'completed': None,
 'created': '2020-07-06T19:06:32Z',
 'due_date': None,
 'evaluation_teams': [],
 'job_id': 'UABWEHJ',
 'language': 'cs',
 'resource_uri': 'https://amara.org/api/teams/khan-academy/subtitle-requests/UABWEHJ/',
 'review_due_date': None,
 'reviewer': None,
 'source_team': 'khan-academy',
 'status': 'in-progress',
 'subtitler': None,
 'subtitles_due_date': None,
 'subtitles_uri': 'https://amara.org/api/videos/cxrj3I9m6h6Z/languages/cs/subtitles/',
 'team': 'khan-academy',
 'video': 'cxrj3I9m6h6Z',
 'video_uri': 'https://amara.org/api/videos/cxrj3I9m6h6Z/',
 'work_completed': None,
 'work_status': 'needs-subtitler'}
Assigning subtitler danekhollas
Uploading new subtitles, complete=True

######################################

Title: 1943   Axis losing in Europe YTID=x9g82IA-IEU
Subtitle revision 5 (Public Amara)
Subtitle revision 1 (Team Amara)
Video already has published subtitles, uploading new version...
[{'action': 'endorse', 'label': 'Update subtitles', 'complete': True}]
[{'action': 'endorse', 'label': 'Update subtitles', 'complete': True}]

######################################

Title: 1944  - Allies advance further in Europe YTID=0UgQ0B_0hAg
Subtitle revision 7 (Public Amara)
Subtitle revision 1 (Team Amara)
Video already has published subtitles, uploading new version...
[{'action': 'endorse', 'label': 'Update subtitles', 'complete': True}]
[{'action': 'endorse', 'label': 'Update subtitles', 'complete': True}]

######################################

Title: The early Temperance movement - part 1 YTID=As-YfI9xVB0
Subtitle revision 2 (Public Amara)
{'actions_uri': 'https://amara.org/api/videos/A0hGnKH77sin/languages/cs/subtitles/actions/',
 'approval_due_date': None,
 'approver': None,
 'completed': None,
 'created': '2020-07-06T18:57:08Z',
 'due_date': None,
 'evaluation_teams': [],
 'job_id': 'WEK0OGQ',
 'language': 'cs',
 'resource_uri': 'https://amara.org/api/teams/khan-academy/subtitle-requests/WEK0OGQ/',
 'review_due_date': None,
 'reviewer': None,
 'source_team': 'khan-academy',
 'status': 'in-progress',
 'subtitler': None,
 'subtitles_due_date': None,
 'subtitles_uri': 'https://amara.org/api/videos/A0hGnKH77sin/languages/cs/subtitles/',
 'team': 'khan-academy',
 'video': 'A0hGnKH77sin',
 'video_uri': 'https://amara.org/api/videos/A0hGnKH77sin/',
 'work_completed': None,
 'work_status': 'needs-subtitler'}
Assigning subtitler danekhollas
Uploading new subtitles, complete=True

######################################

Title: The early Temperance movement - part 2 YTID=gIEQ32s35ZE
Subtitle revision 2 (Public Amara)
{'actions_uri': 'https://amara.org/api/videos/F3JK2j1HBAMz/languages/cs/subtitles/actions/',
 'approval_due_date': None,
 'approver': None,
 'completed': None,
 'created': '2020-07-06T19:06:16Z',
 'due_date': None,
 'evaluation_teams': [],
 'job_id': 'ED89ZNI',
 'language': 'cs',
 'resource_uri': 'https://amara.org/api/teams/khan-academy/subtitle-requests/ED89ZNI/',
 'review_due_date': None,
 'reviewer': None,
 'source_team': 'khan-academy',
 'status': 'in-progress',
 'subtitler': None,
 'subtitles_due_date': None,
 'subtitles_uri': 'https://amara.org/api/videos/F3JK2j1HBAMz/languages/cs/subtitles/',
 'team': 'khan-academy',
 'video': 'F3JK2j1HBAMz',
 'video_uri': 'https://amara.org/api/videos/F3JK2j1HBAMz/',
 'work_completed': None,
 'work_status': 'needs-subtitler'}
Assigning subtitler danekhollas
Uploading new subtitles, complete=True

######################################

Title: World War II in the Pacific in 1942 YTID=CBHfoQsF2Y4
Subtitle revision 26 (Public Amara)
Subtitle revision 1 (Team Amara)
Video already has published subtitles, uploading new version...
[{'action': 'endorse', 'label': 'Update subtitles', 'complete': True}]
[{'action': 'endorse', 'label': 'Update subtitles', 'complete': True}]

######################################

Title: The age of empire YTID=eJgtqs_Rwts
Subtitle revision 34 (Public Amara)
{'actions_uri': 'https://amara.org/api/videos/sNOBCLJW4KJP/languages/cs/subtitles/actions/',
 'approval_due_date': None,
 'approver': None,
 'completed': None,
 'created': '2020-07-06T18:59:14Z',
 'due_date': None,
 'evaluation_teams': [],
 'job_id': 'K7FLSWZ',
 'language': 'cs',
 'resource_uri': 'https://amara.org/api/teams/khan-academy/subtitle-requests/K7FLSWZ/',
 'review_due_date': None,
 'reviewer': None,
 'source_team': 'khan-academy',
 'status': 'in-progress',
 'subtitler': None,
 'subtitles_due_date': None,
 'subtitles_uri': 'https://amara.org/api/videos/sNOBCLJW4KJP/languages/cs/subtitles/',
 'team': 'khan-academy',
 'video': 'sNOBCLJW4KJP',
 'video_uri': 'https://amara.org/api/videos/sNOBCLJW4KJP/',
 'work_completed': None,
 'work_status': 'needs-subtitler'}
Assigning subtitler danekhollas
Uploading new subtitles, complete=True

######################################

Title: Jacksonian Democracy part 1 YTID=o0K8bb9uJQ4
Subtitle revision 3 (Public Amara)
{'actions_uri': 'https://amara.org/api/videos/YWPog2woAAAc/languages/cs/subtitles/actions/',
 'approval_due_date': None,
 'approver': None,
 'completed': None,
 'created': '2020-07-06T18:59:30Z',
 'due_date': None,
 'evaluation_teams': [],
 'job_id': '85TQXFP',
 'language': 'cs',
 'resource_uri': 'https://amara.org/api/teams/khan-academy/subtitle-requests/85TQXFP/',
 'review_due_date': None,
 'reviewer': None,
 'source_team': 'khan-academy',
 'status': 'in-progress',
 'subtitler': None,
 'subtitles_due_date': None,
 'subtitles_uri': 'https://amara.org/api/videos/YWPog2woAAAc/languages/cs/subtitles/',
 'team': 'khan-academy',
 'video': 'YWPog2woAAAc',
 'video_uri': 'https://amara.org/api/videos/YWPog2woAAAc/',
 'work_completed': None,
 'work_status': 'needs-subtitler'}
Assigning subtitler danekhollas
Uploading new subtitles, complete=True

######################################

Title: Jacksonian Democracy part 2 YTID=m_Z3dWw7mVw
Subtitle revision 2 (Public Amara)
{'actions_uri': 'https://amara.org/api/videos/4QjB81d7p52Q/languages/cs/subtitles/actions/',
 'approval_due_date': None,
 'approver': None,
 'completed': None,
 'created': '2020-07-06T18:56:47Z',
 'due_date': None,
 'evaluation_teams': [],
 'job_id': 'W32ERP7',
 'language': 'cs',
 'resource_uri': 'https://amara.org/api/teams/khan-academy/subtitle-requests/W32ERP7/',
 'review_due_date': None,
 'reviewer': None,
 'source_team': 'khan-academy',
 'status': 'in-progress',
 'subtitler': None,
 'subtitles_due_date': None,
 'subtitles_uri': 'https://amara.org/api/videos/4QjB81d7p52Q/languages/cs/subtitles/',
 'team': 'khan-academy',
 'video': '4QjB81d7p52Q',
 'video_uri': 'https://amara.org/api/videos/4QjB81d7p52Q/',
 'work_completed': None,
 'work_status': 'needs-subtitler'}
Assigning subtitler danekhollas
Uploading new subtitles, complete=True

######################################

Title: Jamestown - life and labor in the Chesapeake YTID=Advpf1WgMiQ
Subtitle revision 7 (Public Amara)
{'actions_uri': 'https://amara.org/api/videos/i00JqvEExikK/languages/cs/subtitles/actions/',
 'approval_due_date': None,
 'approver': None,
 'completed': None,
 'created': '2020-07-06T19:06:34Z',
 'due_date': None,
 'evaluation_teams': [],
 'job_id': '3BIVPEN',
 'language': 'cs',
 'resource_uri': 'https://amara.org/api/teams/khan-academy/subtitle-requests/3BIVPEN/',
 'review_due_date': None,
 'reviewer': None,
 'source_team': 'khan-academy',
 'status': 'in-progress',
 'subtitler': None,
 'subtitles_due_date': None,
 'subtitles_uri': 'https://amara.org/api/videos/i00JqvEExikK/languages/cs/subtitles/',
 'team': 'khan-academy',
 'video': 'i00JqvEExikK',
 'video_uri': 'https://amara.org/api/videos/i00JqvEExikK/',
 'work_completed': None,
 'work_status': 'needs-subtitler'}
Assigning subtitler danekhollas
Uploading new subtitles, complete=True

######################################

Title: The Gilded Age part 2 YTID=uXQqefD6sPA
Subtitle revision 5 (Public Amara)
{'actions_uri': 'https://amara.org/api/videos/XaF4cg3TkI5C/languages/cs/subtitles/actions/',
 'approval_due_date': None,
 'approver': None,
 'completed': None,
 'created': '2020-07-06T18:55:24Z',
 'due_date': None,
 'evaluation_teams': [],
 'job_id': 'G4J9UQR',
 'language': 'cs',
 'resource_uri': 'https://amara.org/api/teams/khan-academy/subtitle-requests/G4J9UQR/',
 'review_due_date': None,
 'reviewer': None,
 'source_team': 'khan-academy',
 'status': 'in-progress',
 'subtitler': None,
 'subtitles_due_date': None,
 'subtitles_uri': 'https://amara.org/api/videos/XaF4cg3TkI5C/languages/cs/subtitles/',
 'team': 'khan-academy',
 'video': 'XaF4cg3TkI5C',
 'video_uri': 'https://amara.org/api/videos/XaF4cg3TkI5C/',
 'work_completed': None,
 'work_status': 'needs-subtitler'}
Assigning subtitler danekhollas
Uploading new subtitles, complete=True

######################################

Title: Origins of the Cold War YTID=BlFjNf4f0mE
Subtitle revision 11 (Public Amara)
{'actions_uri': 'https://amara.org/api/videos/g3ye8IZ3zgII/languages/cs/subtitles/actions/',
 'approval_due_date': None,
 'approver': None,
 'completed': None,
 'created': '2020-07-06T19:03:15Z',
 'due_date': None,
 'evaluation_teams': [],
 'job_id': 'HKMNG71',
 'language': 'cs',
 'resource_uri': 'https://amara.org/api/teams/khan-academy/subtitle-requests/HKMNG71/',
 'review_due_date': None,
 'reviewer': None,
 'source_team': 'khan-academy',
 'status': 'in-progress',
 'subtitler': None,
 'subtitles_due_date': None,
 'subtitles_uri': 'https://amara.org/api/videos/g3ye8IZ3zgII/languages/cs/subtitles/',
 'team': 'khan-academy',
 'video': 'g3ye8IZ3zgII',
 'video_uri': 'https://amara.org/api/videos/g3ye8IZ3zgII/',
 'work_completed': None,
 'work_status': 'needs-subtitler'}
Assigning subtitler danekhollas
Uploading new subtitles, complete=True

######################################

Title: Jamestown - the impact of tobacco YTID=jZnJLEyJtBU
Subtitle revision 9 (Public Amara)
{'actions_uri': 'https://amara.org/api/videos/OaDDGselMBSB/languages/cs/subtitles/actions/',
 'approval_due_date': None,
 'approver': None,
 'completed': None,
 'created': '2020-07-06T19:10:31Z',
 'due_date': None,
 'evaluation_teams': [],
 'job_id': 'EJK32PA',
 'language': 'cs',
 'resource_uri': 'https://amara.org/api/teams/khan-academy/subtitle-requests/EJK32PA/',
 'review_due_date': None,
 'reviewer': None,
 'source_team': 'khan-academy',
 'status': 'in-progress',
 'subtitler': None,
 'subtitles_due_date': None,
 'subtitles_uri': 'https://amara.org/api/videos/OaDDGselMBSB/languages/cs/subtitles/',
 'team': 'khan-academy',
 'video': 'OaDDGselMBSB',
 'video_uri': 'https://amara.org/api/videos/OaDDGselMBSB/',
 'work_completed': None,
 'work_status': 'needs-subtitler'}
Assigning subtitler danekhollas
Uploading new subtitles, complete=True
