Using Amara username danekhollas
Using Amara username dhbot

######################################

Title: Russia, the Kievan Rus, and the Mongols: Crash Course World History #20 YTID=etmRI2_9Q_A
Subtitle revision 64 (Public Amara)
Using Amara username danekhollas
Using Amara username dhbot

######################################

Title: CCWH37 China Revolutions KHAN YTID=a1AhZoWTLUI
Subtitle revision 36 (Public Amara)
Using Amara username danekhollas
Using Amara username dhbot

######################################

Title: Philip of Macedon unifies Greece YTID=yCUs43CYMoI
Subtitle revision 1 (Public Amara)
{'actions_uri': 'https://amara.org/api/videos/yeovcrVf1SlX/languages/cs/subtitles/actions/',
 'approval_due_date': None,
 'approver': None,
 'completed': None,
 'created': '2020-07-06T19:07:03Z',
 'due_date': None,
 'evaluation_teams': [],
 'job_id': '9D5XA8S',
 'language': 'cs',
 'resource_uri': 'https://amara.org/api/teams/khan-academy/subtitle-requests/9D5XA8S/',
 'review_due_date': None,
 'reviewer': None,
 'source_team': 'khan-academy',
 'status': 'in-progress',
 'subtitler': None,
 'subtitles_due_date': None,
 'subtitles_uri': 'https://amara.org/api/videos/yeovcrVf1SlX/languages/cs/subtitles/',
 'team': 'khan-academy',
 'video': 'yeovcrVf1SlX',
 'video_uri': 'https://amara.org/api/videos/yeovcrVf1SlX/',
 'work_completed': None,
 'work_status': 'needs-subtitler'}
Assigning subtitler danekhollas
Uploading new subtitles, complete=True
Using Amara username danekhollas
Using Amara username dhbot

######################################

Title: The Fall of Empires | World History | Khan Academy YTID=5Zo0j7yj23E
Subtitle revision 8 (Public Amara)
{'actions_uri': 'https://amara.org/api/videos/YLDL4JEjiE1G/languages/cs/subtitles/actions/',
 'approval_due_date': None,
 'approver': None,
 'completed': None,
 'created': '2020-07-06T19:01:15Z',
 'due_date': None,
 'evaluation_teams': [],
 'job_id': '840HC95',
 'language': 'cs',
 'resource_uri': 'https://amara.org/api/teams/khan-academy/subtitle-requests/840HC95/',
 'review_due_date': None,
 'reviewer': None,
 'source_team': 'khan-academy',
 'status': 'in-progress',
 'subtitler': None,
 'subtitles_due_date': None,
 'subtitles_uri': 'https://amara.org/api/videos/YLDL4JEjiE1G/languages/cs/subtitles/',
 'team': 'khan-academy',
 'video': 'YLDL4JEjiE1G',
 'video_uri': 'https://amara.org/api/videos/YLDL4JEjiE1G/',
 'work_completed': None,
 'work_status': 'needs-subtitler'}
Assigning subtitler danekhollas
Uploading new subtitles, complete=True

######################################

Title: Rome becomes dominant | World History | Khan Academy YTID=bzL6w6sTwTM
Subtitle revision 3 (Public Amara)
{'actions_uri': 'https://amara.org/api/videos/lj5vRydUouOe/languages/cs/subtitles/actions/',
 'approval_due_date': None,
 'approver': None,
 'completed': None,
 'created': '2020-07-06T19:08:53Z',
 'due_date': None,
 'evaluation_teams': [],
 'job_id': '9GCEXA0',
 'language': 'cs',
 'resource_uri': 'https://amara.org/api/teams/khan-academy/subtitle-requests/9GCEXA0/',
 'review_due_date': None,
 'reviewer': None,
 'source_team': 'khan-academy',
 'status': 'in-progress',
 'subtitler': None,
 'subtitles_due_date': None,
 'subtitles_uri': 'https://amara.org/api/videos/lj5vRydUouOe/languages/cs/subtitles/',
 'team': 'khan-academy',
 'video': 'lj5vRydUouOe',
 'video_uri': 'https://amara.org/api/videos/lj5vRydUouOe/',
 'work_completed': None,
 'work_status': 'needs-subtitler'}
Assigning subtitler danekhollas
Uploading new subtitles, complete=True

######################################

Title: Peopling the Earth | The Origin of Humans and Human Societies | World History | Khan Academy YTID=CFOskkTm_x0
Subtitle revision 3 (Public Amara)
Using Amara username danekhollas
Using Amara username dhbot

######################################

Title: CCWH19 Venice Ottomans KHAN YTID=5OEZTU8FdVA
Subtitle revision 24 (Public Amara)
