3769 OEhKtFkxfkg y2-uaPiyoxc
3764 3mVmr7drqMc PEeUTQ0Gri8
3658 9XZypM2Z3Ro g_OELpKo1mo
3658 9XZypM2Z3Ro g_OELpKo1mo
3758 EEW7IdAIQBU 1AqkBdCBm9o
3758 EEW7IdAIQBU 1AqkBdCBm9o
3770 lhNKWkOu0Bw leDYnoNSvD4
3770 lhNKWkOu0Bw leDYnoNSvD4
3768 EF23Om6gSxg I9S5CvSqb5A
3768 EF23Om6gSxg I9S5CvSqb5A
3762 SX6FhdEGCZI __nkbr6DeTg
3762 SX6FhdEGCZI __nkbr6DeTg
3760 OAaEONPuoQY tJrSILRXOUc
3760 OAaEONPuoQY tJrSILRXOUc
3771 4f0eq-gUKgc UA975j_qsTQ
3771 4f0eq-gUKgc UA975j_qsTQ
3766 EHlDc28F71A kpEJwpemL2Q
3766 EHlDc28F71A kpEJwpemL2Q
3759 -3DFzxbP9Fk -0UGILCKrW4
3759 -3DFzxbP9Fk -0UGILCKrW4
718 qSkpZswoZTc 
3763 G-rfJB0Zl3A qSkpZswoZTc
3763 G-rfJB0Zl3A qSkpZswoZTc
2280 YdyV2nSUSe0 ourH3ueWNmA
2280 YdyV2nSUSe0 ourH3ueWNmA
2274 dnKMkkLMVoo wx2gI8iwMCA
2281 UvzZDFaEW-k X_PnRFAKbkg
3657 -Zlq5tNl94M qxFQqqOqrEI
3657 -Zlq5tNl94M qxFQqqOqrEI
3749 9s_sRCQz49c nFsQA2Zvy1o
3749 9s_sRCQz49c nFsQA2Zvy1o
2576 9Jg5S7F2SMQ 
3750 J46hYYrkXyM 9Jg5S7F2SMQ
3750 J46hYYrkXyM 9Jg5S7F2SMQ
2562 2JzrgAarWII fGok2nHOjnI
2562 2JzrgAarWII fGok2nHOjnI
3751 TQOWJr1uV_k SfgD7Sm08ns
3751 TQOWJr1uV_k SfgD7Sm08ns
2780 ipWvoqnwhi8 osIFa9zcI-w
2780 ipWvoqnwhi8 osIFa9zcI-w
2779 RQElyGlh4Tc 3rs7sFPoiZ4
2779 RQElyGlh4Tc 3rs7sFPoiZ4
2797 0UOrU49S0ps mKsKU0BAiRM
2797 0UOrU49S0ps mKsKU0BAiRM
2794 dYuB5sBJwEQ 8YR1E7XWPz8
2794 dYuB5sBJwEQ 8YR1E7XWPz8
2793 Gkdu3sHJQag EV38zfiY6Vs
2793 Gkdu3sHJQag EV38zfiY6Vs
2792 UjfmOmPARyk 
2802 8QYImt9sfzg G1cNKc3PD74
2802 8QYImt9sfzg G1cNKc3PD74
2801 JBRFOcTcQyk RzEFGpe0rv4
2801 JBRFOcTcQyk RzEFGpe0rv4
2800 Plm8VELzLJo zvetEuVJ0bE
2800 Plm8VELzLJo zvetEuVJ0bE
2097 smeZQlHGmQY Q35CH9B3tvc
2097 smeZQlHGmQY Q35CH9B3tvc
3767 e5MDP7hgruY kMHFY6ZrKbU
2799 kMHFY6ZrKbU 
3767 e5MDP7hgruY kMHFY6ZrKbU
2561 egjDLFX9VHg 
3775 rECpQoOMLvc EQrCdEF3vNE
3775 rECpQoOMLvc EQrCdEF3vNE
2807 -TfNLVH62wE rm3NjcSmFFo
2807 -TfNLVH62wE rm3NjcSmFFo
2810 Y07gZKic9jc 1dZsuE0vxEI
2810 Y07gZKic9jc 1dZsuE0vxEI
2809 m3IyR6U00Ys wyWy4PouQxQ
2809 m3IyR6U00Ys wyWy4PouQxQ
3765 vAb5Tp3SNiY ZJ39gHgz_Dk
2808 ZJ39gHgz_Dk 
2347 qyvwN-2PoXA 
3774 ZDripoF5__U qyvwN-2PoXAd
2834 jPZfNA2gNnk QYOieJuzDr4
2834 jPZfNA2gNnk QYOieJuzDr4
2806 lVDOTHWwJA8 pvyqucC-0NU
2806 lVDOTHWwJA8 pvyqucC-0NU
3773 7crQNStaikw zTK6XUF0HAs
3773 7crQNStaikw zTK6XUF0HAs
2464 SCBp0d6zR2I 
2832 bTIdGUjQVBo d3109sV6izY
2832 bTIdGUjQVBo d3109sV6izY
3772 hjqsBw6uYhA 4BNIGTHUTTM
3772 hjqsBw6uYhA 4BNIGTHUTTM
2833 CQQe0-RZ2tA i8r7ZTUqB9w
2833 CQQe0-RZ2tA i8r7ZTUqB9w
3754 Huc199vqYJM jAfJcgPGqgI
3754 Huc199vqYJM jAfJcgPGqgI
3787 22Yp8zIjv34 0B91xPrwcPE
3787 22Yp8zIjv34 0B91xPrwcPE
3788 nm5Oaf3-uvI Ei5mgFtUGns
3788 nm5Oaf3-uvI Ei5mgFtUGns
3789 gRb_LwkLWYc pdleRJd9YNY
3789 gRb_LwkLWYc pdleRJd9YNY
2109 ftndEjAg6qs 
2293 8xbIS2UkQxI 
3794 BmjHRAtNVJ0 10dTx1Zy_4w
3794 BmjHRAtNVJ0 10dTx1Zy_4w
1 6WwRwxkLuP0 AuX7nPBqDts
1 6WwRwxkLuP0 AuX7nPBqDts
6 w6Sx6ygZ2kU aNqG4ChKShI
6 w6Sx6ygZ2kU aNqG4ChKShI
1393 vm1Z8X7jTFY 9hM32lsQ4aI
1393 vm1Z8X7jTFY 9hM32lsQ4aI
3746 VnMsi-uqh8E 9T3AAn-Cw3g
1314 8qagkwfuK70 LSaaKau63Gg
1314 8qagkwfuK70 LSaaKau63Gg
1317 D2IyqE312Pg 3lHBgFvr3yE
1317 D2IyqE312Pg 3lHBgFvr3yE
1687 9diZWvv6vzE iivtjjdSu9I
1687 9diZWvv6vzE iivtjjdSu9I
1316 Nk8DQuT9ul0 RNxwasijbAo
1316 Nk8DQuT9ul0 RNxwasijbAo
1315 lDr5Eoe2nJw cDpBtkU2cf8
1315 lDr5Eoe2nJw cDpBtkU2cf8
1256 Sdy92hhXK_w vfMx9-rJXuo
1256 Sdy92hhXK_w vfMx9-rJXuo
3716 sFhXsYan8DU tHQOAvbyRL0
3716 sFhXsYan8DU tHQOAvbyRL0
864 _XVK5ZnC0eE jb8mFpA1YI8
864 _XVK5ZnC0eE jb8mFpA1YI8
3717 5dL5A61mdl0 uHHnwafYivk
3717 5dL5A61mdl0 uHHnwafYivk
3718 vgfzZ6W6r3U SG4gX-VGzog
3718 vgfzZ6W6r3U SG4gX-VGzog
3737 xxdcGTkUSng NWJinKmWzx8
3737 xxdcGTkUSng NWJinKmWzx8
2539 QVGdqJQi6ec 3JmnxR8nEi8
2539 QVGdqJQi6ec 3JmnxR8nEi8
2530 V_zK7yVXyxw UvAOynxGfIU
2530 V_zK7yVXyxw UvAOynxGfIU
3656 H4cg6KJwYhQ p0jCw2sqZgs
3656 H4cg6KJwYhQ p0jCw2sqZgs
1298 PEZDQ6rhOs4 k68CPfcehTE
1298 PEZDQ6rhOs4 k68CPfcehTE
1265 c2Tkj-bStW4 4BtXvopHXI8
1265 c2Tkj-bStW4 4BtXvopHXI8
1308 50cQyZ6LQ-k TqRReFvbpXA
1308 50cQyZ6LQ-k TqRReFvbpXA
1307 6YxBpN9RJQk twMdew4Zs8Q
1307 6YxBpN9RJQk twMdew4Zs8Q
1799 Hq6ZLxXUzpE DaQlieZH1kk
1799 Hq6ZLxXUzpE DaQlieZH1kk
251 MEdh3hdz65k -h3Oqhl8fPg
251 MEdh3hdz65k -h3Oqhl8fPg
1193 QI6x0KNxiCs 
3337 awDJO6pOVAU QI6x0KNxiCs
3778 idJVAbzOpes xUjRwepN7dk
3778 idJVAbzOpes xUjRwepN7dk
3777 y_eFB6rqCwo FKJjqEdfB9Y
3777 y_eFB6rqCwo FKJjqEdfB9Y
2256 al6XNkv0xIY KFzcwWTEDDI
2256 al6XNkv0xIY KFzcwWTEDDI
2526 -l3DoI8DeXs HY-8ydAbiik
2526 -l3DoI8DeXs HY-8ydAbiik
3776 mJsZ9Yau3gs KzdbThwGNGI
3776 mJsZ9Yau3gs KzdbThwGNGI
1305 BIGX05Mp5nw 
3342 E3V2UHVSabA BIGX05Mp5nw
1302 MbpmP1esh-Q 
3344 ciJwS_Koo8U MbpmP1esh-Q
862 NcADzGz3bSI 
3343 kIqlV7jfb9o NcADzGz3bSI
2781 uCBm8iDyg1s 
3761 WmbyKBtm9us uCBm8iDyg1s
3761 WmbyKBtm9us uCBm8iDyg1s
1304 xXIG8ouHcsc 
3345 XKveVFQrJrU xXIG8ouHcsc
2268 anlOhNHlqwg 
3348 nT4kzgRLUZo anlOhNHlqwg
2397 cTveNRjWQYo 
3349 MTGOWBlhmIk cTveNRjWQYo
45 qtsKBrdzqd8 Hlal9ME2Aig
45 qtsKBrdzqd8 Hlal9ME2Aig
46 qB04OcpTwA0 VW6UrPKPInA
46 qB04OcpTwA0 VW6UrPKPInA
2803 Un9IumdPMMw 2Zk6u7Uk5ow
2803 Un9IumdPMMw 2Zk6u7Uk5ow
2816 vxrdj32DnBE 3-aryZYsoxU
2816 vxrdj32DnBE 3-aryZYsoxU
32 YTJT-HYznlc r6hS_8nm1jM
32 YTJT-HYznlc r6hS_8nm1jM
33 vUt4vtIumfA hKkBlcnU9pw
33 vUt4vtIumfA hKkBlcnU9pw
2700 Oc18rld_pC4 MFoXK57sw9k
2700 Oc18rld_pC4 MFoXK57sw9k
3715 VMHFJva1ZYg t4xOkpP8FgE
3715 VMHFJva1ZYg t4xOkpP8FgE
47 Lzyia93d48I AcpIO62x2oo
47 Lzyia93d48I AcpIO62x2oo
48 TtJg_pdc_cE NrVvu7cM8_o
48 TtJg_pdc_cE NrVvu7cM8_o
2330 rYidiuhoKCc NQSN00zL5gg
2330 rYidiuhoKCc NQSN00zL5gg
615 3t4vjVATagU lBscLuttQq0
615 3t4vjVATagU lBscLuttQq0
933 x__UaneWtss pzQY-9Nmtws
933 x__UaneWtss pzQY-9Nmtws
51 sE067FvY7pE rK4sXm_MPWo
51 sE067FvY7pE rK4sXm_MPWo
208 rfbhQybIjEY 47wjId9k2Hs
208 rfbhQybIjEY 47wjId9k2Hs
50 2DLWqzZcEQI bQ-KR3clFgs
50 2DLWqzZcEQI bQ-KR3clFgs
1546 wil7aaozpVk jgWqSjgMAtw
1546 wil7aaozpVk jgWqSjgMAtw
3723 ric8fP2WXyw gEE6yIObbmg
3723 ric8fP2WXyw gEE6yIObbmg
3720 yc9K4e-jXM4 KGSwhRXMa3M
3720 yc9K4e-jXM4 KGSwhRXMa3M
1821 9zvOJRLbQGE U44my48zgFE
1821 9zvOJRLbQGE U44my48zgFE
3722 8E1wj2KDv3s eBzQdDgBB_8
3722 8E1wj2KDv3s eBzQdDgBB_8
52 gqhyRldDyo8 3XOt1fjWKi8
52 gqhyRldDyo8 3XOt1fjWKi8
1970 6d0zAEHSDsY Z0WsfO-RI8Yv
3721 Xyg9tELBpcY N1X0vf5PUz4
3721 Xyg9tELBpcY N1X0vf5PUz4
2331 bPm_W7FFkBc Bt60JVZRVCI
2331 bPm_W7FFkBc Bt60JVZRVCI
2790 rzNUc9cP4H8 G4VxHxwi6DY
2790 rzNUc9cP4H8 G4VxHxwi6DY
2051 9wyCTSMipcQ yZqVJtDO7gc
2051 9wyCTSMipcQ yZqVJtDO7gc
1979 521ZsFtxWi4 8OKTrN0uT-Q
1979 521ZsFtxWi4 8OKTrN0uT-Q
2512 VDyMpp20aCM wbAxarp_Ug4
2512 VDyMpp20aCM wbAxarp_Ug4
233 M0tdHmL9Cbs Io9i1JkKgN4
233 M0tdHmL9Cbs Io9i1JkKgN4
801 EFW0pe4QTNA 2dbasvm3iG0
801 EFW0pe4QTNA 2dbasvm3iG0
299 oq3ivck3v_o N8dIOmk_lHs
299 oq3ivck3v_o N8dIOmk_lHs
3780 bfJ9pPs05ow ONsI-yIbsBg
3780 bfJ9pPs05ow ONsI-yIbsBg
338 Sm99cWZq8iY lxjmR4pYIVU
338 Sm99cWZq8iY lxjmR4pYIVU
3752 rGWOpozzq6U T8U7hCmUdpo
3752 rGWOpozzq6U T8U7hCmUdpo
3753 o-RBGyaxVqM 0EwwoDVJVPQ
3753 o-RBGyaxVqM 0EwwoDVJVPQ
2035 nYznNWCErf0 _E9fG8BYcBo
2035 nYznNWCErf0 _E9fG8BYcBo
2041 pk78t1rJzps erZe85NrsK0
2041 pk78t1rJzps erZe85NrsK0
340 ef_00Lc47fo EJjnEau6aeI
340 ef_00Lc47fo EJjnEau6aeI
319 c1Vy3QYfHi4 UbUdyE1_b9g
319 c1Vy3QYfHi4 UbUdyE1_b9g
345 IEGsHzPAK6Y EGy1W24EPEI
345 IEGsHzPAK6Y EGy1W24EPEI
2054 MG74M1YjcL8 q19UnHEofOA
2054 MG74M1YjcL8 q19UnHEofOA
2909 t9XO7sV32XA xkg7370cpjs
2909 t9XO7sV32XA xkg7370cpjs
2341 RRx4SfP-MGs 8JyPzTeA_8w
2341 RRx4SfP-MGs 8JyPzTeA_8w
2908 gD4kXZHnsaA R8YKuGJ0plI
2908 gD4kXZHnsaA R8YKuGJ0plI
3781 ynl4Vc9xeqA fvtv2uYjo_E
3781 ynl4Vc9xeqA fvtv2uYjo_E
3782 -Qw2CkxR7t8 poGjjX_VNbM
3782 -Qw2CkxR7t8 poGjjX_VNbM
3784 SfMICcWXq_A bcCLKACsYJ0
3784 SfMICcWXq_A bcCLKACsYJ0
3783 lMPCEzHJZ2Y 2DPivVFCdqA
3783 lMPCEzHJZ2Y 2DPivVFCdqA
1843 VHwmZ_eEDds 8Eb5MWwcMMY
1843 VHwmZ_eEDds 8Eb5MWwcMMY
1350 LdRsWl0kN3g _btQus9HV_I
1350 LdRsWl0kN3g _btQus9HV_I
3785 kyDMFJMGTsg I01O0r8b-po
3785 kyDMFJMGTsg I01O0r8b-po
3786 HAJRjS1RtTA r3M68V9Joac
3786 HAJRjS1RtTA r3M68V9Joac
2044 CvVngWqHXM8 0njioQqIxKY
2044 CvVngWqHXM8 0njioQqIxKY
2903 58Cugw-Zgfo gPbN26bYyN8
2903 58Cugw-Zgfo gPbN26bYyN8
2905 RQ5KZQesF_s PKh5B9xyzSc
2905 RQ5KZQesF_s PKh5B9xyzSc
2906 kNZ8k9uYtR8 5fK8HEYNRuQ
2906 kNZ8k9uYtR8 5fK8HEYNRuQ
3793 kKA5LtPRQXI XaJQse2u5TQ
3793 kKA5LtPRQXI XaJQse2u5TQ
2036 VDdckL5W2Eg ZlhrXO1-osA
2036 VDdckL5W2Eg ZlhrXO1-osA
2907 i8Mw6ixYcIc yUYDhmQsiXY
2907 i8Mw6ixYcIc yUYDhmQsiXY
2336 o-aCHzgJ-VE x6xtezhuCZ4
2336 o-aCHzgJ-VE x6xtezhuCZ4
2783 18ifbqfjhBA hr_mTd-oJ-M
2783 18ifbqfjhBA hr_mTd-oJ-M
2524 Dk3qX2nhF4g lJdb4_Fuxvw
2524 Dk3qX2nhF4g lJdb4_Fuxvw
295 cI_Yhn_fwEU CTKMK1ZGLuk
295 cI_Yhn_fwEU CTKMK1ZGLuk
1738 PACXLXuSosI RPhaidW0dmY
1738 PACXLXuSosI RPhaidW0dmY
346 n7Aw83iDAD8 YJgIGwTysk0
346 n7Aw83iDAD8 YJgIGwTysk0
3779 k7K60ml1Mek KCehC_3CBBY
3779 k7K60ml1Mek KCehC_3CBBY
1844 C9Ul9b_2LVE tfjQVtOyoaQ
1844 C9Ul9b_2LVE tfjQVtOyoaQ
2523 yp-TcX3KkPw c-_yrA-GUow
2523 yp-TcX3KkPw c-_yrA-GUow
2337 8E_2px4Ssio Mcm0Q3wGhMo
2337 8E_2px4Ssio Mcm0Q3wGhMo
2911 _2pyOVKRvzs f3ySpxX9oeM
2911 _2pyOVKRvzs f3ySpxX9oeM
1794 ZpwJ5gLEtzE m-pRnFIeoNA
1794 ZpwJ5gLEtzE m-pRnFIeoNA
343 Uf9LaK74ctw tnkPY4UqJ44
343 Uf9LaK74ctw tnkPY4UqJ44
791 th2kncy-5qs PQsgXNggV7Q
791 th2kncy-5qs PQsgXNggV7Q
3719 JJQOEYfdHGQ BItpeFXC4vA
3719 JJQOEYfdHGQ BItpeFXC4vA
3724 h0WQ8jDd0PM qSPwUDmpnJ4
3724 h0WQ8jDd0PM qSPwUDmpnJ4
2339 z5vImL2RO-s he4kcTujy30
2339 z5vImL2RO-s he4kcTujy30
3757 FIbOp2N2psg 7oUBK0cNxV8
3757 FIbOp2N2psg 7oUBK0cNxV8
3755 urXiQ8RqLmo qb0QSP7Sfz4
3755 urXiQ8RqLmo qb0QSP7Sfz4
3756 Lthn06zjHPo SrL8abwGKyA
3756 Lthn06zjHPo SrL8abwGKyA
3734 w29IUb5YxZM bFjaZ_8pi3c
3734 w29IUb5YxZM bFjaZ_8pi3c
464 9C81NwxhI34 _MIn3zFkEcc
464 9C81NwxhI34 _MIn3zFkEcc
1550 F8kl4pumpzk gAV9kwvoD6s
1550 F8kl4pumpzk gAV9kwvoD6s
445 9cefii5Cnk0 HCC96awA-FM
445 9cefii5Cnk0 HCC96awA-FM
1212 D8i2IRSEXZA f8B2dBQn3_U
1212 D8i2IRSEXZA f8B2dBQn3_U
1363 MqImVd9cm6M FwMYoK1QKso
1363 MqImVd9cm6M FwMYoK1QKso
3742 MI4bRmCeWpQ JJawhaMqaXg
3742 MI4bRmCeWpQ JJawhaMqaXg
2100 BINElq3DFkg 
439 Y4Rze2pVdH0 DR2DYe7PI74
439 Y4Rze2pVdH0 DR2DYe7PI74
768 FrxzNua3ZtY 9P80OLC6wKY
768 FrxzNua3ZtY 9P80OLC6wKY
769 KQ3mcppcJys OS1g4PDdNdM
769 KQ3mcppcJys OS1g4PDdNdM
434 hCmFlgw5zR0 sCVyvfOLI6U
434 hCmFlgw5zR0 sCVyvfOLI6U
435 FjsL5Z8oi04 Y1V5mZaMfTk
435 FjsL5Z8oi04 Y1V5mZaMfTk
440 q7LSQK6QdSQ EGr3KC55sfU
440 q7LSQK6QdSQ EGr3KC55sfU
441 wRIj7uPTbI0 qbMe4f2yvKs
441 wRIj7uPTbI0 qbMe4f2yvKs
3728 2MKCajc6eoc 7I_AILEWTL4
3728 2MKCajc6eoc 7I_AILEWTL4
3729 4Fz7kzFpMX0 fWi-i_mdUOI
3729 4Fz7kzFpMX0 fWi-i_mdUOI
1426 OzmaOWGzCz0 oLh_sIESQnY
1426 OzmaOWGzCz0 oLh_sIESQnY
1823 IN2aM9WcGEs ErHFQUhZ94I
1823 IN2aM9WcGEs ErHFQUhZ94I
271 P4wUXYgxthw w616LEmrHVE
271 P4wUXYgxthw w616LEmrHVE
3735 A9tOSC7ub9Y IE0HQoLrbX4
3735 A9tOSC7ub9Y IE0HQoLrbX4
3736 WjR2diTN87Q URdTZ38JvOI
3736 WjR2diTN87Q URdTZ38JvOI
416 DF92zpMaLvI Eq4mVCd-yyo
416 DF92zpMaLvI Eq4mVCd-yyo
2812 a8q8o6Gql8Y lDXaju6JoQ0
2812 a8q8o6Gql8Y lDXaju6JoQ0
1492 9sKBo4SGSkA c4fUaD4g4mc
1492 9sKBo4SGSkA c4fUaD4g4mc
417 oN0FCjRADyc hy_bDS3aHO4
417 oN0FCjRADyc hy_bDS3aHO4
1591 Do9v8kLdiXE STyoP3rCmb0
1591 Do9v8kLdiXE STyoP3rCmb0
3738 iZdlLCENXcM xBseQOzMB7A
3738 iZdlLCENXcM xBseQOzMB7A
2340 LW6j4KWPHw0 4IWfJ7-CYfE
2340 LW6j4KWPHw0 4IWfJ7-CYfE
2252 cRWO2XxMO7c D5fmcpNygQk
2252 cRWO2XxMO7c D5fmcpNygQk
2343 DKK9dKipERY xUDlKV8lJbM
2343 DKK9dKipERY xUDlKV8lJbM
3739 DWceI3blIPw zlq_jQYD1mA
3739 DWceI3blIPw zlq_jQYD1mA
3743 779HfXd0NH4 bRRtp9XdDrY
3743 779HfXd0NH4 bRRtp9XdDrY
3744 vl2zfg0P8QM dToPqCXHNDA
3744 vl2zfg0P8QM dToPqCXHNDA
3745 ru0_S8UzlHM 7JPIX3odZrY
3745 ru0_S8UzlHM 7JPIX3odZrY
3747 jHEsKtTktRU Hrjr5f5pZ84
3747 jHEsKtTktRU Hrjr5f5pZ84
3748 9kIVHZzIW2g x48CYVaD0xE
3748 9kIVHZzIW2g x48CYVaD0xE
429 tsz7xrm7Dig Nqts8zW8RxM
429 tsz7xrm7Dig Nqts8zW8RxM
2884 jxA8MffVmPs 
228 wd4cRAoBOiE 
2885 iK0y39rjBgQ 
2580 dZPOCU10TqY 
2887 a_mzIWvHx_Y 
2091 3Xcae0OGavk 
207 _qzs1zozTBo 
2447 fh8gkPW_6g4 
253 3jBfLaLrk6I 
302 ClYdw4d4OmA 
936 GiSpzFKI5_w 
1886 piIcRV2dx7E 
2527 VXrn5HOQmHQ 
220 HwSszh3L358 
277 ENKH97PYssg 
221 oTKVXJ7TcbA 
2879 5RzDVNob0-0 
225 6nZp2QGeQ9k 
278 uXTRmzXlorI 
245 bjVn4WGmNis 
495 XMwnJUprid8 
284 gl_-E6iVAg4 
577 Badvask-UDU 
3324 cLP7INqs3JM 
1341 d9pO2z2qvXU 
905 qvtsUefQi4E Df9h5t64NlQ
905 qvtsUefQi4E Df9h5t64NlQ
24 MlwUmRW_YUI 2G_Jr_XpnY4
24 MlwUmRW_YUI 2G_Jr_XpnY4
285 rE5k64w2eeE NehkLV77ITk
285 rE5k64w2eeE NehkLV77ITk
2869 zu3r6jz06G0 XAzFGx3Ruig
2869 zu3r6jz06G0 XAzFGx3Ruig
26 pwyG1phQbfc vcn2ruTOwFo
26 pwyG1phQbfc vcn2ruTOwFo
2536 HewDQpMG_R8 5xe-6GPR_qQ
22 1cpZPA9iExQ mIStB5X4U8M
2805 mIStB5X4U8M 
23 tov7xZDOIVs 3h4UK62Qrbo
23 tov7xZDOIVs 3h4UK62Qrbo
28 Ala4BZjBbkc ZKKDTfHcsG0
2841 ZKKDTfHcsG0 
28 Ala4BZjBbkc ZKKDTfHcsG0
25 LC6RQeNsSic zWcfVC-oCNw
25 LC6RQeNsSic zWcfVC-oCNw
27 D6yHKOYJiso 
20 0ZDTeiwuzPk jFd-6EPfnec
2840 YI_zUV0Ddlk 1Vb8t7Y-pI0
2840 YI_zUV0Ddlk 1Vb8t7Y-pI0
1984 A7zPgMV4eTM 
1441 O1R4H3Ca82E 
2009 DRg2VCo8lP0 
1634 9uwLgf84p5w 
1818 sJmLjUj_h68 
2881 xMz9WFvox9g 
2882 daCT_24RnIY 
805 VhNkWdLGpmA 
700 5ctsUsvIp8w 
1495 b9H22F0Qbgw 
1297 1op92ojA6q0 
1488 XZRQhkii0h0 
2470 dAvosUEUH6I 
2469 jYOfMszfzAQ 
1421 PwDnpb_ZJvc 
1079 ROIfbUQrSY4 
1093 EFVrAk61xjE 
2511 cw3mp8oNASk 
2858 8y7xP4zz0UY 
2521 drhoIgAhlQM 
1340 DKh16Th8x6o 
2956 zM_p7tfWvLU 
3227 SwqOrUWzDY8 
2957 AR1uqNbjM5s 
2859 JnpqlXN9Whw 
1921 Tqpcku0hrPU 
2861 trdbaV4TaAo 
2873 0Dd-y_apbRw 
1875 i6lfVUp5RW8 
2112 6phoVfGKKec 
2874 pYaIjA4CsKo 
2875 DaoJmvqU3FI 
2073 xxAFh-qHPPA 
1900 67jn5Zv-myg 
1879 497oIjqRPco 
30 d5Y4FHjOtWw frBJEYvyd-8
30 d5Y4FHjOtWw frBJEYvyd-8
281 5qfOViJda_g 
281 5qfOViJda_g 
230 mJ1P4A-KA8k 
230 mJ1P4A-KA8k 
3239 s9ppnjgmiyk 
3239 s9ppnjgmiyk 
490 gjrGd9TjjnY 
490 gjrGd9TjjnY 
2904 QS1LMomm0Gk 
2904 QS1LMomm0Gk 
2520 pi3WWQ0q6Lc 
2520 pi3WWQ0q6Lc 
1249 H0q9Fqb8YT4 
1249 H0q9Fqb8YT4 
433 NM8qTo361ic 
433 NM8qTo361ic 
1737 o31cLUkS23E 
1737 o31cLUkS23E 
420 JEHejQphIYc 
420 JEHejQphIYc 
566 jyLRpr2P0MQ 
514 04N79tItPEA 
704 ZyOhRgnFmIY 
381 bcH6dZYUYtA 
40 EMOlejgnXgw AJNDeVt9UOo
2818 AJNDeVt9UOo 
40 EMOlejgnXgw AJNDeVt9UOo
3332 S_OX3ByvBSc 
3332 S_OX3ByvBSc 
2141 z8rjwY5Flik 
3335 EiHkRr5qqqs 
765 jWpiMu5LNdg 
765 jWpiMu5LNdg 
44 wr8kEGaImmI VidnbCEOGdg
44 wr8kEGaImmI VidnbCEOGdg
43 P4fYfqD4GPk 9Ek61w1LxSc
43 P4fYfqD4GPk 9Ek61w1LxSc
79 KSHbfPqiTzY DqeMQHomwAU
79 KSHbfPqiTzY DqeMQHomwAU
209 3Dc6hkFh9R0 _y_Q3_B2Vh8
3475 _y_Q3_B2Vh8 
209 3Dc6hkFh9R0 _y_Q3_B2Vh8
3475 _y_Q3_B2Vh8 
133 ci-qNw1wvQk XoEn1LfVoTo
133 ci-qNw1wvQk XoEn1LfVoTo
134 lQz9ydNZaSg p5e5mf_G3FI
134 lQz9ydNZaSg p5e5mf_G3FI
1235 roHvNNFXr4k 
1235 roHvNNFXr4k 
153 Azh5UijdKT0 iimpwYBiKNg
153 Azh5UijdKT0 iimpwYBiKNg
1890 vkhYFml0w6c 
1890 vkhYFml0w6c 
138 HgPFEpYcz2g f15zA0PhSek
138 HgPFEpYcz2g f15zA0PhSek
137 UanejYE8Upo 1c5HY3z4k8M
137 UanejYE8Upo 1c5HY3z4k8M
143 Ue-NfvHhNlc YZBStgZGyDY
144 3rxOdor3etw YZBStgZGyDY
143 Ue-NfvHhNlc YZBStgZGyDY
193 DriH03z0GrM PNXozoJWsWc
193 DriH03z0GrM PNXozoJWsWc
197 R9pFgfW30I0 D1cKk48kz-E
197 R9pFgfW30I0 D1cKk48kz-E
184 z9-iHdpQKd8 FZ2APP6-grU
184 z9-iHdpQKd8 FZ2APP6-grU
195 XaV5i8b3QY8 VgDe_D8ojxw
54 afAwSjSU6e4 wo7DSaPP8hQ
54 afAwSjSU6e4 wo7DSaPP8hQ
196 JrR8lEXmN9s pbLiN8D9gAk
196 JrR8lEXmN9s pbLiN8D9gAk
2851 6s1CI3uuhko 
537 AA6RfgP-AHU 
75 O64YFlX1_aI 
695 il0EJrY64qE 
628 JcqCf762y9w 
2820 V0xounKGEXs 
717 H-de6Tkxej8 
1529 6vRgqB0PSXE 
294 92aLiyeQj0w 
729 dw41PMWek6U 
2846 D-EIh7NJvtQ 
992 ALhv3Rlydig 
1461 B0R3MJOrST0 
1683 4ZyTVTGVPgE 
2597 BTnAlNSgNsY 
270 Ka82QC4QvGA 
2823 5CeBlu260Rw 
2777 inlMrf2d-k4 
2838 D5lZ3thuEeA 
2822 sZMezOCZr40 
1692 PiQxA9O7Rd8 
806 hmj3_zbz2eg 
2528 iqeGTtyzQ1I 
2102 95logvV8nXY 
2522 j3-XYLnxJDY 
2678 b8q6i_XPyhk 
2830 MamrTJ7V_Vg 
2831 loAA3TCNAvU 
2778 Rcb7ZUTOQ1I 
2853 tVDslyeLefU 
2855 EJTPGyWqhqc 
2854 CCysGY2cXUo 
2856 ZACf9EecFrY 
2852 m1ZTnl4CNQg 
754 gL3HxBQyeg0 
2850 hC6zx9WAiC4 
776 IelS2vg7JO8 
558 EINpkcphsPQ 
558 EINpkcphsPQ 
2844 1ul8g55dYA4 
2844 1ul8g55dYA4 
559 LrS5_l-gk94 
559 LrS5_l-gk94 
2845 rcBaqkGp7CA 
2845 rcBaqkGp7CA 
2994 Jsiy4TxgIME 
97 YD3E_L7YNRM F21S9Wpi0y8
542 G-T_6hCdMQc 
542 G-T_6hCdMQc 
2995 l5VbdqRjTXc 
2995 l5VbdqRjTXc 
2996 aHzd-u35LuA 
2996 aHzd-u35LuA 
2997 QuZMXVJNLCo 
2997 QuZMXVJNLCo 
2998 BLQNL_UGONg 
2998 BLQNL_UGONg 
2999 yiH6GoscimY 
2999 yiH6GoscimY 
3000 Z5EnuVJawmY 
3000 Z5EnuVJawmY 
3001 VjmFKle7xIw 
3001 VjmFKle7xIw 
3002 IJySBMtFlnQ 
3002 IJySBMtFlnQ 
336 APNkWrD-U1k 
336 APNkWrD-U1k 
3003 ZElOxG7_m3c 
3003 ZElOxG7_m3c 
3004 Ei54NnQ0FKs 
3004 Ei54NnQ0FKs 
3005 pGaDcOMdw48 
3005 pGaDcOMdw48 
3006 6kGi1dvGZNY 
3006 6kGi1dvGZNY 
1515 EnwWxMZVBeg 
1515 EnwWxMZVBeg 
1321 z8vj8tUCkxY 
1321 z8vj8tUCkxY 
3013 O3jvUZ8wvZs 
3013 O3jvUZ8wvZs 
1580 z0-1gBy1ykE 
1580 z0-1gBy1ykE 
3563 fYQ3GRSu4JU 
3563 fYQ3GRSu4JU 
2534 1m9p9iubMLU 
2534 1m9p9iubMLU 
3564 WffVdYETdng 
3564 WffVdYETdng 
3248 sjUhr0HkLUg 
3248 sjUhr0HkLUg 
3249 FK6-tZ5D7xM 
3249 FK6-tZ5D7xM 
3251 tzQ7arA917E 
3251 tzQ7arA917E 
3252 k_wJsio68D4 
3252 k_wJsio68D4 
3253 h-TPSylHrvE 
3253 h-TPSylHrvE 
3522 C3HFAyigqoY 
3522 C3HFAyigqoY 
3533 KoYZErFpZ5Q 
3533 KoYZErFpZ5Q 
3577 n0DLSIOYBsQ 
3577 n0DLSIOYBsQ 
3444 soIt2TwV6Xk 
3444 soIt2TwV6Xk 
1952 1jDDfkKKgmc 
1952 1jDDfkKKgmc 
518 jG7vhMMXagQ 
518 jG7vhMMXagQ 
3439 s4cLM0l1gd4 
3439 s4cLM0l1gd4 
3662 SBqnRja4CW4 
3662 SBqnRja4CW4 
3599 0zCcFSO8ouE 
3599 0zCcFSO8ouE 
3600 uBVhtGL9y88 
3600 uBVhtGL9y88 
3635 JGU74wbZMLg 
3635 JGU74wbZMLg 
3636 Idxeo49szW0 
3636 Idxeo49szW0 
3637 eTDaJ4ebK28 
3637 eTDaJ4ebK28 
3638 QGfdhqbilY8 
3638 QGfdhqbilY8 
3639 MABWdzmZFIQ 
3639 MABWdzmZFIQ 
3640 SdHwokUU8xI 
3640 SdHwokUU8xI 
1380 a70-dYvDJZY 
1380 a70-dYvDJZY 
3615 2RbKfRfzD-M 
3615 2RbKfRfzD-M 
3616 sI789G6FBb4 
3616 sI789G6FBb4 
3617 4OEeVLo5V1o 
3617 4OEeVLo5V1o 
1112 5FEjrStgcF8 
1112 5FEjrStgcF8 
58 GZx3U0dbASg 
58 GZx3U0dbASg 
246 GP53b__h4ew 
246 GP53b__h4ew 
868 jEeJkkMXt6c 
868 jEeJkkMXt6c 
1110 rcLnMe1ELPA 
1110 rcLnMe1ELPA 
1195 JiE_kNk3ucI 
1195 JiE_kNk3ucI 
60 ALoF35-G-yY Wl4re38deh0
60 ALoF35-G-yY Wl4re38deh0
1136 DRtLXagrMHw 
1136 DRtLXagrMHw 
533 rLNM8zI4Q_M 
533 rLNM8zI4Q_M 
1592 FEF6PxWOvsk 
1592 FEF6PxWOvsk 
437 eUF59jCFcyQ 
437 eUF59jCFcyQ 
1152 6nVysrZQnOQ 
1152 6nVysrZQnOQ 
1452 b6VQv76BQDs 
1452 b6VQv76BQDs 
1116 mx2M_ZKXM_c 
1116 mx2M_ZKXM_c 
1668 sxbPwl_KRuA 
1668 sxbPwl_KRuA 
1596 1V9wVmO0Tfg 
1596 1V9wVmO0Tfg 
1122 0w9R_foNLrg 
1122 0w9R_foNLrg 
581 i-NNWI8Ccas 
581 i-NNWI8Ccas 
590 hD4ySbQYYyA 
590 hD4ySbQYYyA 
839 kJSOqlcFpJw 
839 kJSOqlcFpJw 
952 EdYyuUUY-nc 
952 EdYyuUUY-nc 
953 w3IKEa_GOYs 
953 w3IKEa_GOYs 
532 UhIwMAhZpCo 
532 UhIwMAhZpCo 
900 qOwCpnQsDLM 
900 qOwCpnQsDLM 
531 QMv4kxATfzs 
531 QMv4kxATfzs 
500 JoL2pO3O0rg 
500 JoL2pO3O0rg 
501 DxkkAHnqlpY 
501 DxkkAHnqlpY 
1451 4LmIyMyAuN0 
1451 4LmIyMyAuN0 
1702 PX_XSnVWlNc 
1702 PX_XSnVWlNc 
978 QXYbGZ3T3_k 
978 QXYbGZ3T3_k 
1837 omvNINaRdxg 
1837 omvNINaRdxg 
1784 6zV3JEjLoyE 
1784 6zV3JEjLoyE 
59 BWs-ONRDDG4 
59 BWs-ONRDDG4 
2638 X_3QAB3o4Vw 
2638 X_3QAB3o4Vw 
1313 RpOHZc6cDIw 
1313 RpOHZc6cDIw 
1111 f2BWsPVN7c4 
1111 f2BWsPVN7c4 
1160 4AxZ-6MOznY 
1160 4AxZ-6MOznY 
1191 6EdsBabSZ4g 
1191 6EdsBabSZ4g 
1217 FK1s1-OJ5BE 
1217 FK1s1-OJ5BE 
1228 Y0eWnOZpSpQ 
1228 Y0eWnOZpSpQ 
1243 f8GK2oEN-uI 
1243 f8GK2oEN-uI 
988 D1eibbfAEVk 
988 D1eibbfAEVk 
486 axB6uhEx628 
486 axB6uhEx628 
1309 hHteUIS0OFY 
1309 hHteUIS0OFY 
1458 KL0i1RSnpfI 
1458 KL0i1RSnpfI 
1000 NhioAAdYDJM 
1000 NhioAAdYDJM 
1014 BTWLwoaNeBA 
1014 BTWLwoaNeBA 
1506 UNZ171fDja4 
1506 UNZ171fDja4 
2460 yAQSucmHrAk 
2460 yAQSucmHrAk 
1011 SJUd5du0T08 
1011 SJUd5du0T08 
1726 05qDIjKevJo 
1726 05qDIjKevJo 
1030 umvNQj-zmq4 
1030 umvNQj-zmq4 
3741 qJqGg3Xe4iE 
3741 qJqGg3Xe4iE 
895 VbNXh0GaLYo 
895 VbNXh0GaLYo 
884 nYFuxTXDj90 
884 nYFuxTXDj90 
891 E1P79uFLCMc 
891 E1P79uFLCMc 
918 MS7x2hDEhrw 
918 MS7x2hDEhrw 
907 3gUE_P9T-Wk 
907 3gUE_P9T-Wk 
883 frE1rjhH77Y 
883 frE1rjhH77Y 
885 EKKe7DBZVhI 
885 EKKe7DBZVhI 
886 N06Jy-gQog8 
886 N06Jy-gQog8 
959 iU58AIjh3YA 
959 iU58AIjh3YA 
960 mwUyaeWxJhA 
960 mwUyaeWxJhA 
990 NqR_dtZu4Mo 
990 NqR_dtZu4Mo 
1004 r1ywppAJ1xs 
1004 r1ywppAJ1xs 
1029 xM8szz4VB28 
1029 xM8szz4VB28 
1044 5I9dH5im24U 
1044 5I9dH5im24U 
1068 E4rbS0oxg30 
1068 E4rbS0oxg30 
1189 8wYvKeSK1IY 
1189 8wYvKeSK1IY 
2167 4YUtnod-YuE 
2167 4YUtnod-YuE 
582 YYEgq1bweN4 
582 YYEgq1bweN4 
586 jN03g05TSWM 
586 jN03g05TSWM 
587 T5DGZIsfK-0 
587 T5DGZIsfK-0 
589 xL9ejqb53ms 
589 xL9ejqb53ms 
331 Kf9KjCKmDcU 
331 Kf9KjCKmDcU 
401 sMOZf4GN3oc 
401 sMOZf4GN3oc 
412 BgFJD7oCmDE 
412 BgFJD7oCmDE 
411 FlIG3TvQCBQ 
411 FlIG3TvQCBQ 
410 vVXbgbMp0oY 
410 vVXbgbMp0oY 
414 GtOt7EBNEwQ 
414 GtOt7EBNEwQ 
359 8CluknrLeys 
359 8CluknrLeys 
380 EPXilYOa71c 
380 EPXilYOa71c 
443 IY8BXNFgnyI 
443 IY8BXNFgnyI 
418 d9alWZRzBWk 
418 d9alWZRzBWk 
415 lkeXaqoXDYQ 
415 lkeXaqoXDYQ 
310 OFXY9-pec1I 
310 OFXY9-pec1I 
3727 MwxMsaFFycg 
3727 MwxMsaFFycg 
3730 aD_yi5VjF78 
3730 aD_yi5VjF78 
3731 1K64fWX5z4U 
3731 1K64fWX5z4U 
3733 6-JjHa-qLPk 
3733 6-JjHa-qLPk 
3732 5k24We8pED8 
3732 5k24We8pED8 
528 raP1ZWQSXjY 
528 raP1ZWQSXjY 
2650 wQHcz7U01M4 
2650 wQHcz7U01M4 
2651 ZPRMFBN8p4Q 
2651 ZPRMFBN8p4Q 
2653 mVFbGjnysP0 
2653 mVFbGjnysP0 
2666 4vuybxJvRuA 
2666 4vuybxJvRuA 
2656 Egzqu5DWwbA 
2656 Egzqu5DWwbA 
2655 umoSO56Nwa8 
2655 umoSO56Nwa8 
2665 9x1vnGfIE8k 
2665 9x1vnGfIE8k 
2654 AqvaQfbAC64 
2654 AqvaQfbAC64 
2151 JC82Il2cjqA 
2151 JC82Il2cjqA 
